2018-10-22 22:39:39,159 INFO  DownloadService - Downloading "https://github.com/vipulasri/TicketView/archive/master.zip", attempt 3
2018-10-22 22:39:42,275 INFO  DownloadService - Downloaded https://github.com/vipulasri/TicketView/archive/master.zip, attempt 3
2018-10-22 22:39:42,275 INFO  DownloadService - Size of file "/var/folders/bq/vtzpc5ns5sg2cthy61lqpg3dfzgbys/T/1540222779150-0/master.zip": 1 MB
2018-10-22 22:39:42,275 INFO  ArchiveUtils - Checking entries [.gradle] in ZIP file...
2018-10-22 22:39:42,281 INFO  ArchiveUtils - Has entries [.gradle] in ZIP file /var/folders/bq/vtzpc5ns5sg2cthy61lqpg3dfzgbys/T/1540222779150-0/master.zip: true
2018-10-22 22:39:42,282 DEBUG ZipUtil - Extracting '/var/folders/bq/vtzpc5ns5sg2cthy61lqpg3dfzgbys/T/1540222779150-0/master.zip' into '/var/folders/bq/vtzpc5ns5sg2cthy61lqpg3dfzgbys/T/1540222779150-0/src'.
2018-10-22 22:39:42,322 INFO  FullProcessService - Size of directory with sources: 2 MB
2018-10-22 22:39:42,322 INFO  SysUtils - Execute command: [git, init, /var/folders/bq/vtzpc5ns5sg2cthy61lqpg3dfzgbys/T/1540222779150-0/src]
2018-10-22 22:39:42,344 INFO  SysUtils - Initialized empty Git repository in /private/var/folders/bq/vtzpc5ns5sg2cthy61lqpg3dfzgbys/T/1540222779150-0/src/.git/

2018-10-22 22:39:42,347 INFO  ProjectBuildService - Gradle wrapper(s): /var/folders/bq/vtzpc5ns5sg2cthy61lqpg3dfzgbys/T/1540222779150-0/src/TicketView-master/gradlew
2018-10-22 22:39:42,351 INFO  ProjectBuildService - Build script(s): /var/folders/bq/vtzpc5ns5sg2cthy61lqpg3dfzgbys/T/1540222779150-0/src/TicketView-master/sample/build.gradle /var/folders/bq/vtzpc5ns5sg2cthy61lqpg3dfzgbys/T/1540222779150-0/src/TicketView-master/ticketview/build.gradle /var/folders/bq/vtzpc5ns5sg2cthy61lqpg3dfzgbys/T/1540222779150-0/src/TicketView-master/build.gradle
2018-10-22 22:39:42,354 INFO  ProjectBuildService - All script(s): /var/folders/bq/vtzpc5ns5sg2cthy61lqpg3dfzgbys/T/1540222779150-0/src/TicketView-master/build.gradle /var/folders/bq/vtzpc5ns5sg2cthy61lqpg3dfzgbys/T/1540222779150-0/src/TicketView-master/sample/build.gradle /var/folders/bq/vtzpc5ns5sg2cthy61lqpg3dfzgbys/T/1540222779150-0/src/TicketView-master/ticketview/build.gradle /var/folders/bq/vtzpc5ns5sg2cthy61lqpg3dfzgbys/T/1540222779150-0/src/TicketView-master/settings.gradle
2018-10-22 22:39:42,354 INFO  DownloadService - Downloading "https://raw.githubusercontent.com/vipulasri/BintrayHelper/master/install.gradle", attempt 3
2018-10-22 22:39:42,593 INFO  DownloadService - Downloaded https://raw.githubusercontent.com/vipulasri/BintrayHelper/master/install.gradle, attempt 3
2018-10-22 22:39:42,593 INFO  DownloadService - Downloading "https://raw.githubusercontent.com/vipulasri/BintrayHelper/master/bintray.gradle", attempt 3
2018-10-22 22:39:42,814 INFO  DownloadService - Downloaded https://raw.githubusercontent.com/vipulasri/BintrayHelper/master/bintray.gradle, attempt 3
2018-10-22 22:39:42,814 INFO  ProjectBuildService - Remote scripts: https://raw.githubusercontent.com/vipulasri/BintrayHelper/master/install.gradle https://raw.githubusercontent.com/vipulasri/BintrayHelper/master/bintray.gradle
2018-10-22 22:39:42,814 INFO  ProjectFixService - Fixing project...
2018-10-22 22:39:42,826 INFO  LocalPropertiesFixService - Created fake /var/folders/bq/vtzpc5ns5sg2cthy61lqpg3dfzgbys/T/1540222779150-0/src/TicketView-master/sample/local.properties
2018-10-22 22:39:42,828 INFO  ProjectFixService - Build info for "/var/folders/bq/vtzpc5ns5sg2cthy61lqpg3dfzgbys/T/1540222779150-0/src/TicketView-master/sample/build.gradle": [buildToolsVersion=<null>,compileSdkVersion=<null>,minSdkVersion=<null>,targetSdkVersion=<null>]
2018-10-22 22:39:42,829 INFO  ProjectFixService - Fixed build info for "/var/folders/bq/vtzpc5ns5sg2cthy61lqpg3dfzgbys/T/1540222779150-0/src/TicketView-master/sample/build.gradle": [buildToolsVersion=28.0.0-rc2,compileSdkVersion=28,minSdkVersion=28,targetSdkVersion=28]
2018-10-22 22:39:42,830 INFO  LocalPropertiesFixService - Created fake /var/folders/bq/vtzpc5ns5sg2cthy61lqpg3dfzgbys/T/1540222779150-0/src/TicketView-master/ticketview/local.properties
2018-10-22 22:39:42,833 INFO  ProjectFixService - Build info for "/var/folders/bq/vtzpc5ns5sg2cthy61lqpg3dfzgbys/T/1540222779150-0/src/TicketView-master/ticketview/build.gradle": [buildToolsVersion=<null>,compileSdkVersion=<null>,minSdkVersion=<null>,targetSdkVersion=<null>]
2018-10-22 22:39:42,833 INFO  ProjectFixService - Fixed build info for "/var/folders/bq/vtzpc5ns5sg2cthy61lqpg3dfzgbys/T/1540222779150-0/src/TicketView-master/ticketview/build.gradle": [buildToolsVersion=28.0.0-rc2,compileSdkVersion=28,minSdkVersion=28,targetSdkVersion=28]
2018-10-22 22:39:42,834 INFO  LocalPropertiesFixService - Created fake /var/folders/bq/vtzpc5ns5sg2cthy61lqpg3dfzgbys/T/1540222779150-0/src/TicketView-master/local.properties
2018-10-22 22:39:42,835 INFO  WrapperPropertiesFixService - Gradle wrapper: https://services.gradle.org/distributions/gradle-4.6-all.zip
2018-10-22 22:39:42,835 INFO  WrapperPropertiesFixService - Gradle wrapper was changed from "-all.zip" to "-bin.zip" (https://services.gradle.org/distributions/gradle-4.6-bin.zip)
2018-10-22 22:39:42,837 INFO  ProjectFixService - Build info for "/var/folders/bq/vtzpc5ns5sg2cthy61lqpg3dfzgbys/T/1540222779150-0/src/TicketView-master/build.gradle": [buildToolsVersion=<null>,compileSdkVersion=<null>,minSdkVersion=<null>,targetSdkVersion=<null>]
2018-10-22 22:39:42,837 INFO  ProjectFixService - Fixed build info for "/var/folders/bq/vtzpc5ns5sg2cthy61lqpg3dfzgbys/T/1540222779150-0/src/TicketView-master/build.gradle": [buildToolsVersion=28.0.0-rc2,compileSdkVersion=28,minSdkVersion=28,targetSdkVersion=28]
2018-10-22 22:39:42,838 INFO  ProjectFixService - Project was maybe fixed
2018-10-22 22:39:42,838 INFO  ProjectTaskService - Detecting possible tasks...
2018-10-22 22:39:42,838 INFO  SysUtils - Execute command: [/var/folders/bq/vtzpc5ns5sg2cthy61lqpg3dfzgbys/T/1540222779150-0/src/TicketView-master/gradlew, -b, /var/folders/bq/vtzpc5ns5sg2cthy61lqpg3dfzgbys/T/1540222779150-0/src/TicketView-master/sample/build.gradle, -Dorg.gradle.daemon=false, -Dorg.gradle.daemon.performance.enable-monitoring=false, -Dorg.gradle.configureondemand=true, tasks]
2018-10-22 22:39:49,596 INFO  ProjectTaskService - Detected possible tasks: 72
2018-10-22 22:39:49,596 INFO  ProjectTaskService - Excluded tasks (21): lintDebug javadocJar deviceCheck lint testReleaseUnitTest javadoc uninstallRelease deviceAndroidTest uninstallDebugAndroidTest installDebugAndroidTest connectedCheck connectedDebugAndroidTest uninstallAll sourcesJar test check testDebugUnitTest connectedAndroidTest installDebug lintRelease uninstallDebug
2018-10-22 22:39:49,597 INFO  SysUtils - Execute command: [/var/folders/bq/vtzpc5ns5sg2cthy61lqpg3dfzgbys/T/1540222779150-0/src/TicketView-master/gradlew, -b, /var/folders/bq/vtzpc5ns5sg2cthy61lqpg3dfzgbys/T/1540222779150-0/src/TicketView-master/sample/build.gradle, -Dorg.gradle.daemon=false, -Dorg.gradle.daemon.performance.enable-monitoring=false, -Dorg.gradle.configureondemand=true, --stacktrace, -x, lintDebug, -x, javadocJar, -x, deviceCheck, -x, lint, -x, testReleaseUnitTest, -x, javadoc, -x, uninstallRelease, -x, deviceAndroidTest, -x, uninstallDebugAndroidTest, -x, installDebugAndroidTest, -x, connectedCheck, -x, connectedDebugAndroidTest, -x, uninstallAll, -x, sourcesJar, -x, test, -x, check, -x, testDebugUnitTest, -x, connectedAndroidTest, -x, installDebug, -x, lintRelease, -x, uninstallDebug, build]
2018-10-22 22:39:56,236 ERROR SysUtils - Could not process external command
org.apache.commons.exec.ExecuteException: Process exited with an error: 1 (Exit value: 1)
	at org.apache.commons.exec.DefaultExecutor.executeInternal(DefaultExecutor.java:404)
	at org.apache.commons.exec.DefaultExecutor.execute(DefaultExecutor.java:166)
	at com.github.vbauer.apkmaster.util.SysUtils.execute(SysUtils.java:67)
	at com.github.vbauer.apkmaster.util.SysUtils.executeSimple(SysUtils.java:43)
	at com.github.vbauer.apkmaster.service.assembly.ProjectBuildService.buildProject(ProjectBuildService.java:78)
	at com.github.vbauer.apkmaster.service.assembly.ProjectBuildService.buildProject(ProjectBuildService.java:64)
	at com.github.vbauer.apkmaster.service.assembly.ProjectBuildService.buildProject(ProjectBuildService.java:43)
	at com.github.vbauer.apkmaster.service.FullProcessService.build(FullProcessService.java:84)
	at com.github.vbauer.apkmaster.service.FullProcessService.process(FullProcessService.java:34)
	at com.github.vbauer.apkmaster.app.MainApplication.process(MainApplication.java:38)
	at com.github.vbauer.apkmaster.app.MainApplication.main(MainApplication.java:20)
	at sun.reflect.NativeMethodAccessorImpl.invoke0(Native Method)
	at sun.reflect.NativeMethodAccessorImpl.invoke(NativeMethodAccessorImpl.java:62)
	at sun.reflect.DelegatingMethodAccessorImpl.invoke(DelegatingMethodAccessorImpl.java:43)
	at java.lang.reflect.Method.invoke(Method.java:498)
	at com.android.arsenal.util.ReflectionUtils.invoke(ReflectionUtils.java:52)
	at com.android.arsenal.util.ApkMasterUtils.main(ApkMasterUtils.java:30)
	at com.android.arsenal.service.processor.impl.BuildProcessorServiceImpl.buildProject(BuildProcessorServiceImpl.java:196)
	at com.android.arsenal.service.processor.impl.BuildProcessorServiceImpl.build(BuildProcessorServiceImpl.java:130)
	at com.android.arsenal.service.processor.impl.BuildProcessorServiceImpl.lambda$null$1(BuildProcessorServiceImpl.java:113)
	at java.util.concurrent.FutureTask.run(FutureTask.java:266)
	at java.util.concurrent.Executors$RunnableAdapter.call(Executors.java:511)
	at java.util.concurrent.FutureTask.run(FutureTask.java:266)
	at java.util.concurrent.ThreadPoolExecutor.runWorker(ThreadPoolExecutor.java:1149)
	at java.util.concurrent.ThreadPoolExecutor$Worker.run(ThreadPoolExecutor.java:624)
	at java.lang.Thread.run(Thread.java:748)
2018-10-22 22:39:56,236 INFO  SysUtils - Configuration on demand is an incubating feature.

FAILURE: Build failed with an exception.

* What went wrong:
Task 'javadocJar' not found in project ':sample'.

* Try:
Run gradlew tasks to get a list of available tasks. Run with --info or --debug option to get more log output. Run with --scan to get full insights.

* Exception is:
org.gradle.execution.TaskSelectionException: Task 'javadocJar' not found in project ':sample'.
	at org.gradle.execution.TaskSelector.getSelection(TaskSelector.java:116)
	at org.gradle.execution.TaskSelector.getFilter(TaskSelector.java:66)
	at org.gradle.execution.ExcludedTaskFilteringBuildConfigurationAction.configure(ExcludedTaskFilteringBuildConfigurationAction.java:42)
	at org.gradle.execution.DefaultBuildConfigurationActionExecuter.configure(DefaultBuildConfigurationActionExecuter.java:48)
	at org.gradle.execution.DefaultBuildConfigurationActionExecuter.select(DefaultBuildConfigurationActionExecuter.java:36)
	at org.gradle.initialization.DefaultGradleLauncher$CalculateTaskGraph.run(DefaultGradleLauncher.java:286)
	at org.gradle.internal.progress.DefaultBuildOperationExecutor$RunnableBuildOperationWorker.execute(DefaultBuildOperationExecutor.java:336)
	at org.gradle.internal.progress.DefaultBuildOperationExecutor$RunnableBuildOperationWorker.execute(DefaultBuildOperationExecutor.java:328)
	at org.gradle.internal.progress.DefaultBuildOperationExecutor.execute(DefaultBuildOperationExecutor.java:199)
	at org.gradle.internal.progress.DefaultBuildOperationExecutor.run(DefaultBuildOperationExecutor.java:110)
	at org.gradle.initialization.DefaultGradleLauncher.constructTaskGraph(DefaultGradleLauncher.java:181)
	at org.gradle.initialization.DefaultGradleLauncher.doBuildStages(DefaultGradleLauncher.java:136)
	at org.gradle.initialization.DefaultGradleLauncher.executeTasks(DefaultGradleLauncher.java:115)
	at org.gradle.internal.invocation.GradleBuildController$1.call(GradleBuildController.java:78)
	at org.gradle.internal.invocation.GradleBuildController$1.call(GradleBuildController.java:75)
	at org.gradle.internal.work.DefaultWorkerLeaseService.withLocks(DefaultWorkerLeaseService.java:152)
	at org.gradle.internal.invocation.GradleBuildController.doBuild(GradleBuildController.java:100)
	at org.gradle.internal.invocation.GradleBuildController.run(GradleBuildController.java:75)
	at org.gradle.tooling.internal.provider.ExecuteBuildActionRunner.run(ExecuteBuildActionRunner.java:28)
	at org.gradle.launcher.exec.ChainingBuildActionRunner.run(ChainingBuildActionRunner.java:35)
	at org.gradle.tooling.internal.provider.ValidatingBuildActionRunner.run(ValidatingBuildActionRunner.java:32)
	at org.gradle.launcher.exec.RunAsBuildOperationBuildActionRunner$1.run(RunAsBuildOperationBuildActionRunner.java:43)
	at org.gradle.internal.progress.DefaultBuildOperationExecutor$RunnableBuildOperationWorker.execute(DefaultBuildOperationExecutor.java:336)
	at org.gradle.internal.progress.DefaultBuildOperationExecutor$RunnableBuildOperationWorker.execute(DefaultBuildOperationExecutor.java:328)
	at org.gradle.internal.progress.DefaultBuildOperationExecutor.execute(DefaultBuildOperationExecutor.java:199)
	at org.gradle.internal.progress.DefaultBuildOperationExecutor.run(DefaultBuildOperationExecutor.java:110)
	at org.gradle.launcher.exec.RunAsBuildOperationBuildActionRunner.run(RunAsBuildOperationBuildActionRunner.java:40)
	at org.gradle.tooling.internal.provider.SubscribableBuildActionRunner.run(SubscribableBuildActionRunner.java:51)
	at org.gradle.launcher.exec.InProcessBuildActionExecuter.execute(InProcessBuildActionExecuter.java:49)
	at org.gradle.launcher.exec.InProcessBuildActionExecuter.execute(InProcessBuildActionExecuter.java:32)
	at org.gradle.launcher.exec.BuildTreeScopeBuildActionExecuter.execute(BuildTreeScopeBuildActionExecuter.java:39)
	at org.gradle.launcher.exec.BuildTreeScopeBuildActionExecuter.execute(BuildTreeScopeBuildActionExecuter.java:25)
	at org.gradle.tooling.internal.provider.ContinuousBuildActionExecuter.execute(ContinuousBuildActionExecuter.java:80)
	at org.gradle.tooling.internal.provider.ContinuousBuildActionExecuter.execute(ContinuousBuildActionExecuter.java:53)
	at org.gradle.tooling.internal.provider.ServicesSetupBuildActionExecuter.execute(ServicesSetupBuildActionExecuter.java:57)
	at org.gradle.tooling.internal.provider.ServicesSetupBuildActionExecuter.execute(ServicesSetupBuildActionExecuter.java:32)
	at org.gradle.tooling.internal.provider.GradleThreadBuildActionExecuter.execute(GradleThreadBuildActionExecuter.java:36)
	at org.gradle.tooling.internal.provider.GradleThreadBuildActionExecuter.execute(GradleThreadBuildActionExecuter.java:25)
	at org.gradle.tooling.internal.provider.ParallelismConfigurationBuildActionExecuter.execute(ParallelismConfigurationBuildActionExecuter.java:43)
	at org.gradle.tooling.internal.provider.ParallelismConfigurationBuildActionExecuter.execute(ParallelismConfigurationBuildActionExecuter.java:29)
	at org.gradle.tooling.internal.provider.StartParamsValidatingActionExecuter.execute(StartParamsValidatingActionExecuter.java:64)
	at org.gradle.tooling.internal.provider.StartParamsValidatingActionExecuter.execute(StartParamsValidatingActionExecuter.java:29)
	at org.gradle.tooling.internal.provider.SessionFailureReportingActionExecuter.execute(SessionFailureReportingActionExecuter.java:59)
	at org.gradle.tooling.internal.provider.SessionFailureReportingActionExecuter.execute(SessionFailureReportingActionExecuter.java:44)
	at org.gradle.tooling.internal.provider.SetupLoggingActionExecuter.execute(SetupLoggingActionExecuter.java:45)
	at org.gradle.tooling.internal.provider.SetupLoggingActionExecuter.execute(SetupLoggingActionExecuter.java:30)
	at org.gradle.launcher.cli.RunBuildAction.run(RunBuildAction.java:51)
	at org.gradle.internal.Actions$RunnableActionAdapter.execute(Actions.java:173)
	at org.gradle.launcher.cli.CommandLineActionFactory$ParseAndBuildAction.execute(CommandLineActionFactory.java:285)
	at org.gradle.launcher.cli.CommandLineActionFactory$ParseAndBuildAction.execute(CommandLineActionFactory.java:258)
	at org.gradle.launcher.cli.ExceptionReportingAction.execute(ExceptionReportingAction.java:33)
	at org.gradle.launcher.cli.ExceptionReportingAction.execute(ExceptionReportingAction.java:22)
	at org.gradle.launcher.cli.CommandLineActionFactory$WithLogging.execute(CommandLineActionFactory.java:251)
	at org.gradle.launcher.cli.CommandLineActionFactory$WithLogging.execute(CommandLineActionFactory.java:185)
	at org.gradle.launcher.Main.doAction(Main.java:36)
	at org.gradle.launcher.bootstrap.EntryPoint.run(EntryPoint.java:45)
	at org.gradle.launcher.bootstrap.ProcessBootstrap.runNoExit(ProcessBootstrap.java:60)
	at org.gradle.launcher.bootstrap.ProcessBootstrap.run(ProcessBootstrap.java:37)
	at org.gradle.launcher.GradleMain.main(GradleMain.java:23)
	at org.gradle.wrapper.BootstrapMainStarter.start(BootstrapMainStarter.java:30)
	at org.gradle.wrapper.WrapperExecutor.execute(WrapperExecutor.java:129)
	at org.gradle.wrapper.GradleWrapperMain.main(GradleWrapperMain.java:61)


* Get more help at https://help.gradle.org

BUILD FAILED in 6s

2018-10-22 22:39:56,236 ERROR ProjectBuildService - Excluded tasks were detected wrong
2018-10-22 22:39:56,236 INFO  SysUtils - Execute command: [/var/folders/bq/vtzpc5ns5sg2cthy61lqpg3dfzgbys/T/1540222779150-0/src/TicketView-master/gradlew, -b, /var/folders/bq/vtzpc5ns5sg2cthy61lqpg3dfzgbys/T/1540222779150-0/src/TicketView-master/sample/build.gradle, -Dorg.gradle.daemon=false, -Dorg.gradle.daemon.performance.enable-monitoring=false, -Dorg.gradle.configureondemand=true, --stacktrace, build]
2018-10-22 22:41:00,637 INFO  SysUtils - Configuration on demand is an incubating feature.
Download https://raw.githubusercontent.com/vipulasri/BintrayHelper/master/install.gradle
Download https://raw.githubusercontent.com/vipulasri/BintrayHelper/master/bintray.gradle
:sample:checkDebugClasspath
Download https://jcenter.bintray.com/com/dmitrymalkovich/android/material-design-dimens/1.4/material-design-dimens-1.4.pom
Download https://jcenter.bintray.com/com/thebluealliance/spectrum/0.7.1/spectrum-0.7.1.pom
Download https://jcenter.bintray.com/org/adw/library/discrete-seekbar/1.0.1/discrete-seekbar-1.0.1.aar
Download https://jcenter.bintray.com/com/dmitrymalkovich/android/material-design-dimens/1.4/material-design-dimens-1.4.aar
Download https://jcenter.bintray.com/com/thebluealliance/spectrum/0.7.1/spectrum-0.7.1.aar
:sample:preBuild UP-TO-DATE
:ticketview:preBuild UP-TO-DATE
:ticketview:preDebugBuild UP-TO-DATE
:ticketview:checkDebugManifest
:ticketview:processDebugManifest
:sample:preDebugBuild
:ticketview:compileDebugAidl NO-SOURCE
:sample:compileDebugAidl NO-SOURCE
:ticketview:packageDebugRenderscript NO-SOURCE
:sample:compileDebugRenderscript
:sample:checkDebugManifest
:sample:generateDebugBuildConfig
:sample:mainApkListPersistenceDebug
:sample:generateDebugResValues
:sample:generateDebugResources
:ticketview:compileDebugRenderscript
:ticketview:generateDebugResValues
:ticketview:generateDebugResources
:ticketview:packageDebugResources
:sample:mergeDebugResources
:sample:createDebugCompatibleScreenManifests
:sample:processDebugManifest
:sample:splitsDiscoveryTaskDebug
:ticketview:generateDebugRFile
:sample:processDebugResources
:ticketview:generateDebugBuildConfig
:ticketview:prepareLintJar
:ticketview:generateDebugSources
:ticketview:javaPreCompileDebug
:ticketview:compileDebugJavaWithJavacNote: /private/var/folders/bq/vtzpc5ns5sg2cthy61lqpg3dfzgbys/T/1540222779150-0/src/TicketView-master/ticketview/src/main/java/com/vipulasri/ticketview/TicketView.java uses or overrides a deprecated API.
Note: Recompile with -Xlint:deprecation for details.

:ticketview:processDebugJavaRes NO-SOURCE
:ticketview:transformClassesAndResourcesWithPrepareIntermediateJarsForDebug
:sample:kaptGenerateStubsDebugKotlin
:sample:kaptDebugKotlin
:sample:compileDebugKotlin
w: /private/var/folders/bq/vtzpc5ns5sg2cthy61lqpg3dfzgbys/T/1540222779150-0/src/TicketView-master/sample/src/main/java/com/vipulasri/ticketview/sample/MainActivity.kt: (94, 61): Parameter 'group' is never used, could be renamed to _
w: /private/var/folders/bq/vtzpc5ns5sg2cthy61lqpg3dfzgbys/T/1540222779150-0/src/TicketView-master/sample/src/main/java/com/vipulasri/ticketview/sample/MainActivity.kt: (133, 59): Parameter 'compoundButton' is never used, could be renamed to _
w: /private/var/folders/bq/vtzpc5ns5sg2cthy61lqpg3dfzgbys/T/1540222779150-0/src/TicketView-master/sample/src/main/java/com/vipulasri/ticketview/sample/MainActivity.kt: (148, 60): Parameter 'compoundButton' is never used, could be renamed to _
:sample:prepareLintJar
:sample:generateDebugSources
:sample:javaPreCompileDebug
:sample:compileDebugJavaWithJavac
:sample:compileDebugNdk NO-SOURCE
:sample:compileDebugSources
:sample:mergeDebugShaders
:sample:compileDebugShaders
:sample:generateDebugAssets
:ticketview:mergeDebugShaders
:ticketview:compileDebugShaders
:ticketview:generateDebugAssets
:ticketview:packageDebugAssets
:sample:mergeDebugAssets
:sample:transformClassesWithDexBuilderForDebug
D8: Stripped invalid locals information from 1 method.
/Users/vbauer/.gradle/caches/modules-2/files-2.1/org.jetbrains.kotlin/kotlin-stdlib/1.2.71/d9717625bb3c731561251f8dd2c67a1011d6764c/kotlin-stdlib-1.2.71.jar: D8: Methods with invalid locals information:
  java.lang.Object kotlin.sequences.SequencesKt___SequencesKt$zipWithNext$2.doResume(java.lang.Object, java.lang.Throwable)
  Attempt to read local this but no local information was associated with the value being read.
D8: Stripped invalid locals information from 1 method.
/Users/vbauer/.gradle/caches/modules-2/files-2.1/org.jetbrains.kotlin/kotlin-stdlib/1.2.71/d9717625bb3c731561251f8dd2c67a1011d6764c/kotlin-stdlib-1.2.71.jar: D8: Methods with invalid locals information:
  java.lang.Object kotlin.collections.SlidingWindowKt$windowedIterator$1.doResume(java.lang.Object, java.lang.Throwable)
  Attempt to read local this but no local information was associated with the value being read.
:sample:transformDexArchiveWithExternalLibsDexMergerForDebug
:sample:transformDexArchiveWithDexMergerForDebug
:sample:mergeDebugJniLibFolders
:ticketview:compileDebugNdk NO-SOURCE
:ticketview:mergeDebugJniLibFolders
:ticketview:transformNativeLibsWithMergeJniLibsForDebug
:ticketview:transformNativeLibsWithStripDebugSymbolForDebug
:ticketview:transformNativeLibsWithIntermediateJniLibsForDebug
:sample:transformNativeLibsWithMergeJniLibsForDebug
:sample:transformNativeLibsWithStripDebugSymbolForDebug
:sample:checkDebugLibraries
:sample:processDebugJavaRes NO-SOURCE
:sample:transformResourcesWithMergeJavaResForDebug
:sample:validateSigningDebug
:sample:packageDebug
:sample:assembleDebug
:sample:checkReleaseClasspath
:ticketview:preReleaseBuild UP-TO-DATE
:ticketview:checkReleaseManifest
:ticketview:processReleaseManifest
:sample:preReleaseBuild
:ticketview:compileReleaseAidl NO-SOURCE
:sample:compileReleaseAidl NO-SOURCE
:ticketview:packageReleaseRenderscript NO-SOURCE
:sample:compileReleaseRenderscript
:sample:checkReleaseManifest
:sample:generateReleaseBuildConfig
:sample:mainApkListPersistenceRelease
:sample:generateReleaseResValues
:sample:generateReleaseResources
:ticketview:compileReleaseRenderscript
:ticketview:generateReleaseResValues
:ticketview:generateReleaseResources
:ticketview:packageReleaseResources
:sample:mergeReleaseResources
:sample:createReleaseCompatibleScreenManifests
:sample:processReleaseManifest
:sample:splitsDiscoveryTaskRelease
:ticketview:generateReleaseRFile
:sample:processReleaseResources
:ticketview:generateReleaseBuildConfig
:ticketview:generateReleaseSources
:ticketview:javaPreCompileRelease
:ticketview:compileReleaseJavaWithJavacNote: /private/var/folders/bq/vtzpc5ns5sg2cthy61lqpg3dfzgbys/T/1540222779150-0/src/TicketView-master/ticketview/src/main/java/com/vipulasri/ticketview/TicketView.java uses or overrides a deprecated API.
Note: Recompile with -Xlint:deprecation for details.

:ticketview:processReleaseJavaRes NO-SOURCE
:ticketview:transformClassesAndResourcesWithPrepareIntermediateJarsForRelease
:sample:kaptGenerateStubsReleaseKotlin
:sample:kaptReleaseKotlin
:sample:compileReleaseKotlin
w: /private/var/folders/bq/vtzpc5ns5sg2cthy61lqpg3dfzgbys/T/1540222779150-0/src/TicketView-master/sample/src/main/java/com/vipulasri/ticketview/sample/MainActivity.kt: (94, 61): Parameter 'group' is never used, could be renamed to _
w: /private/var/folders/bq/vtzpc5ns5sg2cthy61lqpg3dfzgbys/T/1540222779150-0/src/TicketView-master/sample/src/main/java/com/vipulasri/ticketview/sample/MainActivity.kt: (133, 59): Parameter 'compoundButton' is never used, could be renamed to _
w: /private/var/folders/bq/vtzpc5ns5sg2cthy61lqpg3dfzgbys/T/1540222779150-0/src/TicketView-master/sample/src/main/java/com/vipulasri/ticketview/sample/MainActivity.kt: (148, 60): Parameter 'compoundButton' is never used, could be renamed to _
:sample:generateReleaseSources
:sample:javaPreCompileRelease
:sample:compileReleaseJavaWithJavac
:sample:compileReleaseNdk NO-SOURCE
:sample:compileReleaseSources
:sample:lintVitalRelease SKIPPED
:sample:mergeReleaseShaders
:sample:compileReleaseShaders
:sample:generateReleaseAssets
:ticketview:mergeReleaseShaders
:ticketview:compileReleaseShaders
:ticketview:generateReleaseAssets
:ticketview:packageReleaseAssets
:sample:mergeReleaseAssets
:sample:transformClassesWithDexBuilderForRelease
:sample:transformDexArchiveWithExternalLibsDexMergerForRelease
:sample:transformDexArchiveWithDexMergerForRelease
:sample:mergeReleaseJniLibFolders
:ticketview:compileReleaseNdk NO-SOURCE
:ticketview:mergeReleaseJniLibFolders
:ticketview:transformNativeLibsWithMergeJniLibsForRelease
:ticketview:transformNativeLibsWithStripDebugSymbolForRelease
:ticketview:transformNativeLibsWithIntermediateJniLibsForRelease
:sample:transformNativeLibsWithMergeJniLibsForRelease
:sample:transformNativeLibsWithStripDebugSymbolForRelease
:sample:checkReleaseLibraries
:sample:processReleaseJavaRes NO-SOURCE
:sample:transformResourcesWithMergeJavaResForRelease
:sample:packageRelease
:sample:assembleRelease
:sample:assemble
:sample:lint
Calling mockable JAR artifact transform to create file: /Users/vbauer/.gradle/caches/transforms-1/files-1.1/android.jar/77562d46e94a11bf22d68d0e290a61e3/android.jar with input /Users/vbauer/Library/Android/sdk/platforms/android-28/android.jar
Ran lint on variant release: 30 issues found
Ran lint on variant debug: 30 issues found
Wrote HTML report to file:///private/var/folders/bq/vtzpc5ns5sg2cthy61lqpg3dfzgbys/T/1540222779150-0/src/TicketView-master/sample/build/reports/lint-results.html
Wrote XML report to file:///private/var/folders/bq/vtzpc5ns5sg2cthy61lqpg3dfzgbys/T/1540222779150-0/src/TicketView-master/sample/build/reports/lint-results.xml
:sample:kaptGenerateStubsDebugUnitTestKotlin
:sample:kaptDebugUnitTestKotlin
:sample:compileDebugUnitTestKotlin
:sample:generateDebugUnitTestSources
:sample:preDebugUnitTestBuild UP-TO-DATE
:sample:javaPreCompileDebugUnitTest
:sample:compileDebugUnitTestJavaWithJavac
:sample:processDebugUnitTestJavaRes NO-SOURCE
:sample:testDebugUnitTest
:sample:kaptGenerateStubsReleaseUnitTestKotlin
:sample:kaptReleaseUnitTestKotlin
:sample:compileReleaseUnitTestKotlin
:sample:generateReleaseUnitTestSources
:sample:preReleaseUnitTestBuild UP-TO-DATE
:sample:javaPreCompileReleaseUnitTest
:sample:compileReleaseUnitTestJavaWithJavac
:sample:processReleaseUnitTestJavaRes NO-SOURCE
:sample:testReleaseUnitTest
:sample:test
:sample:check
:sample:build

BUILD SUCCESSFUL in 1m 3s
108 actionable tasks: 108 executed

2018-10-22 22:41:00,749 INFO  FullProcessService - Found APK file: /var/folders/bq/vtzpc5ns5sg2cthy61lqpg3dfzgbys/T/1540222779150-0/src/TicketView-master/sample/build/outputs/apk/release/sample-release-unsigned.apk
