2019-05-26 17:48:57,805 INFO  DownloadService - Downloading "https://github.com/WindSekirun/NaraeImagePicker/archive/master.zip", attempt 3
2019-05-26 17:50:08,735 INFO  DownloadService - Downloaded https://github.com/WindSekirun/NaraeImagePicker/archive/master.zip, attempt 3
2019-05-26 17:50:08,735 INFO  DownloadService - Size of file "/var/folders/bq/vtzpc5ns5sg2cthy61lqpg3dfzgbys/T/1558867737801-0/master.zip": 1 MB
2019-05-26 17:50:08,735 INFO  ArchiveUtils - Checking entries [.gradle] in ZIP file...
2019-05-26 17:50:08,736 INFO  ArchiveUtils - Has entries [.gradle] in ZIP file /var/folders/bq/vtzpc5ns5sg2cthy61lqpg3dfzgbys/T/1558867737801-0/master.zip: true
2019-05-26 17:50:08,737 DEBUG ZipUtil - Extracting '/var/folders/bq/vtzpc5ns5sg2cthy61lqpg3dfzgbys/T/1558867737801-0/master.zip' into '/var/folders/bq/vtzpc5ns5sg2cthy61lqpg3dfzgbys/T/1558867737801-0/src'.
2019-05-26 17:50:08,777 INFO  FullProcessService - Size of directory with sources: 2 MB
2019-05-26 17:50:08,778 INFO  SysUtils - Execute command: [git, init, /var/folders/bq/vtzpc5ns5sg2cthy61lqpg3dfzgbys/T/1558867737801-0/src]
2019-05-26 17:50:08,798 INFO  SysUtils - Initialized empty Git repository in /private/var/folders/bq/vtzpc5ns5sg2cthy61lqpg3dfzgbys/T/1558867737801-0/src/.git/

2019-05-26 17:50:08,801 INFO  ProjectBuildService - Gradle wrapper(s): /var/folders/bq/vtzpc5ns5sg2cthy61lqpg3dfzgbys/T/1558867737801-0/src/NaraeImagePicker-master/gradlew
2019-05-26 17:50:08,805 INFO  ProjectBuildService - Build script(s): /var/folders/bq/vtzpc5ns5sg2cthy61lqpg3dfzgbys/T/1558867737801-0/src/NaraeImagePicker-master/demo/build.gradle /var/folders/bq/vtzpc5ns5sg2cthy61lqpg3dfzgbys/T/1558867737801-0/src/NaraeImagePicker-master/library/build.gradle /var/folders/bq/vtzpc5ns5sg2cthy61lqpg3dfzgbys/T/1558867737801-0/src/NaraeImagePicker-master/build.gradle
2019-05-26 17:50:08,808 INFO  ProjectBuildService - All script(s): /var/folders/bq/vtzpc5ns5sg2cthy61lqpg3dfzgbys/T/1558867737801-0/src/NaraeImagePicker-master/demo/build.gradle /var/folders/bq/vtzpc5ns5sg2cthy61lqpg3dfzgbys/T/1558867737801-0/src/NaraeImagePicker-master/library/build.gradle /var/folders/bq/vtzpc5ns5sg2cthy61lqpg3dfzgbys/T/1558867737801-0/src/NaraeImagePicker-master/build.gradle /var/folders/bq/vtzpc5ns5sg2cthy61lqpg3dfzgbys/T/1558867737801-0/src/NaraeImagePicker-master/settings.gradle
2019-05-26 17:50:08,809 INFO  ProjectBuildService - Remote scripts: none
2019-05-26 17:50:08,809 INFO  ProjectFixService - Fixing project...
2019-05-26 17:50:08,819 INFO  LocalPropertiesFixService - Created fake /var/folders/bq/vtzpc5ns5sg2cthy61lqpg3dfzgbys/T/1558867737801-0/src/NaraeImagePicker-master/demo/local.properties
2019-05-26 17:50:08,820 INFO  ProjectFixService - Build info for "/var/folders/bq/vtzpc5ns5sg2cthy61lqpg3dfzgbys/T/1558867737801-0/src/NaraeImagePicker-master/demo/build.gradle": [buildToolsVersion=<null>,compileSdkVersion=28,minSdkVersion=21,targetSdkVersion=28]
2019-05-26 17:50:08,820 INFO  ProjectFixService - Fixed build info for "/var/folders/bq/vtzpc5ns5sg2cthy61lqpg3dfzgbys/T/1558867737801-0/src/NaraeImagePicker-master/demo/build.gradle": [buildToolsVersion=28.0.0-rc2,compileSdkVersion=28,minSdkVersion=21,targetSdkVersion=28]
2019-05-26 17:50:08,821 INFO  LocalPropertiesFixService - Created fake /var/folders/bq/vtzpc5ns5sg2cthy61lqpg3dfzgbys/T/1558867737801-0/src/NaraeImagePicker-master/library/local.properties
2019-05-26 17:50:08,822 INFO  ProjectFixService - Build info for "/var/folders/bq/vtzpc5ns5sg2cthy61lqpg3dfzgbys/T/1558867737801-0/src/NaraeImagePicker-master/library/build.gradle": [buildToolsVersion=<null>,compileSdkVersion=28,minSdkVersion=16,targetSdkVersion=28]
2019-05-26 17:50:08,822 INFO  ProjectFixService - Fixed build info for "/var/folders/bq/vtzpc5ns5sg2cthy61lqpg3dfzgbys/T/1558867737801-0/src/NaraeImagePicker-master/library/build.gradle": [buildToolsVersion=28.0.0-rc2,compileSdkVersion=28,minSdkVersion=16,targetSdkVersion=28]
2019-05-26 17:50:08,823 INFO  LocalPropertiesFixService - Created fake /var/folders/bq/vtzpc5ns5sg2cthy61lqpg3dfzgbys/T/1558867737801-0/src/NaraeImagePicker-master/local.properties
2019-05-26 17:50:08,823 INFO  WrapperPropertiesFixService - Gradle wrapper: https://services.gradle.org/distributions/gradle-5.1.1-all.zip
2019-05-26 17:50:08,824 INFO  WrapperPropertiesFixService - Gradle wrapper was changed from "-all.zip" to "-bin.zip" (https://services.gradle.org/distributions/gradle-5.1.1-bin.zip)
2019-05-26 17:50:08,825 INFO  ProjectFixService - Build info for "/var/folders/bq/vtzpc5ns5sg2cthy61lqpg3dfzgbys/T/1558867737801-0/src/NaraeImagePicker-master/build.gradle": [buildToolsVersion=<null>,compileSdkVersion=28,minSdkVersion=21,targetSdkVersion=28]
2019-05-26 17:50:08,825 INFO  ProjectFixService - Fixed build info for "/var/folders/bq/vtzpc5ns5sg2cthy61lqpg3dfzgbys/T/1558867737801-0/src/NaraeImagePicker-master/build.gradle": [buildToolsVersion=28.0.0-rc2,compileSdkVersion=28,minSdkVersion=21,targetSdkVersion=28]
2019-05-26 17:50:08,825 INFO  ProjectFixService - Project was maybe fixed
2019-05-26 17:50:08,825 INFO  ProjectTaskService - Detecting possible tasks...
2019-05-26 17:50:08,825 INFO  SysUtils - Execute command: [/var/folders/bq/vtzpc5ns5sg2cthy61lqpg3dfzgbys/T/1558867737801-0/src/NaraeImagePicker-master/gradlew, -b, /var/folders/bq/vtzpc5ns5sg2cthy61lqpg3dfzgbys/T/1558867737801-0/src/NaraeImagePicker-master/demo/build.gradle, -Dorg.gradle.daemon=false, -Dorg.gradle.daemon.performance.enable-monitoring=false, -Dorg.gradle.configureondemand=true, tasks]
2019-05-26 17:50:26,670 INFO  ProjectTaskService - Detected possible tasks: 66
2019-05-26 17:50:26,671 INFO  ProjectTaskService - Excluded tasks (18): lintDebug deviceCheck lint testReleaseUnitTest uninstallRelease deviceAndroidTest uninstallDebugAndroidTest installDebugAndroidTest connectedCheck connectedDebugAndroidTest uninstallAll test check testDebugUnitTest connectedAndroidTest installDebug lintRelease uninstallDebug
2019-05-26 17:50:26,671 INFO  SysUtils - Execute command: [/var/folders/bq/vtzpc5ns5sg2cthy61lqpg3dfzgbys/T/1558867737801-0/src/NaraeImagePicker-master/gradlew, -b, /var/folders/bq/vtzpc5ns5sg2cthy61lqpg3dfzgbys/T/1558867737801-0/src/NaraeImagePicker-master/demo/build.gradle, -Dorg.gradle.daemon=false, -Dorg.gradle.daemon.performance.enable-monitoring=false, -Dorg.gradle.configureondemand=true, --stacktrace, -x, lintDebug, -x, deviceCheck, -x, lint, -x, testReleaseUnitTest, -x, uninstallRelease, -x, deviceAndroidTest, -x, uninstallDebugAndroidTest, -x, installDebugAndroidTest, -x, connectedCheck, -x, connectedDebugAndroidTest, -x, uninstallAll, -x, test, -x, check, -x, testDebugUnitTest, -x, connectedAndroidTest, -x, installDebug, -x, lintRelease, -x, uninstallDebug, build]
2019-05-26 17:53:01,010 ERROR SysUtils - Could not process external command
org.apache.commons.exec.ExecuteException: Process exited with an error: 1 (Exit value: 1)
	at org.apache.commons.exec.DefaultExecutor.executeInternal(DefaultExecutor.java:404)
	at org.apache.commons.exec.DefaultExecutor.execute(DefaultExecutor.java:166)
	at com.github.vbauer.apkmaster.util.SysUtils.execute(SysUtils.java:67)
	at com.github.vbauer.apkmaster.util.SysUtils.executeSimple(SysUtils.java:43)
	at com.github.vbauer.apkmaster.service.assembly.ProjectBuildService.buildProject(ProjectBuildService.java:78)
	at com.github.vbauer.apkmaster.service.assembly.ProjectBuildService.buildProject(ProjectBuildService.java:64)
	at com.github.vbauer.apkmaster.service.assembly.ProjectBuildService.buildProject(ProjectBuildService.java:43)
	at com.github.vbauer.apkmaster.service.FullProcessService.build(FullProcessService.java:84)
	at com.github.vbauer.apkmaster.service.FullProcessService.process(FullProcessService.java:34)
	at com.github.vbauer.apkmaster.app.MainApplication.process(MainApplication.java:38)
	at com.github.vbauer.apkmaster.app.MainApplication.main(MainApplication.java:20)
	at sun.reflect.NativeMethodAccessorImpl.invoke0(Native Method)
	at sun.reflect.NativeMethodAccessorImpl.invoke(NativeMethodAccessorImpl.java:62)
	at sun.reflect.DelegatingMethodAccessorImpl.invoke(DelegatingMethodAccessorImpl.java:43)
	at java.lang.reflect.Method.invoke(Method.java:498)
	at com.android.arsenal.util.ReflectionUtils.invoke(ReflectionUtils.java:52)
	at com.android.arsenal.util.ApkMasterUtils.main(ApkMasterUtils.java:30)
	at com.android.arsenal.service.processor.impl.BuildProcessorServiceImpl.buildProject(BuildProcessorServiceImpl.java:196)
	at com.android.arsenal.service.processor.impl.BuildProcessorServiceImpl.build(BuildProcessorServiceImpl.java:130)
	at com.android.arsenal.service.processor.impl.BuildProcessorServiceImpl.lambda$createTasks$1(BuildProcessorServiceImpl.java:113)
	at java.util.concurrent.FutureTask.run(FutureTask.java:266)
	at java.util.concurrent.Executors$RunnableAdapter.call(Executors.java:511)
	at java.util.concurrent.FutureTask.run(FutureTask.java:266)
	at java.util.concurrent.ThreadPoolExecutor.runWorker(ThreadPoolExecutor.java:1149)
	at java.util.concurrent.ThreadPoolExecutor$Worker.run(ThreadPoolExecutor.java:624)
	at java.lang.Thread.run(Thread.java:748)
2019-05-26 17:53:01,012 INFO  SysUtils - Configuration on demand is an incubating feature.

> Configure project :library
WARNING: API 'variant.getPackageLibrary()' is obsolete and has been replaced with 'variant.getPackageLibraryProvider()'.
It will be removed at the end of 2019.
For more information, see https://d.android.com/r/tools/task-configuration-avoidance.
To determine what is calling variant.getPackageLibrary(), use -Pandroid.debug.obsoleteApi=true on the command line to display more information.

> Task :demo:preBuild UP-TO-DATE
> Task :library:preBuild UP-TO-DATE
> Task :library:preDebugBuild UP-TO-DATE
> Task :library:checkDebugManifest
> Task :library:processDebugManifest
> Task :demo:preDebugBuild
> Task :library:compileDebugAidl NO-SOURCE
> Task :demo:compileDebugAidl NO-SOURCE
> Task :library:packageDebugRenderscript NO-SOURCE
> Task :demo:compileDebugRenderscript NO-SOURCE
> Task :demo:checkDebugManifest
> Task :demo:generateDebugBuildConfig
> Task :demo:prepareLintJar
> Task :demo:generateDebugSources
> Task :demo:dataBindingExportBuildInfoDebug
> Task :demo:dataBindingMergeDependencyArtifactsDebug
> Task :demo:dataBindingMergeGenClassesDebug
> Task :demo:generateDebugResValues
> Task :demo:generateDebugResources
> Task :library:compileDebugRenderscript NO-SOURCE
> Task :library:generateDebugResValues
> Task :library:generateDebugResources
> Task :library:packageDebugResources
> Task :demo:mergeDebugResources
> Task :demo:dataBindingGenBaseClassesDebug
> Task :demo:dataBindingExportFeaturePackageIdsDebug
> Task :demo:mainApkListPersistenceDebug
> Task :demo:createDebugCompatibleScreenManifests
> Task :demo:processDebugManifest
> Task :library:generateDebugRFile
> Task :demo:processDebugResources
> Task :library:generateDebugBuildConfig

> Task :library:kaptGenerateStubsDebugKotlin
w: Runtime JAR files in the classpath should have the same version. These files were found in the classpath:
    /Users/vbauer/.gradle/caches/modules-2/files-2.1/org.jetbrains.kotlin/kotlin-stdlib-jdk7/1.3.31/e652770b6416c6d85934086899ffed3eccd35813/kotlin-stdlib-jdk7-1.3.31.jar (version 1.3)
    /Users/vbauer/.gradle/caches/modules-2/files-2.1/org.jetbrains.kotlin/kotlin-stdlib-jre7/1.2.41/9e7a6f582de73d9cdc6c56ef4e23604a0ee55768/kotlin-stdlib-jre7-1.2.41.jar (version 1.2)
    /Users/vbauer/.gradle/caches/modules-2/files-2.1/org.jetbrains.kotlin/kotlin-stdlib/1.3.31/11289d20fd95ae219333f3456072be9f081c30cc/kotlin-stdlib-1.3.31.jar (version 1.3)
    /Users/vbauer/.gradle/caches/modules-2/files-2.1/org.jetbrains.kotlin/kotlin-stdlib-common/1.3.31/20c34a04ea25cb1ef0139598bd67c764562cb170/kotlin-stdlib-common-1.3.31.jar (version 1.3)
w: Some runtime JAR files in the classpath have an incompatible version. Consider removing them from the classpath
w: /Users/vbauer/.gradle/caches/modules-2/files-2.1/org.jetbrains.kotlin/kotlin-stdlib-jre7/1.2.41/9e7a6f582de73d9cdc6c56ef4e23604a0ee55768/kotlin-stdlib-jre7-1.2.41.jar: kotlin-stdlib-jre7 is deprecated. Please use kotlin-stdlib-jdk7 instead

> Task :library:kaptDebugKotlin
w: Runtime JAR files in the classpath should have the same version. These files were found in the classpath:
    /Users/vbauer/.gradle/caches/modules-2/files-2.1/org.jetbrains.kotlin/kotlin-stdlib-jdk7/1.3.31/e652770b6416c6d85934086899ffed3eccd35813/kotlin-stdlib-jdk7-1.3.31.jar (version 1.3)
    /Users/vbauer/.gradle/caches/modules-2/files-2.1/org.jetbrains.kotlin/kotlin-stdlib-jre7/1.2.41/9e7a6f582de73d9cdc6c56ef4e23604a0ee55768/kotlin-stdlib-jre7-1.2.41.jar (version 1.2)
    /Users/vbauer/.gradle/caches/modules-2/files-2.1/org.jetbrains.kotlin/kotlin-stdlib/1.3.31/11289d20fd95ae219333f3456072be9f081c30cc/kotlin-stdlib-1.3.31.jar (version 1.3)
    /Users/vbauer/.gradle/caches/modules-2/files-2.1/org.jetbrains.kotlin/kotlin-stdlib-common/1.3.31/20c34a04ea25cb1ef0139598bd67c764562cb170/kotlin-stdlib-common-1.3.31.jar (version 1.3)
w: Some runtime JAR files in the classpath have an incompatible version. Consider removing them from the classpath
w: /Users/vbauer/.gradle/caches/modules-2/files-2.1/org.jetbrains.kotlin/kotlin-stdlib-jre7/1.2.41/9e7a6f582de73d9cdc6c56ef4e23604a0ee55768/kotlin-stdlib-jre7-1.2.41.jar: kotlin-stdlib-jre7 is deprecated. Please use kotlin-stdlib-jdk7 instead

> Task :library:compileDebugKotlin
w: Runtime JAR files in the classpath should have the same version. These files were found in the classpath:
    /Users/vbauer/.gradle/caches/modules-2/files-2.1/org.jetbrains.kotlin/kotlin-stdlib-jdk7/1.3.31/e652770b6416c6d85934086899ffed3eccd35813/kotlin-stdlib-jdk7-1.3.31.jar (version 1.3)
    /Users/vbauer/.gradle/caches/modules-2/files-2.1/org.jetbrains.kotlin/kotlin-stdlib-jre7/1.2.41/9e7a6f582de73d9cdc6c56ef4e23604a0ee55768/kotlin-stdlib-jre7-1.2.41.jar (version 1.2)
    /Users/vbauer/.gradle/caches/modules-2/files-2.1/org.jetbrains.kotlin/kotlin-stdlib/1.3.31/11289d20fd95ae219333f3456072be9f081c30cc/kotlin-stdlib-1.3.31.jar (version 1.3)
    /Users/vbauer/.gradle/caches/modules-2/files-2.1/org.jetbrains.kotlin/kotlin-stdlib-common/1.3.31/20c34a04ea25cb1ef0139598bd67c764562cb170/kotlin-stdlib-common-1.3.31.jar (version 1.3)
w: Some runtime JAR files in the classpath have an incompatible version. Consider removing them from the classpath
w: /Users/vbauer/.gradle/caches/modules-2/files-2.1/org.jetbrains.kotlin/kotlin-stdlib-jre7/1.2.41/9e7a6f582de73d9cdc6c56ef4e23604a0ee55768/kotlin-stdlib-jre7-1.2.41.jar: kotlin-stdlib-jre7 is deprecated. Please use kotlin-stdlib-jdk7 instead
w: /private/var/folders/bq/vtzpc5ns5sg2cthy61lqpg3dfzgbys/T/1558867737801-0/src/NaraeImagePicker-master/library/src/main/java/com/github/windsekirun/naraeimagepicker/module/PickerSet.kt: (46, 9): Unsafe use of a nullable receiver of type Cursor?
w: /private/var/folders/bq/vtzpc5ns5sg2cthy61lqpg3dfzgbys/T/1558867737801-0/src/NaraeImagePicker-master/library/src/main/java/com/github/windsekirun/naraeimagepicker/module/PickerSet.kt: (46, 48): Unsafe use of a nullable receiver of type Cursor?
w: /private/var/folders/bq/vtzpc5ns5sg2cthy61lqpg3dfzgbys/T/1558867737801-0/src/NaraeImagePicker-master/library/src/main/java/com/github/windsekirun/naraeimagepicker/module/PickerSet.kt: (58, 13): Unsafe use of a nullable receiver of type Cursor?
w: /private/var/folders/bq/vtzpc5ns5sg2cthy61lqpg3dfzgbys/T/1558867737801-0/src/NaraeImagePicker-master/library/src/main/java/com/github/windsekirun/naraeimagepicker/module/PickerSet.kt: (59, 29): Unsafe use of a nullable receiver of type Cursor?
w: /private/var/folders/bq/vtzpc5ns5sg2cthy61lqpg3dfzgbys/T/1558867737801-0/src/NaraeImagePicker-master/library/src/main/java/com/github/windsekirun/naraeimagepicker/module/PickerSet.kt: (60, 26): Unsafe use of a nullable receiver of type Cursor?

> Task :library:prepareLintJar
> Task :library:generateDebugSources
> Task :library:javaPreCompileDebug
> Task :library:compileDebugJavaWithJavac
> Task :library:bundleLibCompileDebug

> Task :demo:kaptGenerateStubsDebugKotlin
w: Runtime JAR files in the classpath should have the same version. These files were found in the classpath:
    /Users/vbauer/.gradle/caches/modules-2/files-2.1/org.jetbrains.kotlin/kotlin-stdlib-jdk7/1.3.31/e652770b6416c6d85934086899ffed3eccd35813/kotlin-stdlib-jdk7-1.3.31.jar (version 1.3)
    /Users/vbauer/.gradle/caches/modules-2/files-2.1/org.jetbrains.kotlin/kotlin-stdlib-jre7/1.2.41/9e7a6f582de73d9cdc6c56ef4e23604a0ee55768/kotlin-stdlib-jre7-1.2.41.jar (version 1.2)
    /Users/vbauer/.gradle/caches/modules-2/files-2.1/org.jetbrains.kotlin/kotlin-stdlib/1.3.31/11289d20fd95ae219333f3456072be9f081c30cc/kotlin-stdlib-1.3.31.jar (version 1.3)
    /Users/vbauer/.gradle/caches/modules-2/files-2.1/org.jetbrains.kotlin/kotlin-stdlib-common/1.3.31/20c34a04ea25cb1ef0139598bd67c764562cb170/kotlin-stdlib-common-1.3.31.jar (version 1.3)
w: Some runtime JAR files in the classpath have an incompatible version. Consider removing them from the classpath
w: /Users/vbauer/.gradle/caches/modules-2/files-2.1/org.jetbrains.kotlin/kotlin-stdlib-jre7/1.2.41/9e7a6f582de73d9cdc6c56ef4e23604a0ee55768/kotlin-stdlib-jre7-1.2.41.jar: kotlin-stdlib-jre7 is deprecated. Please use kotlin-stdlib-jdk7 instead

> Task :demo:kaptDebugKotlin
w: Runtime JAR files in the classpath should have the same version. These files were found in the classpath:
    /Users/vbauer/.gradle/caches/modules-2/files-2.1/org.jetbrains.kotlin/kotlin-stdlib-jdk7/1.3.31/e652770b6416c6d85934086899ffed3eccd35813/kotlin-stdlib-jdk7-1.3.31.jar (version 1.3)
    /Users/vbauer/.gradle/caches/modules-2/files-2.1/org.jetbrains.kotlin/kotlin-stdlib-jre7/1.2.41/9e7a6f582de73d9cdc6c56ef4e23604a0ee55768/kotlin-stdlib-jre7-1.2.41.jar (version 1.2)
    /Users/vbauer/.gradle/caches/modules-2/files-2.1/org.jetbrains.kotlin/kotlin-stdlib/1.3.31/11289d20fd95ae219333f3456072be9f081c30cc/kotlin-stdlib-1.3.31.jar (version 1.3)
    /Users/vbauer/.gradle/caches/modules-2/files-2.1/org.jetbrains.kotlin/kotlin-stdlib-common/1.3.31/20c34a04ea25cb1ef0139598bd67c764562cb170/kotlin-stdlib-common-1.3.31.jar (version 1.3)
w: Some runtime JAR files in the classpath have an incompatible version. Consider removing them from the classpath
w: /Users/vbauer/.gradle/caches/modules-2/files-2.1/org.jetbrains.kotlin/kotlin-stdlib-jre7/1.2.41/9e7a6f582de73d9cdc6c56ef4e23604a0ee55768/kotlin-stdlib-jre7-1.2.41.jar: kotlin-stdlib-jre7 is deprecated. Please use kotlin-stdlib-jdk7 instead
w: warning: activity.viewModeCheck.getValue() is a boxed field but needs to be un-boxed to execute app:checkedPosition. This may cause NPE so Data Binding will safely unbox it. You can change the expression and explicitly wrap activity.viewModeCheck.getValue() with safeUnbox() to prevent the warning
  file:///private/var/folders/bq/vtzpc5ns5sg2cthy61lqpg3dfzgbys/T/1558867737801-0/src/NaraeImagePicker-master/demo/src/main/res/layout/main_activity.xml Line:32
w: warning: activity.detailModeEnable.getValue() is a boxed field but needs to be un-boxed to execute android:checked. This may cause NPE so Data Binding will safely unbox it. You can change the expression and explicitly wrap activity.detailModeEnable.getValue() with safeUnbox() to prevent the warning
  file:///private/var/folders/bq/vtzpc5ns5sg2cthy61lqpg3dfzgbys/T/1558867737801-0/src/NaraeImagePicker-master/demo/src/main/res/layout/main_activity.xml Line:56

> Task :demo:compileDebugKotlin
w: Runtime JAR files in the classpath should have the same version. These files were found in the classpath:
    /Users/vbauer/.gradle/caches/modules-2/files-2.1/org.jetbrains.kotlin/kotlin-stdlib-jdk7/1.3.31/e652770b6416c6d85934086899ffed3eccd35813/kotlin-stdlib-jdk7-1.3.31.jar (version 1.3)
    /Users/vbauer/.gradle/caches/modules-2/files-2.1/org.jetbrains.kotlin/kotlin-stdlib-jre7/1.2.41/9e7a6f582de73d9cdc6c56ef4e23604a0ee55768/kotlin-stdlib-jre7-1.2.41.jar (version 1.2)
    /Users/vbauer/.gradle/caches/modules-2/files-2.1/org.jetbrains.kotlin/kotlin-stdlib/1.3.31/11289d20fd95ae219333f3456072be9f081c30cc/kotlin-stdlib-1.3.31.jar (version 1.3)
    /Users/vbauer/.gradle/caches/modules-2/files-2.1/org.jetbrains.kotlin/kotlin-stdlib-common/1.3.31/20c34a04ea25cb1ef0139598bd67c764562cb170/kotlin-stdlib-common-1.3.31.jar (version 1.3)
w: Some runtime JAR files in the classpath have an incompatible version. Consider removing them from the classpath
w: /Users/vbauer/.gradle/caches/modules-2/files-2.1/org.jetbrains.kotlin/kotlin-stdlib-jre7/1.2.41/9e7a6f582de73d9cdc6c56ef4e23604a0ee55768/kotlin-stdlib-jre7-1.2.41.jar: kotlin-stdlib-jre7 is deprecated. Please use kotlin-stdlib-jdk7 instead
w: /private/var/folders/bq/vtzpc5ns5sg2cthy61lqpg3dfzgbys/T/1558867737801-0/src/NaraeImagePicker-master/demo/src/main/java/com/github/windsekirun/naraeimagepickerdemo/MainActivity.kt: (43, 19): Parameter 'view' is never used

> Task :demo:javaPreCompileDebug
> Task :demo:compileDebugJavaWithJavac
> Task :demo:compileDebugSources
> Task :demo:mergeDebugShaders
> Task :demo:compileDebugShaders
> Task :demo:generateDebugAssets
> Task :library:mergeDebugShaders
> Task :library:compileDebugShaders
> Task :library:generateDebugAssets
> Task :library:packageDebugAssets
> Task :demo:mergeDebugAssets
> Task :demo:checkDebugDuplicateClasses
> Task :demo:mergeExtDexDebug
> Task :library:processDebugJavaRes NO-SOURCE
> Task :library:bundleLibResDebug
> Task :library:bundleLibRuntimeDebug
> Task :library:createFullJarDebug
> Task :demo:transformClassesWithDexBuilderForDebug
> Task :demo:mergeProjectDexDebug
> Task :demo:mergeLibDexDebug
> Task :demo:validateSigningDebug
> Task :demo:signingConfigWriterDebug
> Task :demo:mergeDebugJniLibFolders
> Task :library:mergeDebugJniLibFolders
> Task :library:transformNativeLibsWithMergeJniLibsForDebug
> Task :library:transformNativeLibsWithStripDebugSymbolForDebug
> Task :library:transformNativeLibsWithIntermediateJniLibsForDebug
> Task :demo:transformNativeLibsWithMergeJniLibsForDebug

> Task :demo:transformNativeLibsWithStripDebugSymbolForDebug
Unable to strip library '/private/var/folders/bq/vtzpc5ns5sg2cthy61lqpg3dfzgbys/T/1558867737801-0/src/NaraeImagePicker-master/demo/build/intermediates/transforms/mergeJniLibs/debug/0/lib/armeabi/libglide-webp.so' due to missing strip tool for ABI 'ARMEABI'. Packaging it as is.

> Task :demo:processDebugJavaRes NO-SOURCE
> Task :demo:transformResourcesWithMergeJavaResForDebug
> Task :demo:packageDebug
> Task :demo:assembleDebug
> Task :library:preReleaseBuild UP-TO-DATE
> Task :library:checkReleaseManifest
> Task :library:processReleaseManifest
> Task :demo:preReleaseBuild
> Task :library:compileReleaseAidl NO-SOURCE
> Task :demo:compileReleaseAidl NO-SOURCE
> Task :library:packageReleaseRenderscript NO-SOURCE
> Task :demo:compileReleaseRenderscript NO-SOURCE
> Task :demo:checkReleaseManifest
> Task :demo:generateReleaseBuildConfig
> Task :demo:generateReleaseSources
> Task :demo:dataBindingExportBuildInfoRelease
> Task :demo:dataBindingMergeDependencyArtifactsRelease
> Task :demo:dataBindingMergeGenClassesRelease
> Task :demo:generateReleaseResValues
> Task :demo:generateReleaseResources
> Task :library:compileReleaseRenderscript NO-SOURCE
> Task :library:generateReleaseResValues
> Task :library:generateReleaseResources
> Task :library:packageReleaseResources
> Task :demo:mergeReleaseResources
> Task :demo:dataBindingGenBaseClassesRelease
> Task :demo:dataBindingExportFeaturePackageIdsRelease
> Task :demo:mainApkListPersistenceRelease
> Task :demo:createReleaseCompatibleScreenManifests
> Task :demo:processReleaseManifest
> Task :library:generateReleaseRFile
> Task :demo:processReleaseResources
> Task :library:generateReleaseBuildConfig

> Task :library:kaptGenerateStubsReleaseKotlin
w: Runtime JAR files in the classpath should have the same version. These files were found in the classpath:
    /Users/vbauer/.gradle/caches/modules-2/files-2.1/org.jetbrains.kotlin/kotlin-stdlib-jdk7/1.3.31/e652770b6416c6d85934086899ffed3eccd35813/kotlin-stdlib-jdk7-1.3.31.jar (version 1.3)
    /Users/vbauer/.gradle/caches/modules-2/files-2.1/org.jetbrains.kotlin/kotlin-stdlib-jre7/1.2.41/9e7a6f582de73d9cdc6c56ef4e23604a0ee55768/kotlin-stdlib-jre7-1.2.41.jar (version 1.2)
    /Users/vbauer/.gradle/caches/modules-2/files-2.1/org.jetbrains.kotlin/kotlin-stdlib/1.3.31/11289d20fd95ae219333f3456072be9f081c30cc/kotlin-stdlib-1.3.31.jar (version 1.3)
    /Users/vbauer/.gradle/caches/modules-2/files-2.1/org.jetbrains.kotlin/kotlin-stdlib-common/1.3.31/20c34a04ea25cb1ef0139598bd67c764562cb170/kotlin-stdlib-common-1.3.31.jar (version 1.3)
w: Some runtime JAR files in the classpath have an incompatible version. Consider removing them from the classpath
w: /Users/vbauer/.gradle/caches/modules-2/files-2.1/org.jetbrains.kotlin/kotlin-stdlib-jre7/1.2.41/9e7a6f582de73d9cdc6c56ef4e23604a0ee55768/kotlin-stdlib-jre7-1.2.41.jar: kotlin-stdlib-jre7 is deprecated. Please use kotlin-stdlib-jdk7 instead

> Task :library:kaptReleaseKotlin
w: Runtime JAR files in the classpath should have the same version. These files were found in the classpath:
    /Users/vbauer/.gradle/caches/modules-2/files-2.1/org.jetbrains.kotlin/kotlin-stdlib-jdk7/1.3.31/e652770b6416c6d85934086899ffed3eccd35813/kotlin-stdlib-jdk7-1.3.31.jar (version 1.3)
    /Users/vbauer/.gradle/caches/modules-2/files-2.1/org.jetbrains.kotlin/kotlin-stdlib-jre7/1.2.41/9e7a6f582de73d9cdc6c56ef4e23604a0ee55768/kotlin-stdlib-jre7-1.2.41.jar (version 1.2)
    /Users/vbauer/.gradle/caches/modules-2/files-2.1/org.jetbrains.kotlin/kotlin-stdlib/1.3.31/11289d20fd95ae219333f3456072be9f081c30cc/kotlin-stdlib-1.3.31.jar (version 1.3)
    /Users/vbauer/.gradle/caches/modules-2/files-2.1/org.jetbrains.kotlin/kotlin-stdlib-common/1.3.31/20c34a04ea25cb1ef0139598bd67c764562cb170/kotlin-stdlib-common-1.3.31.jar (version 1.3)
w: Some runtime JAR files in the classpath have an incompatible version. Consider removing them from the classpath
w: /Users/vbauer/.gradle/caches/modules-2/files-2.1/org.jetbrains.kotlin/kotlin-stdlib-jre7/1.2.41/9e7a6f582de73d9cdc6c56ef4e23604a0ee55768/kotlin-stdlib-jre7-1.2.41.jar: kotlin-stdlib-jre7 is deprecated. Please use kotlin-stdlib-jdk7 instead

> Task :library:compileReleaseKotlin
w: Runtime JAR files in the classpath should have the same version. These files were found in the classpath:
    /Users/vbauer/.gradle/caches/modules-2/files-2.1/org.jetbrains.kotlin/kotlin-stdlib-jdk7/1.3.31/e652770b6416c6d85934086899ffed3eccd35813/kotlin-stdlib-jdk7-1.3.31.jar (version 1.3)
    /Users/vbauer/.gradle/caches/modules-2/files-2.1/org.jetbrains.kotlin/kotlin-stdlib-jre7/1.2.41/9e7a6f582de73d9cdc6c56ef4e23604a0ee55768/kotlin-stdlib-jre7-1.2.41.jar (version 1.2)
    /Users/vbauer/.gradle/caches/modules-2/files-2.1/org.jetbrains.kotlin/kotlin-stdlib/1.3.31/11289d20fd95ae219333f3456072be9f081c30cc/kotlin-stdlib-1.3.31.jar (version 1.3)
    /Users/vbauer/.gradle/caches/modules-2/files-2.1/org.jetbrains.kotlin/kotlin-stdlib-common/1.3.31/20c34a04ea25cb1ef0139598bd67c764562cb170/kotlin-stdlib-common-1.3.31.jar (version 1.3)
w: Some runtime JAR files in the classpath have an incompatible version. Consider removing them from the classpath
w: /Users/vbauer/.gradle/caches/modules-2/files-2.1/org.jetbrains.kotlin/kotlin-stdlib-jre7/1.2.41/9e7a6f582de73d9cdc6c56ef4e23604a0ee55768/kotlin-stdlib-jre7-1.2.41.jar: kotlin-stdlib-jre7 is deprecated. Please use kotlin-stdlib-jdk7 instead
w: /private/var/folders/bq/vtzpc5ns5sg2cthy61lqpg3dfzgbys/T/1558867737801-0/src/NaraeImagePicker-master/library/src/main/java/com/github/windsekirun/naraeimagepicker/module/PickerSet.kt: (46, 9): Unsafe use of a nullable receiver of type Cursor?
w: /private/var/folders/bq/vtzpc5ns5sg2cthy61lqpg3dfzgbys/T/1558867737801-0/src/NaraeImagePicker-master/library/src/main/java/com/github/windsekirun/naraeimagepicker/module/PickerSet.kt: (46, 48): Unsafe use of a nullable receiver of type Cursor?
w: /private/var/folders/bq/vtzpc5ns5sg2cthy61lqpg3dfzgbys/T/1558867737801-0/src/NaraeImagePicker-master/library/src/main/java/com/github/windsekirun/naraeimagepicker/module/PickerSet.kt: (58, 13): Unsafe use of a nullable receiver of type Cursor?
w: /private/var/folders/bq/vtzpc5ns5sg2cthy61lqpg3dfzgbys/T/1558867737801-0/src/NaraeImagePicker-master/library/src/main/java/com/github/windsekirun/naraeimagepicker/module/PickerSet.kt: (59, 29): Unsafe use of a nullable receiver of type Cursor?
w: /private/var/folders/bq/vtzpc5ns5sg2cthy61lqpg3dfzgbys/T/1558867737801-0/src/NaraeImagePicker-master/library/src/main/java/com/github/windsekirun/naraeimagepicker/module/PickerSet.kt: (60, 26): Unsafe use of a nullable receiver of type Cursor?

> Task :library:generateReleaseSources
> Task :library:javaPreCompileRelease
> Task :library:compileReleaseJavaWithJavac
> Task :library:bundleLibCompileRelease

> Task :demo:kaptGenerateStubsReleaseKotlin
w: Runtime JAR files in the classpath should have the same version. These files were found in the classpath:
    /Users/vbauer/.gradle/caches/modules-2/files-2.1/org.jetbrains.kotlin/kotlin-stdlib-jdk7/1.3.31/e652770b6416c6d85934086899ffed3eccd35813/kotlin-stdlib-jdk7-1.3.31.jar (version 1.3)
    /Users/vbauer/.gradle/caches/modules-2/files-2.1/org.jetbrains.kotlin/kotlin-stdlib-jre7/1.2.41/9e7a6f582de73d9cdc6c56ef4e23604a0ee55768/kotlin-stdlib-jre7-1.2.41.jar (version 1.2)
    /Users/vbauer/.gradle/caches/modules-2/files-2.1/org.jetbrains.kotlin/kotlin-stdlib/1.3.31/11289d20fd95ae219333f3456072be9f081c30cc/kotlin-stdlib-1.3.31.jar (version 1.3)
    /Users/vbauer/.gradle/caches/modules-2/files-2.1/org.jetbrains.kotlin/kotlin-stdlib-common/1.3.31/20c34a04ea25cb1ef0139598bd67c764562cb170/kotlin-stdlib-common-1.3.31.jar (version 1.3)
w: Some runtime JAR files in the classpath have an incompatible version. Consider removing them from the classpath
w: /Users/vbauer/.gradle/caches/modules-2/files-2.1/org.jetbrains.kotlin/kotlin-stdlib-jre7/1.2.41/9e7a6f582de73d9cdc6c56ef4e23604a0ee55768/kotlin-stdlib-jre7-1.2.41.jar: kotlin-stdlib-jre7 is deprecated. Please use kotlin-stdlib-jdk7 instead

> Task :demo:kaptReleaseKotlin
w: Runtime JAR files in the classpath should have the same version. These files were found in the classpath:
    /Users/vbauer/.gradle/caches/modules-2/files-2.1/org.jetbrains.kotlin/kotlin-stdlib-jdk7/1.3.31/e652770b6416c6d85934086899ffed3eccd35813/kotlin-stdlib-jdk7-1.3.31.jar (version 1.3)
    /Users/vbauer/.gradle/caches/modules-2/files-2.1/org.jetbrains.kotlin/kotlin-stdlib-jre7/1.2.41/9e7a6f582de73d9cdc6c56ef4e23604a0ee55768/kotlin-stdlib-jre7-1.2.41.jar (version 1.2)
    /Users/vbauer/.gradle/caches/modules-2/files-2.1/org.jetbrains.kotlin/kotlin-stdlib/1.3.31/11289d20fd95ae219333f3456072be9f081c30cc/kotlin-stdlib-1.3.31.jar (version 1.3)
    /Users/vbauer/.gradle/caches/modules-2/files-2.1/org.jetbrains.kotlin/kotlin-stdlib-common/1.3.31/20c34a04ea25cb1ef0139598bd67c764562cb170/kotlin-stdlib-common-1.3.31.jar (version 1.3)
w: Some runtime JAR files in the classpath have an incompatible version. Consider removing them from the classpath
w: /Users/vbauer/.gradle/caches/modules-2/files-2.1/org.jetbrains.kotlin/kotlin-stdlib-jre7/1.2.41/9e7a6f582de73d9cdc6c56ef4e23604a0ee55768/kotlin-stdlib-jre7-1.2.41.jar: kotlin-stdlib-jre7 is deprecated. Please use kotlin-stdlib-jdk7 instead
w: warning: activity.viewModeCheck.getValue() is a boxed field but needs to be un-boxed to execute app:checkedPosition. This may cause NPE so Data Binding will safely unbox it. You can change the expression and explicitly wrap activity.viewModeCheck.getValue() with safeUnbox() to prevent the warning
  file:///private/var/folders/bq/vtzpc5ns5sg2cthy61lqpg3dfzgbys/T/1558867737801-0/src/NaraeImagePicker-master/demo/src/main/res/layout/main_activity.xml Line:32
w: warning: activity.detailModeEnable.getValue() is a boxed field but needs to be un-boxed to execute android:checked. This may cause NPE so Data Binding will safely unbox it. You can change the expression and explicitly wrap activity.detailModeEnable.getValue() with safeUnbox() to prevent the warning
  file:///private/var/folders/bq/vtzpc5ns5sg2cthy61lqpg3dfzgbys/T/1558867737801-0/src/NaraeImagePicker-master/demo/src/main/res/layout/main_activity.xml Line:56

> Task :demo:compileReleaseKotlin
w: Runtime JAR files in the classpath should have the same version. These files were found in the classpath:
    /Users/vbauer/.gradle/caches/modules-2/files-2.1/org.jetbrains.kotlin/kotlin-stdlib-jdk7/1.3.31/e652770b6416c6d85934086899ffed3eccd35813/kotlin-stdlib-jdk7-1.3.31.jar (version 1.3)
    /Users/vbauer/.gradle/caches/modules-2/files-2.1/org.jetbrains.kotlin/kotlin-stdlib-jre7/1.2.41/9e7a6f582de73d9cdc6c56ef4e23604a0ee55768/kotlin-stdlib-jre7-1.2.41.jar (version 1.2)
    /Users/vbauer/.gradle/caches/modules-2/files-2.1/org.jetbrains.kotlin/kotlin-stdlib/1.3.31/11289d20fd95ae219333f3456072be9f081c30cc/kotlin-stdlib-1.3.31.jar (version 1.3)
    /Users/vbauer/.gradle/caches/modules-2/files-2.1/org.jetbrains.kotlin/kotlin-stdlib-common/1.3.31/20c34a04ea25cb1ef0139598bd67c764562cb170/kotlin-stdlib-common-1.3.31.jar (version 1.3)
w: Some runtime JAR files in the classpath have an incompatible version. Consider removing them from the classpath
w: /Users/vbauer/.gradle/caches/modules-2/files-2.1/org.jetbrains.kotlin/kotlin-stdlib-jre7/1.2.41/9e7a6f582de73d9cdc6c56ef4e23604a0ee55768/kotlin-stdlib-jre7-1.2.41.jar: kotlin-stdlib-jre7 is deprecated. Please use kotlin-stdlib-jdk7 instead
w: /private/var/folders/bq/vtzpc5ns5sg2cthy61lqpg3dfzgbys/T/1558867737801-0/src/NaraeImagePicker-master/demo/src/main/java/com/github/windsekirun/naraeimagepickerdemo/MainActivity.kt: (43, 19): Parameter 'view' is never used

> Task :demo:javaPreCompileRelease
> Task :demo:compileReleaseJavaWithJavac
> Task :demo:compileReleaseSources
> Task :library:prepareLintJarForPublish

> Task :demo:lintVitalRelease
Calling mockable JAR artifact transform to create file: /Users/vbauer/.gradle/caches/transforms-2/files-2.1/2091a1f50792fcf0f04fa38f1cf7ae46/android.jar with input /Users/vbauer/Library/Android/sdk/platforms/android-28/android.jar

> Task :library:processReleaseJavaRes NO-SOURCE
> Task :library:bundleLibResRelease
> Task :library:bundleLibRuntimeRelease
> Task :library:createFullJarRelease
> Task :demo:checkReleaseDuplicateClasses
> Task :demo:mergeExtDexRelease
> Task :demo:transformClassesWithDexBuilderForRelease
> Task :demo:mergeDexRelease
> Task :demo:mergeReleaseShaders
> Task :demo:compileReleaseShaders
> Task :demo:generateReleaseAssets
> Task :library:mergeReleaseShaders
> Task :library:compileReleaseShaders
> Task :library:generateReleaseAssets
> Task :library:packageReleaseAssets
> Task :demo:mergeReleaseAssets
> Task :demo:signingConfigWriterRelease
> Task :demo:mergeReleaseJniLibFolders
> Task :library:mergeReleaseJniLibFolders
> Task :library:transformNativeLibsWithMergeJniLibsForRelease
> Task :library:transformNativeLibsWithStripDebugSymbolForRelease
> Task :library:transformNativeLibsWithIntermediateJniLibsForRelease
> Task :demo:transformNativeLibsWithMergeJniLibsForRelease

> Task :demo:transformNativeLibsWithStripDebugSymbolForRelease
Unable to strip library '/private/var/folders/bq/vtzpc5ns5sg2cthy61lqpg3dfzgbys/T/1558867737801-0/src/NaraeImagePicker-master/demo/build/intermediates/transforms/mergeJniLibs/release/0/lib/armeabi/libglide-webp.so' due to missing strip tool for ABI 'ARMEABI'. Packaging it as is.

> Task :demo:processReleaseJavaRes NO-SOURCE
> Task :demo:transformResourcesWithMergeJavaResForRelease FAILED

FAILURE: Build failed with an exception.

* What went wrong:
Execution failed for task ':demo:transformResourcesWithMergeJavaResForRelease'.
> More than one file was found with OS independent path 'META-INF/library_release.kotlin_module'

* Try:
Run with --info or --debug option to get more log output. Run with --scan to get full insights.

* Exception is:
org.gradle.api.tasks.TaskExecutionException: Execution failed for task ':demo:transformResourcesWithMergeJavaResForRelease'.
	at org.gradle.api.internal.tasks.execution.ExecuteActionsTaskExecuter.execute(ExecuteActionsTaskExecuter.java:95)
	at org.gradle.api.internal.tasks.execution.ResolveTaskOutputCachingStateExecuter.execute(ResolveTaskOutputCachingStateExecuter.java:91)
	at org.gradle.api.internal.tasks.execution.ValidatingTaskExecuter.execute(ValidatingTaskExecuter.java:57)
	at org.gradle.api.internal.tasks.execution.SkipEmptySourceFilesTaskExecuter.execute(SkipEmptySourceFilesTaskExecuter.java:119)
	at org.gradle.api.internal.tasks.execution.ResolvePreviousStateExecuter.execute(ResolvePreviousStateExecuter.java:43)
	at org.gradle.api.internal.tasks.execution.CleanupStaleOutputsExecuter.execute(CleanupStaleOutputsExecuter.java:93)
	at org.gradle.api.internal.tasks.execution.FinalizePropertiesTaskExecuter.execute(FinalizePropertiesTaskExecuter.java:45)
	at org.gradle.api.internal.tasks.execution.ResolveTaskArtifactStateTaskExecuter.execute(ResolveTaskArtifactStateTaskExecuter.java:94)
	at org.gradle.api.internal.tasks.execution.SkipTaskWithNoActionsExecuter.execute(SkipTaskWithNoActionsExecuter.java:56)
	at org.gradle.api.internal.tasks.execution.SkipOnlyIfTaskExecuter.execute(SkipOnlyIfTaskExecuter.java:55)
	at org.gradle.api.internal.tasks.execution.CatchExceptionTaskExecuter.execute(CatchExceptionTaskExecuter.java:36)
	at org.gradle.api.internal.tasks.execution.EventFiringTaskExecuter$1.executeTask(EventFiringTaskExecuter.java:67)
	at org.gradle.api.internal.tasks.execution.EventFiringTaskExecuter$1.call(EventFiringTaskExecuter.java:52)
	at org.gradle.api.internal.tasks.execution.EventFiringTaskExecuter$1.call(EventFiringTaskExecuter.java:49)
	at org.gradle.internal.operations.DefaultBuildOperationExecutor$CallableBuildOperationWorker.execute(DefaultBuildOperationExecutor.java:315)
	at org.gradle.internal.operations.DefaultBuildOperationExecutor$CallableBuildOperationWorker.execute(DefaultBuildOperationExecutor.java:305)
	at org.gradle.internal.operations.DefaultBuildOperationExecutor.execute(DefaultBuildOperationExecutor.java:175)
	at org.gradle.internal.operations.DefaultBuildOperationExecutor.call(DefaultBuildOperationExecutor.java:101)
	at org.gradle.internal.operations.DelegatingBuildOperationExecutor.call(DelegatingBuildOperationExecutor.java:36)
	at org.gradle.api.internal.tasks.execution.EventFiringTaskExecuter.execute(EventFiringTaskExecuter.java:49)
	at org.gradle.execution.plan.LocalTaskNodeExecutor.execute(LocalTaskNodeExecutor.java:43)
	at org.gradle.execution.taskgraph.DefaultTaskExecutionGraph$InvokeNodeExecutorsAction.execute(DefaultTaskExecutionGraph.java:355)
	at org.gradle.execution.taskgraph.DefaultTaskExecutionGraph$InvokeNodeExecutorsAction.execute(DefaultTaskExecutionGraph.java:343)
	at org.gradle.execution.taskgraph.DefaultTaskExecutionGraph$BuildOperationAwareExecutionAction.execute(DefaultTaskExecutionGraph.java:336)
	at org.gradle.execution.taskgraph.DefaultTaskExecutionGraph$BuildOperationAwareExecutionAction.execute(DefaultTaskExecutionGraph.java:322)
	at org.gradle.execution.plan.DefaultPlanExecutor$ExecutorWorker$1.execute(DefaultPlanExecutor.java:134)
	at org.gradle.execution.plan.DefaultPlanExecutor$ExecutorWorker$1.execute(DefaultPlanExecutor.java:129)
	at org.gradle.execution.plan.DefaultPlanExecutor$ExecutorWorker.execute(DefaultPlanExecutor.java:202)
	at org.gradle.execution.plan.DefaultPlanExecutor$ExecutorWorker.executeNextNode(DefaultPlanExecutor.java:193)
	at org.gradle.execution.plan.DefaultPlanExecutor$ExecutorWorker.run(DefaultPlanExecutor.java:129)
	at org.gradle.internal.concurrent.ExecutorPolicy$CatchAndRecordFailures.onExecute(ExecutorPolicy.java:63)
	at org.gradle.internal.concurrent.ManagedExecutorImpl$1.run(ManagedExecutorImpl.java:46)
	at org.gradle.internal.concurrent.ThreadFactoryImpl$ManagedThreadRunnable.run(ThreadFactoryImpl.java:55)
Caused by: com.android.builder.merge.DuplicateRelativeFileException: More than one file was found with OS independent path 'META-INF/library_release.kotlin_module'
	at com.android.builder.merge.StreamMergeAlgorithms.lambda$acceptOnlyOne$2(StreamMergeAlgorithms.java:75)
	at com.android.builder.merge.StreamMergeAlgorithms.lambda$select$3(StreamMergeAlgorithms.java:100)
	at com.android.builder.merge.IncrementalFileMergerOutputs$1.create(IncrementalFileMergerOutputs.java:86)
	at com.android.builder.merge.DelegateIncrementalFileMergerOutput.create(DelegateIncrementalFileMergerOutput.java:61)
	at com.android.build.gradle.internal.transforms.MergeJavaResourcesTransform$1.create(MergeJavaResourcesTransform.java:386)
	at com.android.builder.merge.IncrementalFileMerger.updateChangedFile(IncrementalFileMerger.java:221)
	at com.android.builder.merge.IncrementalFileMerger.mergeChangedInputs(IncrementalFileMerger.java:190)
	at com.android.builder.merge.IncrementalFileMerger.merge(IncrementalFileMerger.java:77)
	at com.android.build.gradle.internal.transforms.MergeJavaResourcesTransform.transform(MergeJavaResourcesTransform.java:419)
	at com.android.build.gradle.internal.pipeline.TransformTask$2.call(TransformTask.java:239)
	at com.android.build.gradle.internal.pipeline.TransformTask$2.call(TransformTask.java:235)
	at com.android.builder.profile.ThreadRecorder.record(ThreadRecorder.java:102)
	at com.android.build.gradle.internal.pipeline.TransformTask.transform(TransformTask.java:230)
	at org.gradle.internal.reflect.JavaMethod.invoke(JavaMethod.java:73)
	at org.gradle.api.internal.project.taskfactory.IncrementalTaskAction.doExecute(IncrementalTaskAction.java:47)
	at org.gradle.api.internal.project.taskfactory.StandardTaskAction.execute(StandardTaskAction.java:41)
	at org.gradle.api.internal.project.taskfactory.StandardTaskAction.execute(StandardTaskAction.java:28)
	at org.gradle.api.internal.tasks.execution.ExecuteActionsTaskExecuter$2.run(ExecuteActionsTaskExecuter.java:284)
	at org.gradle.internal.operations.DefaultBuildOperationExecutor$RunnableBuildOperationWorker.execute(DefaultBuildOperationExecutor.java:301)
	at org.gradle.internal.operations.DefaultBuildOperationExecutor$RunnableBuildOperationWorker.execute(DefaultBuildOperationExecutor.java:293)
	at org.gradle.internal.operations.DefaultBuildOperationExecutor.execute(DefaultBuildOperationExecutor.java:175)
	at org.gradle.internal.operations.DefaultBuildOperationExecutor.run(DefaultBuildOperationExecutor.java:91)
	at org.gradle.internal.operations.DelegatingBuildOperationExecutor.run(DelegatingBuildOperationExecutor.java:31)
	at org.gradle.api.internal.tasks.execution.ExecuteActionsTaskExecuter.executeAction(ExecuteActionsTaskExecuter.java:273)
	at org.gradle.api.internal.tasks.execution.ExecuteActionsTaskExecuter.executeActions(ExecuteActionsTaskExecuter.java:258)
	at org.gradle.api.internal.tasks.execution.ExecuteActionsTaskExecuter.access$200(ExecuteActionsTaskExecuter.java:67)
	at org.gradle.api.internal.tasks.execution.ExecuteActionsTaskExecuter$TaskExecution.execute(ExecuteActionsTaskExecuter.java:145)
	at org.gradle.internal.execution.impl.steps.ExecuteStep.execute(ExecuteStep.java:49)
	at org.gradle.internal.execution.impl.steps.CancelExecutionStep.execute(CancelExecutionStep.java:34)
	at org.gradle.internal.execution.impl.steps.TimeoutStep.executeWithoutTimeout(TimeoutStep.java:69)
	at org.gradle.internal.execution.impl.steps.TimeoutStep.execute(TimeoutStep.java:49)
	at org.gradle.internal.execution.impl.steps.CatchExceptionStep.execute(CatchExceptionStep.java:33)
	at org.gradle.internal.execution.impl.steps.CreateOutputsStep.execute(CreateOutputsStep.java:50)
	at org.gradle.internal.execution.impl.steps.SnapshotOutputStep.execute(SnapshotOutputStep.java:43)
	at org.gradle.internal.execution.impl.steps.SnapshotOutputStep.execute(SnapshotOutputStep.java:29)
	at org.gradle.internal.execution.impl.steps.CacheStep.executeWithoutCache(CacheStep.java:134)
	at org.gradle.internal.execution.impl.steps.CacheStep.lambda$execute$3(CacheStep.java:83)
	at org.gradle.internal.execution.impl.steps.CacheStep.execute(CacheStep.java:82)
	at org.gradle.internal.execution.impl.steps.CacheStep.execute(CacheStep.java:36)
	at org.gradle.internal.execution.impl.steps.PrepareCachingStep.execute(PrepareCachingStep.java:33)
	at org.gradle.internal.execution.impl.steps.StoreSnapshotsStep.execute(StoreSnapshotsStep.java:38)
	at org.gradle.internal.execution.impl.steps.StoreSnapshotsStep.execute(StoreSnapshotsStep.java:23)
	at org.gradle.internal.execution.impl.steps.SkipUpToDateStep.executeBecause(SkipUpToDateStep.java:96)
	at org.gradle.internal.execution.impl.steps.SkipUpToDateStep.lambda$execute$1(SkipUpToDateStep.java:91)
	at org.gradle.internal.execution.impl.steps.SkipUpToDateStep.execute(SkipUpToDateStep.java:91)
	at org.gradle.internal.execution.impl.steps.SkipUpToDateStep.execute(SkipUpToDateStep.java:36)
	at org.gradle.internal.execution.impl.DefaultWorkExecutor.execute(DefaultWorkExecutor.java:34)
	at org.gradle.api.internal.tasks.execution.ExecuteActionsTaskExecuter.execute(ExecuteActionsTaskExecuter.java:91)
	... 32 more


* Get more help at https://help.gradle.org

Deprecated Gradle features were used in this build, making it incompatible with Gradle 6.0.
Use '--warning-mode all' to show the individual deprecation warnings.
See https://docs.gradle.org/5.1.1/userguide/command_line_interface.html#sec:command_line_warnings

BUILD FAILED in 2m 33s
113 actionable tasks: 113 executed

2019-05-26 17:53:01,122 INFO  FullProcessService - Found APK file: /var/folders/bq/vtzpc5ns5sg2cthy61lqpg3dfzgbys/T/1558867737801-0/src/NaraeImagePicker-master/demo/build/outputs/apk/debug/demo-debug.apk
