2018-08-31 15:03:35,191 INFO  DownloadService - Downloading "https://github.com/mahdit83/advancedPermissionHandler/archive/master.zip", attempt 3
2018-08-31 15:03:36,957 INFO  DownloadService - Downloaded https://github.com/mahdit83/advancedPermissionHandler/archive/master.zip, attempt 3
2018-08-31 15:03:36,957 INFO  DownloadService - Size of file "/var/folders/bq/vtzpc5ns5sg2cthy61lqpg3dfzgbys/T/1535702615183-0/master.zip": 157 KB
2018-08-31 15:03:36,957 INFO  ArchiveUtils - Checking entries [.gradle] in ZIP file...
2018-08-31 15:03:36,963 INFO  ArchiveUtils - Has entries [.gradle] in ZIP file /var/folders/bq/vtzpc5ns5sg2cthy61lqpg3dfzgbys/T/1535702615183-0/master.zip: true
2018-08-31 15:03:36,963 DEBUG ZipUtil - Extracting '/var/folders/bq/vtzpc5ns5sg2cthy61lqpg3dfzgbys/T/1535702615183-0/master.zip' into '/var/folders/bq/vtzpc5ns5sg2cthy61lqpg3dfzgbys/T/1535702615183-0/src'.
2018-08-31 15:03:36,986 INFO  FullProcessService - Size of directory with sources: 180 KB
2018-08-31 15:03:36,986 INFO  SysUtils - Execute command: [git, init, /var/folders/bq/vtzpc5ns5sg2cthy61lqpg3dfzgbys/T/1535702615183-0/src]
2018-08-31 15:03:37,015 INFO  SysUtils - Initialized empty Git repository in /private/var/folders/bq/vtzpc5ns5sg2cthy61lqpg3dfzgbys/T/1535702615183-0/src/.git/

2018-08-31 15:03:37,018 INFO  ProjectBuildService - Gradle wrapper(s): /var/folders/bq/vtzpc5ns5sg2cthy61lqpg3dfzgbys/T/1535702615183-0/src/advancedPermissionHandler-master/gradlew
2018-08-31 15:03:37,022 INFO  ProjectBuildService - Build script(s): /var/folders/bq/vtzpc5ns5sg2cthy61lqpg3dfzgbys/T/1535702615183-0/src/advancedPermissionHandler-master/advancedPermissionsHandler/build.gradle /var/folders/bq/vtzpc5ns5sg2cthy61lqpg3dfzgbys/T/1535702615183-0/src/advancedPermissionHandler-master/app/build.gradle /var/folders/bq/vtzpc5ns5sg2cthy61lqpg3dfzgbys/T/1535702615183-0/src/advancedPermissionHandler-master/build.gradle
2018-08-31 15:03:37,025 INFO  ProjectBuildService - All script(s): /var/folders/bq/vtzpc5ns5sg2cthy61lqpg3dfzgbys/T/1535702615183-0/src/advancedPermissionHandler-master/app/build.gradle /var/folders/bq/vtzpc5ns5sg2cthy61lqpg3dfzgbys/T/1535702615183-0/src/advancedPermissionHandler-master/build.gradle /var/folders/bq/vtzpc5ns5sg2cthy61lqpg3dfzgbys/T/1535702615183-0/src/advancedPermissionHandler-master/advancedPermissionsHandler/build.gradle /var/folders/bq/vtzpc5ns5sg2cthy61lqpg3dfzgbys/T/1535702615183-0/src/advancedPermissionHandler-master/settings.gradle
2018-08-31 15:03:37,026 INFO  DownloadService - Downloading "https://raw.githubusercontent.com/nuuneoi/JCenter/master/bintrayv1.gradle", attempt 3
2018-08-31 15:03:37,133 INFO  DownloadService - Downloaded https://raw.githubusercontent.com/nuuneoi/JCenter/master/bintrayv1.gradle, attempt 3
2018-08-31 15:03:37,134 INFO  DownloadService - Downloading "https://raw.githubusercontent.com/nuuneoi/JCenter/master/installv1.gradle", attempt 3
2018-08-31 15:03:37,241 INFO  DownloadService - Downloaded https://raw.githubusercontent.com/nuuneoi/JCenter/master/installv1.gradle, attempt 3
2018-08-31 15:03:37,241 INFO  ProjectBuildService - Remote scripts: https://raw.githubusercontent.com/nuuneoi/JCenter/master/bintrayv1.gradle https://raw.githubusercontent.com/nuuneoi/JCenter/master/installv1.gradle
2018-08-31 15:03:37,241 INFO  ProjectFixService - Fixing project...
2018-08-31 15:03:37,252 INFO  LocalPropertiesFixService - Created fake /var/folders/bq/vtzpc5ns5sg2cthy61lqpg3dfzgbys/T/1535702615183-0/src/advancedPermissionHandler-master/advancedPermissionsHandler/local.properties
2018-08-31 15:03:37,253 INFO  ProjectFixService - Build info for "/var/folders/bq/vtzpc5ns5sg2cthy61lqpg3dfzgbys/T/1535702615183-0/src/advancedPermissionHandler-master/advancedPermissionsHandler/build.gradle": [buildToolsVersion=<null>,compileSdkVersion=26,minSdkVersion=14,targetSdkVersion=26]
2018-08-31 15:03:37,253 INFO  ProjectFixService - Fixed build info for "/var/folders/bq/vtzpc5ns5sg2cthy61lqpg3dfzgbys/T/1535702615183-0/src/advancedPermissionHandler-master/advancedPermissionsHandler/build.gradle": [buildToolsVersion=28.0.0-rc2,compileSdkVersion=26,minSdkVersion=14,targetSdkVersion=26]
2018-08-31 15:03:37,254 INFO  LocalPropertiesFixService - Created fake /var/folders/bq/vtzpc5ns5sg2cthy61lqpg3dfzgbys/T/1535702615183-0/src/advancedPermissionHandler-master/app/local.properties
2018-08-31 15:03:37,258 INFO  ProjectFixService - Build info for "/var/folders/bq/vtzpc5ns5sg2cthy61lqpg3dfzgbys/T/1535702615183-0/src/advancedPermissionHandler-master/app/build.gradle": [buildToolsVersion=<null>,compileSdkVersion=26,minSdkVersion=14,targetSdkVersion=26]
2018-08-31 15:03:37,258 INFO  ProjectFixService - Fixed build info for "/var/folders/bq/vtzpc5ns5sg2cthy61lqpg3dfzgbys/T/1535702615183-0/src/advancedPermissionHandler-master/app/build.gradle": [buildToolsVersion=28.0.0-rc2,compileSdkVersion=26,minSdkVersion=14,targetSdkVersion=26]
2018-08-31 15:03:37,259 INFO  LocalPropertiesFixService - Created fake /var/folders/bq/vtzpc5ns5sg2cthy61lqpg3dfzgbys/T/1535702615183-0/src/advancedPermissionHandler-master/local.properties
2018-08-31 15:03:37,260 INFO  WrapperPropertiesFixService - Gradle wrapper: https://services.gradle.org/distributions/gradle-4.1-all.zip
2018-08-31 15:03:37,260 INFO  WrapperPropertiesFixService - Gradle wrapper was changed from "-all.zip" to "-bin.zip" (https://services.gradle.org/distributions/gradle-4.1-bin.zip)
2018-08-31 15:03:37,261 INFO  ProjectFixService - Build info for "/var/folders/bq/vtzpc5ns5sg2cthy61lqpg3dfzgbys/T/1535702615183-0/src/advancedPermissionHandler-master/build.gradle": [buildToolsVersion=<null>,compileSdkVersion=26,minSdkVersion=14,targetSdkVersion=26]
2018-08-31 15:03:37,261 INFO  ProjectFixService - Fixed build info for "/var/folders/bq/vtzpc5ns5sg2cthy61lqpg3dfzgbys/T/1535702615183-0/src/advancedPermissionHandler-master/build.gradle": [buildToolsVersion=28.0.0-rc2,compileSdkVersion=26,minSdkVersion=14,targetSdkVersion=26]
2018-08-31 15:03:37,261 INFO  ProjectFixService - Project was maybe fixed
2018-08-31 15:03:37,261 INFO  ProjectTaskService - Detecting possible tasks...
2018-08-31 15:03:37,262 INFO  SysUtils - Execute command: [/var/folders/bq/vtzpc5ns5sg2cthy61lqpg3dfzgbys/T/1535702615183-0/src/advancedPermissionHandler-master/gradlew, -b, /var/folders/bq/vtzpc5ns5sg2cthy61lqpg3dfzgbys/T/1535702615183-0/src/advancedPermissionHandler-master/advancedPermissionsHandler/build.gradle, -Dorg.gradle.daemon=false, -Dorg.gradle.daemon.performance.enable-monitoring=false, -Dorg.gradle.configureondemand=true, tasks]
2018-08-31 15:03:45,912 INFO  ProjectTaskService - Detected possible tasks: 70
2018-08-31 15:03:45,913 INFO  ProjectTaskService - Excluded tasks (19): lintDebug mockableAndroidJar javadocJar deviceCheck lint testReleaseUnitTest javadoc deviceAndroidTest uninstallDebugAndroidTest installDebugAndroidTest connectedCheck connectedDebugAndroidTest uninstallAll sourcesJar test check testDebugUnitTest connectedAndroidTest lintRelease
2018-08-31 15:03:45,913 INFO  SysUtils - Execute command: [/var/folders/bq/vtzpc5ns5sg2cthy61lqpg3dfzgbys/T/1535702615183-0/src/advancedPermissionHandler-master/gradlew, -b, /var/folders/bq/vtzpc5ns5sg2cthy61lqpg3dfzgbys/T/1535702615183-0/src/advancedPermissionHandler-master/advancedPermissionsHandler/build.gradle, -Dorg.gradle.daemon=false, -Dorg.gradle.daemon.performance.enable-monitoring=false, -Dorg.gradle.configureondemand=true, --stacktrace, -x, lintDebug, -x, mockableAndroidJar, -x, javadocJar, -x, deviceCheck, -x, lint, -x, testReleaseUnitTest, -x, javadoc, -x, deviceAndroidTest, -x, uninstallDebugAndroidTest, -x, installDebugAndroidTest, -x, connectedCheck, -x, connectedDebugAndroidTest, -x, uninstallAll, -x, sourcesJar, -x, test, -x, check, -x, testDebugUnitTest, -x, connectedAndroidTest, -x, lintRelease, build]
2018-08-31 15:04:01,177 INFO  SysUtils - Configuration on demand is an incubating feature.
:advancedPermissionsHandler:preBuild UP-TO-DATE
:advancedPermissionsHandler:preDebugBuild UP-TO-DATE
:advancedPermissionsHandler:compileDebugAidl
:advancedPermissionsHandler:compileDebugNdk NO-SOURCE
:advancedPermissionsHandler:compileDebugRenderscript
:advancedPermissionsHandler:checkDebugManifest
:advancedPermissionsHandler:generateDebugBuildConfig
:advancedPermissionsHandler:prepareLintJar
:advancedPermissionsHandler:generateDebugResValues
:advancedPermissionsHandler:generateDebugResources
:advancedPermissionsHandler:packageDebugResources
:advancedPermissionsHandler:platformAttrExtractor
:advancedPermissionsHandler:processDebugManifest
:advancedPermissionsHandler:javaPreCompileDebug
:advancedPermissionsHandler:mergeDebugShaders
:advancedPermissionsHandler:compileDebugShaders
:advancedPermissionsHandler:generateDebugAssets
:advancedPermissionsHandler:mergeDebugAssets
:advancedPermissionsHandler:mergeDebugConsumerProguardFiles
:advancedPermissionsHandler:packageDebugRenderscript NO-SOURCE
:advancedPermissionsHandler:processDebugJavaRes NO-SOURCE
:advancedPermissionsHandler:mergeDebugJniLibFolders
:advancedPermissionsHandler:transformNativeLibsWithMergeJniLibsForDebug
:advancedPermissionsHandler:transformNativeLibsWithStripDebugSymbolForDebug
:advancedPermissionsHandler:transformNativeLibsWithSyncJniLibsForDebug
:advancedPermissionsHandler:preReleaseBuild UP-TO-DATE
:advancedPermissionsHandler:compileReleaseAidl
:advancedPermissionsHandler:compileReleaseNdk NO-SOURCE
:advancedPermissionsHandler:compileReleaseRenderscript
:advancedPermissionsHandler:checkReleaseManifest
:advancedPermissionsHandler:generateReleaseBuildConfig
:advancedPermissionsHandler:generateReleaseResValues
:advancedPermissionsHandler:generateReleaseResources
:advancedPermissionsHandler:packageReleaseResources
:advancedPermissionsHandler:processReleaseManifest
:advancedPermissionsHandler:javaPreCompileRelease
:advancedPermissionsHandler:mergeReleaseShaders
:advancedPermissionsHandler:compileReleaseShaders
:advancedPermissionsHandler:generateReleaseAssets
:advancedPermissionsHandler:mergeReleaseAssets
:advancedPermissionsHandler:mergeReleaseConsumerProguardFiles
:advancedPermissionsHandler:packageReleaseRenderscript NO-SOURCE
:advancedPermissionsHandler:processReleaseJavaRes NO-SOURCE
:advancedPermissionsHandler:mergeReleaseJniLibFolders
:advancedPermissionsHandler:transformNativeLibsWithMergeJniLibsForRelease
:advancedPermissionsHandler:transformNativeLibsWithStripDebugSymbolForRelease
:advancedPermissionsHandler:transformNativeLibsWithSyncJniLibsForRelease
:advancedPermissionsHandler:mergeReleaseResources
:advancedPermissionsHandler:verifyReleaseResources
:advancedPermissionsHandler:processDebugResources
:advancedPermissionsHandler:generateDebugSources
:advancedPermissionsHandler:compileDebugJavaWithJavac
:advancedPermissionsHandler:extractDebugAnnotations
:advancedPermissionsHandler:transformResourcesWithMergeJavaResForDebug
:advancedPermissionsHandler:transformClassesAndResourcesWithSyncLibJarsForDebug
:advancedPermissionsHandler:bundleDebug
:advancedPermissionsHandler:compileDebugSources
:advancedPermissionsHandler:assembleDebug
:advancedPermissionsHandler:processReleaseResources
:advancedPermissionsHandler:generateReleaseSources
:advancedPermissionsHandler:compileReleaseJavaWithJavac
:advancedPermissionsHandler:extractReleaseAnnotations
:advancedPermissionsHandler:transformResourcesWithMergeJavaResForRelease
:advancedPermissionsHandler:transformClassesAndResourcesWithSyncLibJarsForRelease
:advancedPermissionsHandler:bundleRelease
:advancedPermissionsHandler:compileReleaseSources
:advancedPermissionsHandler:assembleRelease
:advancedPermissionsHandler:assemble
:advancedPermissionsHandler:build

BUILD SUCCESSFUL in 14s
48 actionable tasks: 48 executed

2018-08-31 15:04:01,224 INFO  ProjectTaskService - Detecting possible tasks...
2018-08-31 15:04:01,224 INFO  SysUtils - Execute command: [/var/folders/bq/vtzpc5ns5sg2cthy61lqpg3dfzgbys/T/1535702615183-0/src/advancedPermissionHandler-master/gradlew, -b, /var/folders/bq/vtzpc5ns5sg2cthy61lqpg3dfzgbys/T/1535702615183-0/src/advancedPermissionHandler-master/app/build.gradle, -Dorg.gradle.daemon=false, -Dorg.gradle.daemon.performance.enable-monitoring=false, -Dorg.gradle.configureondemand=true, tasks]
2018-08-31 15:04:07,655 INFO  ProjectTaskService - Detected possible tasks: 69
2018-08-31 15:04:07,655 INFO  ProjectTaskService - Excluded tasks (22): lintDebug mockableAndroidJar javadocJar deviceCheck lint testReleaseUnitTest javadoc uninstallRelease deviceAndroidTest uninstallDebugAndroidTest installDebugAndroidTest connectedCheck connectedDebugAndroidTest uninstallAll sourcesJar test check testDebugUnitTest connectedAndroidTest installDebug lintRelease uninstallDebug
2018-08-31 15:04:07,656 INFO  SysUtils - Execute command: [/var/folders/bq/vtzpc5ns5sg2cthy61lqpg3dfzgbys/T/1535702615183-0/src/advancedPermissionHandler-master/gradlew, -b, /var/folders/bq/vtzpc5ns5sg2cthy61lqpg3dfzgbys/T/1535702615183-0/src/advancedPermissionHandler-master/app/build.gradle, -Dorg.gradle.daemon=false, -Dorg.gradle.daemon.performance.enable-monitoring=false, -Dorg.gradle.configureondemand=true, --stacktrace, -x, lintDebug, -x, mockableAndroidJar, -x, javadocJar, -x, deviceCheck, -x, lint, -x, testReleaseUnitTest, -x, javadoc, -x, uninstallRelease, -x, deviceAndroidTest, -x, uninstallDebugAndroidTest, -x, installDebugAndroidTest, -x, connectedCheck, -x, connectedDebugAndroidTest, -x, uninstallAll, -x, sourcesJar, -x, test, -x, check, -x, testDebugUnitTest, -x, connectedAndroidTest, -x, installDebug, -x, lintRelease, -x, uninstallDebug, build]
2018-08-31 15:04:13,806 ERROR SysUtils - Could not process external command
org.apache.commons.exec.ExecuteException: Process exited with an error: 1 (Exit value: 1)
	at org.apache.commons.exec.DefaultExecutor.executeInternal(DefaultExecutor.java:404)
	at org.apache.commons.exec.DefaultExecutor.execute(DefaultExecutor.java:166)
	at com.github.vbauer.apkmaster.util.SysUtils.execute(SysUtils.java:67)
	at com.github.vbauer.apkmaster.util.SysUtils.executeSimple(SysUtils.java:43)
	at com.github.vbauer.apkmaster.service.assembly.ProjectBuildService.buildProject(ProjectBuildService.java:78)
	at com.github.vbauer.apkmaster.service.assembly.ProjectBuildService.buildProject(ProjectBuildService.java:64)
	at com.github.vbauer.apkmaster.service.assembly.ProjectBuildService.buildProject(ProjectBuildService.java:43)
	at com.github.vbauer.apkmaster.service.FullProcessService.build(FullProcessService.java:84)
	at com.github.vbauer.apkmaster.service.FullProcessService.process(FullProcessService.java:34)
	at com.github.vbauer.apkmaster.app.MainApplication.process(MainApplication.java:38)
	at com.github.vbauer.apkmaster.app.MainApplication.main(MainApplication.java:20)
	at sun.reflect.NativeMethodAccessorImpl.invoke0(Native Method)
	at sun.reflect.NativeMethodAccessorImpl.invoke(NativeMethodAccessorImpl.java:62)
	at sun.reflect.DelegatingMethodAccessorImpl.invoke(DelegatingMethodAccessorImpl.java:43)
	at java.lang.reflect.Method.invoke(Method.java:498)
	at com.android.arsenal.util.ReflectionUtils.invoke(ReflectionUtils.java:52)
	at com.android.arsenal.util.ApkMasterUtils.main(ApkMasterUtils.java:30)
	at com.android.arsenal.service.processor.impl.BuildProcessorServiceImpl.buildProject(BuildProcessorServiceImpl.java:196)
	at com.android.arsenal.service.processor.impl.BuildProcessorServiceImpl.build(BuildProcessorServiceImpl.java:130)
	at com.android.arsenal.service.processor.impl.BuildProcessorServiceImpl.lambda$createTasks$1(BuildProcessorServiceImpl.java:113)
	at java.util.concurrent.FutureTask.run(FutureTask.java:266)
	at java.util.concurrent.Executors$RunnableAdapter.call(Executors.java:511)
	at java.util.concurrent.FutureTask.run(FutureTask.java:266)
	at java.util.concurrent.ThreadPoolExecutor.runWorker(ThreadPoolExecutor.java:1149)
	at java.util.concurrent.ThreadPoolExecutor$Worker.run(ThreadPoolExecutor.java:624)
	at java.lang.Thread.run(Thread.java:748)
2018-08-31 15:04:13,806 INFO  SysUtils - Configuration on demand is an incubating feature.
Configuration 'compile' in project ':app' is deprecated. Use 'implementation' instead.

FAILURE: Build failed with an exception.

* What went wrong:
Task 'javadocJar' not found in project ':app'.

* Try:
Run gradlew tasks to get a list of available tasks. Run with --info or --debug option to get more log output.

* Exception is:
org.gradle.execution.TaskSelectionException: Task 'javadocJar' not found in project ':app'.
	at org.gradle.execution.TaskSelector.getSelection(TaskSelector.java:116)
	at org.gradle.execution.TaskSelector.getFilter(TaskSelector.java:66)
	at org.gradle.execution.ExcludedTaskFilteringBuildConfigurationAction.configure(ExcludedTaskFilteringBuildConfigurationAction.java:42)
	at org.gradle.execution.DefaultBuildConfigurationActionExecuter.configure(DefaultBuildConfigurationActionExecuter.java:48)
	at org.gradle.execution.DefaultBuildConfigurationActionExecuter.select(DefaultBuildConfigurationActionExecuter.java:36)
	at org.gradle.initialization.DefaultGradleLauncher$CalculateTaskGraph.run(DefaultGradleLauncher.java:265)
	at org.gradle.internal.progress.DefaultBuildOperationExecutor$RunnableBuildOperationWorker.execute(DefaultBuildOperationExecutor.java:336)
	at org.gradle.internal.progress.DefaultBuildOperationExecutor$RunnableBuildOperationWorker.execute(DefaultBuildOperationExecutor.java:328)
	at org.gradle.internal.progress.DefaultBuildOperationExecutor.execute(DefaultBuildOperationExecutor.java:197)
	at org.gradle.internal.progress.DefaultBuildOperationExecutor.run(DefaultBuildOperationExecutor.java:107)
	at org.gradle.initialization.DefaultGradleLauncher.constructTaskGraph(DefaultGradleLauncher.java:173)
	at org.gradle.initialization.DefaultGradleLauncher.doBuildStages(DefaultGradleLauncher.java:128)
	at org.gradle.initialization.DefaultGradleLauncher.executeTasks(DefaultGradleLauncher.java:107)
	at org.gradle.internal.invocation.GradleBuildController$1.call(GradleBuildController.java:78)
	at org.gradle.internal.invocation.GradleBuildController$1.call(GradleBuildController.java:75)
	at org.gradle.internal.work.DefaultWorkerLeaseService.withLocks(DefaultWorkerLeaseService.java:152)
	at org.gradle.internal.invocation.GradleBuildController.doBuild(GradleBuildController.java:100)
	at org.gradle.internal.invocation.GradleBuildController.run(GradleBuildController.java:75)
	at org.gradle.tooling.internal.provider.ExecuteBuildActionRunner.run(ExecuteBuildActionRunner.java:28)
	at org.gradle.launcher.exec.ChainingBuildActionRunner.run(ChainingBuildActionRunner.java:35)
	at org.gradle.tooling.internal.provider.ValidatingBuildActionRunner.run(ValidatingBuildActionRunner.java:32)
	at org.gradle.launcher.exec.RunAsBuildOperationBuildActionRunner$1.run(RunAsBuildOperationBuildActionRunner.java:43)
	at org.gradle.internal.progress.DefaultBuildOperationExecutor$RunnableBuildOperationWorker.execute(DefaultBuildOperationExecutor.java:336)
	at org.gradle.internal.progress.DefaultBuildOperationExecutor$RunnableBuildOperationWorker.execute(DefaultBuildOperationExecutor.java:328)
	at org.gradle.internal.progress.DefaultBuildOperationExecutor.execute(DefaultBuildOperationExecutor.java:197)
	at org.gradle.internal.progress.DefaultBuildOperationExecutor.run(DefaultBuildOperationExecutor.java:107)
	at org.gradle.launcher.exec.RunAsBuildOperationBuildActionRunner.run(RunAsBuildOperationBuildActionRunner.java:40)
	at org.gradle.tooling.internal.provider.SubscribableBuildActionRunner.run(SubscribableBuildActionRunner.java:51)
	at org.gradle.launcher.exec.InProcessBuildActionExecuter.execute(InProcessBuildActionExecuter.java:45)
	at org.gradle.launcher.exec.InProcessBuildActionExecuter.execute(InProcessBuildActionExecuter.java:29)
	at org.gradle.launcher.exec.BuildTreeScopeBuildActionExecuter.execute(BuildTreeScopeBuildActionExecuter.java:39)
	at org.gradle.launcher.exec.BuildTreeScopeBuildActionExecuter.execute(BuildTreeScopeBuildActionExecuter.java:25)
	at org.gradle.tooling.internal.provider.ContinuousBuildActionExecuter.execute(ContinuousBuildActionExecuter.java:71)
	at org.gradle.tooling.internal.provider.ContinuousBuildActionExecuter.execute(ContinuousBuildActionExecuter.java:45)
	at org.gradle.tooling.internal.provider.ServicesSetupBuildActionExecuter.execute(ServicesSetupBuildActionExecuter.java:51)
	at org.gradle.tooling.internal.provider.ServicesSetupBuildActionExecuter.execute(ServicesSetupBuildActionExecuter.java:32)
	at org.gradle.tooling.internal.provider.GradleThreadBuildActionExecuter.execute(GradleThreadBuildActionExecuter.java:36)
	at org.gradle.tooling.internal.provider.GradleThreadBuildActionExecuter.execute(GradleThreadBuildActionExecuter.java:25)
	at org.gradle.tooling.internal.provider.ParallelismConfigurationBuildActionExecuter.execute(ParallelismConfigurationBuildActionExecuter.java:43)
	at org.gradle.tooling.internal.provider.ParallelismConfigurationBuildActionExecuter.execute(ParallelismConfigurationBuildActionExecuter.java:29)
	at org.gradle.tooling.internal.provider.StartParamsValidatingActionExecuter.execute(StartParamsValidatingActionExecuter.java:64)
	at org.gradle.tooling.internal.provider.StartParamsValidatingActionExecuter.execute(StartParamsValidatingActionExecuter.java:29)
	at org.gradle.tooling.internal.provider.SessionFailureReportingActionExecuter.execute(SessionFailureReportingActionExecuter.java:55)
	at org.gradle.tooling.internal.provider.SessionFailureReportingActionExecuter.execute(SessionFailureReportingActionExecuter.java:42)
	at org.gradle.tooling.internal.provider.SetupLoggingActionExecuter.execute(SetupLoggingActionExecuter.java:58)
	at org.gradle.tooling.internal.provider.SetupLoggingActionExecuter.execute(SetupLoggingActionExecuter.java:33)
	at org.gradle.launcher.cli.RunBuildAction.run(RunBuildAction.java:51)
	at org.gradle.internal.Actions$RunnableActionAdapter.execute(Actions.java:173)
	at org.gradle.launcher.cli.CommandLineActionFactory$ParseAndBuildAction.execute(CommandLineActionFactory.java:287)
	at org.gradle.launcher.cli.CommandLineActionFactory$ParseAndBuildAction.execute(CommandLineActionFactory.java:260)
	at org.gradle.launcher.cli.JavaRuntimeValidationAction.execute(JavaRuntimeValidationAction.java:33)
	at org.gradle.launcher.cli.JavaRuntimeValidationAction.execute(JavaRuntimeValidationAction.java:24)
	at org.gradle.launcher.cli.ExceptionReportingAction.execute(ExceptionReportingAction.java:33)
	at org.gradle.launcher.cli.ExceptionReportingAction.execute(ExceptionReportingAction.java:22)
	at org.gradle.launcher.cli.CommandLineActionFactory$WithLogging.execute(CommandLineActionFactory.java:253)
	at org.gradle.launcher.cli.CommandLineActionFactory$WithLogging.execute(CommandLineActionFactory.java:182)
	at org.gradle.launcher.Main.doAction(Main.java:33)
	at org.gradle.launcher.bootstrap.EntryPoint.run(EntryPoint.java:45)
	at org.gradle.launcher.bootstrap.ProcessBootstrap.runNoExit(ProcessBootstrap.java:60)
	at org.gradle.launcher.bootstrap.ProcessBootstrap.run(ProcessBootstrap.java:37)
	at org.gradle.launcher.GradleMain.main(GradleMain.java:23)
	at org.gradle.wrapper.BootstrapMainStarter.start(BootstrapMainStarter.java:30)
	at org.gradle.wrapper.WrapperExecutor.execute(WrapperExecutor.java:129)
	at org.gradle.wrapper.GradleWrapperMain.main(GradleWrapperMain.java:61)


* Get more help at https://help.gradle.org

BUILD FAILED in 5s

2018-08-31 15:04:13,806 ERROR ProjectBuildService - Excluded tasks were detected wrong
2018-08-31 15:04:13,806 INFO  SysUtils - Execute command: [/var/folders/bq/vtzpc5ns5sg2cthy61lqpg3dfzgbys/T/1535702615183-0/src/advancedPermissionHandler-master/gradlew, -b, /var/folders/bq/vtzpc5ns5sg2cthy61lqpg3dfzgbys/T/1535702615183-0/src/advancedPermissionHandler-master/app/build.gradle, -Dorg.gradle.daemon=false, -Dorg.gradle.daemon.performance.enable-monitoring=false, -Dorg.gradle.configureondemand=true, --stacktrace, build]
2018-08-31 15:04:49,035 INFO  SysUtils - Configuration on demand is an incubating feature.
Configuration 'compile' in project ':app' is deprecated. Use 'implementation' instead.
:advancedPermissionsHandler:preBuild UP-TO-DATE
:advancedPermissionsHandler:preDebugBuild UP-TO-DATE
:advancedPermissionsHandler:compileDebugAidl UP-TO-DATE
:advancedPermissionsHandler:compileDebugRenderscript UP-TO-DATE
:advancedPermissionsHandler:checkDebugManifest UP-TO-DATE
:advancedPermissionsHandler:generateDebugBuildConfig UP-TO-DATE
:advancedPermissionsHandler:prepareLintJar UP-TO-DATE
:advancedPermissionsHandler:generateDebugResValues UP-TO-DATE
:advancedPermissionsHandler:generateDebugResources UP-TO-DATE
:advancedPermissionsHandler:packageDebugResources UP-TO-DATE
:advancedPermissionsHandler:platformAttrExtractor UP-TO-DATE
:advancedPermissionsHandler:processDebugManifest UP-TO-DATE
:advancedPermissionsHandler:processDebugResources UP-TO-DATE
:advancedPermissionsHandler:generateDebugSources UP-TO-DATE
:advancedPermissionsHandler:javaPreCompileDebug UP-TO-DATE
:advancedPermissionsHandler:compileDebugJavaWithJavac UP-TO-DATE
:advancedPermissionsHandler:processDebugJavaRes NO-SOURCE
:advancedPermissionsHandler:transformClassesAndResourcesWithPrepareIntermediateJarsForDebug
:app:preBuild UP-TO-DATE
:app:preDebugBuild
:app:compileDebugAidl
:advancedPermissionsHandler:packageDebugRenderscript NO-SOURCE
:app:compileDebugRenderscript
:app:checkDebugManifest
:app:generateDebugBuildConfig
:app:prepareLintJar
:app:generateDebugResValues
:app:generateDebugResources
:app:mergeDebugResources
:app:createDebugCompatibleScreenManifests
:app:processDebugManifest
:app:splitsDiscoveryTaskDebug
:app:processDebugResources
:app:generateDebugSources
:app:javaPreCompileDebug
:app:compileDebugJavaWithJavac
:app:compileDebugNdk NO-SOURCE
:app:compileDebugSources
:advancedPermissionsHandler:mergeDebugShaders UP-TO-DATE
:advancedPermissionsHandler:compileDebugShaders UP-TO-DATE
:advancedPermissionsHandler:generateDebugAssets UP-TO-DATE
:advancedPermissionsHandler:mergeDebugAssets UP-TO-DATE
:app:mergeDebugShaders
:app:compileDebugShaders
:app:generateDebugAssets
:app:mergeDebugAssets
:app:transformClassesWithDexBuilderForDebug
:app:transformDexArchiveWithExternalLibsDexMergerForDebug
:app:transformDexArchiveWithDexMergerForDebug
:advancedPermissionsHandler:compileDebugNdk NO-SOURCE
:advancedPermissionsHandler:mergeDebugJniLibFolders UP-TO-DATE
:advancedPermissionsHandler:transformNativeLibsWithMergeJniLibsForDebug UP-TO-DATE
:advancedPermissionsHandler:transformNativeLibsWithStripDebugSymbolForDebug UP-TO-DATE
:advancedPermissionsHandler:transformNativeLibsWithIntermediateJniLibsForDebug
:app:mergeDebugJniLibFolders
:app:transformNativeLibsWithMergeJniLibsForDebug
:app:transformNativeLibsWithStripDebugSymbolForDebug
:app:processDebugJavaRes NO-SOURCE
:app:transformResourcesWithMergeJavaResForDebug
:app:validateSigningDebug
:app:packageDebug
:app:assembleDebug
:advancedPermissionsHandler:preReleaseBuild UP-TO-DATE
:advancedPermissionsHandler:compileReleaseAidl UP-TO-DATE
:advancedPermissionsHandler:compileReleaseRenderscript UP-TO-DATE
:advancedPermissionsHandler:checkReleaseManifest UP-TO-DATE
:advancedPermissionsHandler:generateReleaseBuildConfig UP-TO-DATE
:advancedPermissionsHandler:generateReleaseResValues UP-TO-DATE
:advancedPermissionsHandler:generateReleaseResources UP-TO-DATE
:advancedPermissionsHandler:packageReleaseResources UP-TO-DATE
:advancedPermissionsHandler:processReleaseManifest UP-TO-DATE
:advancedPermissionsHandler:processReleaseResources UP-TO-DATE
:advancedPermissionsHandler:generateReleaseSources UP-TO-DATE
:advancedPermissionsHandler:javaPreCompileRelease UP-TO-DATE
:advancedPermissionsHandler:compileReleaseJavaWithJavac UP-TO-DATE
:advancedPermissionsHandler:processReleaseJavaRes NO-SOURCE
:advancedPermissionsHandler:transformClassesAndResourcesWithPrepareIntermediateJarsForRelease
:app:preReleaseBuild
:app:compileReleaseAidl
:advancedPermissionsHandler:packageReleaseRenderscript NO-SOURCE
:app:compileReleaseRenderscript
:app:checkReleaseManifest
:app:generateReleaseBuildConfig
:app:generateReleaseResValues
:app:generateReleaseResources
:app:mergeReleaseResources
:app:createReleaseCompatibleScreenManifests
:app:processReleaseManifest
:app:splitsDiscoveryTaskRelease
:app:processReleaseResources
:app:generateReleaseSources
:app:javaPreCompileRelease
:app:compileReleaseJavaWithJavac
:app:compileReleaseNdk NO-SOURCE
:app:compileReleaseSources
:advancedPermissionsHandler:mergeReleaseShaders UP-TO-DATE
:advancedPermissionsHandler:compileReleaseShaders UP-TO-DATE
:advancedPermissionsHandler:generateReleaseAssets UP-TO-DATE
:advancedPermissionsHandler:mergeReleaseAssets UP-TO-DATE
:app:mergeReleaseShaders
:app:compileReleaseShaders
:app:generateReleaseAssets
:app:mergeReleaseAssets
:app:transformClassesWithPreDexForRelease
:app:transformDexWithDexForRelease
:advancedPermissionsHandler:compileReleaseNdk NO-SOURCE
:advancedPermissionsHandler:mergeReleaseJniLibFolders UP-TO-DATE
:advancedPermissionsHandler:transformNativeLibsWithMergeJniLibsForRelease UP-TO-DATE
:advancedPermissionsHandler:transformNativeLibsWithStripDebugSymbolForRelease UP-TO-DATE
:advancedPermissionsHandler:transformNativeLibsWithIntermediateJniLibsForRelease
:app:mergeReleaseJniLibFolders
:app:transformNativeLibsWithMergeJniLibsForRelease
:app:transformNativeLibsWithStripDebugSymbolForRelease
:app:processReleaseJavaRes NO-SOURCE
:app:transformResourcesWithMergeJavaResForRelease
:app:packageRelease
:app:lintVitalRelease SKIPPED
:app:assembleRelease
:app:assemble
:app:lint
Ran lint on variant debug: 7 issues found
Ran lint on variant release: 7 issues found
Wrote HTML report to file:///private/var/folders/bq/vtzpc5ns5sg2cthy61lqpg3dfzgbys/T/1535702615183-0/src/advancedPermissionHandler-master/app/build/reports/lint-results.html
Wrote XML report to file:///private/var/folders/bq/vtzpc5ns5sg2cthy61lqpg3dfzgbys/T/1535702615183-0/src/advancedPermissionHandler-master/app/build/reports/lint-results.xml
:app:preDebugUnitTestBuild UP-TO-DATE
:app:javaPreCompileDebugUnitTest
:app:compileDebugUnitTestJavaWithJavac
:app:mockableAndroidJar
:app:processDebugUnitTestJavaRes NO-SOURCE
:app:testDebugUnitTest
:app:preReleaseUnitTestBuild UP-TO-DATE
:app:javaPreCompileReleaseUnitTest
:app:compileReleaseUnitTestJavaWithJavac
:app:processReleaseUnitTestJavaRes NO-SOURCE
:app:testReleaseUnitTest
:app:test
:app:check
:app:build

BUILD SUCCESSFUL in 34s
95 actionable tasks: 61 executed, 34 up-to-date

2018-08-31 15:04:49,140 INFO  FullProcessService - Found APK file: /var/folders/bq/vtzpc5ns5sg2cthy61lqpg3dfzgbys/T/1535702615183-0/src/advancedPermissionHandler-master/app/build/outputs/apk/debug/app-debug.apk
