2018-08-31 15:09:37,738 INFO  DownloadService - Downloading "https://github.com/xenione/accordion-view/archive/master.zip", attempt 3
2018-08-31 15:09:42,125 INFO  DownloadService - Downloaded https://github.com/xenione/accordion-view/archive/master.zip, attempt 3
2018-08-31 15:09:42,126 INFO  DownloadService - Size of file "/var/folders/bq/vtzpc5ns5sg2cthy61lqpg3dfzgbys/T/1535702977730-0/master.zip": 2 MB
2018-08-31 15:09:42,126 INFO  ArchiveUtils - Checking entries [.gradle] in ZIP file...
2018-08-31 15:09:42,132 INFO  ArchiveUtils - Has entries [.gradle] in ZIP file /var/folders/bq/vtzpc5ns5sg2cthy61lqpg3dfzgbys/T/1535702977730-0/master.zip: true
2018-08-31 15:09:42,132 DEBUG ZipUtil - Extracting '/var/folders/bq/vtzpc5ns5sg2cthy61lqpg3dfzgbys/T/1535702977730-0/master.zip' into '/var/folders/bq/vtzpc5ns5sg2cthy61lqpg3dfzgbys/T/1535702977730-0/src'.
2018-08-31 15:09:42,176 INFO  FullProcessService - Size of directory with sources: 2 MB
2018-08-31 15:09:42,176 INFO  SysUtils - Execute command: [git, init, /var/folders/bq/vtzpc5ns5sg2cthy61lqpg3dfzgbys/T/1535702977730-0/src]
2018-08-31 15:09:42,193 INFO  SysUtils - Initialized empty Git repository in /private/var/folders/bq/vtzpc5ns5sg2cthy61lqpg3dfzgbys/T/1535702977730-0/src/.git/

2018-08-31 15:09:42,196 INFO  ProjectBuildService - Gradle wrapper(s): /var/folders/bq/vtzpc5ns5sg2cthy61lqpg3dfzgbys/T/1535702977730-0/src/accordion-view-master/gradlew
2018-08-31 15:09:42,200 INFO  ProjectBuildService - Build script(s): /var/folders/bq/vtzpc5ns5sg2cthy61lqpg3dfzgbys/T/1535702977730-0/src/accordion-view-master/accordion/build.gradle /var/folders/bq/vtzpc5ns5sg2cthy61lqpg3dfzgbys/T/1535702977730-0/src/accordion-view-master/app/build.gradle /var/folders/bq/vtzpc5ns5sg2cthy61lqpg3dfzgbys/T/1535702977730-0/src/accordion-view-master/build.gradle
2018-08-31 15:09:42,203 INFO  ProjectBuildService - All script(s): /var/folders/bq/vtzpc5ns5sg2cthy61lqpg3dfzgbys/T/1535702977730-0/src/accordion-view-master/app/build.gradle /var/folders/bq/vtzpc5ns5sg2cthy61lqpg3dfzgbys/T/1535702977730-0/src/accordion-view-master/accordion/build.gradle /var/folders/bq/vtzpc5ns5sg2cthy61lqpg3dfzgbys/T/1535702977730-0/src/accordion-view-master/build.gradle /var/folders/bq/vtzpc5ns5sg2cthy61lqpg3dfzgbys/T/1535702977730-0/src/accordion-view-master/settings.gradle
2018-08-31 15:09:42,204 INFO  DownloadService - Downloading "https://raw.githubusercontent.com/blundell/release-android-library/master/android-release-aar.gradle", attempt 3
2018-08-31 15:09:42,312 INFO  DownloadService - Downloaded https://raw.githubusercontent.com/blundell/release-android-library/master/android-release-aar.gradle, attempt 3
2018-08-31 15:09:42,312 INFO  ProjectBuildService - Remote scripts: https://raw.githubusercontent.com/blundell/release-android-library/master/android-release-aar.gradle
2018-08-31 15:09:42,312 INFO  ProjectFixService - Fixing project...
2018-08-31 15:09:42,325 INFO  LocalPropertiesFixService - Created fake /var/folders/bq/vtzpc5ns5sg2cthy61lqpg3dfzgbys/T/1535702977730-0/src/accordion-view-master/accordion/local.properties
2018-08-31 15:09:42,325 INFO  ProjectFixService - Build info for "/var/folders/bq/vtzpc5ns5sg2cthy61lqpg3dfzgbys/T/1535702977730-0/src/accordion-view-master/accordion/build.gradle": [buildToolsVersion=26.0.1,compileSdkVersion=26,minSdkVersion=15,targetSdkVersion=26]
2018-08-31 15:09:42,326 INFO  LocalPropertiesFixService - Created fake /var/folders/bq/vtzpc5ns5sg2cthy61lqpg3dfzgbys/T/1535702977730-0/src/accordion-view-master/app/local.properties
2018-08-31 15:09:42,326 INFO  ProjectFixService - Build info for "/var/folders/bq/vtzpc5ns5sg2cthy61lqpg3dfzgbys/T/1535702977730-0/src/accordion-view-master/app/build.gradle": [buildToolsVersion=26.0.1,compileSdkVersion=26,minSdkVersion=15,targetSdkVersion=26]
2018-08-31 15:09:42,327 INFO  LocalPropertiesFixService - Created fake /var/folders/bq/vtzpc5ns5sg2cthy61lqpg3dfzgbys/T/1535702977730-0/src/accordion-view-master/local.properties
2018-08-31 15:09:42,327 INFO  WrapperPropertiesFixService - Gradle wrapper: https://services.gradle.org/distributions/gradle-2.14.1-all.zip
2018-08-31 15:09:42,327 INFO  WrapperPropertiesFixService - Gradle wrapper was changed from "-all.zip" to "-bin.zip" (https://services.gradle.org/distributions/gradle-2.14.1-bin.zip)
2018-08-31 15:09:42,328 INFO  ProjectFixService - Build info for "/var/folders/bq/vtzpc5ns5sg2cthy61lqpg3dfzgbys/T/1535702977730-0/src/accordion-view-master/build.gradle": [buildToolsVersion=26.0.1,compileSdkVersion=26,minSdkVersion=15,targetSdkVersion=26]
2018-08-31 15:09:42,329 INFO  ProjectFixService - Project was maybe fixed
2018-08-31 15:09:42,329 INFO  ProjectTaskService - Detecting possible tasks...
2018-08-31 15:09:42,329 INFO  SysUtils - Execute command: [/var/folders/bq/vtzpc5ns5sg2cthy61lqpg3dfzgbys/T/1535702977730-0/src/accordion-view-master/gradlew, -b, /var/folders/bq/vtzpc5ns5sg2cthy61lqpg3dfzgbys/T/1535702977730-0/src/accordion-view-master/accordion/build.gradle, -Dorg.gradle.daemon=false, -Dorg.gradle.daemon.performance.enable-monitoring=false, -Dorg.gradle.configureondemand=true, tasks]
2018-08-31 15:09:51,538 INFO  ProjectTaskService - Detected possible tasks: 76
2018-08-31 15:09:51,538 INFO  ProjectTaskService - Excluded tasks (19): lintDebug mockableAndroidJar androidJavadocs deviceCheck lint androidSourcesJar testReleaseUnitTest deviceAndroidTest uninstallDebugAndroidTest installDebugAndroidTest connectedCheck connectedDebugAndroidTest uninstallAll androidJavadocsJar test check testDebugUnitTest connectedAndroidTest lintRelease
2018-08-31 15:09:51,538 INFO  SysUtils - Execute command: [/var/folders/bq/vtzpc5ns5sg2cthy61lqpg3dfzgbys/T/1535702977730-0/src/accordion-view-master/gradlew, -b, /var/folders/bq/vtzpc5ns5sg2cthy61lqpg3dfzgbys/T/1535702977730-0/src/accordion-view-master/accordion/build.gradle, -Dorg.gradle.daemon=false, -Dorg.gradle.daemon.performance.enable-monitoring=false, -Dorg.gradle.configureondemand=true, --stacktrace, -x, lintDebug, -x, mockableAndroidJar, -x, androidJavadocs, -x, deviceCheck, -x, lint, -x, androidSourcesJar, -x, testReleaseUnitTest, -x, deviceAndroidTest, -x, uninstallDebugAndroidTest, -x, installDebugAndroidTest, -x, connectedCheck, -x, connectedDebugAndroidTest, -x, uninstallAll, -x, androidJavadocsJar, -x, test, -x, check, -x, testDebugUnitTest, -x, connectedAndroidTest, -x, lintRelease, build]
2018-08-31 15:10:03,872 INFO  SysUtils - Configuration on demand is an incubating feature.
Incremental java compilation is an incubating feature.
:accordion:preBuild UP-TO-DATE
:accordion:preDebugBuild UP-TO-DATE
:accordion:checkDebugManifest
:accordion:preDebugAndroidTestBuild UP-TO-DATE
:accordion:preDebugUnitTestBuild UP-TO-DATE
:accordion:preReleaseBuild UP-TO-DATE
:accordion:preReleaseUnitTestBuild UP-TO-DATE
:accordion:prepareComAndroidSupportAnimatedVectorDrawable2600Alpha1Library
:accordion:prepareComAndroidSupportAppcompatV72600Alpha1Library
:accordion:prepareComAndroidSupportSupportCompat2600Alpha1Library
:accordion:prepareComAndroidSupportSupportCoreUi2600Alpha1Library
:accordion:prepareComAndroidSupportSupportCoreUtils2600Alpha1Library
:accordion:prepareComAndroidSupportSupportFragment2600Alpha1Library
:accordion:prepareComAndroidSupportSupportMediaCompat2600Alpha1Library
:accordion:prepareComAndroidSupportSupportV42600Alpha1Library
:accordion:prepareComAndroidSupportSupportVectorDrawable2600Alpha1Library
:accordion:prepareDebugDependencies
:accordion:compileDebugAidl
:accordion:compileDebugNdk UP-TO-DATE
:accordion:compileLint
:accordion:copyDebugLint UP-TO-DATE
:accordion:compileDebugRenderscript
:accordion:generateDebugBuildConfig
:accordion:generateDebugResValues
:accordion:generateDebugResources
:accordion:mergeDebugResources
:accordion:processDebugManifest
:accordion:processDebugResources
:accordion:generateDebugSources
:accordion:incrementalDebugJavaCompilationSafeguard
:accordion:compileDebugJavaWithJavac
:accordion:compileDebugJavaWithJavac - is not incremental (e.g. outputs have changed, no previous execution, etc.).
:accordion:extractDebugAnnotations
:accordion:mergeDebugShaders
:accordion:compileDebugShaders
:accordion:generateDebugAssets
:accordion:mergeDebugAssets
:accordion:mergeDebugProguardFiles
:accordion:packageDebugRenderscript UP-TO-DATE
:accordion:packageDebugResources
:accordion:processDebugJavaRes UP-TO-DATE
:accordion:transformResourcesWithMergeJavaResForDebug
:accordion:transformClassesAndResourcesWithSyncLibJarsForDebug
:accordion:mergeDebugJniLibFolders
:accordion:transformNative_libsWithMergeJniLibsForDebug
:accordion:transformNative_libsWithSyncJniLibsForDebug
:accordion:bundleDebug
:accordion:compileDebugSources
:accordion:assembleDebug
:accordion:checkReleaseManifest
:accordion:prepareReleaseDependencies
:accordion:compileReleaseAidl
:accordion:compileReleaseNdk UP-TO-DATE
:accordion:copyReleaseLint UP-TO-DATE
:accordion:compileReleaseRenderscript
:accordion:generateReleaseBuildConfig
:accordion:generateReleaseResValues
:accordion:generateReleaseResources
:accordion:mergeReleaseResources
:accordion:processReleaseManifest
:accordion:processReleaseResources
:accordion:generateReleaseSources
:accordion:incrementalReleaseJavaCompilationSafeguard
:accordion:compileReleaseJavaWithJavac
:accordion:compileReleaseJavaWithJavac - is not incremental (e.g. outputs have changed, no previous execution, etc.).
:accordion:extractReleaseAnnotations
:accordion:mergeReleaseShaders
:accordion:compileReleaseShaders
:accordion:generateReleaseAssets
:accordion:mergeReleaseAssets
:accordion:mergeReleaseProguardFiles
:accordion:packageReleaseRenderscript UP-TO-DATE
:accordion:packageReleaseResources
:accordion:processReleaseJavaRes UP-TO-DATE
:accordion:transformResourcesWithMergeJavaResForRelease
:accordion:transformClassesAndResourcesWithSyncLibJarsForRelease
:accordion:mergeReleaseJniLibFolders
:accordion:transformNative_libsWithMergeJniLibsForRelease
:accordion:transformNative_libsWithSyncJniLibsForRelease
:accordion:bundleRelease
:accordion:compileReleaseSources
:accordion:assembleRelease
:accordion:assemble
:accordion:build

BUILD SUCCESSFUL

Total time: 11.73 secs

2018-08-31 15:10:03,962 INFO  ProjectTaskService - Detecting possible tasks...
2018-08-31 15:10:03,962 INFO  SysUtils - Execute command: [/var/folders/bq/vtzpc5ns5sg2cthy61lqpg3dfzgbys/T/1535702977730-0/src/accordion-view-master/gradlew, -b, /var/folders/bq/vtzpc5ns5sg2cthy61lqpg3dfzgbys/T/1535702977730-0/src/accordion-view-master/app/build.gradle, -Dorg.gradle.daemon=false, -Dorg.gradle.daemon.performance.enable-monitoring=false, -Dorg.gradle.configureondemand=true, tasks]
2018-08-31 15:10:11,098 INFO  ProjectTaskService - Detected possible tasks: 74
2018-08-31 15:10:11,099 INFO  ProjectTaskService - Excluded tasks (22): lintDebug mockableAndroidJar androidJavadocs deviceCheck lint androidSourcesJar testReleaseUnitTest uninstallRelease deviceAndroidTest uninstallDebugAndroidTest installDebugAndroidTest connectedCheck connectedDebugAndroidTest uninstallAll androidJavadocsJar test check testDebugUnitTest connectedAndroidTest installDebug lintRelease uninstallDebug
2018-08-31 15:10:11,099 INFO  SysUtils - Execute command: [/var/folders/bq/vtzpc5ns5sg2cthy61lqpg3dfzgbys/T/1535702977730-0/src/accordion-view-master/gradlew, -b, /var/folders/bq/vtzpc5ns5sg2cthy61lqpg3dfzgbys/T/1535702977730-0/src/accordion-view-master/app/build.gradle, -Dorg.gradle.daemon=false, -Dorg.gradle.daemon.performance.enable-monitoring=false, -Dorg.gradle.configureondemand=true, --stacktrace, -x, lintDebug, -x, mockableAndroidJar, -x, androidJavadocs, -x, deviceCheck, -x, lint, -x, androidSourcesJar, -x, testReleaseUnitTest, -x, uninstallRelease, -x, deviceAndroidTest, -x, uninstallDebugAndroidTest, -x, installDebugAndroidTest, -x, connectedCheck, -x, connectedDebugAndroidTest, -x, uninstallAll, -x, androidJavadocsJar, -x, test, -x, check, -x, testDebugUnitTest, -x, connectedAndroidTest, -x, installDebug, -x, lintRelease, -x, uninstallDebug, build]
2018-08-31 15:10:17,945 ERROR SysUtils - Could not process external command
org.apache.commons.exec.ExecuteException: Process exited with an error: 1 (Exit value: 1)
	at org.apache.commons.exec.DefaultExecutor.executeInternal(DefaultExecutor.java:404)
	at org.apache.commons.exec.DefaultExecutor.execute(DefaultExecutor.java:166)
	at com.github.vbauer.apkmaster.util.SysUtils.execute(SysUtils.java:67)
	at com.github.vbauer.apkmaster.util.SysUtils.executeSimple(SysUtils.java:43)
	at com.github.vbauer.apkmaster.service.assembly.ProjectBuildService.buildProject(ProjectBuildService.java:78)
	at com.github.vbauer.apkmaster.service.assembly.ProjectBuildService.buildProject(ProjectBuildService.java:64)
	at com.github.vbauer.apkmaster.service.assembly.ProjectBuildService.buildProject(ProjectBuildService.java:43)
	at com.github.vbauer.apkmaster.service.FullProcessService.build(FullProcessService.java:84)
	at com.github.vbauer.apkmaster.service.FullProcessService.process(FullProcessService.java:34)
	at com.github.vbauer.apkmaster.app.MainApplication.process(MainApplication.java:38)
	at com.github.vbauer.apkmaster.app.MainApplication.main(MainApplication.java:20)
	at sun.reflect.NativeMethodAccessorImpl.invoke0(Native Method)
	at sun.reflect.NativeMethodAccessorImpl.invoke(NativeMethodAccessorImpl.java:62)
	at sun.reflect.DelegatingMethodAccessorImpl.invoke(DelegatingMethodAccessorImpl.java:43)
	at java.lang.reflect.Method.invoke(Method.java:498)
	at com.android.arsenal.util.ReflectionUtils.invoke(ReflectionUtils.java:52)
	at com.android.arsenal.util.ApkMasterUtils.main(ApkMasterUtils.java:30)
	at com.android.arsenal.service.processor.impl.BuildProcessorServiceImpl.buildProject(BuildProcessorServiceImpl.java:196)
	at com.android.arsenal.service.processor.impl.BuildProcessorServiceImpl.build(BuildProcessorServiceImpl.java:130)
	at com.android.arsenal.service.processor.impl.BuildProcessorServiceImpl.lambda$createTasks$1(BuildProcessorServiceImpl.java:113)
	at java.util.concurrent.FutureTask.run(FutureTask.java:266)
	at java.util.concurrent.Executors$RunnableAdapter.call(Executors.java:511)
	at java.util.concurrent.FutureTask.run(FutureTask.java:266)
	at java.util.concurrent.ThreadPoolExecutor.runWorker(ThreadPoolExecutor.java:1149)
	at java.util.concurrent.ThreadPoolExecutor$Worker.run(ThreadPoolExecutor.java:624)
	at java.lang.Thread.run(Thread.java:748)
2018-08-31 15:10:17,945 INFO  SysUtils - Configuration on demand is an incubating feature.
Incremental java compilation is an incubating feature.

FAILURE: Build failed with an exception.

* What went wrong:
Task 'androidJavadocs' not found in project ':app'.

* Try:
Run gradlew tasks to get a list of available tasks. Run with --info or --debug option to get more log output.

* Exception is:
org.gradle.execution.TaskSelectionException: Task 'androidJavadocs' not found in project ':app'.
	at org.gradle.execution.TaskSelector.getSelection(TaskSelector.java:100)
	at org.gradle.execution.TaskSelector.getFilter(TaskSelector.java:63)
	at org.gradle.execution.ExcludedTaskFilteringBuildConfigurationAction.configure(ExcludedTaskFilteringBuildConfigurationAction.java:42)
	at org.gradle.execution.DefaultBuildConfigurationActionExecuter.configure(DefaultBuildConfigurationActionExecuter.java:48)
	at org.gradle.execution.DefaultBuildConfigurationActionExecuter.select(DefaultBuildConfigurationActionExecuter.java:36)
	at org.gradle.initialization.DefaultGradleLauncher$3.run(DefaultGradleLauncher.java:142)
	at org.gradle.internal.Factories$1.create(Factories.java:22)
	at org.gradle.internal.progress.DefaultBuildOperationExecutor.run(DefaultBuildOperationExecutor.java:91)
	at org.gradle.internal.progress.DefaultBuildOperationExecutor.run(DefaultBuildOperationExecutor.java:53)
	at org.gradle.initialization.DefaultGradleLauncher.doBuildStages(DefaultGradleLauncher.java:139)
	at org.gradle.initialization.DefaultGradleLauncher.access$200(DefaultGradleLauncher.java:32)
	at org.gradle.initialization.DefaultGradleLauncher$1.create(DefaultGradleLauncher.java:98)
	at org.gradle.initialization.DefaultGradleLauncher$1.create(DefaultGradleLauncher.java:92)
	at org.gradle.internal.progress.DefaultBuildOperationExecutor.run(DefaultBuildOperationExecutor.java:91)
	at org.gradle.internal.progress.DefaultBuildOperationExecutor.run(DefaultBuildOperationExecutor.java:63)
	at org.gradle.initialization.DefaultGradleLauncher.doBuild(DefaultGradleLauncher.java:92)
	at org.gradle.initialization.DefaultGradleLauncher.run(DefaultGradleLauncher.java:83)
	at org.gradle.launcher.exec.InProcessBuildActionExecuter$DefaultBuildController.run(InProcessBuildActionExecuter.java:99)
	at org.gradle.tooling.internal.provider.ExecuteBuildActionRunner.run(ExecuteBuildActionRunner.java:28)
	at org.gradle.launcher.exec.ChainingBuildActionRunner.run(ChainingBuildActionRunner.java:35)
	at org.gradle.launcher.exec.InProcessBuildActionExecuter.execute(InProcessBuildActionExecuter.java:48)
	at org.gradle.launcher.exec.InProcessBuildActionExecuter.execute(InProcessBuildActionExecuter.java:30)
	at org.gradle.launcher.exec.ContinuousBuildActionExecuter.execute(ContinuousBuildActionExecuter.java:81)
	at org.gradle.launcher.exec.ContinuousBuildActionExecuter.execute(ContinuousBuildActionExecuter.java:46)
	at org.gradle.launcher.exec.DaemonUsageSuggestingBuildActionExecuter.execute(DaemonUsageSuggestingBuildActionExecuter.java:51)
	at org.gradle.launcher.exec.DaemonUsageSuggestingBuildActionExecuter.execute(DaemonUsageSuggestingBuildActionExecuter.java:28)
	at org.gradle.launcher.cli.RunBuildAction.run(RunBuildAction.java:43)
	at org.gradle.internal.Actions$RunnableActionAdapter.execute(Actions.java:173)
	at org.gradle.launcher.cli.CommandLineActionFactory$ParseAndBuildAction.execute(CommandLineActionFactory.java:239)
	at org.gradle.launcher.cli.CommandLineActionFactory$ParseAndBuildAction.execute(CommandLineActionFactory.java:212)
	at org.gradle.launcher.cli.JavaRuntimeValidationAction.execute(JavaRuntimeValidationAction.java:35)
	at org.gradle.launcher.cli.JavaRuntimeValidationAction.execute(JavaRuntimeValidationAction.java:24)
	at org.gradle.launcher.cli.ExceptionReportingAction.execute(ExceptionReportingAction.java:33)
	at org.gradle.launcher.cli.ExceptionReportingAction.execute(ExceptionReportingAction.java:22)
	at org.gradle.launcher.cli.CommandLineActionFactory$WithLogging.execute(CommandLineActionFactory.java:205)
	at org.gradle.launcher.cli.CommandLineActionFactory$WithLogging.execute(CommandLineActionFactory.java:169)
	at org.gradle.launcher.Main.doAction(Main.java:33)
	at org.gradle.launcher.bootstrap.EntryPoint.run(EntryPoint.java:45)
	at org.gradle.launcher.bootstrap.ProcessBootstrap.runNoExit(ProcessBootstrap.java:55)
	at org.gradle.launcher.bootstrap.ProcessBootstrap.run(ProcessBootstrap.java:36)
	at org.gradle.launcher.GradleMain.main(GradleMain.java:23)
	at org.gradle.wrapper.BootstrapMainStarter.start(BootstrapMainStarter.java:30)
	at org.gradle.wrapper.WrapperExecutor.execute(WrapperExecutor.java:129)
	at org.gradle.wrapper.GradleWrapperMain.main(GradleWrapperMain.java:61)


BUILD FAILED

Total time: 6.253 secs

2018-08-31 15:10:17,945 ERROR ProjectBuildService - Excluded tasks were detected wrong
2018-08-31 15:10:17,946 INFO  SysUtils - Execute command: [/var/folders/bq/vtzpc5ns5sg2cthy61lqpg3dfzgbys/T/1535702977730-0/src/accordion-view-master/gradlew, -b, /var/folders/bq/vtzpc5ns5sg2cthy61lqpg3dfzgbys/T/1535702977730-0/src/accordion-view-master/app/build.gradle, -Dorg.gradle.daemon=false, -Dorg.gradle.daemon.performance.enable-monitoring=false, -Dorg.gradle.configureondemand=true, --stacktrace, build]
2018-08-31 15:10:41,899 INFO  SysUtils - Configuration on demand is an incubating feature.
Incremental java compilation is an incubating feature.
:accordion:preBuild UP-TO-DATE
:accordion:preReleaseBuild UP-TO-DATE
:accordion:checkReleaseManifest
:accordion:preDebugAndroidTestBuild UP-TO-DATE
:accordion:preDebugBuild UP-TO-DATE
:accordion:preDebugUnitTestBuild UP-TO-DATE
:accordion:preReleaseUnitTestBuild UP-TO-DATE
:accordion:prepareComAndroidSupportAnimatedVectorDrawable2600Alpha1Library UP-TO-DATE
:accordion:prepareComAndroidSupportAppcompatV72600Alpha1Library UP-TO-DATE
:accordion:prepareComAndroidSupportSupportCompat2600Alpha1Library UP-TO-DATE
:accordion:prepareComAndroidSupportSupportCoreUi2600Alpha1Library UP-TO-DATE
:accordion:prepareComAndroidSupportSupportCoreUtils2600Alpha1Library UP-TO-DATE
:accordion:prepareComAndroidSupportSupportFragment2600Alpha1Library UP-TO-DATE
:accordion:prepareComAndroidSupportSupportMediaCompat2600Alpha1Library UP-TO-DATE
:accordion:prepareComAndroidSupportSupportV42600Alpha1Library UP-TO-DATE
:accordion:prepareComAndroidSupportSupportVectorDrawable2600Alpha1Library UP-TO-DATE
:accordion:prepareReleaseDependencies
:accordion:compileReleaseAidl UP-TO-DATE
:accordion:compileReleaseNdk UP-TO-DATE
:accordion:compileLint UP-TO-DATE
:accordion:copyReleaseLint UP-TO-DATE
:accordion:compileReleaseRenderscript UP-TO-DATE
:accordion:generateReleaseBuildConfig UP-TO-DATE
:accordion:generateReleaseResValues UP-TO-DATE
:accordion:generateReleaseResources UP-TO-DATE
:accordion:mergeReleaseResources UP-TO-DATE
:accordion:processReleaseManifest UP-TO-DATE
:accordion:processReleaseResources UP-TO-DATE
:accordion:generateReleaseSources UP-TO-DATE
:accordion:incrementalReleaseJavaCompilationSafeguard UP-TO-DATE
:accordion:compileReleaseJavaWithJavac UP-TO-DATE
:accordion:extractReleaseAnnotations UP-TO-DATE
:accordion:mergeReleaseShaders UP-TO-DATE
:accordion:compileReleaseShaders UP-TO-DATE
:accordion:generateReleaseAssets UP-TO-DATE
:accordion:mergeReleaseAssets UP-TO-DATE
:accordion:mergeReleaseProguardFiles UP-TO-DATE
:accordion:packageReleaseRenderscript UP-TO-DATE
:accordion:packageReleaseResources UP-TO-DATE
:accordion:processReleaseJavaRes UP-TO-DATE
:accordion:transformResourcesWithMergeJavaResForRelease UP-TO-DATE
:accordion:transformClassesAndResourcesWithSyncLibJarsForRelease UP-TO-DATE
:accordion:mergeReleaseJniLibFolders UP-TO-DATE
:accordion:transformNative_libsWithMergeJniLibsForRelease UP-TO-DATE
:accordion:transformNative_libsWithSyncJniLibsForRelease UP-TO-DATE
:accordion:bundleRelease UP-TO-DATE
:app:preBuild UP-TO-DATE
:app:preDebugBuild UP-TO-DATE
:app:checkDebugManifest
:app:preReleaseBuild UP-TO-DATE
:app:prepareAccordionViewMasterAccordionUnspecifiedLibrary
:app:prepareComAndroidSupportAnimatedVectorDrawable2600Alpha1Library
:app:prepareComAndroidSupportAppcompatV72600Alpha1Library
:app:prepareComAndroidSupportRecyclerviewV72600Alpha1Library
:app:prepareComAndroidSupportSupportCompat2600Alpha1Library
:app:prepareComAndroidSupportSupportCoreUi2600Alpha1Library
:app:prepareComAndroidSupportSupportCoreUtils2600Alpha1Library
:app:prepareComAndroidSupportSupportFragment2600Alpha1Library
:app:prepareComAndroidSupportSupportMediaCompat2600Alpha1Library
:app:prepareComAndroidSupportSupportV42600Alpha1Library
:app:prepareComAndroidSupportSupportVectorDrawable2600Alpha1Library
:app:prepareDebugDependencies
:app:compileDebugAidl
:app:compileDebugRenderscript
:app:generateDebugBuildConfig
:app:generateDebugResValues
:app:generateDebugResources
:app:mergeDebugResources
:app:processDebugManifest
:app:processDebugResources
:app:generateDebugSources
:app:incrementalDebugJavaCompilationSafeguard
:app:compileDebugJavaWithJavac
:app:compileDebugJavaWithJavac - is not incremental (e.g. outputs have changed, no previous execution, etc.).
:app:compileDebugNdk UP-TO-DATE
:app:compileDebugSources
:app:mergeDebugShaders
:app:compileDebugShaders
:app:generateDebugAssets
:app:mergeDebugAssets
:app:transformClassesWithDexForDebug
:app:mergeDebugJniLibFolders
:app:transformNative_libsWithMergeJniLibsForDebug
:app:transformNative_libsWithStripDebugSymbolForDebug
:app:processDebugJavaRes UP-TO-DATE
:app:transformResourcesWithMergeJavaResForDebug
:app:validateSigningDebug
:app:packageDebug
:app:assembleDebug
:app:checkReleaseManifest
:app:prepareReleaseDependencies
:app:compileReleaseAidl
:app:compileReleaseRenderscript
:app:generateReleaseBuildConfig
:app:generateReleaseResValues
:app:generateReleaseResources
:app:mergeReleaseResources
:app:processReleaseManifest
:app:processReleaseResources
:app:generateReleaseSources
:app:incrementalReleaseJavaCompilationSafeguard
:app:compileReleaseJavaWithJavac
:app:compileReleaseJavaWithJavac - is not incremental (e.g. outputs have changed, no previous execution, etc.).
:app:compileReleaseNdk UP-TO-DATE
:app:compileReleaseSources
:app:lintVitalRelease
:app:mergeReleaseShaders
:app:compileReleaseShaders
:app:generateReleaseAssets
:app:mergeReleaseAssets
:app:transformClassesWithDexForRelease
:app:mergeReleaseJniLibFolders
:app:transformNative_libsWithMergeJniLibsForRelease
:app:transformNative_libsWithStripDebugSymbolForRelease
:app:processReleaseJavaRes UP-TO-DATE
:app:transformResourcesWithMergeJavaResForRelease
:app:packageRelease
:app:assembleRelease
:app:assemble
:app:lint
Ran lint on variant release: 22 issues found
Ran lint on variant debug: 22 issues found
Wrote HTML report to file:///private/var/folders/bq/vtzpc5ns5sg2cthy61lqpg3dfzgbys/T/1535702977730-0/src/accordion-view-master/app/build/outputs/lint-results-debug.html
Wrote XML report to file:///private/var/folders/bq/vtzpc5ns5sg2cthy61lqpg3dfzgbys/T/1535702977730-0/src/accordion-view-master/app/build/outputs/lint-results-debug.xml
:app:incrementalDebugUnitTestJavaCompilationSafeguard UP-TO-DATE
:app:preDebugUnitTestBuild UP-TO-DATE
:app:prepareDebugUnitTestDependencies
:app:compileDebugUnitTestJavaWithJavac
:app:processDebugUnitTestJavaRes UP-TO-DATE
:app:compileDebugUnitTestSources
:app:mockableAndroidJar
:app:assembleDebugUnitTest
:app:testDebugUnitTest
:app:incrementalReleaseUnitTestJavaCompilationSafeguard UP-TO-DATE
:app:preReleaseUnitTestBuild UP-TO-DATE
:app:prepareReleaseUnitTestDependencies
:app:compileReleaseUnitTestJavaWithJavac
:app:processReleaseUnitTestJavaRes UP-TO-DATE
:app:compileReleaseUnitTestSources
:app:assembleReleaseUnitTest
:app:testReleaseUnitTest
:app:test
:app:check
:app:build

BUILD SUCCESSFUL

Total time: 23.272 secs

2018-08-31 15:10:42,057 INFO  FullProcessService - Found APK file: /var/folders/bq/vtzpc5ns5sg2cthy61lqpg3dfzgbys/T/1535702977730-0/src/accordion-view-master/app/build/outputs/apk/app-debug.apk
