2018-09-03 01:26:32,264 INFO  DownloadService - Downloading "https://github.com/javierpe/RealmExpressions/archive/master.zip", attempt 3
2018-09-03 01:26:33,010 INFO  DownloadService - Downloaded https://github.com/javierpe/RealmExpressions/archive/master.zip, attempt 3
2018-09-03 01:26:33,010 INFO  DownloadService - Size of file "/var/folders/bq/vtzpc5ns5sg2cthy61lqpg3dfzgbys/T/1535912792261-0/master.zip": 365 KB
2018-09-03 01:26:33,010 INFO  ArchiveUtils - Checking entries [.gradle] in ZIP file...
2018-09-03 01:26:33,016 INFO  ArchiveUtils - Has entries [.gradle] in ZIP file /var/folders/bq/vtzpc5ns5sg2cthy61lqpg3dfzgbys/T/1535912792261-0/master.zip: true
2018-09-03 01:26:33,016 DEBUG ZipUtil - Extracting '/var/folders/bq/vtzpc5ns5sg2cthy61lqpg3dfzgbys/T/1535912792261-0/master.zip' into '/var/folders/bq/vtzpc5ns5sg2cthy61lqpg3dfzgbys/T/1535912792261-0/src'.
2018-09-03 01:26:33,064 INFO  FullProcessService - Size of directory with sources: 1 MB
2018-09-03 01:26:33,064 INFO  SysUtils - Execute command: [git, init, /var/folders/bq/vtzpc5ns5sg2cthy61lqpg3dfzgbys/T/1535912792261-0/src]
2018-09-03 01:26:33,080 INFO  SysUtils - Initialized empty Git repository in /private/var/folders/bq/vtzpc5ns5sg2cthy61lqpg3dfzgbys/T/1535912792261-0/src/.git/

2018-09-03 01:26:33,084 INFO  ProjectBuildService - Gradle wrapper(s): /var/folders/bq/vtzpc5ns5sg2cthy61lqpg3dfzgbys/T/1535912792261-0/src/RealmExpressions-master/gradlew
2018-09-03 01:26:33,089 INFO  ProjectBuildService - Build script(s): /var/folders/bq/vtzpc5ns5sg2cthy61lqpg3dfzgbys/T/1535912792261-0/src/RealmExpressions-master/app/build.gradle /var/folders/bq/vtzpc5ns5sg2cthy61lqpg3dfzgbys/T/1535912792261-0/src/RealmExpressions-master/expressions/build.gradle /var/folders/bq/vtzpc5ns5sg2cthy61lqpg3dfzgbys/T/1535912792261-0/src/RealmExpressions-master/build.gradle
2018-09-03 01:26:33,093 INFO  ProjectBuildService - All script(s): /var/folders/bq/vtzpc5ns5sg2cthy61lqpg3dfzgbys/T/1535912792261-0/src/RealmExpressions-master/app/build.gradle /var/folders/bq/vtzpc5ns5sg2cthy61lqpg3dfzgbys/T/1535912792261-0/src/RealmExpressions-master/build.gradle /var/folders/bq/vtzpc5ns5sg2cthy61lqpg3dfzgbys/T/1535912792261-0/src/RealmExpressions-master/expressions/build.gradle /var/folders/bq/vtzpc5ns5sg2cthy61lqpg3dfzgbys/T/1535912792261-0/src/RealmExpressions-master/settings.gradle
2018-09-03 01:26:33,093 INFO  ProjectBuildService - Remote scripts: none
2018-09-03 01:26:33,093 INFO  ProjectFixService - Fixing project...
2018-09-03 01:26:33,103 INFO  LocalPropertiesFixService - Created fake /var/folders/bq/vtzpc5ns5sg2cthy61lqpg3dfzgbys/T/1535912792261-0/src/RealmExpressions-master/app/local.properties
2018-09-03 01:26:33,104 INFO  ProjectFixService - Build info for "/var/folders/bq/vtzpc5ns5sg2cthy61lqpg3dfzgbys/T/1535912792261-0/src/RealmExpressions-master/app/build.gradle": [buildToolsVersion=26.0.2,compileSdkVersion=26,minSdkVersion=19,targetSdkVersion=26]
2018-09-03 01:26:33,105 INFO  LocalPropertiesFixService - Created fake /var/folders/bq/vtzpc5ns5sg2cthy61lqpg3dfzgbys/T/1535912792261-0/src/RealmExpressions-master/expressions/local.properties
2018-09-03 01:26:33,105 INFO  ProjectFixService - Build info for "/var/folders/bq/vtzpc5ns5sg2cthy61lqpg3dfzgbys/T/1535912792261-0/src/RealmExpressions-master/expressions/build.gradle": [buildToolsVersion=26.0.2,compileSdkVersion=26,minSdkVersion=16,targetSdkVersion=26]
2018-09-03 01:26:33,105 INFO  LocalPropertiesFixService - Created fake /var/folders/bq/vtzpc5ns5sg2cthy61lqpg3dfzgbys/T/1535912792261-0/src/RealmExpressions-master/local.properties
2018-09-03 01:26:33,106 INFO  WrapperPropertiesFixService - Gradle wrapper: https://services.gradle.org/distributions/gradle-4.1-all.zip
2018-09-03 01:26:33,106 INFO  WrapperPropertiesFixService - Gradle wrapper was changed from "-all.zip" to "-bin.zip" (https://services.gradle.org/distributions/gradle-4.1-bin.zip)
2018-09-03 01:26:33,106 INFO  ProjectFixService - Build info for "/var/folders/bq/vtzpc5ns5sg2cthy61lqpg3dfzgbys/T/1535912792261-0/src/RealmExpressions-master/build.gradle": [buildToolsVersion=26.0.2,compileSdkVersion=26,minSdkVersion=19,targetSdkVersion=26]
2018-09-03 01:26:33,107 INFO  ProjectFixService - Project was maybe fixed
2018-09-03 01:26:33,107 INFO  ProjectTaskService - Detecting possible tasks...
2018-09-03 01:26:33,107 INFO  SysUtils - Execute command: [/var/folders/bq/vtzpc5ns5sg2cthy61lqpg3dfzgbys/T/1535912792261-0/src/RealmExpressions-master/gradlew, -b, /var/folders/bq/vtzpc5ns5sg2cthy61lqpg3dfzgbys/T/1535912792261-0/src/RealmExpressions-master/app/build.gradle, -Dorg.gradle.daemon=false, -Dorg.gradle.daemon.performance.enable-monitoring=false, -Dorg.gradle.configureondemand=true, tasks]
2018-09-03 01:26:38,743 INFO  ProjectTaskService - Detected possible tasks: 66
2018-09-03 01:26:38,743 INFO  ProjectTaskService - Excluded tasks (19): lintDebug mockableAndroidJar deviceCheck lint testReleaseUnitTest uninstallRelease deviceAndroidTest uninstallDebugAndroidTest installDebugAndroidTest connectedCheck connectedDebugAndroidTest uninstallAll test check testDebugUnitTest connectedAndroidTest installDebug lintRelease uninstallDebug
2018-09-03 01:26:38,743 INFO  SysUtils - Execute command: [/var/folders/bq/vtzpc5ns5sg2cthy61lqpg3dfzgbys/T/1535912792261-0/src/RealmExpressions-master/gradlew, -b, /var/folders/bq/vtzpc5ns5sg2cthy61lqpg3dfzgbys/T/1535912792261-0/src/RealmExpressions-master/app/build.gradle, -Dorg.gradle.daemon=false, -Dorg.gradle.daemon.performance.enable-monitoring=false, -Dorg.gradle.configureondemand=true, --stacktrace, -x, lintDebug, -x, mockableAndroidJar, -x, deviceCheck, -x, lint, -x, testReleaseUnitTest, -x, uninstallRelease, -x, deviceAndroidTest, -x, uninstallDebugAndroidTest, -x, installDebugAndroidTest, -x, connectedCheck, -x, connectedDebugAndroidTest, -x, uninstallAll, -x, test, -x, check, -x, testDebugUnitTest, -x, connectedAndroidTest, -x, installDebug, -x, lintRelease, -x, uninstallDebug, build]
2018-09-03 01:26:57,025 ERROR SysUtils - Could not process external command
org.apache.commons.exec.ExecuteException: Process exited with an error: 1 (Exit value: 1)
	at org.apache.commons.exec.DefaultExecutor.executeInternal(DefaultExecutor.java:404)
	at org.apache.commons.exec.DefaultExecutor.execute(DefaultExecutor.java:166)
	at com.github.vbauer.apkmaster.util.SysUtils.execute(SysUtils.java:67)
	at com.github.vbauer.apkmaster.util.SysUtils.executeSimple(SysUtils.java:43)
	at com.github.vbauer.apkmaster.service.assembly.ProjectBuildService.buildProject(ProjectBuildService.java:78)
	at com.github.vbauer.apkmaster.service.assembly.ProjectBuildService.buildProject(ProjectBuildService.java:64)
	at com.github.vbauer.apkmaster.service.assembly.ProjectBuildService.buildProject(ProjectBuildService.java:43)
	at com.github.vbauer.apkmaster.service.FullProcessService.build(FullProcessService.java:84)
	at com.github.vbauer.apkmaster.service.FullProcessService.process(FullProcessService.java:34)
	at com.github.vbauer.apkmaster.app.MainApplication.process(MainApplication.java:38)
	at com.github.vbauer.apkmaster.app.MainApplication.main(MainApplication.java:20)
	at sun.reflect.GeneratedMethodAccessor8.invoke(Unknown Source)
	at sun.reflect.DelegatingMethodAccessorImpl.invoke(DelegatingMethodAccessorImpl.java:43)
	at java.lang.reflect.Method.invoke(Method.java:498)
	at com.android.arsenal.util.ReflectionUtils.invoke(ReflectionUtils.java:52)
	at com.android.arsenal.util.ApkMasterUtils.main(ApkMasterUtils.java:30)
	at com.android.arsenal.service.processor.impl.BuildProcessorServiceImpl.buildProject(BuildProcessorServiceImpl.java:196)
	at com.android.arsenal.service.processor.impl.BuildProcessorServiceImpl.build(BuildProcessorServiceImpl.java:130)
	at com.android.arsenal.service.processor.impl.BuildProcessorServiceImpl.lambda$createTasks$1(BuildProcessorServiceImpl.java:113)
	at java.util.concurrent.FutureTask.run(FutureTask.java:266)
	at java.util.concurrent.Executors$RunnableAdapter.call(Executors.java:511)
	at java.util.concurrent.FutureTask.run(FutureTask.java:266)
	at java.util.concurrent.ThreadPoolExecutor.runWorker(ThreadPoolExecutor.java:1149)
	at java.util.concurrent.ThreadPoolExecutor$Worker.run(ThreadPoolExecutor.java:624)
	at java.lang.Thread.run(Thread.java:748)
2018-09-03 01:26:57,025 INFO  SysUtils - Configuration on demand is an incubating feature.
Configuration 'compile' in project ':app' is deprecated. Use 'implementation' instead.
Configuration 'compile' in project ':expressions' is deprecated. Use 'implementation' instead.
:app:preBuild UP-TO-DATE
:expressions:preBuild UP-TO-DATE
:expressions:preDebugBuild UP-TO-DATE
:expressions:checkDebugManifest
:expressions:processDebugManifest
/private/var/folders/bq/vtzpc5ns5sg2cthy61lqpg3dfzgbys/T/1535912792261-0/src/RealmExpressions-master/expressions/src/main/AndroidManifest.xml:5:5-79 Warning:
	Element uses-permission#android.permission.ACCESS_FINE_LOCATION at AndroidManifest.xml:5:5-79 duplicated with element declared at AndroidManifest.xml:4:5-79
:app:preDebugBuild
:expressions:compileDebugAidl
:app:compileDebugAidl
:expressions:packageDebugRenderscript NO-SOURCE
:app:compileDebugRenderscript
:app:checkDebugManifest
:app:generateDebugBuildConfig
:app:prepareLintJar
:app:generateDebugResValues
:app:generateDebugResources
:expressions:compileDebugRenderscript
:expressions:generateDebugResValues
:expressions:generateDebugResources
:expressions:packageDebugResources
:app:mergeDebugResources
:app:createDebugCompatibleScreenManifests
:app:processDebugManifest
[:expressions] /private/var/folders/bq/vtzpc5ns5sg2cthy61lqpg3dfzgbys/T/1535912792261-0/src/RealmExpressions-master/expressions/build/intermediates/manifests/full/debug/AndroidManifest.xml:12:5-79 Warning:
	Element uses-permission#android.permission.ACCESS_FINE_LOCATION at [:expressions] AndroidManifest.xml:12:5-79 duplicated with element declared at [:expressions] AndroidManifest.xml:11:5-79
:app:splitsDiscoveryTaskDebug
:expressions:platformAttrExtractor
:expressions:generateDebugBuildConfig
:expressions:prepareLintJar
:expressions:javaPreCompileDebug
:expressions:processDebugJavaRes NO-SOURCE
:app:compileDebugNdk NO-SOURCE
:app:mergeDebugShaders
:app:compileDebugShaders
:app:generateDebugAssets
:expressions:mergeDebugShaders
:expressions:compileDebugShaders
:expressions:generateDebugAssets
:expressions:mergeDebugAssets
:app:mergeDebugAssets
:app:mergeDebugJniLibFolders
:expressions:compileDebugNdk NO-SOURCE
:expressions:mergeDebugJniLibFolders
:expressions:transformNativeLibsWithMergeJniLibsForDebug
:expressions:transformNativeLibsWithStripDebugSymbolForDebug
:expressions:transformNativeLibsWithIntermediateJniLibsForDebug
:app:processDebugJavaRes NO-SOURCE
:app:validateSigningDebug
:expressions:preReleaseBuild UP-TO-DATE
:expressions:checkReleaseManifest
:expressions:processReleaseManifest
/private/var/folders/bq/vtzpc5ns5sg2cthy61lqpg3dfzgbys/T/1535912792261-0/src/RealmExpressions-master/expressions/src/main/AndroidManifest.xml:5:5-79 Warning:
	Element uses-permission#android.permission.ACCESS_FINE_LOCATION at AndroidManifest.xml:5:5-79 duplicated with element declared at AndroidManifest.xml:4:5-79
:app:preReleaseBuild
:expressions:compileReleaseAidl
:app:compileReleaseAidl
:expressions:packageReleaseRenderscript NO-SOURCE
:app:compileReleaseRenderscript
:app:checkReleaseManifest
:app:generateReleaseBuildConfig
:app:generateReleaseResValues
:app:generateReleaseResources
:expressions:compileReleaseRenderscript
:expressions:generateReleaseResValues
:expressions:generateReleaseResources
:expressions:packageReleaseResources
:app:mergeReleaseResources
:app:createReleaseCompatibleScreenManifests
:app:processReleaseManifest
[:expressions] /private/var/folders/bq/vtzpc5ns5sg2cthy61lqpg3dfzgbys/T/1535912792261-0/src/RealmExpressions-master/expressions/build/intermediates/manifests/full/release/AndroidManifest.xml:12:5-79 Warning:
	Element uses-permission#android.permission.ACCESS_FINE_LOCATION at [:expressions] AndroidManifest.xml:12:5-79 duplicated with element declared at [:expressions] AndroidManifest.xml:11:5-79
:app:splitsDiscoveryTaskRelease
:expressions:generateReleaseBuildConfig
:expressions:javaPreCompileRelease
:expressions:processReleaseJavaRes NO-SOURCE
:app:compileReleaseNdk NO-SOURCE
:app:mergeReleaseShaders
:app:compileReleaseShaders
:app:generateReleaseAssets
:expressions:mergeReleaseShaders
:expressions:compileReleaseShaders
:expressions:generateReleaseAssets
:expressions:mergeReleaseAssets
:app:mergeReleaseAssets
:app:mergeReleaseJniLibFolders
:expressions:compileReleaseNdk NO-SOURCE
:expressions:mergeReleaseJniLibFolders
:expressions:transformNativeLibsWithMergeJniLibsForRelease
:expressions:transformNativeLibsWithStripDebugSymbolForRelease
:expressions:transformNativeLibsWithIntermediateJniLibsForRelease
:app:processReleaseJavaRes NO-SOURCE
:expressions:processDebugResources
:app:processDebugResources
:app:generateDebugSources
:expressions:generateDebugSources
:expressions:compileDebugJavaWithJavacNote: /private/var/folders/bq/vtzpc5ns5sg2cthy61lqpg3dfzgbys/T/1535912792261-0/src/RealmExpressions-master/expressions/src/main/java/com/realm/expressions/envnative/environment/DeviceNative.java uses or overrides a deprecated API.
Note: Recompile with -Xlint:deprecation for details.
Note: /private/var/folders/bq/vtzpc5ns5sg2cthy61lqpg3dfzgbys/T/1535912792261-0/src/RealmExpressions-master/expressions/src/main/java/com/realm/expressions/RealmExpression.java uses unchecked or unsafe operations.
Note: Recompile with -Xlint:unchecked for details.

:expressions:transformClassesWithRealmTransformerForDebug
:expressions:transformClassesAndResourcesWithPrepareIntermediateJarsForDebug
:app:javaPreCompileDebug
:app:compileDebugJavaWithJavac
:app:compileDebugSources
:app:transformClassesWithDexBuilderForDebug
:app:transformDexArchiveWithExternalLibsDexMergerForDebug
:app:transformDexArchiveWithDexMergerForDebug
:app:transformNativeLibsWithMergeJniLibsForDebug
:app:transformNativeLibsWithStripDebugSymbolForDebug FAILED

FAILURE: Build failed with an exception.

* What went wrong:
Execution failed for task ':app:transformNativeLibsWithStripDebugSymbolForDebug'.
> A problem occurred starting process 'command '/Users/vbauer/Library/Android/sdk/ndk-bundle/toolchains/mips64el-linux-android-4.9/prebuilt/darwin-x86_64/bin/mips64el-linux-android-strip''

* Try:
Run with --info or --debug option to get more log output.

* Exception is:
org.gradle.api.tasks.TaskExecutionException: Execution failed for task ':app:transformNativeLibsWithStripDebugSymbolForDebug'.
	at org.gradle.api.internal.tasks.execution.ExecuteActionsTaskExecuter.executeActions(ExecuteActionsTaskExecuter.java:100)
	at org.gradle.api.internal.tasks.execution.ExecuteActionsTaskExecuter.execute(ExecuteActionsTaskExecuter.java:70)
	at org.gradle.api.internal.tasks.execution.SkipUpToDateTaskExecuter.execute(SkipUpToDateTaskExecuter.java:63)
	at org.gradle.api.internal.tasks.execution.ResolveTaskOutputCachingStateExecuter.execute(ResolveTaskOutputCachingStateExecuter.java:54)
	at org.gradle.api.internal.tasks.execution.ValidatingTaskExecuter.execute(ValidatingTaskExecuter.java:58)
	at org.gradle.api.internal.tasks.execution.SkipEmptySourceFilesTaskExecuter.execute(SkipEmptySourceFilesTaskExecuter.java:88)
	at org.gradle.api.internal.tasks.execution.ResolveTaskArtifactStateTaskExecuter.execute(ResolveTaskArtifactStateTaskExecuter.java:52)
	at org.gradle.api.internal.tasks.execution.SkipTaskWithNoActionsExecuter.execute(SkipTaskWithNoActionsExecuter.java:52)
	at org.gradle.api.internal.tasks.execution.SkipOnlyIfTaskExecuter.execute(SkipOnlyIfTaskExecuter.java:54)
	at org.gradle.api.internal.tasks.execution.ExecuteAtMostOnceTaskExecuter.execute(ExecuteAtMostOnceTaskExecuter.java:43)
	at org.gradle.api.internal.tasks.execution.CatchExceptionTaskExecuter.execute(CatchExceptionTaskExecuter.java:34)
	at org.gradle.execution.taskgraph.DefaultTaskGraphExecuter$EventFiringTaskWorker$1.run(DefaultTaskGraphExecuter.java:248)
	at org.gradle.internal.progress.DefaultBuildOperationExecutor$RunnableBuildOperationWorker.execute(DefaultBuildOperationExecutor.java:336)
	at org.gradle.internal.progress.DefaultBuildOperationExecutor$RunnableBuildOperationWorker.execute(DefaultBuildOperationExecutor.java:328)
	at org.gradle.internal.progress.DefaultBuildOperationExecutor.execute(DefaultBuildOperationExecutor.java:197)
	at org.gradle.internal.progress.DefaultBuildOperationExecutor.run(DefaultBuildOperationExecutor.java:107)
	at org.gradle.execution.taskgraph.DefaultTaskGraphExecuter$EventFiringTaskWorker.execute(DefaultTaskGraphExecuter.java:241)
	at org.gradle.execution.taskgraph.DefaultTaskGraphExecuter$EventFiringTaskWorker.execute(DefaultTaskGraphExecuter.java:230)
	at org.gradle.execution.taskgraph.DefaultTaskPlanExecutor$TaskExecutorWorker.processTask(DefaultTaskPlanExecutor.java:124)
	at org.gradle.execution.taskgraph.DefaultTaskPlanExecutor$TaskExecutorWorker.access$200(DefaultTaskPlanExecutor.java:80)
	at org.gradle.execution.taskgraph.DefaultTaskPlanExecutor$TaskExecutorWorker$1.execute(DefaultTaskPlanExecutor.java:105)
	at org.gradle.execution.taskgraph.DefaultTaskPlanExecutor$TaskExecutorWorker$1.execute(DefaultTaskPlanExecutor.java:99)
	at org.gradle.execution.taskgraph.DefaultTaskExecutionPlan.execute(DefaultTaskExecutionPlan.java:625)
	at org.gradle.execution.taskgraph.DefaultTaskExecutionPlan.executeWithTask(DefaultTaskExecutionPlan.java:580)
	at org.gradle.execution.taskgraph.DefaultTaskPlanExecutor$TaskExecutorWorker.run(DefaultTaskPlanExecutor.java:99)
	at org.gradle.internal.concurrent.ExecutorPolicy$CatchAndRecordFailures.onExecute(ExecutorPolicy.java:63)
	at org.gradle.internal.concurrent.ManagedExecutorImpl$1.run(ManagedExecutorImpl.java:46)
	at org.gradle.internal.concurrent.ThreadFactoryImpl$ManagedThreadRunnable.run(ThreadFactoryImpl.java:55)
Caused by: org.gradle.process.internal.ExecException: A problem occurred starting process 'command '/Users/vbauer/Library/Android/sdk/ndk-bundle/toolchains/mips64el-linux-android-4.9/prebuilt/darwin-x86_64/bin/mips64el-linux-android-strip''
	at org.gradle.process.internal.DefaultExecHandle.execExceptionFor(DefaultExecHandle.java:220)
	at org.gradle.process.internal.DefaultExecHandle.setEndStateInfo(DefaultExecHandle.java:204)
	at org.gradle.process.internal.DefaultExecHandle.failed(DefaultExecHandle.java:340)
	at org.gradle.process.internal.ExecHandleRunner.run(ExecHandleRunner.java:86)
	at org.gradle.internal.operations.BuildOperationIdentifierPreservingRunnable.run(BuildOperationIdentifierPreservingRunnable.java:39)
	... 3 more
Caused by: net.rubygrapefruit.platform.NativeException: Could not start '/Users/vbauer/Library/Android/sdk/ndk-bundle/toolchains/mips64el-linux-android-4.9/prebuilt/darwin-x86_64/bin/mips64el-linux-android-strip'
	at net.rubygrapefruit.platform.internal.DefaultProcessLauncher.start(DefaultProcessLauncher.java:27)
	at net.rubygrapefruit.platform.internal.WrapperProcessLauncher.start(WrapperProcessLauncher.java:36)
	at org.gradle.process.internal.ExecHandleRunner.run(ExecHandleRunner.java:68)
	... 4 more
Caused by: java.io.IOException: Cannot run program "/Users/vbauer/Library/Android/sdk/ndk-bundle/toolchains/mips64el-linux-android-4.9/prebuilt/darwin-x86_64/bin/mips64el-linux-android-strip" (in directory "/private/var/folders/bq/vtzpc5ns5sg2cthy61lqpg3dfzgbys/T/1535912792261-0/src/RealmExpressions-master/app"): error=2, No such file or directory
	at net.rubygrapefruit.platform.internal.DefaultProcessLauncher.start(DefaultProcessLauncher.java:25)
	... 6 more
Caused by: java.io.IOException: error=2, No such file or directory
	... 7 more


* Get more help at https://help.gradle.org

BUILD FAILED in 17s
74 actionable tasks: 74 executed

2018-09-03 01:26:57,086 INFO  ProjectTaskService - Detecting possible tasks...
2018-09-03 01:26:57,086 INFO  SysUtils - Execute command: [/var/folders/bq/vtzpc5ns5sg2cthy61lqpg3dfzgbys/T/1535912792261-0/src/RealmExpressions-master/gradlew, -b, /var/folders/bq/vtzpc5ns5sg2cthy61lqpg3dfzgbys/T/1535912792261-0/src/RealmExpressions-master/expressions/build.gradle, -Dorg.gradle.daemon=false, -Dorg.gradle.daemon.performance.enable-monitoring=false, -Dorg.gradle.configureondemand=true, tasks]
2018-09-03 01:27:02,990 INFO  ProjectTaskService - Detected possible tasks: 64
2018-09-03 01:27:02,990 INFO  ProjectTaskService - Excluded tasks (16): lintDebug mockableAndroidJar deviceCheck lint testReleaseUnitTest deviceAndroidTest uninstallDebugAndroidTest installDebugAndroidTest connectedCheck connectedDebugAndroidTest uninstallAll test check testDebugUnitTest connectedAndroidTest lintRelease
2018-09-03 01:27:02,990 INFO  SysUtils - Execute command: [/var/folders/bq/vtzpc5ns5sg2cthy61lqpg3dfzgbys/T/1535912792261-0/src/RealmExpressions-master/gradlew, -b, /var/folders/bq/vtzpc5ns5sg2cthy61lqpg3dfzgbys/T/1535912792261-0/src/RealmExpressions-master/expressions/build.gradle, -Dorg.gradle.daemon=false, -Dorg.gradle.daemon.performance.enable-monitoring=false, -Dorg.gradle.configureondemand=true, --stacktrace, -x, lintDebug, -x, mockableAndroidJar, -x, deviceCheck, -x, lint, -x, testReleaseUnitTest, -x, deviceAndroidTest, -x, uninstallDebugAndroidTest, -x, installDebugAndroidTest, -x, connectedCheck, -x, connectedDebugAndroidTest, -x, uninstallAll, -x, test, -x, check, -x, testDebugUnitTest, -x, connectedAndroidTest, -x, lintRelease, build]
2018-09-03 01:27:15,006 INFO  SysUtils - Configuration on demand is an incubating feature.
Configuration 'compile' in project ':expressions' is deprecated. Use 'implementation' instead.
:expressions:preBuild UP-TO-DATE
:expressions:preDebugBuild UP-TO-DATE
:expressions:compileDebugAidl UP-TO-DATE
:expressions:compileDebugNdk NO-SOURCE
:expressions:compileDebugRenderscript UP-TO-DATE
:expressions:checkDebugManifest UP-TO-DATE
:expressions:generateDebugBuildConfig UP-TO-DATE
:expressions:prepareLintJar UP-TO-DATE
:expressions:generateDebugResValues UP-TO-DATE
:expressions:generateDebugResources UP-TO-DATE
:expressions:packageDebugResources UP-TO-DATE
:expressions:platformAttrExtractor UP-TO-DATE
:expressions:processDebugManifest UP-TO-DATE
:expressions:processDebugResources UP-TO-DATE
:expressions:generateDebugSources UP-TO-DATE
:expressions:javaPreCompileDebug UP-TO-DATE
:expressions:compileDebugJavaWithJavac UP-TO-DATE
:expressions:extractDebugAnnotations
:expressions:mergeDebugShaders UP-TO-DATE
:expressions:compileDebugShaders UP-TO-DATE
:expressions:generateDebugAssets UP-TO-DATE
:expressions:mergeDebugAssets UP-TO-DATE
:expressions:mergeDebugConsumerProguardFiles
:expressions:packageDebugRenderscript NO-SOURCE
:expressions:transformClassesWithRealmTransformerForDebug UP-TO-DATE
:expressions:processDebugJavaRes NO-SOURCE
:expressions:transformResourcesWithMergeJavaResForDebug
:expressions:transformClassesAndResourcesWithSyncLibJarsForDebug
:expressions:mergeDebugJniLibFolders UP-TO-DATE
:expressions:transformNativeLibsWithMergeJniLibsForDebug UP-TO-DATE
:expressions:transformNativeLibsWithStripDebugSymbolForDebug UP-TO-DATE
:expressions:transformNativeLibsWithSyncJniLibsForDebug
:expressions:bundleDebug
:expressions:compileDebugSources UP-TO-DATE
:expressions:assembleDebug
:expressions:preReleaseBuild UP-TO-DATE
:expressions:compileReleaseAidl UP-TO-DATE
:expressions:compileReleaseNdk NO-SOURCE
:expressions:compileReleaseRenderscript UP-TO-DATE
:expressions:checkReleaseManifest UP-TO-DATE
:expressions:generateReleaseBuildConfig UP-TO-DATE
:expressions:generateReleaseResValues UP-TO-DATE
:expressions:generateReleaseResources UP-TO-DATE
:expressions:packageReleaseResources UP-TO-DATE
:expressions:processReleaseManifest UP-TO-DATE
:expressions:processReleaseResources
:expressions:generateReleaseSources
:expressions:javaPreCompileRelease UP-TO-DATE
:expressions:compileReleaseJavaWithJavacNote: /private/var/folders/bq/vtzpc5ns5sg2cthy61lqpg3dfzgbys/T/1535912792261-0/src/RealmExpressions-master/expressions/src/main/java/com/realm/expressions/envnative/environment/DeviceNative.java uses or overrides a deprecated API.
Note: Recompile with -Xlint:deprecation for details.
Note: /private/var/folders/bq/vtzpc5ns5sg2cthy61lqpg3dfzgbys/T/1535912792261-0/src/RealmExpressions-master/expressions/src/main/java/com/realm/expressions/RealmExpression.java uses unchecked or unsafe operations.
Note: Recompile with -Xlint:unchecked for details.

:expressions:extractReleaseAnnotations
:expressions:mergeReleaseShaders UP-TO-DATE
:expressions:compileReleaseShaders UP-TO-DATE
:expressions:generateReleaseAssets UP-TO-DATE
:expressions:mergeReleaseAssets UP-TO-DATE
:expressions:mergeReleaseConsumerProguardFiles
:expressions:packageReleaseRenderscript NO-SOURCE
:expressions:transformClassesWithRealmTransformerForRelease
:expressions:processReleaseJavaRes NO-SOURCE
:expressions:transformResourcesWithMergeJavaResForRelease
:expressions:transformClassesAndResourcesWithSyncLibJarsForRelease
:expressions:mergeReleaseJniLibFolders UP-TO-DATE
:expressions:transformNativeLibsWithMergeJniLibsForRelease UP-TO-DATE
:expressions:transformNativeLibsWithStripDebugSymbolForRelease UP-TO-DATE
:expressions:transformNativeLibsWithSyncJniLibsForRelease
:expressions:bundleRelease
:expressions:compileReleaseSources
:expressions:mergeReleaseResources
:expressions:verifyReleaseResources
:expressions:assembleRelease
:expressions:assemble
:expressions:build

BUILD SUCCESSFUL in 11s
50 actionable tasks: 17 executed, 33 up-to-date

2018-09-03 01:27:15,102 INFO  ProjectTaskService - Detecting possible tasks...
2018-09-03 01:27:15,102 INFO  SysUtils - Execute command: [/var/folders/bq/vtzpc5ns5sg2cthy61lqpg3dfzgbys/T/1535912792261-0/src/RealmExpressions-master/gradlew, -b, /var/folders/bq/vtzpc5ns5sg2cthy61lqpg3dfzgbys/T/1535912792261-0/src/RealmExpressions-master/build.gradle, -Dorg.gradle.daemon=false, -Dorg.gradle.daemon.performance.enable-monitoring=false, -Dorg.gradle.configureondemand=true, tasks]
2018-09-03 01:27:21,128 INFO  ProjectTaskService - Detected possible tasks: 68
2018-09-03 01:27:21,128 INFO  ProjectTaskService - Excluded tasks (19): lintDebug mockableAndroidJar deviceCheck lint testReleaseUnitTest uninstallRelease deviceAndroidTest uninstallDebugAndroidTest installDebugAndroidTest connectedCheck connectedDebugAndroidTest uninstallAll test check testDebugUnitTest connectedAndroidTest installDebug lintRelease uninstallDebug
2018-09-03 01:27:21,128 INFO  SysUtils - Execute command: [/var/folders/bq/vtzpc5ns5sg2cthy61lqpg3dfzgbys/T/1535912792261-0/src/RealmExpressions-master/gradlew, -b, /var/folders/bq/vtzpc5ns5sg2cthy61lqpg3dfzgbys/T/1535912792261-0/src/RealmExpressions-master/build.gradle, -Dorg.gradle.daemon=false, -Dorg.gradle.daemon.performance.enable-monitoring=false, -Dorg.gradle.configureondemand=true, --stacktrace, -x, lintDebug, -x, mockableAndroidJar, -x, deviceCheck, -x, lint, -x, testReleaseUnitTest, -x, uninstallRelease, -x, deviceAndroidTest, -x, uninstallDebugAndroidTest, -x, installDebugAndroidTest, -x, connectedCheck, -x, connectedDebugAndroidTest, -x, uninstallAll, -x, test, -x, check, -x, testDebugUnitTest, -x, connectedAndroidTest, -x, installDebug, -x, lintRelease, -x, uninstallDebug, build]
2018-09-03 01:27:28,227 ERROR SysUtils - Could not process external command
org.apache.commons.exec.ExecuteException: Process exited with an error: 1 (Exit value: 1)
	at org.apache.commons.exec.DefaultExecutor.executeInternal(DefaultExecutor.java:404)
	at org.apache.commons.exec.DefaultExecutor.execute(DefaultExecutor.java:166)
	at com.github.vbauer.apkmaster.util.SysUtils.execute(SysUtils.java:67)
	at com.github.vbauer.apkmaster.util.SysUtils.executeSimple(SysUtils.java:43)
	at com.github.vbauer.apkmaster.service.assembly.ProjectBuildService.buildProject(ProjectBuildService.java:78)
	at com.github.vbauer.apkmaster.service.assembly.ProjectBuildService.buildProject(ProjectBuildService.java:64)
	at com.github.vbauer.apkmaster.service.assembly.ProjectBuildService.buildProject(ProjectBuildService.java:43)
	at com.github.vbauer.apkmaster.service.FullProcessService.build(FullProcessService.java:84)
	at com.github.vbauer.apkmaster.service.FullProcessService.process(FullProcessService.java:34)
	at com.github.vbauer.apkmaster.app.MainApplication.process(MainApplication.java:38)
	at com.github.vbauer.apkmaster.app.MainApplication.main(MainApplication.java:20)
	at sun.reflect.GeneratedMethodAccessor8.invoke(Unknown Source)
	at sun.reflect.DelegatingMethodAccessorImpl.invoke(DelegatingMethodAccessorImpl.java:43)
	at java.lang.reflect.Method.invoke(Method.java:498)
	at com.android.arsenal.util.ReflectionUtils.invoke(ReflectionUtils.java:52)
	at com.android.arsenal.util.ApkMasterUtils.main(ApkMasterUtils.java:30)
	at com.android.arsenal.service.processor.impl.BuildProcessorServiceImpl.buildProject(BuildProcessorServiceImpl.java:196)
	at com.android.arsenal.service.processor.impl.BuildProcessorServiceImpl.build(BuildProcessorServiceImpl.java:130)
	at com.android.arsenal.service.processor.impl.BuildProcessorServiceImpl.lambda$createTasks$1(BuildProcessorServiceImpl.java:113)
	at java.util.concurrent.FutureTask.run(FutureTask.java:266)
	at java.util.concurrent.Executors$RunnableAdapter.call(Executors.java:511)
	at java.util.concurrent.FutureTask.run(FutureTask.java:266)
	at java.util.concurrent.ThreadPoolExecutor.runWorker(ThreadPoolExecutor.java:1149)
	at java.util.concurrent.ThreadPoolExecutor$Worker.run(ThreadPoolExecutor.java:624)
	at java.lang.Thread.run(Thread.java:748)
2018-09-03 01:27:28,227 INFO  SysUtils - Configuration on demand is an incubating feature.
Configuration 'compile' in project ':app' is deprecated. Use 'implementation' instead.
Configuration 'compile' in project ':expressions' is deprecated. Use 'implementation' instead.
:app:preBuild UP-TO-DATE
:expressions:preBuild UP-TO-DATE
:expressions:preDebugBuild UP-TO-DATE
:expressions:checkDebugManifest UP-TO-DATE
:expressions:processDebugManifest UP-TO-DATE
:app:preDebugBuild UP-TO-DATE
:expressions:compileDebugAidl UP-TO-DATE
:app:compileDebugAidl UP-TO-DATE
:expressions:packageDebugRenderscript NO-SOURCE
:app:compileDebugRenderscript UP-TO-DATE
:app:checkDebugManifest UP-TO-DATE
:app:generateDebugBuildConfig UP-TO-DATE
:app:prepareLintJar UP-TO-DATE
:app:generateDebugResValues UP-TO-DATE
:app:generateDebugResources UP-TO-DATE
:expressions:compileDebugRenderscript UP-TO-DATE
:expressions:generateDebugResValues UP-TO-DATE
:expressions:generateDebugResources UP-TO-DATE
:expressions:packageDebugResources UP-TO-DATE
:app:mergeDebugResources UP-TO-DATE
:app:createDebugCompatibleScreenManifests UP-TO-DATE
:app:processDebugManifest UP-TO-DATE
:app:splitsDiscoveryTaskDebug UP-TO-DATE
:expressions:platformAttrExtractor UP-TO-DATE
:expressions:processDebugResources UP-TO-DATE
:app:processDebugResources UP-TO-DATE
:app:generateDebugSources UP-TO-DATE
:expressions:generateDebugBuildConfig UP-TO-DATE
:expressions:prepareLintJar UP-TO-DATE
:expressions:generateDebugSources UP-TO-DATE
:expressions:javaPreCompileDebug UP-TO-DATE
:expressions:compileDebugJavaWithJavac UP-TO-DATE
:expressions:processDebugJavaRes NO-SOURCE
:expressions:transformClassesWithRealmTransformerForDebug UP-TO-DATE
:expressions:transformClassesAndResourcesWithPrepareIntermediateJarsForDebug UP-TO-DATE
:app:javaPreCompileDebug UP-TO-DATE
:app:compileDebugJavaWithJavac UP-TO-DATE
:app:compileDebugNdk NO-SOURCE
:app:compileDebugSources UP-TO-DATE
:app:mergeDebugShaders UP-TO-DATE
:app:compileDebugShaders UP-TO-DATE
:app:generateDebugAssets UP-TO-DATE
:expressions:mergeDebugShaders UP-TO-DATE
:expressions:compileDebugShaders UP-TO-DATE
:expressions:generateDebugAssets UP-TO-DATE
:expressions:mergeDebugAssets UP-TO-DATE
:app:mergeDebugAssets UP-TO-DATE
:app:transformClassesWithDexBuilderForDebug UP-TO-DATE
:app:transformDexArchiveWithExternalLibsDexMergerForDebug UP-TO-DATE
:app:transformDexArchiveWithDexMergerForDebug UP-TO-DATE
:app:mergeDebugJniLibFolders UP-TO-DATE
:expressions:compileDebugNdk NO-SOURCE
:expressions:mergeDebugJniLibFolders UP-TO-DATE
:expressions:transformNativeLibsWithMergeJniLibsForDebug UP-TO-DATE
:expressions:transformNativeLibsWithStripDebugSymbolForDebug UP-TO-DATE
:expressions:transformNativeLibsWithIntermediateJniLibsForDebug UP-TO-DATE
:app:transformNativeLibsWithMergeJniLibsForDebug UP-TO-DATE
:app:transformNativeLibsWithStripDebugSymbolForDebug FAILED

FAILURE: Build failed with an exception.

* What went wrong:
Execution failed for task ':app:transformNativeLibsWithStripDebugSymbolForDebug'.
> A problem occurred starting process 'command '/Users/vbauer/Library/Android/sdk/ndk-bundle/toolchains/mips64el-linux-android-4.9/prebuilt/darwin-x86_64/bin/mips64el-linux-android-strip''

* Try:
Run with --info or --debug option to get more log output.

* Exception is:
org.gradle.api.tasks.TaskExecutionException: Execution failed for task ':app:transformNativeLibsWithStripDebugSymbolForDebug'.
	at org.gradle.api.internal.tasks.execution.ExecuteActionsTaskExecuter.executeActions(ExecuteActionsTaskExecuter.java:100)
	at org.gradle.api.internal.tasks.execution.ExecuteActionsTaskExecuter.execute(ExecuteActionsTaskExecuter.java:70)
	at org.gradle.api.internal.tasks.execution.SkipUpToDateTaskExecuter.execute(SkipUpToDateTaskExecuter.java:63)
	at org.gradle.api.internal.tasks.execution.ResolveTaskOutputCachingStateExecuter.execute(ResolveTaskOutputCachingStateExecuter.java:54)
	at org.gradle.api.internal.tasks.execution.ValidatingTaskExecuter.execute(ValidatingTaskExecuter.java:58)
	at org.gradle.api.internal.tasks.execution.SkipEmptySourceFilesTaskExecuter.execute(SkipEmptySourceFilesTaskExecuter.java:88)
	at org.gradle.api.internal.tasks.execution.ResolveTaskArtifactStateTaskExecuter.execute(ResolveTaskArtifactStateTaskExecuter.java:52)
	at org.gradle.api.internal.tasks.execution.SkipTaskWithNoActionsExecuter.execute(SkipTaskWithNoActionsExecuter.java:52)
	at org.gradle.api.internal.tasks.execution.SkipOnlyIfTaskExecuter.execute(SkipOnlyIfTaskExecuter.java:54)
	at org.gradle.api.internal.tasks.execution.ExecuteAtMostOnceTaskExecuter.execute(ExecuteAtMostOnceTaskExecuter.java:43)
	at org.gradle.api.internal.tasks.execution.CatchExceptionTaskExecuter.execute(CatchExceptionTaskExecuter.java:34)
	at org.gradle.execution.taskgraph.DefaultTaskGraphExecuter$EventFiringTaskWorker$1.run(DefaultTaskGraphExecuter.java:248)
	at org.gradle.internal.progress.DefaultBuildOperationExecutor$RunnableBuildOperationWorker.execute(DefaultBuildOperationExecutor.java:336)
	at org.gradle.internal.progress.DefaultBuildOperationExecutor$RunnableBuildOperationWorker.execute(DefaultBuildOperationExecutor.java:328)
	at org.gradle.internal.progress.DefaultBuildOperationExecutor.execute(DefaultBuildOperationExecutor.java:197)
	at org.gradle.internal.progress.DefaultBuildOperationExecutor.run(DefaultBuildOperationExecutor.java:107)
	at org.gradle.execution.taskgraph.DefaultTaskGraphExecuter$EventFiringTaskWorker.execute(DefaultTaskGraphExecuter.java:241)
	at org.gradle.execution.taskgraph.DefaultTaskGraphExecuter$EventFiringTaskWorker.execute(DefaultTaskGraphExecuter.java:230)
	at org.gradle.execution.taskgraph.DefaultTaskPlanExecutor$TaskExecutorWorker.processTask(DefaultTaskPlanExecutor.java:124)
	at org.gradle.execution.taskgraph.DefaultTaskPlanExecutor$TaskExecutorWorker.access$200(DefaultTaskPlanExecutor.java:80)
	at org.gradle.execution.taskgraph.DefaultTaskPlanExecutor$TaskExecutorWorker$1.execute(DefaultTaskPlanExecutor.java:105)
	at org.gradle.execution.taskgraph.DefaultTaskPlanExecutor$TaskExecutorWorker$1.execute(DefaultTaskPlanExecutor.java:99)
	at org.gradle.execution.taskgraph.DefaultTaskExecutionPlan.execute(DefaultTaskExecutionPlan.java:625)
	at org.gradle.execution.taskgraph.DefaultTaskExecutionPlan.executeWithTask(DefaultTaskExecutionPlan.java:580)
	at org.gradle.execution.taskgraph.DefaultTaskPlanExecutor$TaskExecutorWorker.run(DefaultTaskPlanExecutor.java:99)
	at org.gradle.internal.concurrent.ExecutorPolicy$CatchAndRecordFailures.onExecute(ExecutorPolicy.java:63)
	at org.gradle.internal.concurrent.ManagedExecutorImpl$1.run(ManagedExecutorImpl.java:46)
	at org.gradle.internal.concurrent.ThreadFactoryImpl$ManagedThreadRunnable.run(ThreadFactoryImpl.java:55)
Caused by: org.gradle.process.internal.ExecException: A problem occurred starting process 'command '/Users/vbauer/Library/Android/sdk/ndk-bundle/toolchains/mips64el-linux-android-4.9/prebuilt/darwin-x86_64/bin/mips64el-linux-android-strip''
	at org.gradle.process.internal.DefaultExecHandle.execExceptionFor(DefaultExecHandle.java:220)
	at org.gradle.process.internal.DefaultExecHandle.setEndStateInfo(DefaultExecHandle.java:204)
	at org.gradle.process.internal.DefaultExecHandle.failed(DefaultExecHandle.java:340)
	at org.gradle.process.internal.ExecHandleRunner.run(ExecHandleRunner.java:86)
	at org.gradle.internal.operations.BuildOperationIdentifierPreservingRunnable.run(BuildOperationIdentifierPreservingRunnable.java:39)
	... 3 more
Caused by: net.rubygrapefruit.platform.NativeException: Could not start '/Users/vbauer/Library/Android/sdk/ndk-bundle/toolchains/mips64el-linux-android-4.9/prebuilt/darwin-x86_64/bin/mips64el-linux-android-strip'
	at net.rubygrapefruit.platform.internal.DefaultProcessLauncher.start(DefaultProcessLauncher.java:27)
	at net.rubygrapefruit.platform.internal.WrapperProcessLauncher.start(WrapperProcessLauncher.java:36)
	at org.gradle.process.internal.ExecHandleRunner.run(ExecHandleRunner.java:68)
	... 4 more
Caused by: java.io.IOException: Cannot run program "/Users/vbauer/Library/Android/sdk/ndk-bundle/toolchains/mips64el-linux-android-4.9/prebuilt/darwin-x86_64/bin/mips64el-linux-android-strip" (in directory "/private/var/folders/bq/vtzpc5ns5sg2cthy61lqpg3dfzgbys/T/1535912792261-0/src/RealmExpressions-master/app"): error=2, No such file or directory
	at net.rubygrapefruit.platform.internal.DefaultProcessLauncher.start(DefaultProcessLauncher.java:25)
	... 6 more
Caused by: java.io.IOException: error=2, No such file or directory
	... 7 more


* Get more help at https://help.gradle.org

BUILD FAILED in 6s
44 actionable tasks: 1 executed, 43 up-to-date

2018-09-03 01:27:28,315 ERROR FullProcessService - Project build has not produced APK file
2018-09-03 01:27:28,414 ERROR FullProcessService - Could not find generated or existed APK file
