2019-01-18 12:08:34,209 INFO  DownloadService - Downloading "https://github.com/SysdataSpA/SDHtmlTextView/archive/master.zip", attempt 3
2019-01-18 12:09:34,825 INFO  GithubDownloadService - Could not find ZIP archive for master branch
2019-01-18 12:09:35,726 INFO  GithubDownloadService - Default branch of this repository: master
2019-01-18 12:09:35,726 INFO  DownloadService - Downloading "https://github.com/SysdataSpA/SDHtmlTextView/archive/master.zip", attempt 3
2019-01-18 12:10:37,263 DEBUG FullProcessService - Repository https://github.com/SysdataSpA/SDHtmlTextView available: true
2019-01-18 12:10:37,263 INFO  FullProcessService - Could not download ZIP file from Github, lets clone it
2019-01-18 12:10:37,263 INFO  SysUtils - Execute command: [git, clone, -q, --single-branch, --depth, 1, https://github.com/SysdataSpA/SDHtmlTextView, /var/folders/bq/vtzpc5ns5sg2cthy61lqpg3dfzgbys/T/1547788114205-0/src]
2019-01-18 12:10:40,232 INFO  SysUtils - 
2019-01-18 12:10:40,242 INFO  GitService - Deleted "/var/folders/bq/vtzpc5ns5sg2cthy61lqpg3dfzgbys/T/1547788114205-0/src/.git": true
2019-01-18 12:10:40,249 INFO  FullProcessService - Size of directory with sources: 398 KB
2019-01-18 12:10:40,249 INFO  SysUtils - Execute command: [git, init, /var/folders/bq/vtzpc5ns5sg2cthy61lqpg3dfzgbys/T/1547788114205-0/src]
2019-01-18 12:10:40,266 INFO  SysUtils - Initialized empty Git repository in /private/var/folders/bq/vtzpc5ns5sg2cthy61lqpg3dfzgbys/T/1547788114205-0/src/.git/

2019-01-18 12:10:40,271 INFO  ProjectBuildService - Gradle wrapper(s): /var/folders/bq/vtzpc5ns5sg2cthy61lqpg3dfzgbys/T/1547788114205-0/src/HtmlSpanner/gradlew /var/folders/bq/vtzpc5ns5sg2cthy61lqpg3dfzgbys/T/1547788114205-0/src/gradlew
2019-01-18 12:10:40,277 INFO  ProjectBuildService - Build script(s): /var/folders/bq/vtzpc5ns5sg2cthy61lqpg3dfzgbys/T/1547788114205-0/src/HtmlSpanner/build.gradle /var/folders/bq/vtzpc5ns5sg2cthy61lqpg3dfzgbys/T/1547788114205-0/src/app/build.gradle /var/folders/bq/vtzpc5ns5sg2cthy61lqpg3dfzgbys/T/1547788114205-0/src/htmltextview/build.gradle /var/folders/bq/vtzpc5ns5sg2cthy61lqpg3dfzgbys/T/1547788114205-0/src/build.gradle
2019-01-18 12:10:40,282 INFO  ProjectBuildService - All script(s): /var/folders/bq/vtzpc5ns5sg2cthy61lqpg3dfzgbys/T/1547788114205-0/src/HtmlSpanner/build.gradle /var/folders/bq/vtzpc5ns5sg2cthy61lqpg3dfzgbys/T/1547788114205-0/src/HtmlSpanner/publishBintray.gradle /var/folders/bq/vtzpc5ns5sg2cthy61lqpg3dfzgbys/T/1547788114205-0/src/app/build.gradle /var/folders/bq/vtzpc5ns5sg2cthy61lqpg3dfzgbys/T/1547788114205-0/src/build.gradle /var/folders/bq/vtzpc5ns5sg2cthy61lqpg3dfzgbys/T/1547788114205-0/src/htmltextview/build.gradle /var/folders/bq/vtzpc5ns5sg2cthy61lqpg3dfzgbys/T/1547788114205-0/src/htmltextview/publishBintray.gradle /var/folders/bq/vtzpc5ns5sg2cthy61lqpg3dfzgbys/T/1547788114205-0/src/settings.gradle
2019-01-18 12:10:40,283 INFO  DownloadService - Downloading "https://raw.githubusercontent.com/nuuneoi/JCenter/master/bintrayv1.gradle", attempt 3
2019-01-18 12:10:41,133 INFO  DownloadService - Downloaded https://raw.githubusercontent.com/nuuneoi/JCenter/master/bintrayv1.gradle, attempt 3
2019-01-18 12:10:41,133 INFO  DownloadService - Downloading "https://raw.githubusercontent.com/nuuneoi/JCenter/master/installv1.gradle", attempt 3
2019-01-18 12:10:41,235 INFO  DownloadService - Downloaded https://raw.githubusercontent.com/nuuneoi/JCenter/master/installv1.gradle, attempt 3
2019-01-18 12:10:41,235 INFO  ProjectBuildService - Remote scripts: https://raw.githubusercontent.com/nuuneoi/JCenter/master/bintrayv1.gradle https://raw.githubusercontent.com/nuuneoi/JCenter/master/installv1.gradle
2019-01-18 12:10:41,235 INFO  ProjectFixService - Fixing project...
2019-01-18 12:10:41,253 INFO  LocalPropertiesFixService - Created fake /var/folders/bq/vtzpc5ns5sg2cthy61lqpg3dfzgbys/T/1547788114205-0/src/HtmlSpanner/local.properties
2019-01-18 12:10:41,253 INFO  WrapperPropertiesFixService - Gradle wrapper: https://services.gradle.org/distributions/gradle-2.3-bin.zip
2019-01-18 12:10:41,256 INFO  ProjectFixService - Build info for "/var/folders/bq/vtzpc5ns5sg2cthy61lqpg3dfzgbys/T/1547788114205-0/src/HtmlSpanner/build.gradle": [buildToolsVersion=<null>,compileSdkVersion=21,minSdkVersion=9,targetSdkVersion=21]
2019-01-18 12:10:41,256 INFO  ProjectFixService - Fixed build info for "/var/folders/bq/vtzpc5ns5sg2cthy61lqpg3dfzgbys/T/1547788114205-0/src/HtmlSpanner/build.gradle": [buildToolsVersion=28.0.0-rc2,compileSdkVersion=21,minSdkVersion=9,targetSdkVersion=21]
2019-01-18 12:10:41,257 INFO  LocalPropertiesFixService - Created fake /var/folders/bq/vtzpc5ns5sg2cthy61lqpg3dfzgbys/T/1547788114205-0/src/app/local.properties
2019-01-18 12:10:41,260 INFO  ProjectFixService - Build info for "/var/folders/bq/vtzpc5ns5sg2cthy61lqpg3dfzgbys/T/1547788114205-0/src/app/build.gradle": [buildToolsVersion=<null>,compileSdkVersion=28,minSdkVersion=19,targetSdkVersion=28]
2019-01-18 12:10:41,260 INFO  ProjectFixService - Fixed build info for "/var/folders/bq/vtzpc5ns5sg2cthy61lqpg3dfzgbys/T/1547788114205-0/src/app/build.gradle": [buildToolsVersion=28.0.0-rc2,compileSdkVersion=28,minSdkVersion=19,targetSdkVersion=28]
2019-01-18 12:10:41,261 INFO  LocalPropertiesFixService - Created fake /var/folders/bq/vtzpc5ns5sg2cthy61lqpg3dfzgbys/T/1547788114205-0/src/htmltextview/local.properties
2019-01-18 12:10:41,264 INFO  ProjectFixService - Build info for "/var/folders/bq/vtzpc5ns5sg2cthy61lqpg3dfzgbys/T/1547788114205-0/src/htmltextview/build.gradle": [buildToolsVersion=<null>,compileSdkVersion=28,minSdkVersion=19,targetSdkVersion=28]
2019-01-18 12:10:41,264 INFO  ProjectFixService - Fixed build info for "/var/folders/bq/vtzpc5ns5sg2cthy61lqpg3dfzgbys/T/1547788114205-0/src/htmltextview/build.gradle": [buildToolsVersion=28.0.0-rc2,compileSdkVersion=28,minSdkVersion=19,targetSdkVersion=28]
2019-01-18 12:10:41,265 INFO  LocalPropertiesFixService - Created fake /var/folders/bq/vtzpc5ns5sg2cthy61lqpg3dfzgbys/T/1547788114205-0/src/local.properties
2019-01-18 12:10:41,265 INFO  WrapperPropertiesFixService - Gradle wrapper: https://services.gradle.org/distributions/gradle-4.4-all.zip
2019-01-18 12:10:41,265 INFO  WrapperPropertiesFixService - Gradle wrapper was changed from "-all.zip" to "-bin.zip" (https://services.gradle.org/distributions/gradle-4.4-bin.zip)
2019-01-18 12:10:41,268 INFO  ProjectFixService - Build info for "/var/folders/bq/vtzpc5ns5sg2cthy61lqpg3dfzgbys/T/1547788114205-0/src/build.gradle": [buildToolsVersion=<null>,compileSdkVersion=21,minSdkVersion=9,targetSdkVersion=21]
2019-01-18 12:10:41,268 INFO  ProjectFixService - Fixed build info for "/var/folders/bq/vtzpc5ns5sg2cthy61lqpg3dfzgbys/T/1547788114205-0/src/build.gradle": [buildToolsVersion=28.0.0-rc2,compileSdkVersion=21,minSdkVersion=9,targetSdkVersion=21]
2019-01-18 12:10:41,269 INFO  ProjectFixService - Project was maybe fixed
2019-01-18 12:10:41,269 INFO  ProjectTaskService - Detecting possible tasks...
2019-01-18 12:10:41,269 INFO  SysUtils - Execute command: [/var/folders/bq/vtzpc5ns5sg2cthy61lqpg3dfzgbys/T/1547788114205-0/src/HtmlSpanner/gradlew, -b, /var/folders/bq/vtzpc5ns5sg2cthy61lqpg3dfzgbys/T/1547788114205-0/src/HtmlSpanner/build.gradle, -Dorg.gradle.daemon=false, -Dorg.gradle.daemon.performance.enable-monitoring=false, -Dorg.gradle.configureondemand=true, tasks]
2019-01-18 12:10:44,685 ERROR ProjectTaskService - Could not detect possible Gradle tasks: Process exited with an error: 1 (Exit value: 1)
2019-01-18 12:10:44,685 INFO  ProjectTaskService - Detected possible tasks: 3
2019-01-18 12:10:44,685 INFO  ProjectTaskService - Excluded tasks (3): sourcesJar javadocJar javadoc
2019-01-18 12:10:44,685 INFO  SysUtils - Execute command: [/var/folders/bq/vtzpc5ns5sg2cthy61lqpg3dfzgbys/T/1547788114205-0/src/HtmlSpanner/gradlew, -b, /var/folders/bq/vtzpc5ns5sg2cthy61lqpg3dfzgbys/T/1547788114205-0/src/HtmlSpanner/build.gradle, -Dorg.gradle.daemon=false, -Dorg.gradle.daemon.performance.enable-monitoring=false, -Dorg.gradle.configureondemand=true, --stacktrace, -x, sourcesJar, -x, javadocJar, -x, javadoc, build]
2019-01-18 12:10:46,449 ERROR SysUtils - Could not process external command
org.apache.commons.exec.ExecuteException: Process exited with an error: 1 (Exit value: 1)
	at org.apache.commons.exec.DefaultExecutor.executeInternal(DefaultExecutor.java:404)
	at org.apache.commons.exec.DefaultExecutor.execute(DefaultExecutor.java:166)
	at com.github.vbauer.apkmaster.util.SysUtils.execute(SysUtils.java:67)
	at com.github.vbauer.apkmaster.util.SysUtils.executeSimple(SysUtils.java:43)
	at com.github.vbauer.apkmaster.service.assembly.ProjectBuildService.buildProject(ProjectBuildService.java:78)
	at com.github.vbauer.apkmaster.service.assembly.ProjectBuildService.buildProject(ProjectBuildService.java:64)
	at com.github.vbauer.apkmaster.service.assembly.ProjectBuildService.buildProject(ProjectBuildService.java:43)
	at com.github.vbauer.apkmaster.service.FullProcessService.build(FullProcessService.java:84)
	at com.github.vbauer.apkmaster.service.FullProcessService.process(FullProcessService.java:34)
	at com.github.vbauer.apkmaster.app.MainApplication.process(MainApplication.java:38)
	at com.github.vbauer.apkmaster.app.MainApplication.main(MainApplication.java:20)
	at sun.reflect.GeneratedMethodAccessor8.invoke(Unknown Source)
	at sun.reflect.DelegatingMethodAccessorImpl.invoke(DelegatingMethodAccessorImpl.java:43)
	at java.lang.reflect.Method.invoke(Method.java:498)
	at com.android.arsenal.util.ReflectionUtils.invoke(ReflectionUtils.java:52)
	at com.android.arsenal.util.ApkMasterUtils.main(ApkMasterUtils.java:30)
	at com.android.arsenal.service.processor.impl.BuildProcessorServiceImpl.buildProject(BuildProcessorServiceImpl.java:196)
	at com.android.arsenal.service.processor.impl.BuildProcessorServiceImpl.build(BuildProcessorServiceImpl.java:130)
	at com.android.arsenal.service.processor.impl.BuildProcessorServiceImpl.lambda$createTasks$1(BuildProcessorServiceImpl.java:113)
	at java.util.concurrent.FutureTask.run(FutureTask.java:266)
	at java.util.concurrent.Executors$RunnableAdapter.call(Executors.java:511)
	at java.util.concurrent.FutureTask.run(FutureTask.java:266)
	at java.util.concurrent.ThreadPoolExecutor.runWorker(ThreadPoolExecutor.java:1149)
	at java.util.concurrent.ThreadPoolExecutor$Worker.run(ThreadPoolExecutor.java:624)
	at java.lang.Thread.run(Thread.java:748)
2019-01-18 12:10:46,450 INFO  SysUtils - Configuration on demand is an incubating feature.

FAILURE: Build failed with an exception.

* Where:
Build file '/private/var/folders/bq/vtzpc5ns5sg2cthy61lqpg3dfzgbys/T/1547788114205-0/src/build.gradle' line: 6

* What went wrong:
A problem occurred evaluating root project 'src'.
> Could not find method google() for arguments [] on repository container.

* Try:
Run with --info or --debug option to get more log output.

* Exception is:
org.gradle.api.GradleScriptException: A problem occurred evaluating root project 'src'.
	at org.gradle.groovy.scripts.internal.DefaultScriptRunnerFactory$ScriptRunnerImpl.run(DefaultScriptRunnerFactory.java:54)
	at org.gradle.configuration.DefaultScriptPluginFactory$ScriptPluginImpl.apply(DefaultScriptPluginFactory.java:133)
	at org.gradle.configuration.project.BuildScriptProcessor.execute(BuildScriptProcessor.java:39)
	at org.gradle.configuration.project.BuildScriptProcessor.execute(BuildScriptProcessor.java:26)
	at org.gradle.configuration.project.ConfigureActionsProjectEvaluator.evaluate(ConfigureActionsProjectEvaluator.java:34)
	at org.gradle.configuration.project.LifecycleProjectEvaluator.evaluate(LifecycleProjectEvaluator.java:59)
	at org.gradle.api.internal.project.AbstractProject.evaluate(AbstractProject.java:492)
	at org.gradle.api.internal.project.AbstractProject.evaluate(AbstractProject.java:86)
	at org.gradle.execution.TaskPathProjectEvaluator.configure(TaskPathProjectEvaluator.java:35)
	at org.gradle.configuration.DefaultBuildConfigurer.configure(DefaultBuildConfigurer.java:33)
	at org.gradle.initialization.DefaultGradleLauncher.doBuildStages(DefaultGradleLauncher.java:129)
	at org.gradle.initialization.DefaultGradleLauncher.doBuild(DefaultGradleLauncher.java:106)
	at org.gradle.initialization.DefaultGradleLauncher.run(DefaultGradleLauncher.java:86)
	at org.gradle.launcher.exec.InProcessBuildActionExecuter$DefaultBuildController.run(InProcessBuildActionExecuter.java:80)
	at org.gradle.launcher.cli.ExecuteBuildAction.run(ExecuteBuildAction.java:33)
	at org.gradle.launcher.cli.ExecuteBuildAction.run(ExecuteBuildAction.java:24)
	at org.gradle.launcher.exec.InProcessBuildActionExecuter.execute(InProcessBuildActionExecuter.java:36)
	at org.gradle.launcher.exec.InProcessBuildActionExecuter.execute(InProcessBuildActionExecuter.java:26)
	at org.gradle.launcher.cli.RunBuildAction.run(RunBuildAction.java:51)
	at org.gradle.internal.Actions$RunnableActionAdapter.execute(Actions.java:169)
	at org.gradle.launcher.cli.CommandLineActionFactory$ParseAndBuildAction.execute(CommandLineActionFactory.java:237)
	at org.gradle.launcher.cli.CommandLineActionFactory$ParseAndBuildAction.execute(CommandLineActionFactory.java:210)
	at org.gradle.launcher.cli.JavaRuntimeValidationAction.execute(JavaRuntimeValidationAction.java:35)
	at org.gradle.launcher.cli.JavaRuntimeValidationAction.execute(JavaRuntimeValidationAction.java:24)
	at org.gradle.launcher.cli.CommandLineActionFactory$WithLogging.execute(CommandLineActionFactory.java:206)
	at org.gradle.launcher.cli.CommandLineActionFactory$WithLogging.execute(CommandLineActionFactory.java:169)
	at org.gradle.launcher.cli.ExceptionReportingAction.execute(ExceptionReportingAction.java:33)
	at org.gradle.launcher.cli.ExceptionReportingAction.execute(ExceptionReportingAction.java:22)
	at org.gradle.launcher.Main.doAction(Main.java:33)
	at org.gradle.launcher.bootstrap.EntryPoint.run(EntryPoint.java:45)
	at org.gradle.launcher.bootstrap.ProcessBootstrap.runNoExit(ProcessBootstrap.java:54)
	at org.gradle.launcher.bootstrap.ProcessBootstrap.run(ProcessBootstrap.java:35)
	at org.gradle.launcher.GradleMain.main(GradleMain.java:23)
	at org.gradle.wrapper.BootstrapMainStarter.start(BootstrapMainStarter.java:30)
	at org.gradle.wrapper.WrapperExecutor.execute(WrapperExecutor.java:127)
	at org.gradle.wrapper.GradleWrapperMain.main(GradleWrapperMain.java:61)
Caused by: org.gradle.api.internal.MissingMethodException: Could not find method google() for arguments [] on repository container.
	at org.gradle.api.internal.AbstractDynamicObject.methodMissingException(AbstractDynamicObject.java:68)
	at org.gradle.api.internal.AbstractDynamicObject.invokeMethod(AbstractDynamicObject.java:56)
	at org.gradle.api.internal.CompositeDynamicObject.invokeMethod(CompositeDynamicObject.java:172)
	at org.gradle.api.internal.artifacts.dsl.DefaultRepositoryHandler_Decorated.invokeMethod(Unknown Source)
	at build_2gnfb3f8lyjun4k0qlazu9uzh$_run_closure1_closure2.doCall(/private/var/folders/bq/vtzpc5ns5sg2cthy61lqpg3dfzgbys/T/1547788114205-0/src/build.gradle:6)
	at org.gradle.api.internal.ClosureBackedAction.execute(ClosureBackedAction.java:67)
	at org.gradle.util.ConfigureUtil.configure(ConfigureUtil.java:130)
	at org.gradle.util.ConfigureUtil.configure(ConfigureUtil.java:110)
	at org.gradle.api.internal.artifacts.DefaultArtifactRepositoryContainer.configure(DefaultArtifactRepositoryContainer.java:66)
	at org.gradle.api.internal.artifacts.DefaultArtifactRepositoryContainer.configure(DefaultArtifactRepositoryContainer.java:33)
	at org.gradle.api.internal.ClosureBackedAction.execute(ClosureBackedAction.java:59)
	at org.gradle.util.ConfigureUtil.configure(ConfigureUtil.java:130)
	at org.gradle.util.ConfigureUtil.configure(ConfigureUtil.java:91)
	at org.gradle.api.internal.initialization.DefaultScriptHandler.repositories(DefaultScriptHandler.java:70)
	at build_2gnfb3f8lyjun4k0qlazu9uzh$_run_closure1.doCall(/private/var/folders/bq/vtzpc5ns5sg2cthy61lqpg3dfzgbys/T/1547788114205-0/src/build.gradle:5)
	at org.gradle.api.internal.ClosureBackedAction.execute(ClosureBackedAction.java:67)
	at org.gradle.util.ConfigureUtil.configure(ConfigureUtil.java:130)
	at org.gradle.util.ConfigureUtil.configure(ConfigureUtil.java:91)
	at org.gradle.api.internal.project.AbstractProject.buildscript(AbstractProject.java:839)
	at org.gradle.api.Project$buildscript.call(Unknown Source)
	at org.gradle.api.internal.project.ProjectScript.buildscript(ProjectScript.groovy:42)
	at org.gradle.api.Script$buildscript.callCurrent(Unknown Source)
	at build_2gnfb3f8lyjun4k0qlazu9uzh.run(/private/var/folders/bq/vtzpc5ns5sg2cthy61lqpg3dfzgbys/T/1547788114205-0/src/build.gradle:3)
	at org.gradle.groovy.scripts.internal.DefaultScriptRunnerFactory$ScriptRunnerImpl.run(DefaultScriptRunnerFactory.java:52)
	... 35 more


BUILD FAILED

Total time: 1.647 secs

2019-01-18 12:10:46,456 INFO  ProjectTaskService - Detecting possible tasks...
2019-01-18 12:10:46,456 INFO  SysUtils - Execute command: [/var/folders/bq/vtzpc5ns5sg2cthy61lqpg3dfzgbys/T/1547788114205-0/src/gradlew, -b, /var/folders/bq/vtzpc5ns5sg2cthy61lqpg3dfzgbys/T/1547788114205-0/src/app/build.gradle, -Dorg.gradle.daemon=false, -Dorg.gradle.daemon.performance.enable-monitoring=false, -Dorg.gradle.configureondemand=true, tasks]
2019-01-18 12:11:02,254 INFO  ProjectTaskService - Detected possible tasks: 70
2019-01-18 12:11:02,254 INFO  ProjectTaskService - Excluded tasks (22): lintDebug mockableAndroidJar javadocJar deviceCheck lint testReleaseUnitTest javadoc uninstallRelease deviceAndroidTest uninstallDebugAndroidTest installDebugAndroidTest connectedCheck connectedDebugAndroidTest uninstallAll sourcesJar test check testDebugUnitTest connectedAndroidTest installDebug lintRelease uninstallDebug
2019-01-18 12:11:02,254 INFO  SysUtils - Execute command: [/var/folders/bq/vtzpc5ns5sg2cthy61lqpg3dfzgbys/T/1547788114205-0/src/gradlew, -b, /var/folders/bq/vtzpc5ns5sg2cthy61lqpg3dfzgbys/T/1547788114205-0/src/app/build.gradle, -Dorg.gradle.daemon=false, -Dorg.gradle.daemon.performance.enable-monitoring=false, -Dorg.gradle.configureondemand=true, --stacktrace, -x, lintDebug, -x, mockableAndroidJar, -x, javadocJar, -x, deviceCheck, -x, lint, -x, testReleaseUnitTest, -x, javadoc, -x, uninstallRelease, -x, deviceAndroidTest, -x, uninstallDebugAndroidTest, -x, installDebugAndroidTest, -x, connectedCheck, -x, connectedDebugAndroidTest, -x, uninstallAll, -x, sourcesJar, -x, test, -x, check, -x, testDebugUnitTest, -x, connectedAndroidTest, -x, installDebug, -x, lintRelease, -x, uninstallDebug, build]
2019-01-18 12:11:08,453 ERROR SysUtils - Could not process external command
org.apache.commons.exec.ExecuteException: Process exited with an error: 1 (Exit value: 1)
	at org.apache.commons.exec.DefaultExecutor.executeInternal(DefaultExecutor.java:404)
	at org.apache.commons.exec.DefaultExecutor.execute(DefaultExecutor.java:166)
	at com.github.vbauer.apkmaster.util.SysUtils.execute(SysUtils.java:67)
	at com.github.vbauer.apkmaster.util.SysUtils.executeSimple(SysUtils.java:43)
	at com.github.vbauer.apkmaster.service.assembly.ProjectBuildService.buildProject(ProjectBuildService.java:78)
	at com.github.vbauer.apkmaster.service.assembly.ProjectBuildService.buildProject(ProjectBuildService.java:64)
	at com.github.vbauer.apkmaster.service.assembly.ProjectBuildService.buildProject(ProjectBuildService.java:43)
	at com.github.vbauer.apkmaster.service.FullProcessService.build(FullProcessService.java:84)
	at com.github.vbauer.apkmaster.service.FullProcessService.process(FullProcessService.java:34)
	at com.github.vbauer.apkmaster.app.MainApplication.process(MainApplication.java:38)
	at com.github.vbauer.apkmaster.app.MainApplication.main(MainApplication.java:20)
	at sun.reflect.GeneratedMethodAccessor8.invoke(Unknown Source)
	at sun.reflect.DelegatingMethodAccessorImpl.invoke(DelegatingMethodAccessorImpl.java:43)
	at java.lang.reflect.Method.invoke(Method.java:498)
	at com.android.arsenal.util.ReflectionUtils.invoke(ReflectionUtils.java:52)
	at com.android.arsenal.util.ApkMasterUtils.main(ApkMasterUtils.java:30)
	at com.android.arsenal.service.processor.impl.BuildProcessorServiceImpl.buildProject(BuildProcessorServiceImpl.java:196)
	at com.android.arsenal.service.processor.impl.BuildProcessorServiceImpl.build(BuildProcessorServiceImpl.java:130)
	at com.android.arsenal.service.processor.impl.BuildProcessorServiceImpl.lambda$createTasks$1(BuildProcessorServiceImpl.java:113)
	at java.util.concurrent.FutureTask.run(FutureTask.java:266)
	at java.util.concurrent.Executors$RunnableAdapter.call(Executors.java:511)
	at java.util.concurrent.FutureTask.run(FutureTask.java:266)
	at java.util.concurrent.ThreadPoolExecutor.runWorker(ThreadPoolExecutor.java:1149)
	at java.util.concurrent.ThreadPoolExecutor$Worker.run(ThreadPoolExecutor.java:624)
	at java.lang.Thread.run(Thread.java:748)
2019-01-18 12:11:08,453 INFO  SysUtils - Configuration on demand is an incubating feature.

FAILURE: Build failed with an exception.

* What went wrong:
Task 'javadocJar' not found in project ':app'.

* Try:
Run gradlew tasks to get a list of available tasks. Run with --info or --debug option to get more log output. Run with --scan to get full insights.

* Exception is:
org.gradle.execution.TaskSelectionException: Task 'javadocJar' not found in project ':app'.
	at org.gradle.execution.TaskSelector.getSelection(TaskSelector.java:116)
	at org.gradle.execution.TaskSelector.getFilter(TaskSelector.java:66)
	at org.gradle.execution.ExcludedTaskFilteringBuildConfigurationAction.configure(ExcludedTaskFilteringBuildConfigurationAction.java:42)
	at org.gradle.execution.DefaultBuildConfigurationActionExecuter.configure(DefaultBuildConfigurationActionExecuter.java:48)
	at org.gradle.execution.DefaultBuildConfigurationActionExecuter.select(DefaultBuildConfigurationActionExecuter.java:36)
	at org.gradle.initialization.DefaultGradleLauncher$CalculateTaskGraph.run(DefaultGradleLauncher.java:268)
	at org.gradle.internal.progress.DefaultBuildOperationExecutor$RunnableBuildOperationWorker.execute(DefaultBuildOperationExecutor.java:336)
	at org.gradle.internal.progress.DefaultBuildOperationExecutor$RunnableBuildOperationWorker.execute(DefaultBuildOperationExecutor.java:328)
	at org.gradle.internal.progress.DefaultBuildOperationExecutor.execute(DefaultBuildOperationExecutor.java:199)
	at org.gradle.internal.progress.DefaultBuildOperationExecutor.run(DefaultBuildOperationExecutor.java:110)
	at org.gradle.initialization.DefaultGradleLauncher.constructTaskGraph(DefaultGradleLauncher.java:175)
	at org.gradle.initialization.DefaultGradleLauncher.doBuildStages(DefaultGradleLauncher.java:130)
	at org.gradle.initialization.DefaultGradleLauncher.executeTasks(DefaultGradleLauncher.java:109)
	at org.gradle.internal.invocation.GradleBuildController$1.call(GradleBuildController.java:78)
	at org.gradle.internal.invocation.GradleBuildController$1.call(GradleBuildController.java:75)
	at org.gradle.internal.work.DefaultWorkerLeaseService.withLocks(DefaultWorkerLeaseService.java:152)
	at org.gradle.internal.invocation.GradleBuildController.doBuild(GradleBuildController.java:100)
	at org.gradle.internal.invocation.GradleBuildController.run(GradleBuildController.java:75)
	at org.gradle.tooling.internal.provider.ExecuteBuildActionRunner.run(ExecuteBuildActionRunner.java:28)
	at org.gradle.launcher.exec.ChainingBuildActionRunner.run(ChainingBuildActionRunner.java:35)
	at org.gradle.tooling.internal.provider.ValidatingBuildActionRunner.run(ValidatingBuildActionRunner.java:32)
	at org.gradle.launcher.exec.RunAsBuildOperationBuildActionRunner$1.run(RunAsBuildOperationBuildActionRunner.java:43)
	at org.gradle.internal.progress.DefaultBuildOperationExecutor$RunnableBuildOperationWorker.execute(DefaultBuildOperationExecutor.java:336)
	at org.gradle.internal.progress.DefaultBuildOperationExecutor$RunnableBuildOperationWorker.execute(DefaultBuildOperationExecutor.java:328)
	at org.gradle.internal.progress.DefaultBuildOperationExecutor.execute(DefaultBuildOperationExecutor.java:199)
	at org.gradle.internal.progress.DefaultBuildOperationExecutor.run(DefaultBuildOperationExecutor.java:110)
	at org.gradle.launcher.exec.RunAsBuildOperationBuildActionRunner.run(RunAsBuildOperationBuildActionRunner.java:40)
	at org.gradle.tooling.internal.provider.SubscribableBuildActionRunner.run(SubscribableBuildActionRunner.java:51)
	at org.gradle.launcher.exec.InProcessBuildActionExecuter.execute(InProcessBuildActionExecuter.java:47)
	at org.gradle.launcher.exec.InProcessBuildActionExecuter.execute(InProcessBuildActionExecuter.java:30)
	at org.gradle.launcher.exec.BuildTreeScopeBuildActionExecuter.execute(BuildTreeScopeBuildActionExecuter.java:39)
	at org.gradle.launcher.exec.BuildTreeScopeBuildActionExecuter.execute(BuildTreeScopeBuildActionExecuter.java:25)
	at org.gradle.tooling.internal.provider.ContinuousBuildActionExecuter.execute(ContinuousBuildActionExecuter.java:80)
	at org.gradle.tooling.internal.provider.ContinuousBuildActionExecuter.execute(ContinuousBuildActionExecuter.java:53)
	at org.gradle.tooling.internal.provider.ServicesSetupBuildActionExecuter.execute(ServicesSetupBuildActionExecuter.java:57)
	at org.gradle.tooling.internal.provider.ServicesSetupBuildActionExecuter.execute(ServicesSetupBuildActionExecuter.java:32)
	at org.gradle.tooling.internal.provider.GradleThreadBuildActionExecuter.execute(GradleThreadBuildActionExecuter.java:36)
	at org.gradle.tooling.internal.provider.GradleThreadBuildActionExecuter.execute(GradleThreadBuildActionExecuter.java:25)
	at org.gradle.tooling.internal.provider.ParallelismConfigurationBuildActionExecuter.execute(ParallelismConfigurationBuildActionExecuter.java:43)
	at org.gradle.tooling.internal.provider.ParallelismConfigurationBuildActionExecuter.execute(ParallelismConfigurationBuildActionExecuter.java:29)
	at org.gradle.tooling.internal.provider.StartParamsValidatingActionExecuter.execute(StartParamsValidatingActionExecuter.java:69)
	at org.gradle.tooling.internal.provider.StartParamsValidatingActionExecuter.execute(StartParamsValidatingActionExecuter.java:30)
	at org.gradle.tooling.internal.provider.SessionFailureReportingActionExecuter.execute(SessionFailureReportingActionExecuter.java:59)
	at org.gradle.tooling.internal.provider.SessionFailureReportingActionExecuter.execute(SessionFailureReportingActionExecuter.java:44)
	at org.gradle.tooling.internal.provider.SetupLoggingActionExecuter.execute(SetupLoggingActionExecuter.java:45)
	at org.gradle.tooling.internal.provider.SetupLoggingActionExecuter.execute(SetupLoggingActionExecuter.java:30)
	at org.gradle.launcher.cli.RunBuildAction.run(RunBuildAction.java:51)
	at org.gradle.internal.Actions$RunnableActionAdapter.execute(Actions.java:173)
	at org.gradle.launcher.cli.CommandLineActionFactory$ParseAndBuildAction.execute(CommandLineActionFactory.java:291)
	at org.gradle.launcher.cli.CommandLineActionFactory$ParseAndBuildAction.execute(CommandLineActionFactory.java:264)
	at org.gradle.launcher.cli.JavaRuntimeValidationAction.execute(JavaRuntimeValidationAction.java:33)
	at org.gradle.launcher.cli.JavaRuntimeValidationAction.execute(JavaRuntimeValidationAction.java:24)
	at org.gradle.launcher.cli.ExceptionReportingAction.execute(ExceptionReportingAction.java:33)
	at org.gradle.launcher.cli.ExceptionReportingAction.execute(ExceptionReportingAction.java:22)
	at org.gradle.launcher.cli.CommandLineActionFactory$WithLogging.execute(CommandLineActionFactory.java:257)
	at org.gradle.launcher.cli.CommandLineActionFactory$WithLogging.execute(CommandLineActionFactory.java:191)
	at org.gradle.launcher.Main.doAction(Main.java:33)
	at org.gradle.launcher.bootstrap.EntryPoint.run(EntryPoint.java:45)
	at org.gradle.launcher.bootstrap.ProcessBootstrap.runNoExit(ProcessBootstrap.java:60)
	at org.gradle.launcher.bootstrap.ProcessBootstrap.run(ProcessBootstrap.java:37)
	at org.gradle.launcher.GradleMain.main(GradleMain.java:23)
	at org.gradle.wrapper.BootstrapMainStarter.start(BootstrapMainStarter.java:31)
	at org.gradle.wrapper.WrapperExecutor.execute(WrapperExecutor.java:108)
	at org.gradle.wrapper.GradleWrapperMain.main(GradleWrapperMain.java:61)


* Get more help at https://help.gradle.org

BUILD FAILED in 5s

2019-01-18 12:11:08,453 ERROR ProjectBuildService - Excluded tasks were detected wrong
2019-01-18 12:11:08,453 INFO  SysUtils - Execute command: [/var/folders/bq/vtzpc5ns5sg2cthy61lqpg3dfzgbys/T/1547788114205-0/src/gradlew, -b, /var/folders/bq/vtzpc5ns5sg2cthy61lqpg3dfzgbys/T/1547788114205-0/src/app/build.gradle, -Dorg.gradle.daemon=false, -Dorg.gradle.daemon.performance.enable-monitoring=false, -Dorg.gradle.configureondemand=true, --stacktrace, build]
2019-01-18 12:12:06,543 INFO  SysUtils - Configuration on demand is an incubating feature.
Download https://plugins.gradle.org/m2/org/jfrog/buildinfo/build-info-client/2.5.1/build-info-client-2.5.1.jar
Download https://plugins.gradle.org/m2/org/jfrog/buildinfo/build-info-extractor/2.5.1/build-info-extractor-2.5.1.jar
Download https://plugins.gradle.org/m2/org/jfrog/buildinfo/build-info-api/2.5.1/build-info-api-2.5.1.jar
Download https://plugins.gradle.org/m2/org/jfrog/buildinfo/build-info-extractor-gradle/3.1.1/build-info-extractor-gradle-3.1.1.jar
[buildinfo] Not using buildInfo properties file for this build.
:app:preBuild UP-TO-DATE
:htmlspanner:preBuild UP-TO-DATE
:htmlspanner:preDebugBuild UP-TO-DATE
:htmlspanner:checkDebugManifest
:htmlspanner:processDebugManifest
:htmltextview:preBuild UP-TO-DATE
:htmltextview:preDebugBuild UP-TO-DATE
:htmltextview:checkDebugManifest
:htmltextview:processDebugManifest
:app:preDebugBuild
:htmlspanner:compileDebugAidl
:htmltextview:compileDebugAidl
:app:compileDebugAidl
:htmlspanner:packageDebugRenderscript NO-SOURCE
:htmltextview:packageDebugRenderscript NO-SOURCE
:app:compileDebugRenderscript
:app:checkDebugManifest
:app:generateDebugBuildConfig
:app:mainApkListPersistenceDebug
:app:generateDebugResValues
:app:generateDebugResources
:htmlspanner:compileDebugRenderscript
:htmlspanner:generateDebugResValues
:htmlspanner:generateDebugResources
:htmlspanner:packageDebugResources
:htmltextview:compileDebugRenderscript
:htmltextview:generateDebugResValues
:htmltextview:generateDebugResources
:htmltextview:packageDebugResources
:app:mergeDebugResources
:app:createDebugCompatibleScreenManifests
:app:processDebugManifest
:app:splitsDiscoveryTaskDebug
:htmlspanner:platformAttrExtractor
:htmltextview:platformAttrExtractor
:htmlspanner:generateDebugBuildConfig
:htmlspanner:prepareLintJar
:htmlspanner:javaPreCompileDebug
:htmlspanner:processDebugJavaRes NO-SOURCE
:htmltextview:generateDebugBuildConfig
:htmltextview:prepareLintJar
:htmltextview:processDebugJavaRes NO-SOURCE
:app:prepareLintJar
:app:compileDebugNdk NO-SOURCE
:app:mergeDebugShaders
:app:compileDebugShaders
:app:generateDebugAssets
:htmlspanner:mergeDebugShaders
:htmlspanner:compileDebugShaders
:htmlspanner:generateDebugAssets
:htmlspanner:packageDebugAssets
:htmltextview:mergeDebugShaders
:htmltextview:compileDebugShaders
:htmltextview:generateDebugAssets
:htmltextview:packageDebugAssets
:app:mergeDebugAssets
:app:mergeDebugJniLibFolders
:htmlspanner:compileDebugNdk NO-SOURCE
:htmlspanner:mergeDebugJniLibFolders
:htmlspanner:transformNativeLibsWithMergeJniLibsForDebug
:htmlspanner:transformNativeLibsWithStripDebugSymbolForDebug
:htmlspanner:transformNativeLibsWithIntermediateJniLibsForDebug
:htmltextview:compileDebugNdk NO-SOURCE
:htmltextview:mergeDebugJniLibFolders
:htmltextview:transformNativeLibsWithMergeJniLibsForDebug
:htmltextview:transformNativeLibsWithStripDebugSymbolForDebug
:htmltextview:transformNativeLibsWithIntermediateJniLibsForDebug
:app:processDebugJavaRes NO-SOURCE
:app:validateSigningDebug
:htmlspanner:preReleaseBuild UP-TO-DATE
:htmlspanner:checkReleaseManifest
:htmlspanner:processReleaseManifest
:htmltextview:preReleaseBuild UP-TO-DATE
:htmltextview:checkReleaseManifest
:htmltextview:processReleaseManifest
:app:preReleaseBuild
:htmlspanner:compileReleaseAidl
:htmltextview:compileReleaseAidl
:app:compileReleaseAidl
:htmlspanner:packageReleaseRenderscript NO-SOURCE
:htmltextview:packageReleaseRenderscript NO-SOURCE
:app:compileReleaseRenderscript
:app:checkReleaseManifest
:app:generateReleaseBuildConfig
:app:mainApkListPersistenceRelease
:app:generateReleaseResValues
:app:generateReleaseResources
:htmlspanner:compileReleaseRenderscript
:htmlspanner:generateReleaseResValues
:htmlspanner:generateReleaseResources
:htmlspanner:packageReleaseResources
:htmltextview:compileReleaseRenderscript
:htmltextview:generateReleaseResValues
:htmltextview:generateReleaseResources
:htmltextview:packageReleaseResources
:app:mergeReleaseResources
:app:createReleaseCompatibleScreenManifests
:app:processReleaseManifest
:app:splitsDiscoveryTaskRelease
:htmlspanner:generateReleaseBuildConfig
:htmlspanner:javaPreCompileRelease
:htmlspanner:processReleaseJavaRes NO-SOURCE
:htmltextview:generateReleaseBuildConfig
:htmltextview:processReleaseJavaRes NO-SOURCE
:app:compileReleaseNdk NO-SOURCE
:app:mergeReleaseShaders
:app:compileReleaseShaders
:app:generateReleaseAssets
:htmlspanner:mergeReleaseShaders
:htmlspanner:compileReleaseShaders
:htmlspanner:generateReleaseAssets
:htmlspanner:packageReleaseAssets
:htmltextview:mergeReleaseShaders
:htmltextview:compileReleaseShaders
:htmltextview:generateReleaseAssets
:htmltextview:packageReleaseAssets
:app:mergeReleaseAssets
:app:mergeReleaseJniLibFolders
:htmlspanner:compileReleaseNdk NO-SOURCE
:htmlspanner:mergeReleaseJniLibFolders
:htmlspanner:transformNativeLibsWithMergeJniLibsForRelease
:htmlspanner:transformNativeLibsWithStripDebugSymbolForRelease
:htmlspanner:transformNativeLibsWithIntermediateJniLibsForRelease
:htmltextview:compileReleaseNdk NO-SOURCE
:htmltextview:mergeReleaseJniLibFolders
:htmltextview:transformNativeLibsWithMergeJniLibsForRelease
:htmltextview:transformNativeLibsWithStripDebugSymbolForRelease
:htmltextview:transformNativeLibsWithIntermediateJniLibsForRelease
:app:processReleaseJavaRes NO-SOURCE
:app:preDebugUnitTestBuild UP-TO-DATE
:app:mockableAndroidJar
:app:processDebugUnitTestJavaRes NO-SOURCE
:app:preReleaseUnitTestBuild UP-TO-DATE
:app:processReleaseUnitTestJavaRes NO-SOURCE
:htmlspanner:generateDebugRFile
:htmltextview:generateDebugRFile
:app:processDebugResources
:htmlspanner:generateDebugSources
:htmlspanner:compileDebugJavaWithJavacNote: /private/var/folders/bq/vtzpc5ns5sg2cthy61lqpg3dfzgbys/T/1547788114205-0/src/HtmlSpanner/src/main/java/com/sysdata/htmlspanner/handlers/ImageHandler.java uses or overrides a deprecated API.
Note: Recompile with -Xlint:deprecation for details.

:htmlspanner:transformClassesAndResourcesWithPrepareIntermediateJarsForDebug
:htmltextview:compileDebugKotlin
:htmltextview:generateDebugSources
:htmltextview:javaPreCompileDebug
:htmltextview:compileDebugJavaWithJavac
:htmltextview:transformClassesAndResourcesWithPrepareIntermediateJarsForDebug
:app:compileDebugKotlin
:app:generateDebugSources
:app:javaPreCompileDebug
:app:compileDebugJavaWithJavac
:app:compileDebugSources
:app:transformClassesWithDexBuilderForDebug
:app:transformDexArchiveWithExternalLibsDexMergerForDebug
:app:transformDexArchiveWithDexMergerForDebug
:app:transformNativeLibsWithMergeJniLibsForDebug
:app:transformNativeLibsWithStripDebugSymbolForDebug
:app:transformResourcesWithMergeJavaResForDebug
:app:packageDebug
:app:assembleDebug
:htmlspanner:generateReleaseRFile
:htmltextview:generateReleaseRFile
:app:processReleaseResources
:htmlspanner:generateReleaseSources
:htmlspanner:compileReleaseJavaWithJavacNote: /private/var/folders/bq/vtzpc5ns5sg2cthy61lqpg3dfzgbys/T/1547788114205-0/src/HtmlSpanner/src/main/java/com/sysdata/htmlspanner/handlers/ImageHandler.java uses or overrides a deprecated API.
Note: Recompile with -Xlint:deprecation for details.

:htmlspanner:transformClassesAndResourcesWithPrepareIntermediateJarsForRelease
:htmltextview:compileReleaseKotlin
:htmltextview:generateReleaseSources
:htmltextview:javaPreCompileRelease
:htmltextview:compileReleaseJavaWithJavac
:htmltextview:transformClassesAndResourcesWithPrepareIntermediateJarsForRelease
:app:compileReleaseKotlin
:app:generateReleaseSources
:app:javaPreCompileRelease
:app:compileReleaseJavaWithJavac
:app:compileReleaseSources
:app:lintVitalRelease SKIPPED
:app:transformClassesWithDexBuilderForRelease
:app:transformDexArchiveWithExternalLibsDexMergerForRelease
:app:transformDexArchiveWithDexMergerForRelease
:app:transformNativeLibsWithMergeJniLibsForRelease
:app:transformNativeLibsWithStripDebugSymbolForRelease
:app:transformResourcesWithMergeJavaResForRelease
:app:packageRelease
:app:assembleRelease
:app:assemble
:app:lint
Ran lint on variant debug: 4 issues found
Ran lint on variant release: 4 issues found
Wrote HTML report to file:///private/var/folders/bq/vtzpc5ns5sg2cthy61lqpg3dfzgbys/T/1547788114205-0/src/app/build/reports/lint-results.html
Wrote XML report to file:///private/var/folders/bq/vtzpc5ns5sg2cthy61lqpg3dfzgbys/T/1547788114205-0/src/app/build/reports/lint-results.xml
:app:compileDebugUnitTestKotlin
:app:javaPreCompileDebugUnitTest
:app:compileDebugUnitTestJavaWithJavac NO-SOURCE
:app:testDebugUnitTest
:app:compileReleaseUnitTestKotlin
:app:javaPreCompileReleaseUnitTest
:app:compileReleaseUnitTestJavaWithJavac NO-SOURCE
:app:testReleaseUnitTest
:app:test
:app:check
:app:build

BUILD SUCCESSFUL in 57s
140 actionable tasks: 140 executed

2019-01-18 12:12:06,649 INFO  FullProcessService - Found APK file: /var/folders/bq/vtzpc5ns5sg2cthy61lqpg3dfzgbys/T/1547788114205-0/src/app/build/outputs/apk/debug/app-debug.apk
