2018-10-08 13:00:03,136 INFO  DownloadService - Downloading "https://github.com/adrielcafe/KBus/archive/master.zip", attempt 3
2018-10-08 13:00:03,813 INFO  DownloadService - Downloaded https://github.com/adrielcafe/KBus/archive/master.zip, attempt 3
2018-10-08 13:00:03,813 INFO  DownloadService - Size of file "/var/folders/bq/vtzpc5ns5sg2cthy61lqpg3dfzgbys/T/1538978403131-0/master.zip": 139 KB
2018-10-08 13:00:03,813 INFO  ArchiveUtils - Checking entries [.gradle] in ZIP file...
2018-10-08 13:00:03,819 INFO  ArchiveUtils - Has entries [.gradle] in ZIP file /var/folders/bq/vtzpc5ns5sg2cthy61lqpg3dfzgbys/T/1538978403131-0/master.zip: true
2018-10-08 13:00:03,819 DEBUG ZipUtil - Extracting '/var/folders/bq/vtzpc5ns5sg2cthy61lqpg3dfzgbys/T/1538978403131-0/master.zip' into '/var/folders/bq/vtzpc5ns5sg2cthy61lqpg3dfzgbys/T/1538978403131-0/src'.
2018-10-08 13:00:03,839 INFO  FullProcessService - Size of directory with sources: 146 KB
2018-10-08 13:00:03,839 INFO  SysUtils - Execute command: [git, init, /var/folders/bq/vtzpc5ns5sg2cthy61lqpg3dfzgbys/T/1538978403131-0/src]
2018-10-08 13:00:03,889 INFO  SysUtils - Initialized empty Git repository in /private/var/folders/bq/vtzpc5ns5sg2cthy61lqpg3dfzgbys/T/1538978403131-0/src/.git/

2018-10-08 13:00:03,893 INFO  ProjectBuildService - Gradle wrapper(s): /var/folders/bq/vtzpc5ns5sg2cthy61lqpg3dfzgbys/T/1538978403131-0/src/KBus-master/gradlew
2018-10-08 13:00:03,898 INFO  ProjectBuildService - Build script(s): /var/folders/bq/vtzpc5ns5sg2cthy61lqpg3dfzgbys/T/1538978403131-0/src/KBus-master/app/build.gradle /var/folders/bq/vtzpc5ns5sg2cthy61lqpg3dfzgbys/T/1538978403131-0/src/KBus-master/library/build.gradle /var/folders/bq/vtzpc5ns5sg2cthy61lqpg3dfzgbys/T/1538978403131-0/src/KBus-master/build.gradle
2018-10-08 13:00:03,903 INFO  ProjectBuildService - All script(s): /var/folders/bq/vtzpc5ns5sg2cthy61lqpg3dfzgbys/T/1538978403131-0/src/KBus-master/app/build.gradle /var/folders/bq/vtzpc5ns5sg2cthy61lqpg3dfzgbys/T/1538978403131-0/src/KBus-master/library/build.gradle /var/folders/bq/vtzpc5ns5sg2cthy61lqpg3dfzgbys/T/1538978403131-0/src/KBus-master/build.gradle /var/folders/bq/vtzpc5ns5sg2cthy61lqpg3dfzgbys/T/1538978403131-0/src/KBus-master/settings.gradle
2018-10-08 13:00:03,904 INFO  ProjectBuildService - Remote scripts: none
2018-10-08 13:00:03,904 INFO  ProjectFixService - Fixing project...
2018-10-08 13:00:03,916 INFO  LocalPropertiesFixService - Created fake /var/folders/bq/vtzpc5ns5sg2cthy61lqpg3dfzgbys/T/1538978403131-0/src/KBus-master/app/local.properties
2018-10-08 13:00:03,917 INFO  ProjectFixService - Build info for "/var/folders/bq/vtzpc5ns5sg2cthy61lqpg3dfzgbys/T/1538978403131-0/src/KBus-master/app/build.gradle": [buildToolsVersion=<null>,compileSdkVersion=27,minSdkVersion=21,targetSdkVersion=27]
2018-10-08 13:00:03,917 INFO  ProjectFixService - Fixed build info for "/var/folders/bq/vtzpc5ns5sg2cthy61lqpg3dfzgbys/T/1538978403131-0/src/KBus-master/app/build.gradle": [buildToolsVersion=28.0.0-rc2,compileSdkVersion=27,minSdkVersion=21,targetSdkVersion=27]
2018-10-08 13:00:03,919 INFO  LocalPropertiesFixService - Created fake /var/folders/bq/vtzpc5ns5sg2cthy61lqpg3dfzgbys/T/1538978403131-0/src/KBus-master/library/local.properties
2018-10-08 13:00:03,920 INFO  ProjectFixService - Build info for "/var/folders/bq/vtzpc5ns5sg2cthy61lqpg3dfzgbys/T/1538978403131-0/src/KBus-master/library/build.gradle": [buildToolsVersion=<null>,compileSdkVersion=27,minSdkVersion=21,targetSdkVersion=27]
2018-10-08 13:00:03,920 INFO  ProjectFixService - Fixed build info for "/var/folders/bq/vtzpc5ns5sg2cthy61lqpg3dfzgbys/T/1538978403131-0/src/KBus-master/library/build.gradle": [buildToolsVersion=28.0.0-rc2,compileSdkVersion=27,minSdkVersion=21,targetSdkVersion=27]
2018-10-08 13:00:03,922 INFO  LocalPropertiesFixService - Created fake /var/folders/bq/vtzpc5ns5sg2cthy61lqpg3dfzgbys/T/1538978403131-0/src/KBus-master/local.properties
2018-10-08 13:00:03,922 INFO  WrapperPropertiesFixService - Gradle wrapper: https://services.gradle.org/distributions/gradle-4.4-all.zip
2018-10-08 13:00:03,923 INFO  WrapperPropertiesFixService - Gradle wrapper was changed from "-all.zip" to "-bin.zip" (https://services.gradle.org/distributions/gradle-4.4-bin.zip)
2018-10-08 13:00:03,925 INFO  ProjectFixService - Build info for "/var/folders/bq/vtzpc5ns5sg2cthy61lqpg3dfzgbys/T/1538978403131-0/src/KBus-master/build.gradle": [buildToolsVersion=<null>,compileSdkVersion=27,minSdkVersion=21,targetSdkVersion=27]
2018-10-08 13:00:03,925 INFO  ProjectFixService - Fixed build info for "/var/folders/bq/vtzpc5ns5sg2cthy61lqpg3dfzgbys/T/1538978403131-0/src/KBus-master/build.gradle": [buildToolsVersion=28.0.0-rc2,compileSdkVersion=27,minSdkVersion=21,targetSdkVersion=27]
2018-10-08 13:00:03,926 INFO  ProjectFixService - Project was maybe fixed
2018-10-08 13:00:03,926 INFO  ProjectTaskService - Detecting possible tasks...
2018-10-08 13:00:03,926 INFO  SysUtils - Execute command: [/var/folders/bq/vtzpc5ns5sg2cthy61lqpg3dfzgbys/T/1538978403131-0/src/KBus-master/gradlew, -b, /var/folders/bq/vtzpc5ns5sg2cthy61lqpg3dfzgbys/T/1538978403131-0/src/KBus-master/app/build.gradle, -Dorg.gradle.daemon=false, -Dorg.gradle.daemon.performance.enable-monitoring=false, -Dorg.gradle.configureondemand=true, tasks]
2018-10-08 13:00:16,020 INFO  ProjectTaskService - Detected possible tasks: 66
2018-10-08 13:00:16,020 INFO  ProjectTaskService - Excluded tasks (19): lintDebug mockableAndroidJar deviceCheck lint testReleaseUnitTest uninstallRelease deviceAndroidTest uninstallDebugAndroidTest installDebugAndroidTest connectedCheck connectedDebugAndroidTest uninstallAll test check testDebugUnitTest connectedAndroidTest installDebug lintRelease uninstallDebug
2018-10-08 13:00:16,020 INFO  SysUtils - Execute command: [/var/folders/bq/vtzpc5ns5sg2cthy61lqpg3dfzgbys/T/1538978403131-0/src/KBus-master/gradlew, -b, /var/folders/bq/vtzpc5ns5sg2cthy61lqpg3dfzgbys/T/1538978403131-0/src/KBus-master/app/build.gradle, -Dorg.gradle.daemon=false, -Dorg.gradle.daemon.performance.enable-monitoring=false, -Dorg.gradle.configureondemand=true, --stacktrace, -x, lintDebug, -x, mockableAndroidJar, -x, deviceCheck, -x, lint, -x, testReleaseUnitTest, -x, uninstallRelease, -x, deviceAndroidTest, -x, uninstallDebugAndroidTest, -x, installDebugAndroidTest, -x, connectedCheck, -x, connectedDebugAndroidTest, -x, uninstallAll, -x, test, -x, check, -x, testDebugUnitTest, -x, connectedAndroidTest, -x, installDebug, -x, lintRelease, -x, uninstallDebug, build]
2018-10-08 13:00:54,545 ERROR SysUtils - Could not process external command
org.apache.commons.exec.ExecuteException: Process exited with an error: 1 (Exit value: 1)
	at org.apache.commons.exec.DefaultExecutor.executeInternal(DefaultExecutor.java:404)
	at org.apache.commons.exec.DefaultExecutor.execute(DefaultExecutor.java:166)
	at com.github.vbauer.apkmaster.util.SysUtils.execute(SysUtils.java:67)
	at com.github.vbauer.apkmaster.util.SysUtils.executeSimple(SysUtils.java:43)
	at com.github.vbauer.apkmaster.service.assembly.ProjectBuildService.buildProject(ProjectBuildService.java:78)
	at com.github.vbauer.apkmaster.service.assembly.ProjectBuildService.buildProject(ProjectBuildService.java:64)
	at com.github.vbauer.apkmaster.service.assembly.ProjectBuildService.buildProject(ProjectBuildService.java:43)
	at com.github.vbauer.apkmaster.service.FullProcessService.build(FullProcessService.java:84)
	at com.github.vbauer.apkmaster.service.FullProcessService.process(FullProcessService.java:34)
	at com.github.vbauer.apkmaster.app.MainApplication.process(MainApplication.java:38)
	at com.github.vbauer.apkmaster.app.MainApplication.main(MainApplication.java:20)
	at sun.reflect.NativeMethodAccessorImpl.invoke0(Native Method)
	at sun.reflect.NativeMethodAccessorImpl.invoke(NativeMethodAccessorImpl.java:62)
	at sun.reflect.DelegatingMethodAccessorImpl.invoke(DelegatingMethodAccessorImpl.java:43)
	at java.lang.reflect.Method.invoke(Method.java:498)
	at com.android.arsenal.util.ReflectionUtils.invoke(ReflectionUtils.java:52)
	at com.android.arsenal.util.ApkMasterUtils.main(ApkMasterUtils.java:30)
	at com.android.arsenal.service.processor.impl.BuildProcessorServiceImpl.buildProject(BuildProcessorServiceImpl.java:196)
	at com.android.arsenal.service.processor.impl.BuildProcessorServiceImpl.build(BuildProcessorServiceImpl.java:130)
	at com.android.arsenal.service.processor.impl.BuildProcessorServiceImpl.lambda$null$1(BuildProcessorServiceImpl.java:113)
	at java.util.concurrent.FutureTask.run(FutureTask.java:266)
	at java.util.concurrent.Executors$RunnableAdapter.call(Executors.java:511)
	at java.util.concurrent.FutureTask.run(FutureTask.java:266)
	at java.util.concurrent.ThreadPoolExecutor.runWorker(ThreadPoolExecutor.java:1149)
	at java.util.concurrent.ThreadPoolExecutor$Worker.run(ThreadPoolExecutor.java:624)
	at java.lang.Thread.run(Thread.java:748)
2018-10-08 13:00:54,546 INFO  SysUtils - Configuration on demand is an incubating feature.
:app:preBuild UP-TO-DATE
:library:preBuild UP-TO-DATE
:library:preDebugBuild UP-TO-DATE
:library:checkDebugManifest
:library:processDebugManifest
:app:preDebugBuild
:library:compileDebugAidl
:app:compileDebugAidl
:library:packageDebugRenderscript NO-SOURCE
:app:compileDebugRenderscript
:app:checkDebugManifest
:app:generateDebugBuildConfig
:app:mainApkListPersistenceDebug
:app:generateDebugResValues
:app:generateDebugResources
:library:compileDebugRenderscript
:library:generateDebugResValues
:library:generateDebugResources
:library:packageDebugResources
:app:mergeDebugResources
:app:createDebugCompatibleScreenManifests
:app:processDebugManifest
:app:splitsDiscoveryTaskDebug
:library:platformAttrExtractor
:library:generateDebugBuildConfig
:library:prepareLintJar
:library:processDebugJavaRes NO-SOURCE
:app:prepareLintJar
:app:compileDebugNdk NO-SOURCE
:app:mergeDebugShaders
:app:compileDebugShaders
:app:generateDebugAssets
:library:mergeDebugShaders
:library:compileDebugShaders
:library:generateDebugAssets
:library:packageDebugAssets
:app:mergeDebugAssets
:app:mergeDebugJniLibFolders
:library:compileDebugNdk NO-SOURCE
:library:mergeDebugJniLibFolders
:library:transformNativeLibsWithMergeJniLibsForDebug
:library:transformNativeLibsWithStripDebugSymbolForDebug
:library:transformNativeLibsWithIntermediateJniLibsForDebug
:app:processDebugJavaRes NO-SOURCE
:app:validateSigningDebug
:library:preReleaseBuild UP-TO-DATE
:library:checkReleaseManifest
:library:processReleaseManifest
:app:preReleaseBuild
:library:compileReleaseAidl
:app:compileReleaseAidl
:library:packageReleaseRenderscript NO-SOURCE
:app:compileReleaseRenderscript
:app:checkReleaseManifest
:app:generateReleaseBuildConfig
:app:mainApkListPersistenceRelease
:app:generateReleaseResValues
:app:generateReleaseResources
:library:compileReleaseRenderscript
:library:generateReleaseResValues
:library:generateReleaseResources
:library:packageReleaseResources
:app:mergeReleaseResources
:app:createReleaseCompatibleScreenManifests
:app:processReleaseManifest
:app:splitsDiscoveryTaskRelease
:library:generateReleaseBuildConfig
:library:processReleaseJavaRes NO-SOURCE
:app:compileReleaseNdk NO-SOURCE
:app:mergeReleaseShaders
:app:compileReleaseShaders
:app:generateReleaseAssets
:library:mergeReleaseShaders
:library:compileReleaseShaders
:library:generateReleaseAssets
:library:packageReleaseAssets
:app:mergeReleaseAssets
:app:mergeReleaseJniLibFolders
:library:compileReleaseNdk NO-SOURCE
:library:mergeReleaseJniLibFolders
:library:transformNativeLibsWithMergeJniLibsForRelease
:library:transformNativeLibsWithStripDebugSymbolForRelease
:library:transformNativeLibsWithIntermediateJniLibsForRelease
:app:processReleaseJavaRes NO-SOURCE
:library:generateDebugRFile
:app:processDebugResources
:library:compileDebugKotlin
:library:generateDebugSources
:library:javaPreCompileDebug
:library:compileDebugJavaWithJavac
:library:transformClassesAndResourcesWithPrepareIntermediateJarsForDebug
:app:compileDebugKotlin
w: /private/var/folders/bq/vtzpc5ns5sg2cthy61lqpg3dfzgbys/T/1538978403131-0/src/KBus-master/app/src/main/java/cafe/adriel/kbus/MainActivity.kt: (24, 19): Parameter 'v' is never used
:app:generateDebugSources
:app:javaPreCompileDebug
:app:compileDebugJavaWithJavac
:app:compileDebugSources
:app:transformClassesWithDexBuilderForDebug
D8 is used to build dex.
:app:transformDexArchiveWithExternalLibsDexMergerForDebug
:app:transformDexArchiveWithDexMergerForDebug
D8 is used to merge dex.
D8: Program type already present: cafe.adriel.kbus.BuildConfig
java.lang.RuntimeException: java.lang.RuntimeException: com.android.builder.dexing.DexArchiveMergerException: Error while merging dex archives: /private/var/folders/bq/vtzpc5ns5sg2cthy61lqpg3dfzgbys/T/1538978403131-0/src/KBus-master/app/build/intermediates/transforms/dexBuilder/debug/22, /private/var/folders/bq/vtzpc5ns5sg2cthy61lqpg3dfzgbys/T/1538978403131-0/src/KBus-master/app/build/intermediates/transforms/dexBuilder/debug/23, /private/var/folders/bq/vtzpc5ns5sg2cthy61lqpg3dfzgbys/T/1538978403131-0/src/KBus-master/app/build/intermediates/transforms/externalLibsDexMerger/debug/0, /private/var/folders/bq/vtzpc5ns5sg2cthy61lqpg3dfzgbys/T/1538978403131-0/src/KBus-master/app/build/intermediates/transforms/dexBuilder/debug/18.jar, /private/var/folders/bq/vtzpc5ns5sg2cthy61lqpg3dfzgbys/T/1538978403131-0/src/KBus-master/app/build/intermediates/transforms/dexBuilder/debug/20.jar, /private/var/folders/bq/vtzpc5ns5sg2cthy61lqpg3dfzgbys/T/1538978403131-0/src/KBus-master/app/build/intermediates/transforms/dexBuilder/debug/21.jar
	at sun.reflect.NativeConstructorAccessorImpl.newInstance0(Native Method)
	at sun.reflect.NativeConstructorAccessorImpl.newInstance(NativeConstructorAccessorImpl.java:62)
	at sun.reflect.DelegatingConstructorAccessorImpl.newInstance(DelegatingConstructorAccessorImpl.java:45)
	at java.lang.reflect.Constructor.newInstance(Constructor.java:423)
	at java.util.concurrent.ForkJoinTask.getThrowableException(ForkJoinTask.java:593)
	at java.util.concurrent.ForkJoinTask.reportException(ForkJoinTask.java:677)
	at java.util.concurrent.ForkJoinTask.join(ForkJoinTask.java:720)
	at com.google.common.collect.ImmutableList.forEach(ImmutableList.java:397)
	at com.android.build.gradle.internal.transforms.DexMergerTransform.transform(DexMergerTransform.java:225)
	at com.android.build.gradle.internal.pipeline.TransformTask$2.call(TransformTask.java:221)
	at com.android.build.gradle.internal.pipeline.TransformTask$2.call(TransformTask.java:217)
	at com.android.builder.profile.ThreadRecorder.record(ThreadRecorder.java:102)
	at com.android.build.gradle.internal.pipeline.TransformTask.transform(TransformTask.java:212)
	at sun.reflect.NativeMethodAccessorImpl.invoke0(Native Method)
	at sun.reflect.NativeMethodAccessorImpl.invoke(NativeMethodAccessorImpl.java:62)
	at sun.reflect.DelegatingMethodAccessorImpl.invoke(DelegatingMethodAccessorImpl.java:43)
	at java.lang.reflect.Method.invoke(Method.java:498)
	at org.gradle.internal.reflect.JavaMethod.invoke(JavaMethod.java:73)
	at org.gradle.api.internal.project.taskfactory.IncrementalTaskAction.doExecute(IncrementalTaskAction.java:46)
	at org.gradle.api.internal.project.taskfactory.StandardTaskAction.execute(StandardTaskAction.java:39)
	at org.gradle.api.internal.project.taskfactory.StandardTaskAction.execute(StandardTaskAction.java:26)
	at org.gradle.api.internal.tasks.execution.ExecuteActionsTaskExecuter$1.run(ExecuteActionsTaskExecuter.java:121)
	at org.gradle.internal.progress.DefaultBuildOperationExecutor$RunnableBuildOperationWorker.execute(DefaultBuildOperationExecutor.java:336)
	at org.gradle.internal.progress.DefaultBuildOperationExecutor$RunnableBuildOperationWorker.execute(DefaultBuildOperationExecutor.java:328)
	at org.gradle.internal.progress.DefaultBuildOperationExecutor.execute(DefaultBuildOperationExecutor.java:199)
	at org.gradle.internal.progress.DefaultBuildOperationExecutor.run(DefaultBuildOperationExecutor.java:110)
	at org.gradle.api.internal.tasks.execution.ExecuteActionsTaskExecuter.executeAction(ExecuteActionsTaskExecuter.java:110)
	at org.gradle.api.internal.tasks.execution.ExecuteActionsTaskExecuter.executeActions(ExecuteActionsTaskExecuter.java:92)
	at org.gradle.api.internal.tasks.execution.ExecuteActionsTaskExecuter.execute(ExecuteActionsTaskExecuter.java:70)
	at org.gradle.api.internal.tasks.execution.OutputDirectoryCreatingTaskExecuter.execute(OutputDirectoryCreatingTaskExecuter.java:51)
	at org.gradle.api.internal.tasks.execution.SkipUpToDateTaskExecuter.execute(SkipUpToDateTaskExecuter.java:62)
	at org.gradle.api.internal.tasks.execution.ResolveTaskOutputCachingStateExecuter.execute(ResolveTaskOutputCachingStateExecuter.java:54)
	at org.gradle.api.internal.tasks.execution.ValidatingTaskExecuter.execute(ValidatingTaskExecuter.java:60)
	at org.gradle.api.internal.tasks.execution.SkipEmptySourceFilesTaskExecuter.execute(SkipEmptySourceFilesTaskExecuter.java:97)
	at org.gradle.api.internal.tasks.execution.CleanupStaleOutputsExecuter.execute(CleanupStaleOutputsExecuter.java:87)
	at org.gradle.api.internal.tasks.execution.ResolveTaskArtifactStateTaskExecuter.execute(ResolveTaskArtifactStateTaskExecuter.java:52)
	at org.gradle.api.internal.tasks.execution.SkipTaskWithNoActionsExecuter.execute(SkipTaskWithNoActionsExecuter.java:52)
	at org.gradle.api.internal.tasks.execution.SkipOnlyIfTaskExecuter.execute(SkipOnlyIfTaskExecuter.java:54)
	at org.gradle.api.internal.tasks.execution.ExecuteAtMostOnceTaskExecuter.execute(ExecuteAtMostOnceTaskExecuter.java:43)
	at org.gradle.api.internal.tasks.execution.CatchExceptionTaskExecuter.execute(CatchExceptionTaskExecuter.java:34)
	at org.gradle.execution.taskgraph.DefaultTaskGraphExecuter$EventFiringTaskWorker$1.run(DefaultTaskGraphExecuter.java:248)
	at org.gradle.internal.progress.DefaultBuildOperationExecutor$RunnableBuildOperationWorker.execute(DefaultBuildOperationExecutor.java:336)
	at org.gradle.internal.progress.DefaultBuildOperationExecutor$RunnableBuildOperationWorker.execute(DefaultBuildOperationExecutor.java:328)
	at org.gradle.internal.progress.DefaultBuildOperationExecutor.execute(DefaultBuildOperationExecutor.java:199)
	at org.gradle.internal.progress.DefaultBuildOperationExecutor.run(DefaultBuildOperationExecutor.java:110)
	at org.gradle.execution.taskgraph.DefaultTaskGraphExecuter$EventFiringTaskWorker.execute(DefaultTaskGraphExecuter.java:241)
	at org.gradle.execution.taskgraph.DefaultTaskGraphExecuter$EventFiringTaskWorker.execute(DefaultTaskGraphExecuter.java:230)
	at org.gradle.execution.taskgraph.DefaultTaskPlanExecutor$TaskExecutorWorker.processTask(DefaultTaskPlanExecutor.java:123)
	at org.gradle.execution.taskgraph.DefaultTaskPlanExecutor$TaskExecutorWorker.access$200(DefaultTaskPlanExecutor.java:79)
	at org.gradle.execution.taskgraph.DefaultTaskPlanExecutor$TaskExecutorWorker$1.execute(DefaultTaskPlanExecutor.java:104)
	at org.gradle.execution.taskgraph.DefaultTaskPlanExecutor$TaskExecutorWorker$1.execute(DefaultTaskPlanExecutor.java:98)
	at org.gradle.execution.taskgraph.DefaultTaskExecutionPlan.execute(DefaultTaskExecutionPlan.java:626)
	at org.gradle.execution.taskgraph.DefaultTaskExecutionPlan.executeWithTask(DefaultTaskExecutionPlan.java:581)
	at org.gradle.execution.taskgraph.DefaultTaskPlanExecutor$TaskExecutorWorker.run(DefaultTaskPlanExecutor.java:98)
	at org.gradle.internal.concurrent.ExecutorPolicy$CatchAndRecordFailures.onExecute(ExecutorPolicy.java:63)
	at org.gradle.internal.concurrent.ManagedExecutorImpl$1.run(ManagedExecutorImpl.java:46)
	at java.util.concurrent.ThreadPoolExecutor.runWorker(ThreadPoolExecutor.java:1149)
	at java.util.concurrent.ThreadPoolExecutor$Worker.run(ThreadPoolExecutor.java:624)
	at org.gradle.internal.concurrent.ThreadFactoryImpl$ManagedThreadRunnable.run(ThreadFactoryImpl.java:55)
	at java.lang.Thread.run(Thread.java:748)
Caused by: java.lang.RuntimeException: com.android.builder.dexing.DexArchiveMergerException: Error while merging dex archives: /private/var/folders/bq/vtzpc5ns5sg2cthy61lqpg3dfzgbys/T/1538978403131-0/src/KBus-master/app/build/intermediates/transforms/dexBuilder/debug/22, /private/var/folders/bq/vtzpc5ns5sg2cthy61lqpg3dfzgbys/T/1538978403131-0/src/KBus-master/app/build/intermediates/transforms/dexBuilder/debug/23, /private/var/folders/bq/vtzpc5ns5sg2cthy61lqpg3dfzgbys/T/1538978403131-0/src/KBus-master/app/build/intermediates/transforms/externalLibsDexMerger/debug/0, /private/var/folders/bq/vtzpc5ns5sg2cthy61lqpg3dfzgbys/T/1538978403131-0/src/KBus-master/app/build/intermediates/transforms/dexBuilder/debug/18.jar, /private/var/folders/bq/vtzpc5ns5sg2cthy61lqpg3dfzgbys/T/1538978403131-0/src/KBus-master/app/build/intermediates/transforms/dexBuilder/debug/20.jar, /private/var/folders/bq/vtzpc5ns5sg2cthy61lqpg3dfzgbys/T/1538978403131-0/src/KBus-master/app/build/intermediates/transforms/dexBuilder/debug/21.jar
	at java.util.concurrent.ForkJoinTask$AdaptedCallable.exec(ForkJoinTask.java:1431)
	at java.util.concurrent.ForkJoinTask.doExec(ForkJoinTask.java:289)
	at java.util.concurrent.ForkJoinPool$WorkQueue.runTask(ForkJoinPool.java:1056)
	at java.util.concurrent.ForkJoinPool.runWorker(ForkJoinPool.java:1692)
	at java.util.concurrent.ForkJoinWorkerThread.run(ForkJoinWorkerThread.java:157)
Caused by: com.android.builder.dexing.DexArchiveMergerException: Error while merging dex archives: /private/var/folders/bq/vtzpc5ns5sg2cthy61lqpg3dfzgbys/T/1538978403131-0/src/KBus-master/app/build/intermediates/transforms/dexBuilder/debug/22, /private/var/folders/bq/vtzpc5ns5sg2cthy61lqpg3dfzgbys/T/1538978403131-0/src/KBus-master/app/build/intermediates/transforms/dexBuilder/debug/23, /private/var/folders/bq/vtzpc5ns5sg2cthy61lqpg3dfzgbys/T/1538978403131-0/src/KBus-master/app/build/intermediates/transforms/externalLibsDexMerger/debug/0, /private/var/folders/bq/vtzpc5ns5sg2cthy61lqpg3dfzgbys/T/1538978403131-0/src/KBus-master/app/build/intermediates/transforms/dexBuilder/debug/18.jar, /private/var/folders/bq/vtzpc5ns5sg2cthy61lqpg3dfzgbys/T/1538978403131-0/src/KBus-master/app/build/intermediates/transforms/dexBuilder/debug/20.jar, /private/var/folders/bq/vtzpc5ns5sg2cthy61lqpg3dfzgbys/T/1538978403131-0/src/KBus-master/app/build/intermediates/transforms/dexBuilder/debug/21.jar
	at com.android.builder.dexing.D8DexArchiveMerger.getExceptionToRethrow(D8DexArchiveMerger.java:123)
	at com.android.builder.dexing.D8DexArchiveMerger.mergeDexArchives(D8DexArchiveMerger.java:108)
	at com.android.build.gradle.internal.transforms.DexMergerTransformCallable.call(DexMergerTransformCallable.java:101)
	at com.android.build.gradle.internal.transforms.DexMergerTransformCallable.call(DexMergerTransformCallable.java:36)
	at java.util.concurrent.ForkJoinTask$AdaptedCallable.exec(ForkJoinTask.java:1424)
	... 4 more
Caused by: com.android.tools.r8.CompilationFailedException: Compilation failed to complete
	at com.android.tools.r8.utils.ExceptionUtils.withCompilationHandler(ExceptionUtils.java:76)
	at com.android.tools.r8.utils.ExceptionUtils.withD8CompilationHandler(ExceptionUtils.java:45)
	at com.android.tools.r8.D8.run(D8.java:67)
	at com.android.builder.dexing.D8DexArchiveMerger.mergeDexArchives(D8DexArchiveMerger.java:106)
	... 7 more
Caused by: com.android.tools.r8.utils.AbortException
	at com.android.tools.r8.utils.Reporter.failIfPendingErrors(Reporter.java:77)
	at com.android.tools.r8.utils.Reporter.fatalError(Reporter.java:58)
	at com.android.tools.r8.utils.ExceptionUtils.withCompilationHandler(ExceptionUtils.java:67)
	... 10 more

:app:transformDexArchiveWithDexMergerForDebug FAILED

FAILURE: Build failed with an exception.

* What went wrong:
Execution failed for task ':app:transformDexArchiveWithDexMergerForDebug'.
> com.android.build.api.transform.TransformException: java.lang.RuntimeException: java.lang.RuntimeException: com.android.builder.dexing.DexArchiveMergerException: Error while merging dex archives: /private/var/folders/bq/vtzpc5ns5sg2cthy61lqpg3dfzgbys/T/1538978403131-0/src/KBus-master/app/build/intermediates/transforms/dexBuilder/debug/22, /private/var/folders/bq/vtzpc5ns5sg2cthy61lqpg3dfzgbys/T/1538978403131-0/src/KBus-master/app/build/intermediates/transforms/dexBuilder/debug/23, /private/var/folders/bq/vtzpc5ns5sg2cthy61lqpg3dfzgbys/T/1538978403131-0/src/KBus-master/app/build/intermediates/transforms/externalLibsDexMerger/debug/0, /private/var/folders/bq/vtzpc5ns5sg2cthy61lqpg3dfzgbys/T/1538978403131-0/src/KBus-master/app/build/intermediates/transforms/dexBuilder/debug/18.jar, /private/var/folders/bq/vtzpc5ns5sg2cthy61lqpg3dfzgbys/T/1538978403131-0/src/KBus-master/app/build/intermediates/transforms/dexBuilder/debug/20.jar, /private/var/folders/bq/vtzpc5ns5sg2cthy61lqpg3dfzgbys/T/1538978403131-0/src/KBus-master/app/build/intermediates/transforms/dexBuilder/debug/21.jar

* Try:
Run with --info or --debug option to get more log output. Run with --scan to get full insights.

* Exception is:
org.gradle.api.tasks.TaskExecutionException: Execution failed for task ':app:transformDexArchiveWithDexMergerForDebug'.
	at org.gradle.api.internal.tasks.execution.ExecuteActionsTaskExecuter.executeActions(ExecuteActionsTaskExecuter.java:100)
	at org.gradle.api.internal.tasks.execution.ExecuteActionsTaskExecuter.execute(ExecuteActionsTaskExecuter.java:70)
	at org.gradle.api.internal.tasks.execution.OutputDirectoryCreatingTaskExecuter.execute(OutputDirectoryCreatingTaskExecuter.java:51)
	at org.gradle.api.internal.tasks.execution.SkipUpToDateTaskExecuter.execute(SkipUpToDateTaskExecuter.java:62)
	at org.gradle.api.internal.tasks.execution.ResolveTaskOutputCachingStateExecuter.execute(ResolveTaskOutputCachingStateExecuter.java:54)
	at org.gradle.api.internal.tasks.execution.ValidatingTaskExecuter.execute(ValidatingTaskExecuter.java:60)
	at org.gradle.api.internal.tasks.execution.SkipEmptySourceFilesTaskExecuter.execute(SkipEmptySourceFilesTaskExecuter.java:97)
	at org.gradle.api.internal.tasks.execution.CleanupStaleOutputsExecuter.execute(CleanupStaleOutputsExecuter.java:87)
	at org.gradle.api.internal.tasks.execution.ResolveTaskArtifactStateTaskExecuter.execute(ResolveTaskArtifactStateTaskExecuter.java:52)
	at org.gradle.api.internal.tasks.execution.SkipTaskWithNoActionsExecuter.execute(SkipTaskWithNoActionsExecuter.java:52)
	at org.gradle.api.internal.tasks.execution.SkipOnlyIfTaskExecuter.execute(SkipOnlyIfTaskExecuter.java:54)
	at org.gradle.api.internal.tasks.execution.ExecuteAtMostOnceTaskExecuter.execute(ExecuteAtMostOnceTaskExecuter.java:43)
	at org.gradle.api.internal.tasks.execution.CatchExceptionTaskExecuter.execute(CatchExceptionTaskExecuter.java:34)
	at org.gradle.execution.taskgraph.DefaultTaskGraphExecuter$EventFiringTaskWorker$1.run(DefaultTaskGraphExecuter.java:248)
	at org.gradle.internal.progress.DefaultBuildOperationExecutor$RunnableBuildOperationWorker.execute(DefaultBuildOperationExecutor.java:336)
	at org.gradle.internal.progress.DefaultBuildOperationExecutor$RunnableBuildOperationWorker.execute(DefaultBuildOperationExecutor.java:328)
	at org.gradle.internal.progress.DefaultBuildOperationExecutor.execute(DefaultBuildOperationExecutor.java:199)
	at org.gradle.internal.progress.DefaultBuildOperationExecutor.run(DefaultBuildOperationExecutor.java:110)
	at org.gradle.execution.taskgraph.DefaultTaskGraphExecuter$EventFiringTaskWorker.execute(DefaultTaskGraphExecuter.java:241)
	at org.gradle.execution.taskgraph.DefaultTaskGraphExecuter$EventFiringTaskWorker.execute(DefaultTaskGraphExecuter.java:230)
	at org.gradle.execution.taskgraph.DefaultTaskPlanExecutor$TaskExecutorWorker.processTask(DefaultTaskPlanExecutor.java:123)
	at org.gradle.execution.taskgraph.DefaultTaskPlanExecutor$TaskExecutorWorker.access$200(DefaultTaskPlanExecutor.java:79)
	at org.gradle.execution.taskgraph.DefaultTaskPlanExecutor$TaskExecutorWorker$1.execute(DefaultTaskPlanExecutor.java:104)
	at org.gradle.execution.taskgraph.DefaultTaskPlanExecutor$TaskExecutorWorker$1.execute(DefaultTaskPlanExecutor.java:98)
	at org.gradle.execution.taskgraph.DefaultTaskExecutionPlan.execute(DefaultTaskExecutionPlan.java:626)
	at org.gradle.execution.taskgraph.DefaultTaskExecutionPlan.executeWithTask(DefaultTaskExecutionPlan.java:581)
	at org.gradle.execution.taskgraph.DefaultTaskPlanExecutor$TaskExecutorWorker.run(DefaultTaskPlanExecutor.java:98)
	at org.gradle.internal.concurrent.ExecutorPolicy$CatchAndRecordFailures.onExecute(ExecutorPolicy.java:63)
	at org.gradle.internal.concurrent.ManagedExecutorImpl$1.run(ManagedExecutorImpl.java:46)
	at org.gradle.internal.concurrent.ThreadFactoryImpl$ManagedThreadRunnable.run(ThreadFactoryImpl.java:55)
Caused by: java.lang.RuntimeException: com.android.build.api.transform.TransformException: java.lang.RuntimeException: java.lang.RuntimeException: com.android.builder.dexing.DexArchiveMergerException: Error while merging dex archives: /private/var/folders/bq/vtzpc5ns5sg2cthy61lqpg3dfzgbys/T/1538978403131-0/src/KBus-master/app/build/intermediates/transforms/dexBuilder/debug/22, /private/var/folders/bq/vtzpc5ns5sg2cthy61lqpg3dfzgbys/T/1538978403131-0/src/KBus-master/app/build/intermediates/transforms/dexBuilder/debug/23, /private/var/folders/bq/vtzpc5ns5sg2cthy61lqpg3dfzgbys/T/1538978403131-0/src/KBus-master/app/build/intermediates/transforms/externalLibsDexMerger/debug/0, /private/var/folders/bq/vtzpc5ns5sg2cthy61lqpg3dfzgbys/T/1538978403131-0/src/KBus-master/app/build/intermediates/transforms/dexBuilder/debug/18.jar, /private/var/folders/bq/vtzpc5ns5sg2cthy61lqpg3dfzgbys/T/1538978403131-0/src/KBus-master/app/build/intermediates/transforms/dexBuilder/debug/20.jar, /private/var/folders/bq/vtzpc5ns5sg2cthy61lqpg3dfzgbys/T/1538978403131-0/src/KBus-master/app/build/intermediates/transforms/dexBuilder/debug/21.jar
	at com.android.builder.profile.Recorder$Block.handleException(Recorder.java:55)
	at com.android.builder.profile.ThreadRecorder.record(ThreadRecorder.java:104)
	at com.android.build.gradle.internal.pipeline.TransformTask.transform(TransformTask.java:212)
	at org.gradle.internal.reflect.JavaMethod.invoke(JavaMethod.java:73)
	at org.gradle.api.internal.project.taskfactory.IncrementalTaskAction.doExecute(IncrementalTaskAction.java:46)
	at org.gradle.api.internal.project.taskfactory.StandardTaskAction.execute(StandardTaskAction.java:39)
	at org.gradle.api.internal.project.taskfactory.StandardTaskAction.execute(StandardTaskAction.java:26)
	at org.gradle.api.internal.tasks.execution.ExecuteActionsTaskExecuter$1.run(ExecuteActionsTaskExecuter.java:121)
	at org.gradle.internal.progress.DefaultBuildOperationExecutor$RunnableBuildOperationWorker.execute(DefaultBuildOperationExecutor.java:336)
	at org.gradle.internal.progress.DefaultBuildOperationExecutor$RunnableBuildOperationWorker.execute(DefaultBuildOperationExecutor.java:328)
	at org.gradle.internal.progress.DefaultBuildOperationExecutor.execute(DefaultBuildOperationExecutor.java:199)
	at org.gradle.internal.progress.DefaultBuildOperationExecutor.run(DefaultBuildOperationExecutor.java:110)
	at org.gradle.api.internal.tasks.execution.ExecuteActionsTaskExecuter.executeAction(ExecuteActionsTaskExecuter.java:110)
	at org.gradle.api.internal.tasks.execution.ExecuteActionsTaskExecuter.executeActions(ExecuteActionsTaskExecuter.java:92)
	... 29 more
Caused by: com.android.build.api.transform.TransformException: java.lang.RuntimeException: java.lang.RuntimeException: com.android.builder.dexing.DexArchiveMergerException: Error while merging dex archives: /private/var/folders/bq/vtzpc5ns5sg2cthy61lqpg3dfzgbys/T/1538978403131-0/src/KBus-master/app/build/intermediates/transforms/dexBuilder/debug/22, /private/var/folders/bq/vtzpc5ns5sg2cthy61lqpg3dfzgbys/T/1538978403131-0/src/KBus-master/app/build/intermediates/transforms/dexBuilder/debug/23, /private/var/folders/bq/vtzpc5ns5sg2cthy61lqpg3dfzgbys/T/1538978403131-0/src/KBus-master/app/build/intermediates/transforms/externalLibsDexMerger/debug/0, /private/var/folders/bq/vtzpc5ns5sg2cthy61lqpg3dfzgbys/T/1538978403131-0/src/KBus-master/app/build/intermediates/transforms/dexBuilder/debug/18.jar, /private/var/folders/bq/vtzpc5ns5sg2cthy61lqpg3dfzgbys/T/1538978403131-0/src/KBus-master/app/build/intermediates/transforms/dexBuilder/debug/20.jar, /private/var/folders/bq/vtzpc5ns5sg2cthy61lqpg3dfzgbys/T/1538978403131-0/src/KBus-master/app/build/intermediates/transforms/dexBuilder/debug/21.jar
	at com.android.build.gradle.internal.transforms.DexMergerTransform.transform(DexMergerTransform.java:229)
	at com.android.build.gradle.internal.pipeline.TransformTask$2.call(TransformTask.java:221)
	at com.android.build.gradle.internal.pipeline.TransformTask$2.call(TransformTask.java:217)
	at com.android.builder.profile.ThreadRecorder.record(ThreadRecorder.java:102)
	... 41 more
Caused by: java.lang.RuntimeException: java.lang.RuntimeException: com.android.builder.dexing.DexArchiveMergerException: Error while merging dex archives: /private/var/folders/bq/vtzpc5ns5sg2cthy61lqpg3dfzgbys/T/1538978403131-0/src/KBus-master/app/build/intermediates/transforms/dexBuilder/debug/22, /private/var/folders/bq/vtzpc5ns5sg2cthy61lqpg3dfzgbys/T/1538978403131-0/src/KBus-master/app/build/intermediates/transforms/dexBuilder/debug/23, /private/var/folders/bq/vtzpc5ns5sg2cthy61lqpg3dfzgbys/T/1538978403131-0/src/KBus-master/app/build/intermediates/transforms/externalLibsDexMerger/debug/0, /private/var/folders/bq/vtzpc5ns5sg2cthy61lqpg3dfzgbys/T/1538978403131-0/src/KBus-master/app/build/intermediates/transforms/dexBuilder/debug/18.jar, /private/var/folders/bq/vtzpc5ns5sg2cthy61lqpg3dfzgbys/T/1538978403131-0/src/KBus-master/app/build/intermediates/transforms/dexBuilder/debug/20.jar, /private/var/folders/bq/vtzpc5ns5sg2cthy61lqpg3dfzgbys/T/1538978403131-0/src/KBus-master/app/build/intermediates/transforms/dexBuilder/debug/21.jar
	at com.google.common.collect.ImmutableList.forEach(ImmutableList.java:397)
	at com.android.build.gradle.internal.transforms.DexMergerTransform.transform(DexMergerTransform.java:225)
	... 44 more
Caused by: java.lang.RuntimeException: com.android.builder.dexing.DexArchiveMergerException: Error while merging dex archives: /private/var/folders/bq/vtzpc5ns5sg2cthy61lqpg3dfzgbys/T/1538978403131-0/src/KBus-master/app/build/intermediates/transforms/dexBuilder/debug/22, /private/var/folders/bq/vtzpc5ns5sg2cthy61lqpg3dfzgbys/T/1538978403131-0/src/KBus-master/app/build/intermediates/transforms/dexBuilder/debug/23, /private/var/folders/bq/vtzpc5ns5sg2cthy61lqpg3dfzgbys/T/1538978403131-0/src/KBus-master/app/build/intermediates/transforms/externalLibsDexMerger/debug/0, /private/var/folders/bq/vtzpc5ns5sg2cthy61lqpg3dfzgbys/T/1538978403131-0/src/KBus-master/app/build/intermediates/transforms/dexBuilder/debug/18.jar, /private/var/folders/bq/vtzpc5ns5sg2cthy61lqpg3dfzgbys/T/1538978403131-0/src/KBus-master/app/build/intermediates/transforms/dexBuilder/debug/20.jar, /private/var/folders/bq/vtzpc5ns5sg2cthy61lqpg3dfzgbys/T/1538978403131-0/src/KBus-master/app/build/intermediates/transforms/dexBuilder/debug/21.jar
Caused by: com.android.builder.dexing.DexArchiveMergerException: Error while merging dex archives: /private/var/folders/bq/vtzpc5ns5sg2cthy61lqpg3dfzgbys/T/1538978403131-0/src/KBus-master/app/build/intermediates/transforms/dexBuilder/debug/22, /private/var/folders/bq/vtzpc5ns5sg2cthy61lqpg3dfzgbys/T/1538978403131-0/src/KBus-master/app/build/intermediates/transforms/dexBuilder/debug/23, /private/var/folders/bq/vtzpc5ns5sg2cthy61lqpg3dfzgbys/T/1538978403131-0/src/KBus-master/app/build/intermediates/transforms/externalLibsDexMerger/debug/0, /private/var/folders/bq/vtzpc5ns5sg2cthy61lqpg3dfzgbys/T/1538978403131-0/src/KBus-master/app/build/intermediates/transforms/dexBuilder/debug/18.jar, /private/var/folders/bq/vtzpc5ns5sg2cthy61lqpg3dfzgbys/T/1538978403131-0/src/KBus-master/app/build/intermediates/transforms/dexBuilder/debug/20.jar, /private/var/folders/bq/vtzpc5ns5sg2cthy61lqpg3dfzgbys/T/1538978403131-0/src/KBus-master/app/build/intermediates/transforms/dexBuilder/debug/21.jar
	at com.android.builder.dexing.D8DexArchiveMerger.getExceptionToRethrow(D8DexArchiveMerger.java:123)
	at com.android.builder.dexing.D8DexArchiveMerger.mergeDexArchives(D8DexArchiveMerger.java:108)
	at com.android.build.gradle.internal.transforms.DexMergerTransformCallable.call(DexMergerTransformCallable.java:101)
	at com.android.build.gradle.internal.transforms.DexMergerTransformCallable.call(DexMergerTransformCallable.java:36)
Caused by: com.android.tools.r8.CompilationFailedException: Compilation failed to complete
	at com.android.tools.r8.utils.ExceptionUtils.withCompilationHandler(ExceptionUtils.java:76)
	at com.android.tools.r8.utils.ExceptionUtils.withD8CompilationHandler(ExceptionUtils.java:45)
	at com.android.tools.r8.D8.run(D8.java:67)
	at com.android.builder.dexing.D8DexArchiveMerger.mergeDexArchives(D8DexArchiveMerger.java:106)
	... 2 more
Caused by: com.android.tools.r8.utils.AbortException
	at com.android.tools.r8.utils.Reporter.failIfPendingErrors(Reporter.java:77)
	at com.android.tools.r8.utils.Reporter.fatalError(Reporter.java:58)
	at com.android.tools.r8.utils.ExceptionUtils.withCompilationHandler(ExceptionUtils.java:67)
	... 5 more


* Get more help at https://help.gradle.org

BUILD FAILED in 37s
74 actionable tasks: 74 executed

2018-10-08 13:00:54,668 INFO  ProjectTaskService - Detecting possible tasks...
2018-10-08 13:00:54,669 INFO  SysUtils - Execute command: [/var/folders/bq/vtzpc5ns5sg2cthy61lqpg3dfzgbys/T/1538978403131-0/src/KBus-master/gradlew, -b, /var/folders/bq/vtzpc5ns5sg2cthy61lqpg3dfzgbys/T/1538978403131-0/src/KBus-master/library/build.gradle, -Dorg.gradle.daemon=false, -Dorg.gradle.daemon.performance.enable-monitoring=false, -Dorg.gradle.configureondemand=true, tasks]
2018-10-08 13:01:13,348 INFO  ProjectTaskService - Detected possible tasks: 64
2018-10-08 13:01:13,349 INFO  ProjectTaskService - Excluded tasks (16): lintDebug mockableAndroidJar deviceCheck lint testReleaseUnitTest deviceAndroidTest uninstallDebugAndroidTest installDebugAndroidTest connectedCheck connectedDebugAndroidTest uninstallAll test check testDebugUnitTest connectedAndroidTest lintRelease
2018-10-08 13:01:13,349 INFO  SysUtils - Execute command: [/var/folders/bq/vtzpc5ns5sg2cthy61lqpg3dfzgbys/T/1538978403131-0/src/KBus-master/gradlew, -b, /var/folders/bq/vtzpc5ns5sg2cthy61lqpg3dfzgbys/T/1538978403131-0/src/KBus-master/library/build.gradle, -Dorg.gradle.daemon=false, -Dorg.gradle.daemon.performance.enable-monitoring=false, -Dorg.gradle.configureondemand=true, --stacktrace, -x, lintDebug, -x, mockableAndroidJar, -x, deviceCheck, -x, lint, -x, testReleaseUnitTest, -x, deviceAndroidTest, -x, uninstallDebugAndroidTest, -x, installDebugAndroidTest, -x, connectedCheck, -x, connectedDebugAndroidTest, -x, uninstallAll, -x, test, -x, check, -x, testDebugUnitTest, -x, connectedAndroidTest, -x, lintRelease, build]
2018-10-08 13:01:48,094 INFO  SysUtils - Configuration on demand is an incubating feature.
:library:preBuild UP-TO-DATE
:library:preDebugBuild UP-TO-DATE
:library:compileDebugAidl UP-TO-DATE
:library:compileDebugRenderscript UP-TO-DATE
:library:checkDebugManifest UP-TO-DATE
:library:generateDebugBuildConfig UP-TO-DATE
:library:generateDebugResValues UP-TO-DATE
:library:generateDebugResources UP-TO-DATE
:library:packageDebugResources UP-TO-DATE
:library:platformAttrExtractor UP-TO-DATE
:library:processDebugManifest UP-TO-DATE
:library:generateDebugRFile UP-TO-DATE
:library:compileDebugKotlin UP-TO-DATE
:library:prepareLintJar UP-TO-DATE
:library:generateDebugSources UP-TO-DATE
:library:javaPreCompileDebug UP-TO-DATE
:library:compileDebugJavaWithJavac UP-TO-DATE
:library:extractDebugAnnotations
:library:mergeDebugConsumerProguardFiles
:library:mergeDebugShaders UP-TO-DATE
:library:compileDebugShaders UP-TO-DATE
:library:generateDebugAssets UP-TO-DATE
:library:packageDebugAssets UP-TO-DATE
:library:packageDebugRenderscript NO-SOURCE
:library:processDebugJavaRes NO-SOURCE
:library:transformResourcesWithMergeJavaResForDebug
:library:transformClassesAndResourcesWithSyncLibJarsForDebug
:library:compileDebugNdk NO-SOURCE
:library:mergeDebugJniLibFolders UP-TO-DATE
:library:transformNativeLibsWithMergeJniLibsForDebug UP-TO-DATE
:library:transformNativeLibsWithStripDebugSymbolForDebug UP-TO-DATE
:library:transformNativeLibsWithSyncJniLibsForDebug
:library:bundleDebug
:library:compileDebugSources UP-TO-DATE
:library:assembleDebug
:library:preReleaseBuild UP-TO-DATE
:library:compileReleaseAidl UP-TO-DATE
:library:compileReleaseRenderscript UP-TO-DATE
:library:checkReleaseManifest UP-TO-DATE
:library:generateReleaseBuildConfig UP-TO-DATE
:library:generateReleaseResValues UP-TO-DATE
:library:generateReleaseResources UP-TO-DATE
:library:packageReleaseResources UP-TO-DATE
:library:processReleaseManifest UP-TO-DATE
:library:generateReleaseRFile
:library:compileReleaseKotlin
:library:generateReleaseSources
:library:javaPreCompileRelease
:library:compileReleaseJavaWithJavac
:library:extractReleaseAnnotations
:library:mergeReleaseConsumerProguardFiles
:library:mergeReleaseShaders UP-TO-DATE
:library:compileReleaseShaders UP-TO-DATE
:library:generateReleaseAssets UP-TO-DATE
:library:packageReleaseAssets UP-TO-DATE
:library:packageReleaseRenderscript NO-SOURCE
:library:processReleaseJavaRes NO-SOURCE
:library:transformResourcesWithMergeJavaResForRelease
:library:transformClassesAndResourcesWithSyncLibJarsForRelease
:library:compileReleaseNdk NO-SOURCE
:library:mergeReleaseJniLibFolders UP-TO-DATE
:library:transformNativeLibsWithMergeJniLibsForRelease UP-TO-DATE
:library:transformNativeLibsWithStripDebugSymbolForRelease UP-TO-DATE
:library:transformNativeLibsWithSyncJniLibsForRelease
:library:bundleRelease
:library:compileReleaseSources
:library:mergeReleaseResources
:library:verifyReleaseResources
:library:assembleRelease
:library:assemble
:library:build

BUILD SUCCESSFUL in 33s
50 actionable tasks: 18 executed, 32 up-to-date

2018-10-08 13:01:48,208 INFO  ProjectTaskService - Detecting possible tasks...
2018-10-08 13:01:48,208 INFO  SysUtils - Execute command: [/var/folders/bq/vtzpc5ns5sg2cthy61lqpg3dfzgbys/T/1538978403131-0/src/KBus-master/gradlew, -b, /var/folders/bq/vtzpc5ns5sg2cthy61lqpg3dfzgbys/T/1538978403131-0/src/KBus-master/build.gradle, -Dorg.gradle.daemon=false, -Dorg.gradle.daemon.performance.enable-monitoring=false, -Dorg.gradle.configureondemand=true, tasks]
2018-10-08 13:01:59,260 INFO  ProjectTaskService - Detected possible tasks: 68
2018-10-08 13:01:59,261 INFO  ProjectTaskService - Excluded tasks (19): lintDebug mockableAndroidJar deviceCheck lint testReleaseUnitTest uninstallRelease deviceAndroidTest uninstallDebugAndroidTest installDebugAndroidTest connectedCheck connectedDebugAndroidTest uninstallAll test check testDebugUnitTest connectedAndroidTest installDebug lintRelease uninstallDebug
2018-10-08 13:01:59,261 INFO  SysUtils - Execute command: [/var/folders/bq/vtzpc5ns5sg2cthy61lqpg3dfzgbys/T/1538978403131-0/src/KBus-master/gradlew, -b, /var/folders/bq/vtzpc5ns5sg2cthy61lqpg3dfzgbys/T/1538978403131-0/src/KBus-master/build.gradle, -Dorg.gradle.daemon=false, -Dorg.gradle.daemon.performance.enable-monitoring=false, -Dorg.gradle.configureondemand=true, --stacktrace, -x, lintDebug, -x, mockableAndroidJar, -x, deviceCheck, -x, lint, -x, testReleaseUnitTest, -x, uninstallRelease, -x, deviceAndroidTest, -x, uninstallDebugAndroidTest, -x, installDebugAndroidTest, -x, connectedCheck, -x, connectedDebugAndroidTest, -x, uninstallAll, -x, test, -x, check, -x, testDebugUnitTest, -x, connectedAndroidTest, -x, installDebug, -x, lintRelease, -x, uninstallDebug, build]
2018-10-08 13:02:12,567 ERROR SysUtils - Could not process external command
org.apache.commons.exec.ExecuteException: Process exited with an error: 1 (Exit value: 1)
	at org.apache.commons.exec.DefaultExecutor.executeInternal(DefaultExecutor.java:404)
	at org.apache.commons.exec.DefaultExecutor.execute(DefaultExecutor.java:166)
	at com.github.vbauer.apkmaster.util.SysUtils.execute(SysUtils.java:67)
	at com.github.vbauer.apkmaster.util.SysUtils.executeSimple(SysUtils.java:43)
	at com.github.vbauer.apkmaster.service.assembly.ProjectBuildService.buildProject(ProjectBuildService.java:78)
	at com.github.vbauer.apkmaster.service.assembly.ProjectBuildService.buildProject(ProjectBuildService.java:64)
	at com.github.vbauer.apkmaster.service.assembly.ProjectBuildService.buildProject(ProjectBuildService.java:43)
	at com.github.vbauer.apkmaster.service.FullProcessService.build(FullProcessService.java:84)
	at com.github.vbauer.apkmaster.service.FullProcessService.process(FullProcessService.java:34)
	at com.github.vbauer.apkmaster.app.MainApplication.process(MainApplication.java:38)
	at com.github.vbauer.apkmaster.app.MainApplication.main(MainApplication.java:20)
	at sun.reflect.NativeMethodAccessorImpl.invoke0(Native Method)
	at sun.reflect.NativeMethodAccessorImpl.invoke(NativeMethodAccessorImpl.java:62)
	at sun.reflect.DelegatingMethodAccessorImpl.invoke(DelegatingMethodAccessorImpl.java:43)
	at java.lang.reflect.Method.invoke(Method.java:498)
	at com.android.arsenal.util.ReflectionUtils.invoke(ReflectionUtils.java:52)
	at com.android.arsenal.util.ApkMasterUtils.main(ApkMasterUtils.java:30)
	at com.android.arsenal.service.processor.impl.BuildProcessorServiceImpl.buildProject(BuildProcessorServiceImpl.java:196)
	at com.android.arsenal.service.processor.impl.BuildProcessorServiceImpl.build(BuildProcessorServiceImpl.java:130)
	at com.android.arsenal.service.processor.impl.BuildProcessorServiceImpl.lambda$null$1(BuildProcessorServiceImpl.java:113)
	at java.util.concurrent.FutureTask.run(FutureTask.java:266)
	at java.util.concurrent.Executors$RunnableAdapter.call(Executors.java:511)
	at java.util.concurrent.FutureTask.run(FutureTask.java:266)
	at java.util.concurrent.ThreadPoolExecutor.runWorker(ThreadPoolExecutor.java:1149)
	at java.util.concurrent.ThreadPoolExecutor$Worker.run(ThreadPoolExecutor.java:624)
	at java.lang.Thread.run(Thread.java:748)
2018-10-08 13:02:12,567 INFO  SysUtils - Configuration on demand is an incubating feature.
:app:preBuild UP-TO-DATE
:library:preBuild UP-TO-DATE
:library:preDebugBuild UP-TO-DATE
:library:checkDebugManifest UP-TO-DATE
:library:processDebugManifest UP-TO-DATE
:app:preDebugBuild UP-TO-DATE
:library:compileDebugAidl UP-TO-DATE
:app:compileDebugAidl UP-TO-DATE
:library:packageDebugRenderscript NO-SOURCE
:app:compileDebugRenderscript UP-TO-DATE
:app:checkDebugManifest UP-TO-DATE
:app:generateDebugBuildConfig UP-TO-DATE
:app:mainApkListPersistenceDebug UP-TO-DATE
:app:generateDebugResValues UP-TO-DATE
:app:generateDebugResources UP-TO-DATE
:library:compileDebugRenderscript UP-TO-DATE
:library:generateDebugResValues UP-TO-DATE
:library:generateDebugResources UP-TO-DATE
:library:packageDebugResources UP-TO-DATE
:app:mergeDebugResources UP-TO-DATE
:app:createDebugCompatibleScreenManifests UP-TO-DATE
:app:processDebugManifest UP-TO-DATE
:app:splitsDiscoveryTaskDebug UP-TO-DATE
:library:platformAttrExtractor UP-TO-DATE
:library:generateDebugRFile UP-TO-DATE
:app:processDebugResources UP-TO-DATE
:library:generateDebugBuildConfig UP-TO-DATE
:library:compileDebugKotlin UP-TO-DATE
:library:prepareLintJar UP-TO-DATE
:library:generateDebugSources UP-TO-DATE
:library:javaPreCompileDebug UP-TO-DATE
:library:compileDebugJavaWithJavac UP-TO-DATE
:library:processDebugJavaRes NO-SOURCE
:library:transformClassesAndResourcesWithPrepareIntermediateJarsForDebug UP-TO-DATE
:app:compileDebugKotlin UP-TO-DATE
:app:prepareLintJar UP-TO-DATE
:app:generateDebugSources UP-TO-DATE
:app:javaPreCompileDebug UP-TO-DATE
:app:compileDebugJavaWithJavac UP-TO-DATE
:app:compileDebugNdk NO-SOURCE
:app:compileDebugSources UP-TO-DATE
:app:mergeDebugShaders UP-TO-DATE
:app:compileDebugShaders UP-TO-DATE
:app:generateDebugAssets UP-TO-DATE
:library:mergeDebugShaders UP-TO-DATE
:library:compileDebugShaders UP-TO-DATE
:library:generateDebugAssets UP-TO-DATE
:library:packageDebugAssets UP-TO-DATE
:app:mergeDebugAssets UP-TO-DATE
:app:transformClassesWithDexBuilderForDebug UP-TO-DATE
:app:transformDexArchiveWithExternalLibsDexMergerForDebug UP-TO-DATE
:app:transformDexArchiveWithDexMergerForDebug
D8 is used to merge dex.
D8: Program type already present: cafe.adriel.kbus.BuildConfig
java.lang.RuntimeException: java.lang.RuntimeException: com.android.builder.dexing.DexArchiveMergerException: Error while merging dex archives: /private/var/folders/bq/vtzpc5ns5sg2cthy61lqpg3dfzgbys/T/1538978403131-0/src/KBus-master/app/build/intermediates/transforms/dexBuilder/debug/22, /private/var/folders/bq/vtzpc5ns5sg2cthy61lqpg3dfzgbys/T/1538978403131-0/src/KBus-master/app/build/intermediates/transforms/dexBuilder/debug/23, /private/var/folders/bq/vtzpc5ns5sg2cthy61lqpg3dfzgbys/T/1538978403131-0/src/KBus-master/app/build/intermediates/transforms/externalLibsDexMerger/debug/0, /private/var/folders/bq/vtzpc5ns5sg2cthy61lqpg3dfzgbys/T/1538978403131-0/src/KBus-master/app/build/intermediates/transforms/dexBuilder/debug/18.jar, /private/var/folders/bq/vtzpc5ns5sg2cthy61lqpg3dfzgbys/T/1538978403131-0/src/KBus-master/app/build/intermediates/transforms/dexBuilder/debug/20.jar, /private/var/folders/bq/vtzpc5ns5sg2cthy61lqpg3dfzgbys/T/1538978403131-0/src/KBus-master/app/build/intermediates/transforms/dexBuilder/debug/21.jar
	at sun.reflect.NativeConstructorAccessorImpl.newInstance0(Native Method)
	at sun.reflect.NativeConstructorAccessorImpl.newInstance(NativeConstructorAccessorImpl.java:62)
	at sun.reflect.DelegatingConstructorAccessorImpl.newInstance(DelegatingConstructorAccessorImpl.java:45)
	at java.lang.reflect.Constructor.newInstance(Constructor.java:423)
	at java.util.concurrent.ForkJoinTask.getThrowableException(ForkJoinTask.java:593)
	at java.util.concurrent.ForkJoinTask.reportException(ForkJoinTask.java:677)
	at java.util.concurrent.ForkJoinTask.join(ForkJoinTask.java:720)
	at com.google.common.collect.ImmutableList.forEach(ImmutableList.java:397)
	at com.android.build.gradle.internal.transforms.DexMergerTransform.transform(DexMergerTransform.java:225)
	at com.android.build.gradle.internal.pipeline.TransformTask$2.call(TransformTask.java:221)
	at com.android.build.gradle.internal.pipeline.TransformTask$2.call(TransformTask.java:217)
	at com.android.builder.profile.ThreadRecorder.record(ThreadRecorder.java:102)
	at com.android.build.gradle.internal.pipeline.TransformTask.transform(TransformTask.java:212)
	at sun.reflect.NativeMethodAccessorImpl.invoke0(Native Method)
	at sun.reflect.NativeMethodAccessorImpl.invoke(NativeMethodAccessorImpl.java:62)
	at sun.reflect.DelegatingMethodAccessorImpl.invoke(DelegatingMethodAccessorImpl.java:43)
	at java.lang.reflect.Method.invoke(Method.java:498)
	at org.gradle.internal.reflect.JavaMethod.invoke(JavaMethod.java:73)
	at org.gradle.api.internal.project.taskfactory.IncrementalTaskAction.doExecute(IncrementalTaskAction.java:46)
	at org.gradle.api.internal.project.taskfactory.StandardTaskAction.execute(StandardTaskAction.java:39)
	at org.gradle.api.internal.project.taskfactory.StandardTaskAction.execute(StandardTaskAction.java:26)
	at org.gradle.api.internal.tasks.execution.ExecuteActionsTaskExecuter$1.run(ExecuteActionsTaskExecuter.java:121)
	at org.gradle.internal.progress.DefaultBuildOperationExecutor$RunnableBuildOperationWorker.execute(DefaultBuildOperationExecutor.java:336)
	at org.gradle.internal.progress.DefaultBuildOperationExecutor$RunnableBuildOperationWorker.execute(DefaultBuildOperationExecutor.java:328)
	at org.gradle.internal.progress.DefaultBuildOperationExecutor.execute(DefaultBuildOperationExecutor.java:199)
	at org.gradle.internal.progress.DefaultBuildOperationExecutor.run(DefaultBuildOperationExecutor.java:110)
	at org.gradle.api.internal.tasks.execution.ExecuteActionsTaskExecuter.executeAction(ExecuteActionsTaskExecuter.java:110)
	at org.gradle.api.internal.tasks.execution.ExecuteActionsTaskExecuter.executeActions(ExecuteActionsTaskExecuter.java:92)
	at org.gradle.api.internal.tasks.execution.ExecuteActionsTaskExecuter.execute(ExecuteActionsTaskExecuter.java:70)
	at org.gradle.api.internal.tasks.execution.OutputDirectoryCreatingTaskExecuter.execute(OutputDirectoryCreatingTaskExecuter.java:51)
	at org.gradle.api.internal.tasks.execution.SkipUpToDateTaskExecuter.execute(SkipUpToDateTaskExecuter.java:62)
	at org.gradle.api.internal.tasks.execution.ResolveTaskOutputCachingStateExecuter.execute(ResolveTaskOutputCachingStateExecuter.java:54)
	at org.gradle.api.internal.tasks.execution.ValidatingTaskExecuter.execute(ValidatingTaskExecuter.java:60)
	at org.gradle.api.internal.tasks.execution.SkipEmptySourceFilesTaskExecuter.execute(SkipEmptySourceFilesTaskExecuter.java:97)
	at org.gradle.api.internal.tasks.execution.CleanupStaleOutputsExecuter.execute(CleanupStaleOutputsExecuter.java:87)
	at org.gradle.api.internal.tasks.execution.ResolveTaskArtifactStateTaskExecuter.execute(ResolveTaskArtifactStateTaskExecuter.java:52)
	at org.gradle.api.internal.tasks.execution.SkipTaskWithNoActionsExecuter.execute(SkipTaskWithNoActionsExecuter.java:52)
	at org.gradle.api.internal.tasks.execution.SkipOnlyIfTaskExecuter.execute(SkipOnlyIfTaskExecuter.java:54)
	at org.gradle.api.internal.tasks.execution.ExecuteAtMostOnceTaskExecuter.execute(ExecuteAtMostOnceTaskExecuter.java:43)
	at org.gradle.api.internal.tasks.execution.CatchExceptionTaskExecuter.execute(CatchExceptionTaskExecuter.java:34)
	at org.gradle.execution.taskgraph.DefaultTaskGraphExecuter$EventFiringTaskWorker$1.run(DefaultTaskGraphExecuter.java:248)
	at org.gradle.internal.progress.DefaultBuildOperationExecutor$RunnableBuildOperationWorker.execute(DefaultBuildOperationExecutor.java:336)
	at org.gradle.internal.progress.DefaultBuildOperationExecutor$RunnableBuildOperationWorker.execute(DefaultBuildOperationExecutor.java:328)
	at org.gradle.internal.progress.DefaultBuildOperationExecutor.execute(DefaultBuildOperationExecutor.java:199)
	at org.gradle.internal.progress.DefaultBuildOperationExecutor.run(DefaultBuildOperationExecutor.java:110)
	at org.gradle.execution.taskgraph.DefaultTaskGraphExecuter$EventFiringTaskWorker.execute(DefaultTaskGraphExecuter.java:241)
	at org.gradle.execution.taskgraph.DefaultTaskGraphExecuter$EventFiringTaskWorker.execute(DefaultTaskGraphExecuter.java:230)
	at org.gradle.execution.taskgraph.DefaultTaskPlanExecutor$TaskExecutorWorker.processTask(DefaultTaskPlanExecutor.java:123)
	at org.gradle.execution.taskgraph.DefaultTaskPlanExecutor$TaskExecutorWorker.access$200(DefaultTaskPlanExecutor.java:79)
	at org.gradle.execution.taskgraph.DefaultTaskPlanExecutor$TaskExecutorWorker$1.execute(DefaultTaskPlanExecutor.java:104)
	at org.gradle.execution.taskgraph.DefaultTaskPlanExecutor$TaskExecutorWorker$1.execute(DefaultTaskPlanExecutor.java:98)
	at org.gradle.execution.taskgraph.DefaultTaskExecutionPlan.execute(DefaultTaskExecutionPlan.java:626)
	at org.gradle.execution.taskgraph.DefaultTaskExecutionPlan.executeWithTask(DefaultTaskExecutionPlan.java:581)
	at org.gradle.execution.taskgraph.DefaultTaskPlanExecutor$TaskExecutorWorker.run(DefaultTaskPlanExecutor.java:98)
	at org.gradle.internal.concurrent.ExecutorPolicy$CatchAndRecordFailures.onExecute(ExecutorPolicy.java:63)
	at org.gradle.internal.concurrent.ManagedExecutorImpl$1.run(ManagedExecutorImpl.java:46)
	at java.util.concurrent.ThreadPoolExecutor.runWorker(ThreadPoolExecutor.java:1149)
	at java.util.concurrent.ThreadPoolExecutor$Worker.run(ThreadPoolExecutor.java:624)
	at org.gradle.internal.concurrent.ThreadFactoryImpl$ManagedThreadRunnable.run(ThreadFactoryImpl.java:55)
	at java.lang.Thread.run(Thread.java:748)
Caused by: java.lang.RuntimeException: com.android.builder.dexing.DexArchiveMergerException: Error while merging dex archives: /private/var/folders/bq/vtzpc5ns5sg2cthy61lqpg3dfzgbys/T/1538978403131-0/src/KBus-master/app/build/intermediates/transforms/dexBuilder/debug/22, /private/var/folders/bq/vtzpc5ns5sg2cthy61lqpg3dfzgbys/T/1538978403131-0/src/KBus-master/app/build/intermediates/transforms/dexBuilder/debug/23, /private/var/folders/bq/vtzpc5ns5sg2cthy61lqpg3dfzgbys/T/1538978403131-0/src/KBus-master/app/build/intermediates/transforms/externalLibsDexMerger/debug/0, /private/var/folders/bq/vtzpc5ns5sg2cthy61lqpg3dfzgbys/T/1538978403131-0/src/KBus-master/app/build/intermediates/transforms/dexBuilder/debug/18.jar, /private/var/folders/bq/vtzpc5ns5sg2cthy61lqpg3dfzgbys/T/1538978403131-0/src/KBus-master/app/build/intermediates/transforms/dexBuilder/debug/20.jar, /private/var/folders/bq/vtzpc5ns5sg2cthy61lqpg3dfzgbys/T/1538978403131-0/src/KBus-master/app/build/intermediates/transforms/dexBuilder/debug/21.jar
	at java.util.concurrent.ForkJoinTask$AdaptedCallable.exec(ForkJoinTask.java:1431)
	at java.util.concurrent.ForkJoinTask.doExec(ForkJoinTask.java:289)
	at java.util.concurrent.ForkJoinPool$WorkQueue.runTask(ForkJoinPool.java:1056)
	at java.util.concurrent.ForkJoinPool.runWorker(ForkJoinPool.java:1692)
	at java.util.concurrent.ForkJoinWorkerThread.run(ForkJoinWorkerThread.java:157)
Caused by: com.android.builder.dexing.DexArchiveMergerException: Error while merging dex archives: /private/var/folders/bq/vtzpc5ns5sg2cthy61lqpg3dfzgbys/T/1538978403131-0/src/KBus-master/app/build/intermediates/transforms/dexBuilder/debug/22, /private/var/folders/bq/vtzpc5ns5sg2cthy61lqpg3dfzgbys/T/1538978403131-0/src/KBus-master/app/build/intermediates/transforms/dexBuilder/debug/23, /private/var/folders/bq/vtzpc5ns5sg2cthy61lqpg3dfzgbys/T/1538978403131-0/src/KBus-master/app/build/intermediates/transforms/externalLibsDexMerger/debug/0, /private/var/folders/bq/vtzpc5ns5sg2cthy61lqpg3dfzgbys/T/1538978403131-0/src/KBus-master/app/build/intermediates/transforms/dexBuilder/debug/18.jar, /private/var/folders/bq/vtzpc5ns5sg2cthy61lqpg3dfzgbys/T/1538978403131-0/src/KBus-master/app/build/intermediates/transforms/dexBuilder/debug/20.jar, /private/var/folders/bq/vtzpc5ns5sg2cthy61lqpg3dfzgbys/T/1538978403131-0/src/KBus-master/app/build/intermediates/transforms/dexBuilder/debug/21.jar
	at com.android.builder.dexing.D8DexArchiveMerger.getExceptionToRethrow(D8DexArchiveMerger.java:123)
	at com.android.builder.dexing.D8DexArchiveMerger.mergeDexArchives(D8DexArchiveMerger.java:108)
	at com.android.build.gradle.internal.transforms.DexMergerTransformCallable.call(DexMergerTransformCallable.java:101)
	at com.android.build.gradle.internal.transforms.DexMergerTransformCallable.call(DexMergerTransformCallable.java:36)
	at java.util.concurrent.ForkJoinTask$AdaptedCallable.exec(ForkJoinTask.java:1424)
	... 4 more
Caused by: com.android.tools.r8.CompilationFailedException: Compilation failed to complete
	at com.android.tools.r8.utils.ExceptionUtils.withCompilationHandler(ExceptionUtils.java:76)
	at com.android.tools.r8.utils.ExceptionUtils.withD8CompilationHandler(ExceptionUtils.java:45)
	at com.android.tools.r8.D8.run(D8.java:67)
	at com.android.builder.dexing.D8DexArchiveMerger.mergeDexArchives(D8DexArchiveMerger.java:106)
	... 7 more
Caused by: com.android.tools.r8.utils.AbortException
	at com.android.tools.r8.utils.Reporter.failIfPendingErrors(Reporter.java:77)
	at com.android.tools.r8.utils.Reporter.fatalError(Reporter.java:58)
	at com.android.tools.r8.utils.ExceptionUtils.withCompilationHandler(ExceptionUtils.java:67)
	... 10 more

:app:transformDexArchiveWithDexMergerForDebug FAILED

FAILURE: Build failed with an exception.

* What went wrong:
Execution failed for task ':app:transformDexArchiveWithDexMergerForDebug'.
> com.android.build.api.transform.TransformException: java.lang.RuntimeException: java.lang.RuntimeException: com.android.builder.dexing.DexArchiveMergerException: Error while merging dex archives: /private/var/folders/bq/vtzpc5ns5sg2cthy61lqpg3dfzgbys/T/1538978403131-0/src/KBus-master/app/build/intermediates/transforms/dexBuilder/debug/22, /private/var/folders/bq/vtzpc5ns5sg2cthy61lqpg3dfzgbys/T/1538978403131-0/src/KBus-master/app/build/intermediates/transforms/dexBuilder/debug/23, /private/var/folders/bq/vtzpc5ns5sg2cthy61lqpg3dfzgbys/T/1538978403131-0/src/KBus-master/app/build/intermediates/transforms/externalLibsDexMerger/debug/0, /private/var/folders/bq/vtzpc5ns5sg2cthy61lqpg3dfzgbys/T/1538978403131-0/src/KBus-master/app/build/intermediates/transforms/dexBuilder/debug/18.jar, /private/var/folders/bq/vtzpc5ns5sg2cthy61lqpg3dfzgbys/T/1538978403131-0/src/KBus-master/app/build/intermediates/transforms/dexBuilder/debug/20.jar, /private/var/folders/bq/vtzpc5ns5sg2cthy61lqpg3dfzgbys/T/1538978403131-0/src/KBus-master/app/build/intermediates/transforms/dexBuilder/debug/21.jar

* Try:
Run with --info or --debug option to get more log output. Run with --scan to get full insights.

* Exception is:
org.gradle.api.tasks.TaskExecutionException: Execution failed for task ':app:transformDexArchiveWithDexMergerForDebug'.
	at org.gradle.api.internal.tasks.execution.ExecuteActionsTaskExecuter.executeActions(ExecuteActionsTaskExecuter.java:100)
	at org.gradle.api.internal.tasks.execution.ExecuteActionsTaskExecuter.execute(ExecuteActionsTaskExecuter.java:70)
	at org.gradle.api.internal.tasks.execution.OutputDirectoryCreatingTaskExecuter.execute(OutputDirectoryCreatingTaskExecuter.java:51)
	at org.gradle.api.internal.tasks.execution.SkipUpToDateTaskExecuter.execute(SkipUpToDateTaskExecuter.java:62)
	at org.gradle.api.internal.tasks.execution.ResolveTaskOutputCachingStateExecuter.execute(ResolveTaskOutputCachingStateExecuter.java:54)
	at org.gradle.api.internal.tasks.execution.ValidatingTaskExecuter.execute(ValidatingTaskExecuter.java:60)
	at org.gradle.api.internal.tasks.execution.SkipEmptySourceFilesTaskExecuter.execute(SkipEmptySourceFilesTaskExecuter.java:97)
	at org.gradle.api.internal.tasks.execution.CleanupStaleOutputsExecuter.execute(CleanupStaleOutputsExecuter.java:87)
	at org.gradle.api.internal.tasks.execution.ResolveTaskArtifactStateTaskExecuter.execute(ResolveTaskArtifactStateTaskExecuter.java:52)
	at org.gradle.api.internal.tasks.execution.SkipTaskWithNoActionsExecuter.execute(SkipTaskWithNoActionsExecuter.java:52)
	at org.gradle.api.internal.tasks.execution.SkipOnlyIfTaskExecuter.execute(SkipOnlyIfTaskExecuter.java:54)
	at org.gradle.api.internal.tasks.execution.ExecuteAtMostOnceTaskExecuter.execute(ExecuteAtMostOnceTaskExecuter.java:43)
	at org.gradle.api.internal.tasks.execution.CatchExceptionTaskExecuter.execute(CatchExceptionTaskExecuter.java:34)
	at org.gradle.execution.taskgraph.DefaultTaskGraphExecuter$EventFiringTaskWorker$1.run(DefaultTaskGraphExecuter.java:248)
	at org.gradle.internal.progress.DefaultBuildOperationExecutor$RunnableBuildOperationWorker.execute(DefaultBuildOperationExecutor.java:336)
	at org.gradle.internal.progress.DefaultBuildOperationExecutor$RunnableBuildOperationWorker.execute(DefaultBuildOperationExecutor.java:328)
	at org.gradle.internal.progress.DefaultBuildOperationExecutor.execute(DefaultBuildOperationExecutor.java:199)
	at org.gradle.internal.progress.DefaultBuildOperationExecutor.run(DefaultBuildOperationExecutor.java:110)
	at org.gradle.execution.taskgraph.DefaultTaskGraphExecuter$EventFiringTaskWorker.execute(DefaultTaskGraphExecuter.java:241)
	at org.gradle.execution.taskgraph.DefaultTaskGraphExecuter$EventFiringTaskWorker.execute(DefaultTaskGraphExecuter.java:230)
	at org.gradle.execution.taskgraph.DefaultTaskPlanExecutor$TaskExecutorWorker.processTask(DefaultTaskPlanExecutor.java:123)
	at org.gradle.execution.taskgraph.DefaultTaskPlanExecutor$TaskExecutorWorker.access$200(DefaultTaskPlanExecutor.java:79)
	at org.gradle.execution.taskgraph.DefaultTaskPlanExecutor$TaskExecutorWorker$1.execute(DefaultTaskPlanExecutor.java:104)
	at org.gradle.execution.taskgraph.DefaultTaskPlanExecutor$TaskExecutorWorker$1.execute(DefaultTaskPlanExecutor.java:98)
	at org.gradle.execution.taskgraph.DefaultTaskExecutionPlan.execute(DefaultTaskExecutionPlan.java:626)
	at org.gradle.execution.taskgraph.DefaultTaskExecutionPlan.executeWithTask(DefaultTaskExecutionPlan.java:581)
	at org.gradle.execution.taskgraph.DefaultTaskPlanExecutor$TaskExecutorWorker.run(DefaultTaskPlanExecutor.java:98)
	at org.gradle.internal.concurrent.ExecutorPolicy$CatchAndRecordFailures.onExecute(ExecutorPolicy.java:63)
	at org.gradle.internal.concurrent.ManagedExecutorImpl$1.run(ManagedExecutorImpl.java:46)
	at org.gradle.internal.concurrent.ThreadFactoryImpl$ManagedThreadRunnable.run(ThreadFactoryImpl.java:55)
Caused by: java.lang.RuntimeException: com.android.build.api.transform.TransformException: java.lang.RuntimeException: java.lang.RuntimeException: com.android.builder.dexing.DexArchiveMergerException: Error while merging dex archives: /private/var/folders/bq/vtzpc5ns5sg2cthy61lqpg3dfzgbys/T/1538978403131-0/src/KBus-master/app/build/intermediates/transforms/dexBuilder/debug/22, /private/var/folders/bq/vtzpc5ns5sg2cthy61lqpg3dfzgbys/T/1538978403131-0/src/KBus-master/app/build/intermediates/transforms/dexBuilder/debug/23, /private/var/folders/bq/vtzpc5ns5sg2cthy61lqpg3dfzgbys/T/1538978403131-0/src/KBus-master/app/build/intermediates/transforms/externalLibsDexMerger/debug/0, /private/var/folders/bq/vtzpc5ns5sg2cthy61lqpg3dfzgbys/T/1538978403131-0/src/KBus-master/app/build/intermediates/transforms/dexBuilder/debug/18.jar, /private/var/folders/bq/vtzpc5ns5sg2cthy61lqpg3dfzgbys/T/1538978403131-0/src/KBus-master/app/build/intermediates/transforms/dexBuilder/debug/20.jar, /private/var/folders/bq/vtzpc5ns5sg2cthy61lqpg3dfzgbys/T/1538978403131-0/src/KBus-master/app/build/intermediates/transforms/dexBuilder/debug/21.jar
	at com.android.builder.profile.Recorder$Block.handleException(Recorder.java:55)
	at com.android.builder.profile.ThreadRecorder.record(ThreadRecorder.java:104)
	at com.android.build.gradle.internal.pipeline.TransformTask.transform(TransformTask.java:212)
	at org.gradle.internal.reflect.JavaMethod.invoke(JavaMethod.java:73)
	at org.gradle.api.internal.project.taskfactory.IncrementalTaskAction.doExecute(IncrementalTaskAction.java:46)
	at org.gradle.api.internal.project.taskfactory.StandardTaskAction.execute(StandardTaskAction.java:39)
	at org.gradle.api.internal.project.taskfactory.StandardTaskAction.execute(StandardTaskAction.java:26)
	at org.gradle.api.internal.tasks.execution.ExecuteActionsTaskExecuter$1.run(ExecuteActionsTaskExecuter.java:121)
	at org.gradle.internal.progress.DefaultBuildOperationExecutor$RunnableBuildOperationWorker.execute(DefaultBuildOperationExecutor.java:336)
	at org.gradle.internal.progress.DefaultBuildOperationExecutor$RunnableBuildOperationWorker.execute(DefaultBuildOperationExecutor.java:328)
	at org.gradle.internal.progress.DefaultBuildOperationExecutor.execute(DefaultBuildOperationExecutor.java:199)
	at org.gradle.internal.progress.DefaultBuildOperationExecutor.run(DefaultBuildOperationExecutor.java:110)
	at org.gradle.api.internal.tasks.execution.ExecuteActionsTaskExecuter.executeAction(ExecuteActionsTaskExecuter.java:110)
	at org.gradle.api.internal.tasks.execution.ExecuteActionsTaskExecuter.executeActions(ExecuteActionsTaskExecuter.java:92)
	... 29 more
Caused by: com.android.build.api.transform.TransformException: java.lang.RuntimeException: java.lang.RuntimeException: com.android.builder.dexing.DexArchiveMergerException: Error while merging dex archives: /private/var/folders/bq/vtzpc5ns5sg2cthy61lqpg3dfzgbys/T/1538978403131-0/src/KBus-master/app/build/intermediates/transforms/dexBuilder/debug/22, /private/var/folders/bq/vtzpc5ns5sg2cthy61lqpg3dfzgbys/T/1538978403131-0/src/KBus-master/app/build/intermediates/transforms/dexBuilder/debug/23, /private/var/folders/bq/vtzpc5ns5sg2cthy61lqpg3dfzgbys/T/1538978403131-0/src/KBus-master/app/build/intermediates/transforms/externalLibsDexMerger/debug/0, /private/var/folders/bq/vtzpc5ns5sg2cthy61lqpg3dfzgbys/T/1538978403131-0/src/KBus-master/app/build/intermediates/transforms/dexBuilder/debug/18.jar, /private/var/folders/bq/vtzpc5ns5sg2cthy61lqpg3dfzgbys/T/1538978403131-0/src/KBus-master/app/build/intermediates/transforms/dexBuilder/debug/20.jar, /private/var/folders/bq/vtzpc5ns5sg2cthy61lqpg3dfzgbys/T/1538978403131-0/src/KBus-master/app/build/intermediates/transforms/dexBuilder/debug/21.jar
	at com.android.build.gradle.internal.transforms.DexMergerTransform.transform(DexMergerTransform.java:229)
	at com.android.build.gradle.internal.pipeline.TransformTask$2.call(TransformTask.java:221)
	at com.android.build.gradle.internal.pipeline.TransformTask$2.call(TransformTask.java:217)
	at com.android.builder.profile.ThreadRecorder.record(ThreadRecorder.java:102)
	... 41 more
Caused by: java.lang.RuntimeException: java.lang.RuntimeException: com.android.builder.dexing.DexArchiveMergerException: Error while merging dex archives: /private/var/folders/bq/vtzpc5ns5sg2cthy61lqpg3dfzgbys/T/1538978403131-0/src/KBus-master/app/build/intermediates/transforms/dexBuilder/debug/22, /private/var/folders/bq/vtzpc5ns5sg2cthy61lqpg3dfzgbys/T/1538978403131-0/src/KBus-master/app/build/intermediates/transforms/dexBuilder/debug/23, /private/var/folders/bq/vtzpc5ns5sg2cthy61lqpg3dfzgbys/T/1538978403131-0/src/KBus-master/app/build/intermediates/transforms/externalLibsDexMerger/debug/0, /private/var/folders/bq/vtzpc5ns5sg2cthy61lqpg3dfzgbys/T/1538978403131-0/src/KBus-master/app/build/intermediates/transforms/dexBuilder/debug/18.jar, /private/var/folders/bq/vtzpc5ns5sg2cthy61lqpg3dfzgbys/T/1538978403131-0/src/KBus-master/app/build/intermediates/transforms/dexBuilder/debug/20.jar, /private/var/folders/bq/vtzpc5ns5sg2cthy61lqpg3dfzgbys/T/1538978403131-0/src/KBus-master/app/build/intermediates/transforms/dexBuilder/debug/21.jar
	at com.google.common.collect.ImmutableList.forEach(ImmutableList.java:397)
	at com.android.build.gradle.internal.transforms.DexMergerTransform.transform(DexMergerTransform.java:225)
	... 44 more
Caused by: java.lang.RuntimeException: com.android.builder.dexing.DexArchiveMergerException: Error while merging dex archives: /private/var/folders/bq/vtzpc5ns5sg2cthy61lqpg3dfzgbys/T/1538978403131-0/src/KBus-master/app/build/intermediates/transforms/dexBuilder/debug/22, /private/var/folders/bq/vtzpc5ns5sg2cthy61lqpg3dfzgbys/T/1538978403131-0/src/KBus-master/app/build/intermediates/transforms/dexBuilder/debug/23, /private/var/folders/bq/vtzpc5ns5sg2cthy61lqpg3dfzgbys/T/1538978403131-0/src/KBus-master/app/build/intermediates/transforms/externalLibsDexMerger/debug/0, /private/var/folders/bq/vtzpc5ns5sg2cthy61lqpg3dfzgbys/T/1538978403131-0/src/KBus-master/app/build/intermediates/transforms/dexBuilder/debug/18.jar, /private/var/folders/bq/vtzpc5ns5sg2cthy61lqpg3dfzgbys/T/1538978403131-0/src/KBus-master/app/build/intermediates/transforms/dexBuilder/debug/20.jar, /private/var/folders/bq/vtzpc5ns5sg2cthy61lqpg3dfzgbys/T/1538978403131-0/src/KBus-master/app/build/intermediates/transforms/dexBuilder/debug/21.jar
Caused by: com.android.builder.dexing.DexArchiveMergerException: Error while merging dex archives: /private/var/folders/bq/vtzpc5ns5sg2cthy61lqpg3dfzgbys/T/1538978403131-0/src/KBus-master/app/build/intermediates/transforms/dexBuilder/debug/22, /private/var/folders/bq/vtzpc5ns5sg2cthy61lqpg3dfzgbys/T/1538978403131-0/src/KBus-master/app/build/intermediates/transforms/dexBuilder/debug/23, /private/var/folders/bq/vtzpc5ns5sg2cthy61lqpg3dfzgbys/T/1538978403131-0/src/KBus-master/app/build/intermediates/transforms/externalLibsDexMerger/debug/0, /private/var/folders/bq/vtzpc5ns5sg2cthy61lqpg3dfzgbys/T/1538978403131-0/src/KBus-master/app/build/intermediates/transforms/dexBuilder/debug/18.jar, /private/var/folders/bq/vtzpc5ns5sg2cthy61lqpg3dfzgbys/T/1538978403131-0/src/KBus-master/app/build/intermediates/transforms/dexBuilder/debug/20.jar, /private/var/folders/bq/vtzpc5ns5sg2cthy61lqpg3dfzgbys/T/1538978403131-0/src/KBus-master/app/build/intermediates/transforms/dexBuilder/debug/21.jar
	at com.android.builder.dexing.D8DexArchiveMerger.getExceptionToRethrow(D8DexArchiveMerger.java:123)
	at com.android.builder.dexing.D8DexArchiveMerger.mergeDexArchives(D8DexArchiveMerger.java:108)
	at com.android.build.gradle.internal.transforms.DexMergerTransformCallable.call(DexMergerTransformCallable.java:101)
	at com.android.build.gradle.internal.transforms.DexMergerTransformCallable.call(DexMergerTransformCallable.java:36)
Caused by: com.android.tools.r8.CompilationFailedException: Compilation failed to complete
	at com.android.tools.r8.utils.ExceptionUtils.withCompilationHandler(ExceptionUtils.java:76)
	at com.android.tools.r8.utils.ExceptionUtils.withD8CompilationHandler(ExceptionUtils.java:45)
	at com.android.tools.r8.D8.run(D8.java:67)
	at com.android.builder.dexing.D8DexArchiveMerger.mergeDexArchives(D8DexArchiveMerger.java:106)
	... 2 more
Caused by: com.android.tools.r8.utils.AbortException
	at com.android.tools.r8.utils.Reporter.failIfPendingErrors(Reporter.java:77)
	at com.android.tools.r8.utils.Reporter.fatalError(Reporter.java:58)
	at com.android.tools.r8.utils.ExceptionUtils.withCompilationHandler(ExceptionUtils.java:67)
	... 5 more


* Get more help at https://help.gradle.org

BUILD FAILED in 12s
39 actionable tasks: 1 executed, 38 up-to-date

2018-10-08 13:02:12,680 ERROR FullProcessService - Project build has not produced APK file
2018-10-08 13:02:12,804 ERROR FullProcessService - Could not find generated or existed APK file
