2018-09-03 02:24:23,728 INFO  DownloadService - Downloading "https://github.com/patryk1007/Fillme/archive/master.zip", attempt 3
2018-09-03 02:24:25,859 INFO  DownloadService - Downloaded https://github.com/patryk1007/Fillme/archive/master.zip, attempt 3
2018-09-03 02:24:25,860 INFO  DownloadService - Size of file "/var/folders/bq/vtzpc5ns5sg2cthy61lqpg3dfzgbys/T/1535916263725-0/master.zip": 932 KB
2018-09-03 02:24:25,860 INFO  ArchiveUtils - Checking entries [.gradle] in ZIP file...
2018-09-03 02:24:25,866 INFO  ArchiveUtils - Has entries [.gradle] in ZIP file /var/folders/bq/vtzpc5ns5sg2cthy61lqpg3dfzgbys/T/1535916263725-0/master.zip: true
2018-09-03 02:24:25,866 DEBUG ZipUtil - Extracting '/var/folders/bq/vtzpc5ns5sg2cthy61lqpg3dfzgbys/T/1535916263725-0/master.zip' into '/var/folders/bq/vtzpc5ns5sg2cthy61lqpg3dfzgbys/T/1535916263725-0/src'.
2018-09-03 02:24:25,904 INFO  FullProcessService - Size of directory with sources: 1 MB
2018-09-03 02:24:25,904 INFO  SysUtils - Execute command: [git, init, /var/folders/bq/vtzpc5ns5sg2cthy61lqpg3dfzgbys/T/1535916263725-0/src]
2018-09-03 02:24:25,921 INFO  SysUtils - Initialized empty Git repository in /private/var/folders/bq/vtzpc5ns5sg2cthy61lqpg3dfzgbys/T/1535916263725-0/src/.git/

2018-09-03 02:24:25,925 INFO  ProjectBuildService - Gradle wrapper(s): /var/folders/bq/vtzpc5ns5sg2cthy61lqpg3dfzgbys/T/1535916263725-0/src/Fillme-master/gradlew
2018-09-03 02:24:25,928 INFO  ProjectBuildService - Build script(s): /var/folders/bq/vtzpc5ns5sg2cthy61lqpg3dfzgbys/T/1535916263725-0/src/Fillme-master/app/build.gradle /var/folders/bq/vtzpc5ns5sg2cthy61lqpg3dfzgbys/T/1535916263725-0/src/Fillme-master/fillme_lib/build.gradle /var/folders/bq/vtzpc5ns5sg2cthy61lqpg3dfzgbys/T/1535916263725-0/src/Fillme-master/build.gradle
2018-09-03 02:24:25,932 INFO  ProjectBuildService - All script(s): /var/folders/bq/vtzpc5ns5sg2cthy61lqpg3dfzgbys/T/1535916263725-0/src/Fillme-master/app/build.gradle /var/folders/bq/vtzpc5ns5sg2cthy61lqpg3dfzgbys/T/1535916263725-0/src/Fillme-master/fillme_lib/build.gradle /var/folders/bq/vtzpc5ns5sg2cthy61lqpg3dfzgbys/T/1535916263725-0/src/Fillme-master/build.gradle /var/folders/bq/vtzpc5ns5sg2cthy61lqpg3dfzgbys/T/1535916263725-0/src/Fillme-master/settings.gradle
2018-09-03 02:24:25,932 INFO  ProjectBuildService - Remote scripts: none
2018-09-03 02:24:25,932 INFO  ProjectFixService - Fixing project...
2018-09-03 02:24:25,940 INFO  LocalPropertiesFixService - Created fake /var/folders/bq/vtzpc5ns5sg2cthy61lqpg3dfzgbys/T/1535916263725-0/src/Fillme-master/app/local.properties
2018-09-03 02:24:25,940 INFO  ProjectFixService - Build info for "/var/folders/bq/vtzpc5ns5sg2cthy61lqpg3dfzgbys/T/1535916263725-0/src/Fillme-master/app/build.gradle": [buildToolsVersion=26.0.2,compileSdkVersion=25,minSdkVersion=14,targetSdkVersion=25]
2018-09-03 02:24:25,941 INFO  LocalPropertiesFixService - Created fake /var/folders/bq/vtzpc5ns5sg2cthy61lqpg3dfzgbys/T/1535916263725-0/src/Fillme-master/fillme_lib/local.properties
2018-09-03 02:24:25,941 INFO  ProjectFixService - Build info for "/var/folders/bq/vtzpc5ns5sg2cthy61lqpg3dfzgbys/T/1535916263725-0/src/Fillme-master/fillme_lib/build.gradle": [buildToolsVersion=26.0.2,compileSdkVersion=26,minSdkVersion=14,targetSdkVersion=26]
2018-09-03 02:24:25,942 INFO  LocalPropertiesFixService - Created fake /var/folders/bq/vtzpc5ns5sg2cthy61lqpg3dfzgbys/T/1535916263725-0/src/Fillme-master/local.properties
2018-09-03 02:24:25,942 INFO  WrapperPropertiesFixService - Gradle wrapper: https://services.gradle.org/distributions/gradle-4.1-all.zip
2018-09-03 02:24:25,942 INFO  WrapperPropertiesFixService - Gradle wrapper was changed from "-all.zip" to "-bin.zip" (https://services.gradle.org/distributions/gradle-4.1-bin.zip)
2018-09-03 02:24:25,943 INFO  ProjectFixService - Build info for "/var/folders/bq/vtzpc5ns5sg2cthy61lqpg3dfzgbys/T/1535916263725-0/src/Fillme-master/build.gradle": [buildToolsVersion=26.0.2,compileSdkVersion=25,minSdkVersion=14,targetSdkVersion=25]
2018-09-03 02:24:25,943 INFO  ProjectFixService - Project was maybe fixed
2018-09-03 02:24:25,943 INFO  ProjectTaskService - Detecting possible tasks...
2018-09-03 02:24:25,943 INFO  SysUtils - Execute command: [/var/folders/bq/vtzpc5ns5sg2cthy61lqpg3dfzgbys/T/1535916263725-0/src/Fillme-master/gradlew, -b, /var/folders/bq/vtzpc5ns5sg2cthy61lqpg3dfzgbys/T/1535916263725-0/src/Fillme-master/app/build.gradle, -Dorg.gradle.daemon=false, -Dorg.gradle.daemon.performance.enable-monitoring=false, -Dorg.gradle.configureondemand=true, tasks]
2018-09-03 02:24:32,430 INFO  ProjectTaskService - Detected possible tasks: 66
2018-09-03 02:24:32,430 INFO  ProjectTaskService - Excluded tasks (19): lintDebug mockableAndroidJar deviceCheck lint testReleaseUnitTest uninstallRelease deviceAndroidTest uninstallDebugAndroidTest installDebugAndroidTest connectedCheck connectedDebugAndroidTest uninstallAll test check testDebugUnitTest connectedAndroidTest installDebug lintRelease uninstallDebug
2018-09-03 02:24:32,430 INFO  SysUtils - Execute command: [/var/folders/bq/vtzpc5ns5sg2cthy61lqpg3dfzgbys/T/1535916263725-0/src/Fillme-master/gradlew, -b, /var/folders/bq/vtzpc5ns5sg2cthy61lqpg3dfzgbys/T/1535916263725-0/src/Fillme-master/app/build.gradle, -Dorg.gradle.daemon=false, -Dorg.gradle.daemon.performance.enable-monitoring=false, -Dorg.gradle.configureondemand=true, --stacktrace, -x, lintDebug, -x, mockableAndroidJar, -x, deviceCheck, -x, lint, -x, testReleaseUnitTest, -x, uninstallRelease, -x, deviceAndroidTest, -x, uninstallDebugAndroidTest, -x, installDebugAndroidTest, -x, connectedCheck, -x, connectedDebugAndroidTest, -x, uninstallAll, -x, test, -x, check, -x, testDebugUnitTest, -x, connectedAndroidTest, -x, installDebug, -x, lintRelease, -x, uninstallDebug, build]
2018-09-03 02:24:46,793 ERROR SysUtils - Could not process external command
org.apache.commons.exec.ExecuteException: Process exited with an error: 1 (Exit value: 1)
	at org.apache.commons.exec.DefaultExecutor.executeInternal(DefaultExecutor.java:404)
	at org.apache.commons.exec.DefaultExecutor.execute(DefaultExecutor.java:166)
	at com.github.vbauer.apkmaster.util.SysUtils.execute(SysUtils.java:67)
	at com.github.vbauer.apkmaster.util.SysUtils.executeSimple(SysUtils.java:43)
	at com.github.vbauer.apkmaster.service.assembly.ProjectBuildService.buildProject(ProjectBuildService.java:78)
	at com.github.vbauer.apkmaster.service.assembly.ProjectBuildService.buildProject(ProjectBuildService.java:64)
	at com.github.vbauer.apkmaster.service.assembly.ProjectBuildService.buildProject(ProjectBuildService.java:43)
	at com.github.vbauer.apkmaster.service.FullProcessService.build(FullProcessService.java:84)
	at com.github.vbauer.apkmaster.service.FullProcessService.process(FullProcessService.java:34)
	at com.github.vbauer.apkmaster.app.MainApplication.process(MainApplication.java:38)
	at com.github.vbauer.apkmaster.app.MainApplication.main(MainApplication.java:20)
	at sun.reflect.GeneratedMethodAccessor8.invoke(Unknown Source)
	at sun.reflect.DelegatingMethodAccessorImpl.invoke(DelegatingMethodAccessorImpl.java:43)
	at java.lang.reflect.Method.invoke(Method.java:498)
	at com.android.arsenal.util.ReflectionUtils.invoke(ReflectionUtils.java:52)
	at com.android.arsenal.util.ApkMasterUtils.main(ApkMasterUtils.java:30)
	at com.android.arsenal.service.processor.impl.BuildProcessorServiceImpl.buildProject(BuildProcessorServiceImpl.java:196)
	at com.android.arsenal.service.processor.impl.BuildProcessorServiceImpl.build(BuildProcessorServiceImpl.java:130)
	at com.android.arsenal.service.processor.impl.BuildProcessorServiceImpl.lambda$createTasks$1(BuildProcessorServiceImpl.java:113)
	at java.util.concurrent.FutureTask.run(FutureTask.java:266)
	at java.util.concurrent.Executors$RunnableAdapter.call(Executors.java:511)
	at java.util.concurrent.FutureTask.run(FutureTask.java:266)
	at java.util.concurrent.ThreadPoolExecutor.runWorker(ThreadPoolExecutor.java:1149)
	at java.util.concurrent.ThreadPoolExecutor$Worker.run(ThreadPoolExecutor.java:624)
	at java.lang.Thread.run(Thread.java:748)
2018-09-03 02:24:46,793 INFO  SysUtils - Configuration on demand is an incubating feature.
Configuration 'compile' in project ':app' is deprecated. Use 'implementation' instead.
Configuration 'androidTestCompile' in project ':app' is deprecated. Use 'androidTestImplementation' instead.
Configuration 'testCompile' in project ':app' is deprecated. Use 'testImplementation' instead.
Configuration 'compile' in project ':fillme_lib' is deprecated. Use 'implementation' instead.
Configuration 'androidTestCompile' in project ':fillme_lib' is deprecated. Use 'androidTestImplementation' instead.
Configuration 'testCompile' in project ':fillme_lib' is deprecated. Use 'testImplementation' instead.
:app:preBuild UP-TO-DATE
:fillme_lib:preBuild UP-TO-DATE
:fillme_lib:preDebugBuild UP-TO-DATE
:fillme_lib:checkDebugManifest
:fillme_lib:processDebugManifest
:app:preDebugBuild
:fillme_lib:compileDebugAidl
:app:compileDebugAidl
:fillme_lib:packageDebugRenderscript NO-SOURCE
:app:compileDebugRenderscript
:app:checkDebugManifest
:app:generateDebugBuildConfig
:app:prepareLintJar
:app:generateDebugResValues
:app:generateDebugResources
:fillme_lib:compileDebugRenderscript
:fillme_lib:generateDebugResValues
:fillme_lib:generateDebugResources
:fillme_lib:packageDebugResources
:app:mergeDebugResources
:app:createDebugCompatibleScreenManifests
:app:processDebugManifest
:app:splitsDiscoveryTaskDebug
:fillme_lib:platformAttrExtractor
:fillme_lib:generateDebugBuildConfig
:fillme_lib:prepareLintJar
:fillme_lib:processDebugJavaRes NO-SOURCE
:app:compileDebugNdk NO-SOURCE
:app:mergeDebugShaders
:app:compileDebugShaders
:app:generateDebugAssets
:fillme_lib:mergeDebugShaders
:fillme_lib:compileDebugShaders
:fillme_lib:generateDebugAssets
:fillme_lib:mergeDebugAssets
:app:mergeDebugAssets
:app:mergeDebugJniLibFolders
:fillme_lib:generateJsonModelDebug
-- Check for working C compiler: /Users/vbauer/Library/Android/sdk/ndk-bundle/toolchains/llvm/prebuilt/darwin-x86_64/bin/clang
-- Check for working C compiler: /Users/vbauer/Library/Android/sdk/ndk-bundle/toolchains/llvm/prebuilt/darwin-x86_64/bin/clang -- works
-- Detecting C compiler ABI info
-- Detecting C compiler ABI info - done
-- Detecting C compile features
-- Detecting C compile features - done
-- Check for working CXX compiler: /Users/vbauer/Library/Android/sdk/ndk-bundle/toolchains/llvm/prebuilt/darwin-x86_64/bin/clang++
-- Check for working CXX compiler: /Users/vbauer/Library/Android/sdk/ndk-bundle/toolchains/llvm/prebuilt/darwin-x86_64/bin/clang++ -- works
-- Detecting CXX compiler ABI info
-- Detecting CXX compiler ABI info - done
-- Detecting CXX compile features
-- Detecting CXX compile features - done
-- Configuring done
-- Generating done
-- Build files have been written to: /private/var/folders/bq/vtzpc5ns5sg2cthy61lqpg3dfzgbys/T/1535916263725-0/src/Fillme-master/fillme_lib/.externalNativeBuild/cmake/debug/armeabi-v7a
-- Check for working C compiler: /Users/vbauer/Library/Android/sdk/ndk-bundle/toolchains/llvm/prebuilt/darwin-x86_64/bin/clang
-- Check for working C compiler: /Users/vbauer/Library/Android/sdk/ndk-bundle/toolchains/llvm/prebuilt/darwin-x86_64/bin/clang -- works
-- Detecting C compiler ABI info
-- Detecting C compiler ABI info - done
-- Detecting C compile features
-- Detecting C compile features - done
-- Check for working CXX compiler: /Users/vbauer/Library/Android/sdk/ndk-bundle/toolchains/llvm/prebuilt/darwin-x86_64/bin/clang++
-- Check for working CXX compiler: /Users/vbauer/Library/Android/sdk/ndk-bundle/toolchains/llvm/prebuilt/darwin-x86_64/bin/clang++ -- works
-- Detecting CXX compiler ABI info
-- Detecting CXX compiler ABI info - done
-- Detecting CXX compile features
-- Detecting CXX compile features - done
-- Configuring done
-- Generating done
-- Build files have been written to: /private/var/folders/bq/vtzpc5ns5sg2cthy61lqpg3dfzgbys/T/1535916263725-0/src/Fillme-master/fillme_lib/.externalNativeBuild/cmake/debug/arm64-v8a
-- Check for working C compiler: /Users/vbauer/Library/Android/sdk/ndk-bundle/toolchains/llvm/prebuilt/darwin-x86_64/bin/clang
-- Check for working C compiler: /Users/vbauer/Library/Android/sdk/ndk-bundle/toolchains/llvm/prebuilt/darwin-x86_64/bin/clang -- works
-- Detecting C compiler ABI info
-- Detecting C compiler ABI info - done
-- Detecting C compile features
-- Detecting C compile features - done
-- Check for working CXX compiler: /Users/vbauer/Library/Android/sdk/ndk-bundle/toolchains/llvm/prebuilt/darwin-x86_64/bin/clang++
-- Check for working CXX compiler: /Users/vbauer/Library/Android/sdk/ndk-bundle/toolchains/llvm/prebuilt/darwin-x86_64/bin/clang++ -- works
-- Detecting CXX compiler ABI info
-- Detecting CXX compiler ABI info - done
-- Detecting CXX compile features
-- Detecting CXX compile features - done
-- Configuring done
-- Generating done
-- Build files have been written to: /private/var/folders/bq/vtzpc5ns5sg2cthy61lqpg3dfzgbys/T/1535916263725-0/src/Fillme-master/fillme_lib/.externalNativeBuild/cmake/debug/x86
-- Check for working C compiler: /Users/vbauer/Library/Android/sdk/ndk-bundle/toolchains/llvm/prebuilt/darwin-x86_64/bin/clang
-- Check for working C compiler: /Users/vbauer/Library/Android/sdk/ndk-bundle/toolchains/llvm/prebuilt/darwin-x86_64/bin/clang -- works
-- Detecting C compiler ABI info
-- Detecting C compiler ABI info - done
-- Detecting C compile features
-- Detecting C compile features - done
-- Check for working CXX compiler: /Users/vbauer/Library/Android/sdk/ndk-bundle/toolchains/llvm/prebuilt/darwin-x86_64/bin/clang++
-- Check for working CXX compiler: /Users/vbauer/Library/Android/sdk/ndk-bundle/toolchains/llvm/prebuilt/darwin-x86_64/bin/clang++ -- works
-- Detecting CXX compiler ABI info
-- Detecting CXX compiler ABI info - done
-- Detecting CXX compile features
-- Detecting CXX compile features - done
-- Configuring done
-- Generating done
-- Build files have been written to: /private/var/folders/bq/vtzpc5ns5sg2cthy61lqpg3dfzgbys/T/1535916263725-0/src/Fillme-master/fillme_lib/.externalNativeBuild/cmake/debug/x86_64
:fillme_lib:externalNativeBuildDebug
Build native-lib x86_64
[1/2] Building CXX object CMakeFiles/native-lib.dir/main/cpp/native-lib.cpp.o
FAILED: /Users/vbauer/Library/Android/sdk/ndk-bundle/toolchains/llvm/prebuilt/darwin-x86_64/bin/clang++  --target=x86_64-none-linux-android --gcc-toolchain=/Users/vbauer/Library/Android/sdk/ndk-bundle/toolchains/x86_64-4.9/prebuilt/darwin-x86_64 --sysroot=/Users/vbauer/Library/Android/sdk/ndk-bundle/sysroot  -Dnative_lib_EXPORTS -isystem /Users/vbauer/Library/Android/sdk/ndk-bundle/sources/cxx-stl/llvm-libc++/include -isystem /Users/vbauer/Library/Android/sdk/ndk-bundle/sources/android/support/include -isystem /Users/vbauer/Library/Android/sdk/ndk-bundle/sources/cxx-stl/llvm-libc++abi/include -isystem /Users/vbauer/Library/Android/sdk/ndk-bundle/sysroot/usr/include/x86_64-linux-android -D__ANDROID_API__=21 -g -DANDROID -ffunction-sections -funwind-tables -fstack-protector-strong -no-canonical-prefixes -Wa,--noexecstack -Wformat -Werror=format-security -std=c++11  -O0 -fno-limit-debug-info  -fPIC -MD -MT CMakeFiles/native-lib.dir/main/cpp/native-lib.cpp.o -MF CMakeFiles/native-lib.dir/main/cpp/native-lib.cpp.o.d -o CMakeFiles/native-lib.dir/main/cpp/native-lib.cpp.o -c /private/var/folders/bq/vtzpc5ns5sg2cthy61lqpg3dfzgbys/T/1535916263725-0/src/Fillme-master/fillme_lib/src/main/cpp/native-lib.cpp
/private/var/folders/bq/vtzpc5ns5sg2cthy61lqpg3dfzgbys/T/1535916263725-0/src/Fillme-master/fillme_lib/src/main/cpp/native-lib.cpp:9:57: error: cannot initialize a parameter of type 'jboolean *' (aka 'unsigned char *') with an rvalue of type 'bool'
    jint *pixels = env->GetIntArrayElements(inJNIArray, false);
                                                        ^~~~~
/Users/vbauer/Library/Android/sdk/ndk-bundle/sysroot/usr/include/jni.h:892:58: note: passing argument to parameter 'isCopy' here
    jint* GetIntArrayElements(jintArray array, jboolean* isCopy)
                                                         ^
/private/var/folders/bq/vtzpc5ns5sg2cthy61lqpg3dfzgbys/T/1535916263725-0/src/Fillme-master/fillme_lib/src/main/cpp/native-lib.cpp:12:79: error: cannot initialize a parameter of type 'jboolean *' (aka 'unsig
ned char *') with an rvalue of type 'bool'
    jboolean *filledPoints = env->GetBooleanArrayElements(filledPointsObject, false);
                                                                              ^~~~~
/Users/vbauer/Library/Android/sdk/ndk-bundle/sysroot/usr/include/jni.h:884:70: note: passing argument to parameter 'isCopy' here
    jboolean* GetBooleanArrayElements(jbooleanArray array, jboolean* isCopy)
                                                                     ^
2 errors generated.
ninja: build stopped: subcommand failed.
:fillme_lib:externalNativeBuildDebug FAILED

FAILURE: Build failed with an exception.

* What went wrong:
Execution failed for task ':fillme_lib:externalNativeBuildDebug'.
> Build command failed.
  Error while executing process /Users/vbauer/Library/Android/sdk/cmake/3.6.4111459/bin/cmake with arguments {--build /private/var/folders/bq/vtzpc5ns5sg2cthy61lqpg3dfzgbys/T/1535916263725-0/src/Fillme-master/fillme_lib/.externalNativeBuild/cmake/debug/x86_64 --target native-lib}
  [1/2] Building CXX object CMakeFiles/native-lib.dir/main/cpp/native-lib.cpp.o
  FAILED: /Users/vbauer/Library/Android/sdk/ndk-bundle/toolchains/llvm/prebuilt/darwin-x86_64/bin/clang++  --target=x86_64-none-linux-android --gcc-toolchain=/Users/vbauer/Library/Android/sdk/ndk-bundle/toolchains/x86_64-4.9/prebuilt/darwin-x86_64 --sysroot=/Users/vbauer/Library/Android/sdk/ndk-bundle/sysroot  -Dnative_lib_EXPORTS -isystem /Users/vbauer/Library/Android/sdk/ndk-bundle/sources/cxx-stl/llvm-libc++/include -isystem /Users/vbauer/Library/Android/sdk/ndk-bundle/sources/android/support/include -isystem /Users/vbauer/Library/Android/sdk/ndk-bundle/sources/cxx-stl/llvm-libc++abi/include -isystem /Users/vbauer/Library/Android/sdk/ndk-bundle/sysroot/usr/include/x86_64-linux-android -D__ANDROID_API__=21 -g -DANDROID -ffunction-sections -funwind-tables -fstack-protector-strong -no-canonical-prefixes -Wa,--noexecstack -Wformat -Werror=format-security -std=c++11  -O0 -fno-limit-debug-info  -fPIC -MD -MT CMakeFiles/native-lib.dir/main/cpp/native-lib.cpp.o -MF CMakeFiles/native-lib.dir/main/cpp/native-lib.cpp.o.d -o CMakeFiles/native-lib.dir/main/cpp/native-lib.cpp.o -c /private/var/folders/bq/vtzpc5ns5sg2cthy61lqpg3dfzgbys/T/1535916263725-0/src/Fillme-master/fillme_lib/src/main/cpp/native-lib.cpp
  /private/var/folders/bq/vtzpc5ns5sg2cthy61lqpg3dfzgbys/T/1535916263725-0/src/Fillme-master/fillme_lib/src/main/cpp/native-lib.cpp:9:57: error: cannot initialize a parameter of type 'jboolean *' (aka 'unsigned char *') with an rvalue of type 'bool'
      jint *pixels = env->GetIntArrayElements(inJNIArray, false);
                                                          ^~~~~
  /Users/vbauer/Library/Android/sdk/ndk-bundle/sysroot/usr/include/jni.h:892:58: note: passing argument to parameter 'isCopy' here
      jint* GetIntArrayElements(jintArray array, jboolean* isCopy)
                                                           ^
  /private/var/folders/bq/vtzpc5ns5sg2cthy61lqpg3dfzgbys/T/1535916263725-0/src/Fillme-master/fillme_lib/src/main/cpp/native-lib.cpp:12:79: error: cannot initialize a parameter of type 'jboolean *' (aka 'unsigned char *') with an rvalue of type 'bool'
      jboolean *filledPoints = env->GetBooleanArrayElements(filledPointsObject, false);
                                                                                ^~~~~
  /Users/vbauer/Library/Android/sdk/ndk-bundle/sysroot/usr/include/jni.h:884:70: note: passing argument to parameter 'isCopy' here
      jboolean* GetBooleanArrayElements(jbooleanArray array, jboolean* isCopy)
                                                                       ^
  2 errors generated.
  ninja: build stopped: subcommand failed.


* Try:
Run with --info or --debug option to get more log output.

* Exception is:
org.gradle.api.tasks.TaskExecutionException: Execution failed for task ':fillme_lib:externalNativeBuildDebug'.
	at org.gradle.api.internal.tasks.execution.ExecuteActionsTaskExecuter.executeActions(ExecuteActionsTaskExecuter.java:100)
	at org.gradle.api.internal.tasks.execution.ExecuteActionsTaskExecuter.execute(ExecuteActionsTaskExecuter.java:70)
	at org.gradle.api.internal.tasks.execution.SkipUpToDateTaskExecuter.execute(SkipUpToDateTaskExecuter.java:63)
	at org.gradle.api.internal.tasks.execution.ResolveTaskOutputCachingStateExecuter.execute(ResolveTaskOutputCachingStateExecuter.java:54)
	at org.gradle.api.internal.tasks.execution.ValidatingTaskExecuter.execute(ValidatingTaskExecuter.java:58)
	at org.gradle.api.internal.tasks.execution.SkipEmptySourceFilesTaskExecuter.execute(SkipEmptySourceFilesTaskExecuter.java:88)
	at org.gradle.api.internal.tasks.execution.ResolveTaskArtifactStateTaskExecuter.execute(ResolveTaskArtifactStateTaskExecuter.java:52)
	at org.gradle.api.internal.tasks.execution.SkipTaskWithNoActionsExecuter.execute(SkipTaskWithNoActionsExecuter.java:52)
	at org.gradle.api.internal.tasks.execution.SkipOnlyIfTaskExecuter.execute(SkipOnlyIfTaskExecuter.java:54)
	at org.gradle.api.internal.tasks.execution.ExecuteAtMostOnceTaskExecuter.execute(ExecuteAtMostOnceTaskExecuter.java:43)
	at org.gradle.api.internal.tasks.execution.CatchExceptionTaskExecuter.execute(CatchExceptionTaskExecuter.java:34)
	at org.gradle.execution.taskgraph.DefaultTaskGraphExecuter$EventFiringTaskWorker$1.run(DefaultTaskGraphExecuter.java:248)
	at org.gradle.internal.progress.DefaultBuildOperationExecutor$RunnableBuildOperationWorker.execute(DefaultBuildOperationExecutor.java:336)
	at org.gradle.internal.progress.DefaultBuildOperationExecutor$RunnableBuildOperationWorker.execute(DefaultBuildOperationExecutor.java:328)
	at org.gradle.internal.progress.DefaultBuildOperationExecutor.execute(DefaultBuildOperationExecutor.java:197)
	at org.gradle.internal.progress.DefaultBuildOperationExecutor.run(DefaultBuildOperationExecutor.java:107)
	at org.gradle.execution.taskgraph.DefaultTaskGraphExecuter$EventFiringTaskWorker.execute(DefaultTaskGraphExecuter.java:241)
	at org.gradle.execution.taskgraph.DefaultTaskGraphExecuter$EventFiringTaskWorker.execute(DefaultTaskGraphExecuter.java:230)
	at org.gradle.execution.taskgraph.DefaultTaskPlanExecutor$TaskExecutorWorker.processTask(DefaultTaskPlanExecutor.java:124)
	at org.gradle.execution.taskgraph.DefaultTaskPlanExecutor$TaskExecutorWorker.access$200(DefaultTaskPlanExecutor.java:80)
	at org.gradle.execution.taskgraph.DefaultTaskPlanExecutor$TaskExecutorWorker$1.execute(DefaultTaskPlanExecutor.java:105)
	at org.gradle.execution.taskgraph.DefaultTaskPlanExecutor$TaskExecutorWorker$1.execute(DefaultTaskPlanExecutor.java:99)
	at org.gradle.execution.taskgraph.DefaultTaskExecutionPlan.execute(DefaultTaskExecutionPlan.java:625)
	at org.gradle.execution.taskgraph.DefaultTaskExecutionPlan.executeWithTask(DefaultTaskExecutionPlan.java:580)
	at org.gradle.execution.taskgraph.DefaultTaskPlanExecutor$TaskExecutorWorker.run(DefaultTaskPlanExecutor.java:99)
	at org.gradle.internal.concurrent.ExecutorPolicy$CatchAndRecordFailures.onExecute(ExecutorPolicy.java:63)
	at org.gradle.internal.concurrent.ManagedExecutorImpl$1.run(ManagedExecutorImpl.java:46)
	at org.gradle.internal.concurrent.ThreadFactoryImpl$ManagedThreadRunnable.run(ThreadFactoryImpl.java:55)
Caused by: org.gradle.internal.UncheckedException: Build command failed.
Error while executing process /Users/vbauer/Library/Android/sdk/cmake/3.6.4111459/bin/cmake with arguments {--build /private/var/folders/bq/vtzpc5ns5sg2cthy61lqpg3dfzgbys/T/1535916263725-0/src/Fillme-master/fillme_lib/.externalNativeBuild/cmake/debug/x86_64 --target native-lib}
[1/2] Building CXX object CMakeFiles/native-lib.dir/main/cpp/native-lib.cpp.o
FAILED: /Users/vbauer/Library/Android/sdk/ndk-bundle/toolchains/llvm/prebuilt/darwin-x86_64/bin/clang++  --target=x86_64-none-linux-android --gcc-toolchain=/Users/vbauer/Library/Android/sdk/ndk-bundle/toolchains/x86_64-4.9/prebuilt/darwin-x86_64 --sysroot=/Users/vbauer/Library/Android/sdk/ndk-bundle/sysroot  -Dnative_lib_EXPORTS -isystem /Users/vbauer/Library/Android/sdk/ndk-bundle/sources/cxx-stl/llvm-libc++/include -isystem /Users/vbauer/Library/Android/sdk/ndk-bundle/sources/android/support/include -isystem /Users/vbauer/Library/Android/sdk/ndk-bundle/sources/cxx-stl/llvm-libc++abi/include -isystem /Users/vbauer/Library/Android/sdk/ndk-bundle/sysroot/usr/include/x86_64-linux-android -D__ANDROID_API__=21 -g -DANDROID -ffunction-sections -funwind-tables -fstack-protector-strong -no-canonical-prefixes -Wa,--noexecstack -Wformat -Werror=format-security -std=c++11  -O0 -fno-limit-debug-info  -fPIC -MD -MT CMakeFiles/native-lib.dir/main/cpp/native-lib.cpp.o -MF CMakeFiles/native-lib.dir/main/cpp/native-lib.cpp.o.d -o CMakeFiles/native-lib.dir/main/cpp/native-lib.cpp.o -c /private/var/folders/bq/vtzpc5ns5sg2cthy61lqpg3dfzgbys/T/1535916263725-0/src/Fillme-master/fillme_lib/src/main/cpp/native-lib.cpp
/private/var/folders/bq/vtzpc5ns5sg2cthy61lqpg3dfzgbys/T/1535916263725-0/src/Fillme-master/fillme_lib/src/main/cpp/native-lib.cpp:9:57: error: cannot initialize a parameter of type 'jboolean *' (aka 'unsigned char *') with an rvalue of type 'bool'
    jint *pixels = env->GetIntArrayElements(inJNIArray, false);
                                                        ^~~~~
/Users/vbauer/Library/Android/sdk/ndk-bundle/sysroot/usr/include/jni.h:892:58: note: passing argument to parameter 'isCopy' here
    jint* GetIntArrayElements(jintArray array, jboolean* isCopy)
                                                         ^
/private/var/folders/bq/vtzpc5ns5sg2cthy61lqpg3dfzgbys/T/1535916263725-0/src/Fillme-master/fillme_lib/src/main/cpp/native-lib.cpp:12:79: error: cannot initialize a parameter of type 'jboolean *' (aka 'unsigned char *') with an rvalue of type 'bool'
    jboolean *filledPoints = env->GetBooleanArrayElements(filledPointsObject, false);
                                                                              ^~~~~
/Users/vbauer/Library/Android/sdk/ndk-bundle/sysroot/usr/include/jni.h:884:70: note: passing argument to parameter 'isCopy' here
    jboolean* GetBooleanArrayElements(jbooleanArray array, jboolean* isCopy)
                                                                     ^
2 errors generated.
ninja: build stopped: subcommand failed.

	at org.gradle.internal.UncheckedException.throwAsUncheckedException(UncheckedException.java:63)
	at org.gradle.internal.UncheckedException.throwAsUncheckedException(UncheckedException.java:40)
	at org.gradle.internal.reflect.JavaMethod.invoke(JavaMethod.java:76)
	at org.gradle.api.internal.project.taskfactory.DefaultTaskClassInfoStore$StandardTaskAction.doExecute(DefaultTaskClassInfoStore.java:141)
	at org.gradle.api.internal.project.taskfactory.DefaultTaskClassInfoStore$StandardTaskAction.execute(DefaultTaskClassInfoStore.java:134)
	at org.gradle.api.internal.project.taskfactory.DefaultTaskClassInfoStore$StandardTaskAction.execute(DefaultTaskClassInfoStore.java:121)
	at org.gradle.api.internal.AbstractTask$TaskActionWrapper.execute(AbstractTask.java:731)
	at org.gradle.api.internal.AbstractTask$TaskActionWrapper.execute(AbstractTask.java:705)
	at org.gradle.api.internal.tasks.execution.ExecuteActionsTaskExecuter$1.run(ExecuteActionsTaskExecuter.java:122)
	at org.gradle.internal.progress.DefaultBuildOperationExecutor$RunnableBuildOperationWorker.execute(DefaultBuildOperationExecutor.java:336)
	at org.gradle.internal.progress.DefaultBuildOperationExecutor$RunnableBuildOperationWorker.execute(DefaultBuildOperationExecutor.java:328)
	at org.gradle.internal.progress.DefaultBuildOperationExecutor.execute(DefaultBuildOperationExecutor.java:197)
	at org.gradle.internal.progress.DefaultBuildOperationExecutor.run(DefaultBuildOperationExecutor.java:107)
	at org.gradle.api.internal.tasks.execution.ExecuteActionsTaskExecuter.executeAction(ExecuteActionsTaskExecuter.java:111)
	at org.gradle.api.internal.tasks.execution.ExecuteActionsTaskExecuter.executeActions(ExecuteActionsTaskExecuter.java:92)
	... 27 more
Caused by: Build command failed.
Error while executing process /Users/vbauer/Library/Android/sdk/cmake/3.6.4111459/bin/cmake with arguments {--build /private/var/folders/bq/vtzpc5ns5sg2cthy61lqpg3dfzgbys/T/1535916263725-0/src/Fillme-master/fillme_lib/.externalNativeBuild/cmake/debug/x86_64 --target native-lib}
[1/2] Building CXX object CMakeFiles/native-lib.dir/main/cpp/native-lib.cpp.o
FAILED: /Users/vbauer/Library/Android/sdk/ndk-bundle/toolchains/llvm/prebuilt/darwin-x86_64/bin/clang++  --target=x86_64-none-linux-android --gcc-toolchain=/Users/vbauer/Library/Android/sdk/ndk-bundle/toolchains/x86_64-4.9/prebuilt/darwin-x86_64 --sysroot=/Users/vbauer/Library/Android/sdk/ndk-bundle/sysroot  -Dnative_lib_EXPORTS -isystem /Users/vbauer/Library/Android/sdk/ndk-bundle/sources/cxx-stl/llvm-libc++/include -isystem /Users/vbauer/Library/Android/sdk/ndk-bundle/sources/android/support/include -isystem /Users/vbauer/Library/Android/sdk/ndk-bundle/sources/cxx-stl/llvm-libc++abi/include -isystem /Users/vbauer/Library/Android/sdk/ndk-bundle/sysroot/usr/include/x86_64-linux-android -D__ANDROID_API__=21 -g -DANDROID -ffunction-sections -funwind-tables -fstack-protector-strong -no-canonical-prefixes -Wa,--noexecstack -Wformat -Werror=format-security -std=c++11  -O0 -fno-limit-debug-info  -fPIC -MD -MT CMakeFiles/native-lib.dir/main/cpp/native-lib.cpp.o -MF CMakeFiles/native-lib.dir/main/cpp/native-lib.cpp.o.d -o CMakeFiles/native-lib.dir/main/cpp/native-lib.cpp.o -c /private/var/folders/bq/vtzpc5ns5sg2cthy61lqpg3dfzgbys/T/1535916263725-0/src/Fillme-master/fillme_lib/src/main/cpp/native-lib.cpp
/private/var/folders/bq/vtzpc5ns5sg2cthy61lqpg3dfzgbys/T/1535916263725-0/src/Fillme-master/fillme_lib/src/main/cpp/native-lib.cpp:9:57: error: cannot initialize a parameter of type 'jboolean *' (aka 'unsigned char *') with an rvalue of type 'bool'
    jint *pixels = env->GetIntArrayElements(inJNIArray, false);
                                                        ^~~~~
/Users/vbauer/Library/Android/sdk/ndk-bundle/sysroot/usr/include/jni.h:892:58: note: passing argument to parameter 'isCopy' here
    jint* GetIntArrayElements(jintArray array, jboolean* isCopy)
                                                         ^
/private/var/folders/bq/vtzpc5ns5sg2cthy61lqpg3dfzgbys/T/1535916263725-0/src/Fillme-master/fillme_lib/src/main/cpp/native-lib.cpp:12:79: error: cannot initialize a parameter of type 'jboolean *' (aka 'unsigned char *') with an rvalue of type 'bool'
    jboolean *filledPoints = env->GetBooleanArrayElements(filledPointsObject, false);
                                                                              ^~~~~
/Users/vbauer/Library/Android/sdk/ndk-bundle/sysroot/usr/include/jni.h:884:70: note: passing argument to parameter 'isCopy' here
    jboolean* GetBooleanArrayElements(jbooleanArray array, jboolean* isCopy)
                                                                     ^
2 errors generated.
ninja: build stopped: subcommand failed.

	at com.android.build.gradle.tasks.ExternalNativeBuildTaskUtils.executeBuildProcessAndLogError(ExternalNativeBuildTaskUtils.java:302)
	at com.android.build.gradle.tasks.ExternalNativeBuildTask.executeProcessBatch(ExternalNativeBuildTask.java:292)
	at com.android.build.gradle.tasks.ExternalNativeBuildTask.build(ExternalNativeBuildTask.java:184)
	at org.gradle.internal.reflect.JavaMethod.invoke(JavaMethod.java:73)
	... 39 more


* Get more help at https://help.gradle.org

BUILD FAILED in 13s
29 actionable tasks: 29 executed

2018-09-03 02:24:46,818 INFO  ProjectTaskService - Detecting possible tasks...
2018-09-03 02:24:46,818 INFO  SysUtils - Execute command: [/var/folders/bq/vtzpc5ns5sg2cthy61lqpg3dfzgbys/T/1535916263725-0/src/Fillme-master/gradlew, -b, /var/folders/bq/vtzpc5ns5sg2cthy61lqpg3dfzgbys/T/1535916263725-0/src/Fillme-master/fillme_lib/build.gradle, -Dorg.gradle.daemon=false, -Dorg.gradle.daemon.performance.enable-monitoring=false, -Dorg.gradle.configureondemand=true, tasks]
2018-09-03 02:24:52,851 INFO  ProjectTaskService - Detected possible tasks: 64
2018-09-03 02:24:52,852 INFO  ProjectTaskService - Excluded tasks (16): lintDebug mockableAndroidJar deviceCheck lint testReleaseUnitTest deviceAndroidTest uninstallDebugAndroidTest installDebugAndroidTest connectedCheck connectedDebugAndroidTest uninstallAll test check testDebugUnitTest connectedAndroidTest lintRelease
2018-09-03 02:24:52,852 INFO  SysUtils - Execute command: [/var/folders/bq/vtzpc5ns5sg2cthy61lqpg3dfzgbys/T/1535916263725-0/src/Fillme-master/gradlew, -b, /var/folders/bq/vtzpc5ns5sg2cthy61lqpg3dfzgbys/T/1535916263725-0/src/Fillme-master/fillme_lib/build.gradle, -Dorg.gradle.daemon=false, -Dorg.gradle.daemon.performance.enable-monitoring=false, -Dorg.gradle.configureondemand=true, --stacktrace, -x, lintDebug, -x, mockableAndroidJar, -x, deviceCheck, -x, lint, -x, testReleaseUnitTest, -x, deviceAndroidTest, -x, uninstallDebugAndroidTest, -x, installDebugAndroidTest, -x, connectedCheck, -x, connectedDebugAndroidTest, -x, uninstallAll, -x, test, -x, check, -x, testDebugUnitTest, -x, connectedAndroidTest, -x, lintRelease, build]
2018-09-03 02:25:03,917 ERROR SysUtils - Could not process external command
org.apache.commons.exec.ExecuteException: Process exited with an error: 1 (Exit value: 1)
	at org.apache.commons.exec.DefaultExecutor.executeInternal(DefaultExecutor.java:404)
	at org.apache.commons.exec.DefaultExecutor.execute(DefaultExecutor.java:166)
	at com.github.vbauer.apkmaster.util.SysUtils.execute(SysUtils.java:67)
	at com.github.vbauer.apkmaster.util.SysUtils.executeSimple(SysUtils.java:43)
	at com.github.vbauer.apkmaster.service.assembly.ProjectBuildService.buildProject(ProjectBuildService.java:78)
	at com.github.vbauer.apkmaster.service.assembly.ProjectBuildService.buildProject(ProjectBuildService.java:64)
	at com.github.vbauer.apkmaster.service.assembly.ProjectBuildService.buildProject(ProjectBuildService.java:43)
	at com.github.vbauer.apkmaster.service.FullProcessService.build(FullProcessService.java:84)
	at com.github.vbauer.apkmaster.service.FullProcessService.process(FullProcessService.java:34)
	at com.github.vbauer.apkmaster.app.MainApplication.process(MainApplication.java:38)
	at com.github.vbauer.apkmaster.app.MainApplication.main(MainApplication.java:20)
	at sun.reflect.GeneratedMethodAccessor8.invoke(Unknown Source)
	at sun.reflect.DelegatingMethodAccessorImpl.invoke(DelegatingMethodAccessorImpl.java:43)
	at java.lang.reflect.Method.invoke(Method.java:498)
	at com.android.arsenal.util.ReflectionUtils.invoke(ReflectionUtils.java:52)
	at com.android.arsenal.util.ApkMasterUtils.main(ApkMasterUtils.java:30)
	at com.android.arsenal.service.processor.impl.BuildProcessorServiceImpl.buildProject(BuildProcessorServiceImpl.java:196)
	at com.android.arsenal.service.processor.impl.BuildProcessorServiceImpl.build(BuildProcessorServiceImpl.java:130)
	at com.android.arsenal.service.processor.impl.BuildProcessorServiceImpl.lambda$createTasks$1(BuildProcessorServiceImpl.java:113)
	at java.util.concurrent.FutureTask.run(FutureTask.java:266)
	at java.util.concurrent.Executors$RunnableAdapter.call(Executors.java:511)
	at java.util.concurrent.FutureTask.run(FutureTask.java:266)
	at java.util.concurrent.ThreadPoolExecutor.runWorker(ThreadPoolExecutor.java:1149)
	at java.util.concurrent.ThreadPoolExecutor$Worker.run(ThreadPoolExecutor.java:624)
	at java.lang.Thread.run(Thread.java:748)
2018-09-03 02:25:03,917 INFO  SysUtils - Configuration on demand is an incubating feature.
Configuration 'compile' in project ':fillme_lib' is deprecated. Use 'implementation' instead.
Configuration 'androidTestCompile' in project ':fillme_lib' is deprecated. Use 'androidTestImplementation' instead.
Configuration 'testCompile' in project ':fillme_lib' is deprecated. Use 'testImplementation' instead.
:fillme_lib:preBuild UP-TO-DATE
:fillme_lib:preDebugBuild UP-TO-DATE
:fillme_lib:compileDebugAidl UP-TO-DATE
:fillme_lib:compileDebugRenderscript UP-TO-DATE
:fillme_lib:checkDebugManifest UP-TO-DATE
:fillme_lib:generateDebugBuildConfig UP-TO-DATE
:fillme_lib:generateDebugResValues UP-TO-DATE
:fillme_lib:generateDebugResources UP-TO-DATE
:fillme_lib:packageDebugResources UP-TO-DATE
:fillme_lib:platformAttrExtractor UP-TO-DATE
:fillme_lib:processDebugManifest UP-TO-DATE
:fillme_lib:processDebugResources
:fillme_lib:compileDebugKotlin
:fillme_lib:prepareLintJar UP-TO-DATE
:fillme_lib:generateDebugSources
:fillme_lib:javaPreCompileDebug
:fillme_lib:compileDebugJavaWithJavac
:fillme_lib:extractDebugAnnotations
:fillme_lib:mergeDebugShaders UP-TO-DATE
:fillme_lib:compileDebugShaders UP-TO-DATE
:fillme_lib:generateDebugAssets UP-TO-DATE
:fillme_lib:mergeDebugAssets UP-TO-DATE
:fillme_lib:mergeDebugConsumerProguardFiles
:fillme_lib:packageDebugRenderscript NO-SOURCE
:fillme_lib:processDebugJavaRes NO-SOURCE
:fillme_lib:transformResourcesWithMergeJavaResForDebug
:fillme_lib:transformClassesAndResourcesWithSyncLibJarsForDebug
:fillme_lib:generateJsonModelDebug UP-TO-DATE
:fillme_lib:externalNativeBuildDebug
Build native-lib x86_64
[1/2] Building CXX object CMakeFiles/native-lib.dir/main/cpp/native-lib.cpp.o
FAILED: /Users/vbauer/Library/Android/sdk/ndk-bundle/toolchains/llvm/prebuilt/darwin-x86_64/bin/clang++  --target=x86_64-none-linux-android --gcc-toolchain=/Users/vbauer/Library/Android/sdk/ndk-bundle/toolchains/x86_64-4.9/prebuilt/darwin-x86_64 --sysroot=/Users/vbauer/Library/Android/sdk/ndk-bundle/sysroot  -Dnative_lib_EXPORTS -isystem /Users/vbauer/Library/Android/sdk/ndk-bundle/sources/cxx-stl/llvm-libc++/include -isystem /Users/vbauer/Library/Android/sdk/ndk-bundle/sources/android/support/include -isystem /Users/vbauer/Library/Android/sdk/ndk-bundle/sources/cxx-stl/llvm-libc++abi/include -isystem /Users/vbauer/Library/Android/sdk/ndk-bundle/sysroot/usr/include/x86_64-linux-android -D__ANDROID_API__=21 -g -DANDROID -ffunction-sections -funwind-tables -fstack-protector-strong -no-canonical-prefixes -Wa,--noexecstack -Wformat -Werror=format-security -std=c++11  -O0 -fno-limit-debug-info  -fPIC -MD -MT CMakeFiles/native-lib.dir/main/cpp/native-lib.cpp.o -MF CMakeFiles/native-lib.dir/main/cpp/native-lib.cpp.o.d -o CMakeFiles/native-lib.dir/main/cpp/native-lib.cpp.o -c /private/var/folders/bq/vtzpc5ns5sg2cthy61lqpg3dfzgbys/T/1535916263725-0/src/Fillme-master/fillme_lib/src/main/cpp/native-lib.cpp
/private/var/folders/bq/vtzpc5ns5sg2cthy61lqpg3dfzgbys/T/1535916263725-0/src/Fillme-master/fillme_lib/src/main/cpp/native-lib.cpp:9:57: error: cannot initialize a parameter of type 'jboolean *' (aka 'unsigned char *') with an rvalue of type 'bool'
    jint *pixels = env->GetIntArrayElements(inJNIArray, false);
                                                        ^~~~~
/Users/vbauer/Library/Android/sdk/ndk-bundle/sysroot/usr/include/jni.h:892:58: note: passing argument to parameter 'isCopy' here
    jint* GetIntArrayElements(jintArray array, jboolean* isCopy)
                                                         ^
/private/var/folders/bq/vtzpc5ns5sg2cthy61lqpg3dfzgbys/T/1535916263725-0/src/Fillme-master/fillme_lib/src/main/cpp/native-lib.cpp:12:79: error: cannot initialize a parameter of type 'jboolean *' (aka 'unsig
ned char *') with an rvalue of type 'bool'
    jboolean *filledPoints = env->GetBooleanArrayElements(filledPointsObject, false);
                                                                              ^~~~~
/Users/vbauer/Library/Android/sdk/ndk-bundle/sysroot/usr/include/jni.h:884:70: note: passing argument to parameter 'isCopy' here
    jboolean* GetBooleanArrayElements(jbooleanArray array, jboolean* isCopy)
                                                                     ^
2 errors generated.
ninja: build stopped: subcommand failed.
:fillme_lib:externalNativeBuildDebug FAILED

FAILURE: Build failed with an exception.

* What went wrong:
Execution failed for task ':fillme_lib:externalNativeBuildDebug'.
> Build command failed.
  Error while executing process /Users/vbauer/Library/Android/sdk/cmake/3.6.4111459/bin/cmake with arguments {--build /private/var/folders/bq/vtzpc5ns5sg2cthy61lqpg3dfzgbys/T/1535916263725-0/src/Fillme-master/fillme_lib/.externalNativeBuild/cmake/debug/x86_64 --target native-lib}
  [1/2] Building CXX object CMakeFiles/native-lib.dir/main/cpp/native-lib.cpp.o
  FAILED: /Users/vbauer/Library/Android/sdk/ndk-bundle/toolchains/llvm/prebuilt/darwin-x86_64/bin/clang++  --target=x86_64-none-linux-android --gcc-toolchain=/Users/vbauer/Library/Android/sdk/ndk-bundle/toolchains/x86_64-4.9/prebuilt/darwin-x86_64 --sysroot=/Users/vbauer/Library/Android/sdk/ndk-bundle/sysroot  -Dnative_lib_EXPORTS -isystem /Users/vbauer/Library/Android/sdk/ndk-bundle/sources/cxx-stl/llvm-libc++/include -isystem /Users/vbauer/Library/Android/sdk/ndk-bundle/sources/android/support/include -isystem /Users/vbauer/Library/Android/sdk/ndk-bundle/sources/cxx-stl/llvm-libc++abi/include -isystem /Users/vbauer/Library/Android/sdk/ndk-bundle/sysroot/usr/include/x86_64-linux-android -D__ANDROID_API__=21 -g -DANDROID -ffunction-sections -funwind-tables -fstack-protector-strong -no-canonical-prefixes -Wa,--noexecstack -Wformat -Werror=format-security -std=c++11  -O0 -fno-limit-debug-info  -fPIC -MD -MT CMakeFiles/native-lib.dir/main/cpp/native-lib.cpp.o -MF CMakeFiles/native-lib.dir/main/cpp/native-lib.cpp.o.d -o CMakeFiles/native-lib.dir/main/cpp/native-lib.cpp.o -c /private/var/folders/bq/vtzpc5ns5sg2cthy61lqpg3dfzgbys/T/1535916263725-0/src/Fillme-master/fillme_lib/src/main/cpp/native-lib.cpp
  /private/var/folders/bq/vtzpc5ns5sg2cthy61lqpg3dfzgbys/T/1535916263725-0/src/Fillme-master/fillme_lib/src/main/cpp/native-lib.cpp:9:57: error: cannot initialize a parameter of type 'jboolean *' (aka 'unsigned char *') with an rvalue of type 'bool'
      jint *pixels = env->GetIntArrayElements(inJNIArray, false);
                                                          ^~~~~
  /Users/vbauer/Library/Android/sdk/ndk-bundle/sysroot/usr/include/jni.h:892:58: note: passing argument to parameter 'isCopy' here
      jint* GetIntArrayElements(jintArray array, jboolean* isCopy)
                                                           ^
  /private/var/folders/bq/vtzpc5ns5sg2cthy61lqpg3dfzgbys/T/1535916263725-0/src/Fillme-master/fillme_lib/src/main/cpp/native-lib.cpp:12:79: error: cannot initialize a parameter of type 'jboolean *' (aka 'unsigned char *') with an rvalue of type 'bool'
      jboolean *filledPoints = env->GetBooleanArrayElements(filledPointsObject, false);
                                                                                ^~~~~
  /Users/vbauer/Library/Android/sdk/ndk-bundle/sysroot/usr/include/jni.h:884:70: note: passing argument to parameter 'isCopy' here
      jboolean* GetBooleanArrayElements(jbooleanArray array, jboolean* isCopy)
                                                                       ^
  2 errors generated.
  ninja: build stopped: subcommand failed.


* Try:
Run with --info or --debug option to get more log output.

* Exception is:
org.gradle.api.tasks.TaskExecutionException: Execution failed for task ':fillme_lib:externalNativeBuildDebug'.
	at org.gradle.api.internal.tasks.execution.ExecuteActionsTaskExecuter.executeActions(ExecuteActionsTaskExecuter.java:100)
	at org.gradle.api.internal.tasks.execution.ExecuteActionsTaskExecuter.execute(ExecuteActionsTaskExecuter.java:70)
	at org.gradle.api.internal.tasks.execution.SkipUpToDateTaskExecuter.execute(SkipUpToDateTaskExecuter.java:63)
	at org.gradle.api.internal.tasks.execution.ResolveTaskOutputCachingStateExecuter.execute(ResolveTaskOutputCachingStateExecuter.java:54)
	at org.gradle.api.internal.tasks.execution.ValidatingTaskExecuter.execute(ValidatingTaskExecuter.java:58)
	at org.gradle.api.internal.tasks.execution.SkipEmptySourceFilesTaskExecuter.execute(SkipEmptySourceFilesTaskExecuter.java:88)
	at org.gradle.api.internal.tasks.execution.ResolveTaskArtifactStateTaskExecuter.execute(ResolveTaskArtifactStateTaskExecuter.java:52)
	at org.gradle.api.internal.tasks.execution.SkipTaskWithNoActionsExecuter.execute(SkipTaskWithNoActionsExecuter.java:52)
	at org.gradle.api.internal.tasks.execution.SkipOnlyIfTaskExecuter.execute(SkipOnlyIfTaskExecuter.java:54)
	at org.gradle.api.internal.tasks.execution.ExecuteAtMostOnceTaskExecuter.execute(ExecuteAtMostOnceTaskExecuter.java:43)
	at org.gradle.api.internal.tasks.execution.CatchExceptionTaskExecuter.execute(CatchExceptionTaskExecuter.java:34)
	at org.gradle.execution.taskgraph.DefaultTaskGraphExecuter$EventFiringTaskWorker$1.run(DefaultTaskGraphExecuter.java:248)
	at org.gradle.internal.progress.DefaultBuildOperationExecutor$RunnableBuildOperationWorker.execute(DefaultBuildOperationExecutor.java:336)
	at org.gradle.internal.progress.DefaultBuildOperationExecutor$RunnableBuildOperationWorker.execute(DefaultBuildOperationExecutor.java:328)
	at org.gradle.internal.progress.DefaultBuildOperationExecutor.execute(DefaultBuildOperationExecutor.java:197)
	at org.gradle.internal.progress.DefaultBuildOperationExecutor.run(DefaultBuildOperationExecutor.java:107)
	at org.gradle.execution.taskgraph.DefaultTaskGraphExecuter$EventFiringTaskWorker.execute(DefaultTaskGraphExecuter.java:241)
	at org.gradle.execution.taskgraph.DefaultTaskGraphExecuter$EventFiringTaskWorker.execute(DefaultTaskGraphExecuter.java:230)
	at org.gradle.execution.taskgraph.DefaultTaskPlanExecutor$TaskExecutorWorker.processTask(DefaultTaskPlanExecutor.java:124)
	at org.gradle.execution.taskgraph.DefaultTaskPlanExecutor$TaskExecutorWorker.access$200(DefaultTaskPlanExecutor.java:80)
	at org.gradle.execution.taskgraph.DefaultTaskPlanExecutor$TaskExecutorWorker$1.execute(DefaultTaskPlanExecutor.java:105)
	at org.gradle.execution.taskgraph.DefaultTaskPlanExecutor$TaskExecutorWorker$1.execute(DefaultTaskPlanExecutor.java:99)
	at org.gradle.execution.taskgraph.DefaultTaskExecutionPlan.execute(DefaultTaskExecutionPlan.java:625)
	at org.gradle.execution.taskgraph.DefaultTaskExecutionPlan.executeWithTask(DefaultTaskExecutionPlan.java:580)
	at org.gradle.execution.taskgraph.DefaultTaskPlanExecutor$TaskExecutorWorker.run(DefaultTaskPlanExecutor.java:99)
	at org.gradle.internal.concurrent.ExecutorPolicy$CatchAndRecordFailures.onExecute(ExecutorPolicy.java:63)
	at org.gradle.internal.concurrent.ManagedExecutorImpl$1.run(ManagedExecutorImpl.java:46)
	at org.gradle.internal.concurrent.ThreadFactoryImpl$ManagedThreadRunnable.run(ThreadFactoryImpl.java:55)
Caused by: org.gradle.internal.UncheckedException: Build command failed.
Error while executing process /Users/vbauer/Library/Android/sdk/cmake/3.6.4111459/bin/cmake with arguments {--build /private/var/folders/bq/vtzpc5ns5sg2cthy61lqpg3dfzgbys/T/1535916263725-0/src/Fillme-master/fillme_lib/.externalNativeBuild/cmake/debug/x86_64 --target native-lib}
[1/2] Building CXX object CMakeFiles/native-lib.dir/main/cpp/native-lib.cpp.o
FAILED: /Users/vbauer/Library/Android/sdk/ndk-bundle/toolchains/llvm/prebuilt/darwin-x86_64/bin/clang++  --target=x86_64-none-linux-android --gcc-toolchain=/Users/vbauer/Library/Android/sdk/ndk-bundle/toolchains/x86_64-4.9/prebuilt/darwin-x86_64 --sysroot=/Users/vbauer/Library/Android/sdk/ndk-bundle/sysroot  -Dnative_lib_EXPORTS -isystem /Users/vbauer/Library/Android/sdk/ndk-bundle/sources/cxx-stl/llvm-libc++/include -isystem /Users/vbauer/Library/Android/sdk/ndk-bundle/sources/android/support/include -isystem /Users/vbauer/Library/Android/sdk/ndk-bundle/sources/cxx-stl/llvm-libc++abi/include -isystem /Users/vbauer/Library/Android/sdk/ndk-bundle/sysroot/usr/include/x86_64-linux-android -D__ANDROID_API__=21 -g -DANDROID -ffunction-sections -funwind-tables -fstack-protector-strong -no-canonical-prefixes -Wa,--noexecstack -Wformat -Werror=format-security -std=c++11  -O0 -fno-limit-debug-info  -fPIC -MD -MT CMakeFiles/native-lib.dir/main/cpp/native-lib.cpp.o -MF CMakeFiles/native-lib.dir/main/cpp/native-lib.cpp.o.d -o CMakeFiles/native-lib.dir/main/cpp/native-lib.cpp.o -c /private/var/folders/bq/vtzpc5ns5sg2cthy61lqpg3dfzgbys/T/1535916263725-0/src/Fillme-master/fillme_lib/src/main/cpp/native-lib.cpp
/private/var/folders/bq/vtzpc5ns5sg2cthy61lqpg3dfzgbys/T/1535916263725-0/src/Fillme-master/fillme_lib/src/main/cpp/native-lib.cpp:9:57: error: cannot initialize a parameter of type 'jboolean *' (aka 'unsigned char *') with an rvalue of type 'bool'
    jint *pixels = env->GetIntArrayElements(inJNIArray, false);
                                                        ^~~~~
/Users/vbauer/Library/Android/sdk/ndk-bundle/sysroot/usr/include/jni.h:892:58: note: passing argument to parameter 'isCopy' here
    jint* GetIntArrayElements(jintArray array, jboolean* isCopy)
                                                         ^
/private/var/folders/bq/vtzpc5ns5sg2cthy61lqpg3dfzgbys/T/1535916263725-0/src/Fillme-master/fillme_lib/src/main/cpp/native-lib.cpp:12:79: error: cannot initialize a parameter of type 'jboolean *' (aka 'unsigned char *') with an rvalue of type 'bool'
    jboolean *filledPoints = env->GetBooleanArrayElements(filledPointsObject, false);
                                                                              ^~~~~
/Users/vbauer/Library/Android/sdk/ndk-bundle/sysroot/usr/include/jni.h:884:70: note: passing argument to parameter 'isCopy' here
    jboolean* GetBooleanArrayElements(jbooleanArray array, jboolean* isCopy)
                                                                     ^
2 errors generated.
ninja: build stopped: subcommand failed.

	at org.gradle.internal.UncheckedException.throwAsUncheckedException(UncheckedException.java:63)
	at org.gradle.internal.UncheckedException.throwAsUncheckedException(UncheckedException.java:40)
	at org.gradle.internal.reflect.JavaMethod.invoke(JavaMethod.java:76)
	at org.gradle.api.internal.project.taskfactory.DefaultTaskClassInfoStore$StandardTaskAction.doExecute(DefaultTaskClassInfoStore.java:141)
	at org.gradle.api.internal.project.taskfactory.DefaultTaskClassInfoStore$StandardTaskAction.execute(DefaultTaskClassInfoStore.java:134)
	at org.gradle.api.internal.project.taskfactory.DefaultTaskClassInfoStore$StandardTaskAction.execute(DefaultTaskClassInfoStore.java:121)
	at org.gradle.api.internal.AbstractTask$TaskActionWrapper.execute(AbstractTask.java:731)
	at org.gradle.api.internal.AbstractTask$TaskActionWrapper.execute(AbstractTask.java:705)
	at org.gradle.api.internal.tasks.execution.ExecuteActionsTaskExecuter$1.run(ExecuteActionsTaskExecuter.java:122)
	at org.gradle.internal.progress.DefaultBuildOperationExecutor$RunnableBuildOperationWorker.execute(DefaultBuildOperationExecutor.java:336)
	at org.gradle.internal.progress.DefaultBuildOperationExecutor$RunnableBuildOperationWorker.execute(DefaultBuildOperationExecutor.java:328)
	at org.gradle.internal.progress.DefaultBuildOperationExecutor.execute(DefaultBuildOperationExecutor.java:197)
	at org.gradle.internal.progress.DefaultBuildOperationExecutor.run(DefaultBuildOperationExecutor.java:107)
	at org.gradle.api.internal.tasks.execution.ExecuteActionsTaskExecuter.executeAction(ExecuteActionsTaskExecuter.java:111)
	at org.gradle.api.internal.tasks.execution.ExecuteActionsTaskExecuter.executeActions(ExecuteActionsTaskExecuter.java:92)
	... 27 more
Caused by: Build command failed.
Error while executing process /Users/vbauer/Library/Android/sdk/cmake/3.6.4111459/bin/cmake with arguments {--build /private/var/folders/bq/vtzpc5ns5sg2cthy61lqpg3dfzgbys/T/1535916263725-0/src/Fillme-master/fillme_lib/.externalNativeBuild/cmake/debug/x86_64 --target native-lib}
[1/2] Building CXX object CMakeFiles/native-lib.dir/main/cpp/native-lib.cpp.o
FAILED: /Users/vbauer/Library/Android/sdk/ndk-bundle/toolchains/llvm/prebuilt/darwin-x86_64/bin/clang++  --target=x86_64-none-linux-android --gcc-toolchain=/Users/vbauer/Library/Android/sdk/ndk-bundle/toolchains/x86_64-4.9/prebuilt/darwin-x86_64 --sysroot=/Users/vbauer/Library/Android/sdk/ndk-bundle/sysroot  -Dnative_lib_EXPORTS -isystem /Users/vbauer/Library/Android/sdk/ndk-bundle/sources/cxx-stl/llvm-libc++/include -isystem /Users/vbauer/Library/Android/sdk/ndk-bundle/sources/android/support/include -isystem /Users/vbauer/Library/Android/sdk/ndk-bundle/sources/cxx-stl/llvm-libc++abi/include -isystem /Users/vbauer/Library/Android/sdk/ndk-bundle/sysroot/usr/include/x86_64-linux-android -D__ANDROID_API__=21 -g -DANDROID -ffunction-sections -funwind-tables -fstack-protector-strong -no-canonical-prefixes -Wa,--noexecstack -Wformat -Werror=format-security -std=c++11  -O0 -fno-limit-debug-info  -fPIC -MD -MT CMakeFiles/native-lib.dir/main/cpp/native-lib.cpp.o -MF CMakeFiles/native-lib.dir/main/cpp/native-lib.cpp.o.d -o CMakeFiles/native-lib.dir/main/cpp/native-lib.cpp.o -c /private/var/folders/bq/vtzpc5ns5sg2cthy61lqpg3dfzgbys/T/1535916263725-0/src/Fillme-master/fillme_lib/src/main/cpp/native-lib.cpp
/private/var/folders/bq/vtzpc5ns5sg2cthy61lqpg3dfzgbys/T/1535916263725-0/src/Fillme-master/fillme_lib/src/main/cpp/native-lib.cpp:9:57: error: cannot initialize a parameter of type 'jboolean *' (aka 'unsigned char *') with an rvalue of type 'bool'
    jint *pixels = env->GetIntArrayElements(inJNIArray, false);
                                                        ^~~~~
/Users/vbauer/Library/Android/sdk/ndk-bundle/sysroot/usr/include/jni.h:892:58: note: passing argument to parameter 'isCopy' here
    jint* GetIntArrayElements(jintArray array, jboolean* isCopy)
                                                         ^
/private/var/folders/bq/vtzpc5ns5sg2cthy61lqpg3dfzgbys/T/1535916263725-0/src/Fillme-master/fillme_lib/src/main/cpp/native-lib.cpp:12:79: error: cannot initialize a parameter of type 'jboolean *' (aka 'unsigned char *') with an rvalue of type 'bool'
    jboolean *filledPoints = env->GetBooleanArrayElements(filledPointsObject, false);
                                                                              ^~~~~
/Users/vbauer/Library/Android/sdk/ndk-bundle/sysroot/usr/include/jni.h:884:70: note: passing argument to parameter 'isCopy' here
    jboolean* GetBooleanArrayElements(jbooleanArray array, jboolean* isCopy)
                                                                     ^
2 errors generated.
ninja: build stopped: subcommand failed.

	at com.android.build.gradle.tasks.ExternalNativeBuildTaskUtils.executeBuildProcessAndLogError(ExternalNativeBuildTaskUtils.java:302)
	at com.android.build.gradle.tasks.ExternalNativeBuildTask.executeProcessBatch(ExternalNativeBuildTask.java:292)
	at com.android.build.gradle.tasks.ExternalNativeBuildTask.build(ExternalNativeBuildTask.java:184)
	at org.gradle.internal.reflect.JavaMethod.invoke(JavaMethod.java:73)
	... 39 more


* Get more help at https://help.gradle.org

BUILD FAILED in 10s
22 actionable tasks: 9 executed, 13 up-to-date

2018-09-03 02:25:03,949 INFO  ProjectTaskService - Detecting possible tasks...
2018-09-03 02:25:03,949 INFO  SysUtils - Execute command: [/var/folders/bq/vtzpc5ns5sg2cthy61lqpg3dfzgbys/T/1535916263725-0/src/Fillme-master/gradlew, -b, /var/folders/bq/vtzpc5ns5sg2cthy61lqpg3dfzgbys/T/1535916263725-0/src/Fillme-master/build.gradle, -Dorg.gradle.daemon=false, -Dorg.gradle.daemon.performance.enable-monitoring=false, -Dorg.gradle.configureondemand=true, tasks]
2018-09-03 02:25:10,176 INFO  ProjectTaskService - Detected possible tasks: 68
2018-09-03 02:25:10,176 INFO  ProjectTaskService - Excluded tasks (19): lintDebug mockableAndroidJar deviceCheck lint testReleaseUnitTest uninstallRelease deviceAndroidTest uninstallDebugAndroidTest installDebugAndroidTest connectedCheck connectedDebugAndroidTest uninstallAll test check testDebugUnitTest connectedAndroidTest installDebug lintRelease uninstallDebug
2018-09-03 02:25:10,176 INFO  SysUtils - Execute command: [/var/folders/bq/vtzpc5ns5sg2cthy61lqpg3dfzgbys/T/1535916263725-0/src/Fillme-master/gradlew, -b, /var/folders/bq/vtzpc5ns5sg2cthy61lqpg3dfzgbys/T/1535916263725-0/src/Fillme-master/build.gradle, -Dorg.gradle.daemon=false, -Dorg.gradle.daemon.performance.enable-monitoring=false, -Dorg.gradle.configureondemand=true, --stacktrace, -x, lintDebug, -x, mockableAndroidJar, -x, deviceCheck, -x, lint, -x, testReleaseUnitTest, -x, uninstallRelease, -x, deviceAndroidTest, -x, uninstallDebugAndroidTest, -x, installDebugAndroidTest, -x, connectedCheck, -x, connectedDebugAndroidTest, -x, uninstallAll, -x, test, -x, check, -x, testDebugUnitTest, -x, connectedAndroidTest, -x, installDebug, -x, lintRelease, -x, uninstallDebug, build]
2018-09-03 02:25:17,580 ERROR SysUtils - Could not process external command
org.apache.commons.exec.ExecuteException: Process exited with an error: 1 (Exit value: 1)
	at org.apache.commons.exec.DefaultExecutor.executeInternal(DefaultExecutor.java:404)
	at org.apache.commons.exec.DefaultExecutor.execute(DefaultExecutor.java:166)
	at com.github.vbauer.apkmaster.util.SysUtils.execute(SysUtils.java:67)
	at com.github.vbauer.apkmaster.util.SysUtils.executeSimple(SysUtils.java:43)
	at com.github.vbauer.apkmaster.service.assembly.ProjectBuildService.buildProject(ProjectBuildService.java:78)
	at com.github.vbauer.apkmaster.service.assembly.ProjectBuildService.buildProject(ProjectBuildService.java:64)
	at com.github.vbauer.apkmaster.service.assembly.ProjectBuildService.buildProject(ProjectBuildService.java:43)
	at com.github.vbauer.apkmaster.service.FullProcessService.build(FullProcessService.java:84)
	at com.github.vbauer.apkmaster.service.FullProcessService.process(FullProcessService.java:34)
	at com.github.vbauer.apkmaster.app.MainApplication.process(MainApplication.java:38)
	at com.github.vbauer.apkmaster.app.MainApplication.main(MainApplication.java:20)
	at sun.reflect.GeneratedMethodAccessor8.invoke(Unknown Source)
	at sun.reflect.DelegatingMethodAccessorImpl.invoke(DelegatingMethodAccessorImpl.java:43)
	at java.lang.reflect.Method.invoke(Method.java:498)
	at com.android.arsenal.util.ReflectionUtils.invoke(ReflectionUtils.java:52)
	at com.android.arsenal.util.ApkMasterUtils.main(ApkMasterUtils.java:30)
	at com.android.arsenal.service.processor.impl.BuildProcessorServiceImpl.buildProject(BuildProcessorServiceImpl.java:196)
	at com.android.arsenal.service.processor.impl.BuildProcessorServiceImpl.build(BuildProcessorServiceImpl.java:130)
	at com.android.arsenal.service.processor.impl.BuildProcessorServiceImpl.lambda$createTasks$1(BuildProcessorServiceImpl.java:113)
	at java.util.concurrent.FutureTask.run(FutureTask.java:266)
	at java.util.concurrent.Executors$RunnableAdapter.call(Executors.java:511)
	at java.util.concurrent.FutureTask.run(FutureTask.java:266)
	at java.util.concurrent.ThreadPoolExecutor.runWorker(ThreadPoolExecutor.java:1149)
	at java.util.concurrent.ThreadPoolExecutor$Worker.run(ThreadPoolExecutor.java:624)
	at java.lang.Thread.run(Thread.java:748)
2018-09-03 02:25:17,580 INFO  SysUtils - Configuration on demand is an incubating feature.
Configuration 'compile' in project ':app' is deprecated. Use 'implementation' instead.
Configuration 'androidTestCompile' in project ':app' is deprecated. Use 'androidTestImplementation' instead.
Configuration 'testCompile' in project ':app' is deprecated. Use 'testImplementation' instead.
Configuration 'compile' in project ':fillme_lib' is deprecated. Use 'implementation' instead.
Configuration 'androidTestCompile' in project ':fillme_lib' is deprecated. Use 'androidTestImplementation' instead.
Configuration 'testCompile' in project ':fillme_lib' is deprecated. Use 'testImplementation' instead.
:app:preBuild UP-TO-DATE
:fillme_lib:preBuild UP-TO-DATE
:fillme_lib:preDebugBuild UP-TO-DATE
:fillme_lib:checkDebugManifest UP-TO-DATE
:fillme_lib:processDebugManifest UP-TO-DATE
:app:preDebugBuild UP-TO-DATE
:fillme_lib:compileDebugAidl UP-TO-DATE
:app:compileDebugAidl UP-TO-DATE
:fillme_lib:packageDebugRenderscript NO-SOURCE
:app:compileDebugRenderscript UP-TO-DATE
:app:checkDebugManifest UP-TO-DATE
:app:generateDebugBuildConfig UP-TO-DATE
:app:prepareLintJar UP-TO-DATE
:app:generateDebugResValues UP-TO-DATE
:app:generateDebugResources UP-TO-DATE
:fillme_lib:compileDebugRenderscript UP-TO-DATE
:fillme_lib:generateDebugResValues UP-TO-DATE
:fillme_lib:generateDebugResources UP-TO-DATE
:fillme_lib:packageDebugResources UP-TO-DATE
:app:mergeDebugResources UP-TO-DATE
:app:createDebugCompatibleScreenManifests UP-TO-DATE
:app:processDebugManifest UP-TO-DATE
:app:splitsDiscoveryTaskDebug UP-TO-DATE
:fillme_lib:platformAttrExtractor UP-TO-DATE
:fillme_lib:processDebugResources UP-TO-DATE
:app:processDebugResources/Users/vbauer/.gradle/caches/transforms-1/files-1.1/appcompat-v7-26.1.0.aar/b820af0c9ba97ac06b2c0b663b55f674/res/values-v26/values-v26.xml:9:5-12:13: AAPT: error: resource android:attr/colorError not found.
    
/Users/vbauer/.gradle/caches/transforms-1/files-1.1/appcompat-v7-26.1.0.aar/b820af0c9ba97ac06b2c0b663b55f674/res/values-v26/values-v26.xml:13:5-16:13: AAPT: error: resource android:attr/colorError not found.
    
/Users/vbauer/.gradle/caches/transforms-1/files-1.1/appcompat-v7-26.1.0.aar/b820af0c9ba97ac06b2c0b663b55f674/res/values-v26/values-v26.xml:17:5-93: AAPT: error: style attribute 'android:attr/keyboardNavigationCluster' not found.
    
/private/var/folders/bq/vtzpc5ns5sg2cthy61lqpg3dfzgbys/T/1535916263725-0/src/Fillme-master/app/build/intermediates/incremental/mergeDebugResources/merged.dir/values-v26/values-v26.xml:7: error: resource android:attr/colorError not found.
/private/var/folders/bq/vtzpc5ns5sg2cthy61lqpg3dfzgbys/T/1535916263725-0/src/Fillme-master/app/build/intermediates/incremental/mergeDebugResources/merged.dir/values-v26/values-v26.xml:11: error: resource android:attr/colorError not found.
/private/var/folders/bq/vtzpc5ns5sg2cthy61lqpg3dfzgbys/T/1535916263725-0/src/Fillme-master/app/build/intermediates/incremental/mergeDebugResources/merged.dir/values-v26/values-v26.xml:15: error: style attribute 'android:attr/keyboardNavigationCluster' not found.
error: failed linking references.

Failed to execute aapt
com.android.ide.common.process.ProcessException: Failed to execute aapt
	at com.android.builder.core.AndroidBuilder.processResources(AndroidBuilder.java:796)
	at com.android.build.gradle.tasks.ProcessAndroidResources.invokeAaptForSplit(ProcessAndroidResources.java:551)
	at com.android.build.gradle.tasks.ProcessAndroidResources.doFullTaskAction(ProcessAndroidResources.java:285)
	at com.android.build.gradle.internal.tasks.IncrementalTask.taskAction(IncrementalTask.java:109)
	at sun.reflect.NativeMethodAccessorImpl.invoke0(Native Method)
	at sun.reflect.NativeMethodAccessorImpl.invoke(NativeMethodAccessorImpl.java:62)
	at sun.reflect.DelegatingMethodAccessorImpl.invoke(DelegatingMethodAccessorImpl.java:43)
	at java.lang.reflect.Method.invoke(Method.java:498)
	at org.gradle.internal.reflect.JavaMethod.invoke(JavaMethod.java:73)
	at org.gradle.api.internal.project.taskfactory.DefaultTaskClassInfoStore$IncrementalTaskAction.doExecute(DefaultTaskClassInfoStore.java:173)
	at org.gradle.api.internal.project.taskfactory.DefaultTaskClassInfoStore$StandardTaskAction.execute(DefaultTaskClassInfoStore.java:134)
	at org.gradle.api.internal.project.taskfactory.DefaultTaskClassInfoStore$StandardTaskAction.execute(DefaultTaskClassInfoStore.java:121)
	at org.gradle.api.internal.tasks.execution.ExecuteActionsTaskExecuter$1.run(ExecuteActionsTaskExecuter.java:122)
	at org.gradle.internal.progress.DefaultBuildOperationExecutor$RunnableBuildOperationWorker.execute(DefaultBuildOperationExecutor.java:336)
	at org.gradle.internal.progress.DefaultBuildOperationExecutor$RunnableBuildOperationWorker.execute(DefaultBuildOperationExecutor.java:328)
	at org.gradle.internal.progress.DefaultBuildOperationExecutor.execute(DefaultBuildOperationExecutor.java:197)
	at org.gradle.internal.progress.DefaultBuildOperationExecutor.run(DefaultBuildOperationExecutor.java:107)
	at org.gradle.api.internal.tasks.execution.ExecuteActionsTaskExecuter.executeAction(ExecuteActionsTaskExecuter.java:111)
	at org.gradle.api.internal.tasks.execution.ExecuteActionsTaskExecuter.executeActions(ExecuteActionsTaskExecuter.java:92)
	at org.gradle.api.internal.tasks.execution.ExecuteActionsTaskExecuter.execute(ExecuteActionsTaskExecuter.java:70)
	at org.gradle.api.internal.tasks.execution.SkipUpToDateTaskExecuter.execute(SkipUpToDateTaskExecuter.java:63)
	at org.gradle.api.internal.tasks.execution.ResolveTaskOutputCachingStateExecuter.execute(ResolveTaskOutputCachingStateExecuter.java:54)
	at org.gradle.api.internal.tasks.execution.ValidatingTaskExecuter.execute(ValidatingTaskExecuter.java:58)
	at org.gradle.api.internal.tasks.execution.SkipEmptySourceFilesTaskExecuter.execute(SkipEmptySourceFilesTaskExecuter.java:88)
	at org.gradle.api.internal.tasks.execution.ResolveTaskArtifactStateTaskExecuter.execute(ResolveTaskArtifactStateTaskExecuter.java:52)
	at org.gradle.api.internal.tasks.execution.SkipTaskWithNoActionsExecuter.execute(SkipTaskWithNoActionsExecuter.java:52)
	at org.gradle.api.internal.tasks.execution.SkipOnlyIfTaskExecuter.execute(SkipOnlyIfTaskExecuter.java:54)
	at org.gradle.api.internal.tasks.execution.ExecuteAtMostOnceTaskExecuter.execute(ExecuteAtMostOnceTaskExecuter.java:43)
	at org.gradle.api.internal.tasks.execution.CatchExceptionTaskExecuter.execute(CatchExceptionTaskExecuter.java:34)
	at org.gradle.execution.taskgraph.DefaultTaskGraphExecuter$EventFiringTaskWorker$1.run(DefaultTaskGraphExecuter.java:248)
	at org.gradle.internal.progress.DefaultBuildOperationExecutor$RunnableBuildOperationWorker.execute(DefaultBuildOperationExecutor.java:336)
	at org.gradle.internal.progress.DefaultBuildOperationExecutor$RunnableBuildOperationWorker.execute(DefaultBuildOperationExecutor.java:328)
	at org.gradle.internal.progress.DefaultBuildOperationExecutor.execute(DefaultBuildOperationExecutor.java:197)
	at org.gradle.internal.progress.DefaultBuildOperationExecutor.run(DefaultBuildOperationExecutor.java:107)
	at org.gradle.execution.taskgraph.DefaultTaskGraphExecuter$EventFiringTaskWorker.execute(DefaultTaskGraphExecuter.java:241)
	at org.gradle.execution.taskgraph.DefaultTaskGraphExecuter$EventFiringTaskWorker.execute(DefaultTaskGraphExecuter.java:230)
	at org.gradle.execution.taskgraph.DefaultTaskPlanExecutor$TaskExecutorWorker.processTask(DefaultTaskPlanExecutor.java:124)
	at org.gradle.execution.taskgraph.DefaultTaskPlanExecutor$TaskExecutorWorker.access$200(DefaultTaskPlanExecutor.java:80)
	at org.gradle.execution.taskgraph.DefaultTaskPlanExecutor$TaskExecutorWorker$1.execute(DefaultTaskPlanExecutor.java:105)
	at org.gradle.execution.taskgraph.DefaultTaskPlanExecutor$TaskExecutorWorker$1.execute(DefaultTaskPlanExecutor.java:99)
	at org.gradle.execution.taskgraph.DefaultTaskExecutionPlan.execute(DefaultTaskExecutionPlan.java:625)
	at org.gradle.execution.taskgraph.DefaultTaskExecutionPlan.executeWithTask(DefaultTaskExecutionPlan.java:580)
	at org.gradle.execution.taskgraph.DefaultTaskPlanExecutor$TaskExecutorWorker.run(DefaultTaskPlanExecutor.java:99)
	at org.gradle.internal.concurrent.ExecutorPolicy$CatchAndRecordFailures.onExecute(ExecutorPolicy.java:63)
	at org.gradle.internal.concurrent.ManagedExecutorImpl$1.run(ManagedExecutorImpl.java:46)
	at java.util.concurrent.ThreadPoolExecutor.runWorker(ThreadPoolExecutor.java:1149)
	at java.util.concurrent.ThreadPoolExecutor$Worker.run(ThreadPoolExecutor.java:624)
	at org.gradle.internal.concurrent.ThreadFactoryImpl$ManagedThreadRunnable.run(ThreadFactoryImpl.java:55)
	at java.lang.Thread.run(Thread.java:748)
Caused by: java.util.concurrent.ExecutionException: java.util.concurrent.ExecutionException: com.android.tools.aapt2.Aapt2Exception: AAPT2 error: check logs for details
	at com.google.common.util.concurrent.AbstractFuture.getDoneValue(AbstractFuture.java:503)
	at com.google.common.util.concurrent.AbstractFuture.get(AbstractFuture.java:482)
	at com.google.common.util.concurrent.AbstractFuture$TrustedFuture.get(AbstractFuture.java:79)
	at com.android.builder.core.AndroidBuilder.processResources(AndroidBuilder.java:794)
	... 48 more
Caused by: java.util.concurrent.ExecutionException: com.android.tools.aapt2.Aapt2Exception: AAPT2 error: check logs for details
	at com.google.common.util.concurrent.AbstractFuture.getDoneValue(AbstractFuture.java:503)
	at com.google.common.util.concurrent.AbstractFuture.get(AbstractFuture.java:462)
	at com.google.common.util.concurrent.AbstractFuture$TrustedFuture.get(AbstractFuture.java:79)
	at com.android.builder.internal.aapt.v2.QueueableAapt2.lambda$makeValidatedPackage$1(QueueableAapt2.java:179)
	at java.util.concurrent.ThreadPoolExecutor.runWorker(ThreadPoolExecutor.java:1149)
	at java.util.concurrent.ThreadPoolExecutor$Worker.run(ThreadPoolExecutor.java:624)
	... 1 more
Caused by: com.android.tools.aapt2.Aapt2Exception: AAPT2 error: check logs for details
	at com.android.builder.png.AaptProcess$NotifierProcessOutput.handleOutput(AaptProcess.java:463)
	at com.android.builder.png.AaptProcess$NotifierProcessOutput.err(AaptProcess.java:415)
	at com.android.builder.png.AaptProcess$ProcessOutputFacade.err(AaptProcess.java:332)
	at com.android.utils.GrabProcessOutput$1.run(GrabProcessOutput.java:104)
 FAILED

FAILURE: Build failed with an exception.

* What went wrong:
Execution failed for task ':app:processDebugResources'.
> Failed to execute aapt

* Try:
Run with --info or --debug option to get more log output.

* Exception is:
org.gradle.api.tasks.TaskExecutionException: Execution failed for task ':app:processDebugResources'.
	at org.gradle.api.internal.tasks.execution.ExecuteActionsTaskExecuter.executeActions(ExecuteActionsTaskExecuter.java:100)
	at org.gradle.api.internal.tasks.execution.ExecuteActionsTaskExecuter.execute(ExecuteActionsTaskExecuter.java:70)
	at org.gradle.api.internal.tasks.execution.SkipUpToDateTaskExecuter.execute(SkipUpToDateTaskExecuter.java:63)
	at org.gradle.api.internal.tasks.execution.ResolveTaskOutputCachingStateExecuter.execute(ResolveTaskOutputCachingStateExecuter.java:54)
	at org.gradle.api.internal.tasks.execution.ValidatingTaskExecuter.execute(ValidatingTaskExecuter.java:58)
	at org.gradle.api.internal.tasks.execution.SkipEmptySourceFilesTaskExecuter.execute(SkipEmptySourceFilesTaskExecuter.java:88)
	at org.gradle.api.internal.tasks.execution.ResolveTaskArtifactStateTaskExecuter.execute(ResolveTaskArtifactStateTaskExecuter.java:52)
	at org.gradle.api.internal.tasks.execution.SkipTaskWithNoActionsExecuter.execute(SkipTaskWithNoActionsExecuter.java:52)
	at org.gradle.api.internal.tasks.execution.SkipOnlyIfTaskExecuter.execute(SkipOnlyIfTaskExecuter.java:54)
	at org.gradle.api.internal.tasks.execution.ExecuteAtMostOnceTaskExecuter.execute(ExecuteAtMostOnceTaskExecuter.java:43)
	at org.gradle.api.internal.tasks.execution.CatchExceptionTaskExecuter.execute(CatchExceptionTaskExecuter.java:34)
	at org.gradle.execution.taskgraph.DefaultTaskGraphExecuter$EventFiringTaskWorker$1.run(DefaultTaskGraphExecuter.java:248)
	at org.gradle.internal.progress.DefaultBuildOperationExecutor$RunnableBuildOperationWorker.execute(DefaultBuildOperationExecutor.java:336)
	at org.gradle.internal.progress.DefaultBuildOperationExecutor$RunnableBuildOperationWorker.execute(DefaultBuildOperationExecutor.java:328)
	at org.gradle.internal.progress.DefaultBuildOperationExecutor.execute(DefaultBuildOperationExecutor.java:197)
	at org.gradle.internal.progress.DefaultBuildOperationExecutor.run(DefaultBuildOperationExecutor.java:107)
	at org.gradle.execution.taskgraph.DefaultTaskGraphExecuter$EventFiringTaskWorker.execute(DefaultTaskGraphExecuter.java:241)
	at org.gradle.execution.taskgraph.DefaultTaskGraphExecuter$EventFiringTaskWorker.execute(DefaultTaskGraphExecuter.java:230)
	at org.gradle.execution.taskgraph.DefaultTaskPlanExecutor$TaskExecutorWorker.processTask(DefaultTaskPlanExecutor.java:124)
	at org.gradle.execution.taskgraph.DefaultTaskPlanExecutor$TaskExecutorWorker.access$200(DefaultTaskPlanExecutor.java:80)
	at org.gradle.execution.taskgraph.DefaultTaskPlanExecutor$TaskExecutorWorker$1.execute(DefaultTaskPlanExecutor.java:105)
	at org.gradle.execution.taskgraph.DefaultTaskPlanExecutor$TaskExecutorWorker$1.execute(DefaultTaskPlanExecutor.java:99)
	at org.gradle.execution.taskgraph.DefaultTaskExecutionPlan.execute(DefaultTaskExecutionPlan.java:625)
	at org.gradle.execution.taskgraph.DefaultTaskExecutionPlan.executeWithTask(DefaultTaskExecutionPlan.java:580)
	at org.gradle.execution.taskgraph.DefaultTaskPlanExecutor$TaskExecutorWorker.run(DefaultTaskPlanExecutor.java:99)
	at org.gradle.internal.concurrent.ExecutorPolicy$CatchAndRecordFailures.onExecute(ExecutorPolicy.java:63)
	at org.gradle.internal.concurrent.ManagedExecutorImpl$1.run(ManagedExecutorImpl.java:46)
	at org.gradle.internal.concurrent.ThreadFactoryImpl$ManagedThreadRunnable.run(ThreadFactoryImpl.java:55)
Caused by: org.gradle.tooling.BuildException: Failed to execute aapt
	at com.android.build.gradle.tasks.ProcessAndroidResources.invokeAaptForSplit(ProcessAndroidResources.java:573)
	at com.android.build.gradle.tasks.ProcessAndroidResources.doFullTaskAction(ProcessAndroidResources.java:285)
	at com.android.build.gradle.internal.tasks.IncrementalTask.taskAction(IncrementalTask.java:109)
	at org.gradle.internal.reflect.JavaMethod.invoke(JavaMethod.java:73)
	at org.gradle.api.internal.project.taskfactory.DefaultTaskClassInfoStore$IncrementalTaskAction.doExecute(DefaultTaskClassInfoStore.java:173)
	at org.gradle.api.internal.project.taskfactory.DefaultTaskClassInfoStore$StandardTaskAction.execute(DefaultTaskClassInfoStore.java:134)
	at org.gradle.api.internal.project.taskfactory.DefaultTaskClassInfoStore$StandardTaskAction.execute(DefaultTaskClassInfoStore.java:121)
	at org.gradle.api.internal.tasks.execution.ExecuteActionsTaskExecuter$1.run(ExecuteActionsTaskExecuter.java:122)
	at org.gradle.internal.progress.DefaultBuildOperationExecutor$RunnableBuildOperationWorker.execute(DefaultBuildOperationExecutor.java:336)
	at org.gradle.internal.progress.DefaultBuildOperationExecutor$RunnableBuildOperationWorker.execute(DefaultBuildOperationExecutor.java:328)
	at org.gradle.internal.progress.DefaultBuildOperationExecutor.execute(DefaultBuildOperationExecutor.java:197)
	at org.gradle.internal.progress.DefaultBuildOperationExecutor.run(DefaultBuildOperationExecutor.java:107)
	at org.gradle.api.internal.tasks.execution.ExecuteActionsTaskExecuter.executeAction(ExecuteActionsTaskExecuter.java:111)
	at org.gradle.api.internal.tasks.execution.ExecuteActionsTaskExecuter.executeActions(ExecuteActionsTaskExecuter.java:92)
	... 27 more
	Suppressed: java.lang.RuntimeException: Some file processing failed, see logs for details
		at com.android.builder.internal.aapt.QueuedResourceProcessor.waitForAll(QueuedResourceProcessor.java:121)
		at com.android.builder.internal.aapt.QueuedResourceProcessor.end(QueuedResourceProcessor.java:141)
		at com.android.builder.internal.aapt.v2.QueueableAapt2.close(QueueableAapt2.java:117)
		at com.android.build.gradle.tasks.ProcessAndroidResources.doFullTaskAction(ProcessAndroidResources.java:328)
		at com.android.build.gradle.internal.tasks.IncrementalTask.taskAction(IncrementalTask.java:109)
		at sun.reflect.NativeMethodAccessorImpl.invoke0(Native Method)
		at sun.reflect.NativeMethodAccessorImpl.invoke(NativeMethodAccessorImpl.java:62)
		at sun.reflect.DelegatingMethodAccessorImpl.invoke(DelegatingMethodAccessorImpl.java:43)
		at java.lang.reflect.Method.invoke(Method.java:498)
		at org.gradle.internal.reflect.JavaMethod.invoke(JavaMethod.java:73)
		at org.gradle.api.internal.project.taskfactory.DefaultTaskClassInfoStore$IncrementalTaskAction.doExecute(DefaultTaskClassInfoStore.java:173)
		at org.gradle.api.internal.project.taskfactory.DefaultTaskClassInfoStore$StandardTaskAction.execute(DefaultTaskClassInfoStore.java:134)
		at org.gradle.api.internal.project.taskfactory.DefaultTaskClassInfoStore$StandardTaskAction.execute(DefaultTaskClassInfoStore.java:121)
		at org.gradle.api.internal.tasks.execution.ExecuteActionsTaskExecuter$1.run(ExecuteActionsTaskExecuter.java:122)
		at org.gradle.internal.progress.DefaultBuildOperationExecutor$RunnableBuildOperationWorker.execute(DefaultBuildOperationExecutor.java:336)
		at org.gradle.internal.progress.DefaultBuildOperationExecutor$RunnableBuildOperationWorker.execute(DefaultBuildOperationExecutor.java:328)
		at org.gradle.internal.progress.DefaultBuildOperationExecutor.execute(DefaultBuildOperationExecutor.java:197)
		at org.gradle.internal.progress.DefaultBuildOperationExecutor.run(DefaultBuildOperationExecutor.java:107)
		at org.gradle.api.internal.tasks.execution.ExecuteActionsTaskExecuter.executeAction(ExecuteActionsTaskExecuter.java:111)
		at org.gradle.api.internal.tasks.execution.ExecuteActionsTaskExecuter.executeActions(ExecuteActionsTaskExecuter.java:92)
		at org.gradle.api.internal.tasks.execution.ExecuteActionsTaskExecuter.execute(ExecuteActionsTaskExecuter.java:70)
		at org.gradle.api.internal.tasks.execution.SkipUpToDateTaskExecuter.execute(SkipUpToDateTaskExecuter.java:63)
		at org.gradle.api.internal.tasks.execution.ResolveTaskOutputCachingStateExecuter.execute(ResolveTaskOutputCachingStateExecuter.java:54)
		at org.gradle.api.internal.tasks.execution.ValidatingTaskExecuter.execute(ValidatingTaskExecuter.java:58)
		at org.gradle.api.internal.tasks.execution.SkipEmptySourceFilesTaskExecuter.execute(SkipEmptySourceFilesTaskExecuter.java:88)
		at org.gradle.api.internal.tasks.execution.ResolveTaskArtifactStateTaskExecuter.execute(ResolveTaskArtifactStateTaskExecuter.java:52)
		at org.gradle.api.internal.tasks.execution.SkipTaskWithNoActionsExecuter.execute(SkipTaskWithNoActionsExecuter.java:52)
		at org.gradle.api.internal.tasks.execution.SkipOnlyIfTaskExecuter.execute(SkipOnlyIfTaskExecuter.java:54)
		at org.gradle.api.internal.tasks.execution.ExecuteAtMostOnceTaskExecuter.execute(ExecuteAtMostOnceTaskExecuter.java:43)
		at org.gradle.api.internal.tasks.execution.CatchExceptionTaskExecuter.execute(CatchExceptionTaskExecuter.java:34)
		at org.gradle.execution.taskgraph.DefaultTaskGraphExecuter$EventFiringTaskWorker$1.run(DefaultTaskGraphExecuter.java:248)
		at org.gradle.internal.progress.DefaultBuildOperationExecutor$RunnableBuildOperationWorker.execute(DefaultBuildOperationExecutor.java:336)
		at org.gradle.internal.progress.DefaultBuildOperationExecutor$RunnableBuildOperationWorker.execute(DefaultBuildOperationExecutor.java:328)
		at org.gradle.internal.progress.DefaultBuildOperationExecutor.execute(DefaultBuildOperationExecutor.java:197)
		at org.gradle.internal.progress.DefaultBuildOperationExecutor.run(DefaultBuildOperationExecutor.java:107)
		at org.gradle.execution.taskgraph.DefaultTaskGraphExecuter$EventFiringTaskWorker.execute(DefaultTaskGraphExecuter.java:241)
		at org.gradle.execution.taskgraph.DefaultTaskGraphExecuter$EventFiringTaskWorker.execute(DefaultTaskGraphExecuter.java:230)
		at org.gradle.execution.taskgraph.DefaultTaskPlanExecutor$TaskExecutorWorker.processTask(DefaultTaskPlanExecutor.java:124)
		at org.gradle.execution.taskgraph.DefaultTaskPlanExecutor$TaskExecutorWorker.access$200(DefaultTaskPlanExecutor.java:80)
		at org.gradle.execution.taskgraph.DefaultTaskPlanExecutor$TaskExecutorWorker$1.execute(DefaultTaskPlanExecutor.java:105)
		at org.gradle.execution.taskgraph.DefaultTaskPlanExecutor$TaskExecutorWorker$1.execute(DefaultTaskPlanExecutor.java:99)
		at org.gradle.execution.taskgraph.DefaultTaskExecutionPlan.execute(DefaultTaskExecutionPlan.java:625)
		at org.gradle.execution.taskgraph.DefaultTaskExecutionPlan.executeWithTask(DefaultTaskExecutionPlan.java:580)
		at org.gradle.execution.taskgraph.DefaultTaskPlanExecutor$TaskExecutorWorker.run(DefaultTaskPlanExecutor.java:99)
		at org.gradle.internal.concurrent.ExecutorPolicy$CatchAndRecordFailures.onExecute(ExecutorPolicy.java:63)
		at org.gradle.internal.concurrent.ManagedExecutorImpl$1.run(ManagedExecutorImpl.java:46)
		at java.util.concurrent.ThreadPoolExecutor.runWorker(ThreadPoolExecutor.java:1149)
		at java.util.concurrent.ThreadPoolExecutor$Worker.run(ThreadPoolExecutor.java:624)
		at org.gradle.internal.concurrent.ThreadFactoryImpl$ManagedThreadRunnable.run(ThreadFactoryImpl.java:55)
		at java.lang.Thread.run(Thread.java:748)
Caused by: com.android.ide.common.process.ProcessException: Failed to execute aapt
	at com.android.builder.core.AndroidBuilder.processResources(AndroidBuilder.java:796)
	at com.android.build.gradle.tasks.ProcessAndroidResources.invokeAaptForSplit(ProcessAndroidResources.java:551)
	... 40 more
Caused by: java.util.concurrent.ExecutionException: java.util.concurrent.ExecutionException: com.android.tools.aapt2.Aapt2Exception: AAPT2 error: check logs for details
	at com.google.common.util.concurrent.AbstractFuture.getDoneValue(AbstractFuture.java:503)
	at com.google.common.util.concurrent.AbstractFuture.get(AbstractFuture.java:482)
	at com.google.common.util.concurrent.AbstractFuture$TrustedFuture.get(AbstractFuture.java:79)
	at com.android.builder.core.AndroidBuilder.processResources(AndroidBuilder.java:794)
	... 41 more
Caused by: java.util.concurrent.ExecutionException: com.android.tools.aapt2.Aapt2Exception: AAPT2 error: check logs for details
	at com.google.common.util.concurrent.AbstractFuture.getDoneValue(AbstractFuture.java:503)
	at com.google.common.util.concurrent.AbstractFuture.get(AbstractFuture.java:462)
	at com.google.common.util.concurrent.AbstractFuture$TrustedFuture.get(AbstractFuture.java:79)
	at com.android.builder.internal.aapt.v2.QueueableAapt2.lambda$makeValidatedPackage$1(QueueableAapt2.java:179)
Caused by: com.android.tools.aapt2.Aapt2Exception: AAPT2 error: check logs for details
	at com.android.builder.png.AaptProcess$NotifierProcessOutput.handleOutput(AaptProcess.java:463)
	at com.android.builder.png.AaptProcess$NotifierProcessOutput.err(AaptProcess.java:415)
	at com.android.builder.png.AaptProcess$ProcessOutputFacade.err(AaptProcess.java:332)
	at com.android.utils.GrabProcessOutput$1.run(GrabProcessOutput.java:104)


* Get more help at https://help.gradle.org

BUILD FAILED in 6s
20 actionable tasks: 1 executed, 19 up-to-date

2018-09-03 02:25:17,613 ERROR FullProcessService - Project build has not produced APK file
2018-09-03 02:25:17,643 ERROR FullProcessService - Could not find generated or existed APK file
