2018-09-12 00:21:44,184 INFO  DownloadService - Downloading "https://github.com/BaselHorany/ProgressStatusBar/archive/master.zip", attempt 3
2018-09-12 00:22:45,047 INFO  GithubDownloadService - Could not find ZIP archive for master branch
2018-09-12 00:22:45,939 INFO  GithubDownloadService - Default branch of this repository: master
2018-09-12 00:22:45,939 INFO  DownloadService - Downloading "https://github.com/BaselHorany/ProgressStatusBar/archive/master.zip", attempt 3
2018-09-12 00:23:47,841 DEBUG FullProcessService - Repository https://github.com/BaselHorany/ProgressStatusBar available: true
2018-09-12 00:23:47,841 INFO  FullProcessService - Could not download ZIP file from Github, lets clone it
2018-09-12 00:23:47,842 INFO  SysUtils - Execute command: [git, clone, -q, --single-branch, --depth, 1, https://github.com/BaselHorany/ProgressStatusBar, /var/folders/bq/vtzpc5ns5sg2cthy61lqpg3dfzgbys/T/1536686504176-0/src]
2018-09-12 00:23:49,737 INFO  SysUtils - 
2018-09-12 00:23:49,766 INFO  GitService - Deleted "/var/folders/bq/vtzpc5ns5sg2cthy61lqpg3dfzgbys/T/1536686504176-0/src/.git": true
2018-09-12 00:23:49,768 INFO  FullProcessService - Size of directory with sources: 419 KB
2018-09-12 00:23:49,768 INFO  SysUtils - Execute command: [git, init, /var/folders/bq/vtzpc5ns5sg2cthy61lqpg3dfzgbys/T/1536686504176-0/src]
2018-09-12 00:23:49,784 INFO  SysUtils - Initialized empty Git repository in /private/var/folders/bq/vtzpc5ns5sg2cthy61lqpg3dfzgbys/T/1536686504176-0/src/.git/

2018-09-12 00:23:49,786 INFO  ProjectBuildService - Gradle wrapper(s): /var/folders/bq/vtzpc5ns5sg2cthy61lqpg3dfzgbys/T/1536686504176-0/src/ProgressStatusBar/gradlew /var/folders/bq/vtzpc5ns5sg2cthy61lqpg3dfzgbys/T/1536686504176-0/src/gradlew
2018-09-12 00:23:49,788 INFO  ProjectBuildService - Build script(s): /var/folders/bq/vtzpc5ns5sg2cthy61lqpg3dfzgbys/T/1536686504176-0/src/ProgressStatusBar/build.gradle /var/folders/bq/vtzpc5ns5sg2cthy61lqpg3dfzgbys/T/1536686504176-0/src/app/build.gradle /var/folders/bq/vtzpc5ns5sg2cthy61lqpg3dfzgbys/T/1536686504176-0/src/build.gradle
2018-09-12 00:23:49,790 INFO  ProjectBuildService - All script(s): /var/folders/bq/vtzpc5ns5sg2cthy61lqpg3dfzgbys/T/1536686504176-0/src/app/build.gradle /var/folders/bq/vtzpc5ns5sg2cthy61lqpg3dfzgbys/T/1536686504176-0/src/ProgressStatusBar/build.gradle /var/folders/bq/vtzpc5ns5sg2cthy61lqpg3dfzgbys/T/1536686504176-0/src/build.gradle /var/folders/bq/vtzpc5ns5sg2cthy61lqpg3dfzgbys/T/1536686504176-0/src/settings.gradle
2018-09-12 00:23:49,790 INFO  ProjectBuildService - Remote scripts: none
2018-09-12 00:23:49,791 INFO  ProjectFixService - Fixing project...
2018-09-12 00:23:49,796 INFO  LocalPropertiesFixService - Updated fake /var/folders/bq/vtzpc5ns5sg2cthy61lqpg3dfzgbys/T/1536686504176-0/src/ProgressStatusBar/local.properties
2018-09-12 00:23:49,797 INFO  WrapperPropertiesFixService - Gradle wrapper: https://services.gradle.org/distributions/gradle-2.10-all.zip
2018-09-12 00:23:49,797 INFO  WrapperPropertiesFixService - Gradle wrapper was changed from "-all.zip" to "-bin.zip" (https://services.gradle.org/distributions/gradle-2.10-bin.zip)
2018-09-12 00:23:49,797 INFO  ProjectFixService - Build info for "/var/folders/bq/vtzpc5ns5sg2cthy61lqpg3dfzgbys/T/1536686504176-0/src/ProgressStatusBar/build.gradle": [buildToolsVersion=27.0.2,compileSdkVersion=27,minSdkVersion=14,targetSdkVersion=27]
2018-09-12 00:23:49,798 INFO  LocalPropertiesFixService - Created fake /var/folders/bq/vtzpc5ns5sg2cthy61lqpg3dfzgbys/T/1536686504176-0/src/app/local.properties
2018-09-12 00:23:49,798 INFO  ProjectFixService - Build info for "/var/folders/bq/vtzpc5ns5sg2cthy61lqpg3dfzgbys/T/1536686504176-0/src/app/build.gradle": [buildToolsVersion=27.0.2,compileSdkVersion=27,minSdkVersion=14,targetSdkVersion=27]
2018-09-12 00:23:49,799 INFO  LocalPropertiesFixService - Updated fake /var/folders/bq/vtzpc5ns5sg2cthy61lqpg3dfzgbys/T/1536686504176-0/src/local.properties
2018-09-12 00:23:49,800 INFO  WrapperPropertiesFixService - Gradle wrapper: https://services.gradle.org/distributions/gradle-3.3-all.zip
2018-09-12 00:23:49,800 INFO  WrapperPropertiesFixService - Gradle wrapper was changed from "-all.zip" to "-bin.zip" (https://services.gradle.org/distributions/gradle-3.3-bin.zip)
2018-09-12 00:23:49,801 INFO  ProjectFixService - Build info for "/var/folders/bq/vtzpc5ns5sg2cthy61lqpg3dfzgbys/T/1536686504176-0/src/build.gradle": [buildToolsVersion=27.0.2,compileSdkVersion=27,minSdkVersion=14,targetSdkVersion=27]
2018-09-12 00:23:49,801 INFO  ProjectFixService - Project was maybe fixed
2018-09-12 00:23:49,801 INFO  ProjectTaskService - Detecting possible tasks...
2018-09-12 00:23:49,801 INFO  SysUtils - Execute command: [/var/folders/bq/vtzpc5ns5sg2cthy61lqpg3dfzgbys/T/1536686504176-0/src/ProgressStatusBar/gradlew, -b, /var/folders/bq/vtzpc5ns5sg2cthy61lqpg3dfzgbys/T/1536686504176-0/src/ProgressStatusBar/build.gradle, -Dorg.gradle.daemon=false, -Dorg.gradle.daemon.performance.enable-monitoring=false, -Dorg.gradle.configureondemand=true, tasks]
2018-09-12 00:23:54,030 ERROR ProjectTaskService - Could not detect possible Gradle tasks: Process exited with an error: 1 (Exit value: 1)
2018-09-12 00:23:54,030 INFO  ProjectTaskService - Detected possible tasks: 0
2018-09-12 00:23:54,030 INFO  ProjectTaskService - Excluded tasks (0): none
2018-09-12 00:23:54,030 INFO  SysUtils - Execute command: [/var/folders/bq/vtzpc5ns5sg2cthy61lqpg3dfzgbys/T/1536686504176-0/src/ProgressStatusBar/gradlew, -b, /var/folders/bq/vtzpc5ns5sg2cthy61lqpg3dfzgbys/T/1536686504176-0/src/ProgressStatusBar/build.gradle, -Dorg.gradle.daemon=false, -Dorg.gradle.daemon.performance.enable-monitoring=false, -Dorg.gradle.configureondemand=true, --stacktrace, build]
2018-09-12 00:23:56,937 ERROR SysUtils - Could not process external command
org.apache.commons.exec.ExecuteException: Process exited with an error: 1 (Exit value: 1)
	at org.apache.commons.exec.DefaultExecutor.executeInternal(DefaultExecutor.java:404)
	at org.apache.commons.exec.DefaultExecutor.execute(DefaultExecutor.java:166)
	at com.github.vbauer.apkmaster.util.SysUtils.execute(SysUtils.java:67)
	at com.github.vbauer.apkmaster.util.SysUtils.executeSimple(SysUtils.java:43)
	at com.github.vbauer.apkmaster.service.assembly.ProjectBuildService.buildProject(ProjectBuildService.java:78)
	at com.github.vbauer.apkmaster.service.assembly.ProjectBuildService.buildProject(ProjectBuildService.java:64)
	at com.github.vbauer.apkmaster.service.assembly.ProjectBuildService.buildProject(ProjectBuildService.java:43)
	at com.github.vbauer.apkmaster.service.FullProcessService.build(FullProcessService.java:84)
	at com.github.vbauer.apkmaster.service.FullProcessService.process(FullProcessService.java:34)
	at com.github.vbauer.apkmaster.app.MainApplication.process(MainApplication.java:38)
	at com.github.vbauer.apkmaster.app.MainApplication.main(MainApplication.java:20)
	at sun.reflect.NativeMethodAccessorImpl.invoke0(Native Method)
	at sun.reflect.NativeMethodAccessorImpl.invoke(NativeMethodAccessorImpl.java:62)
	at sun.reflect.DelegatingMethodAccessorImpl.invoke(DelegatingMethodAccessorImpl.java:43)
	at java.lang.reflect.Method.invoke(Method.java:498)
	at com.android.arsenal.util.ReflectionUtils.invoke(ReflectionUtils.java:52)
	at com.android.arsenal.util.ApkMasterUtils.main(ApkMasterUtils.java:30)
	at com.android.arsenal.service.processor.impl.BuildProcessorServiceImpl.buildProject(BuildProcessorServiceImpl.java:196)
	at com.android.arsenal.service.processor.impl.BuildProcessorServiceImpl.build(BuildProcessorServiceImpl.java:130)
	at com.android.arsenal.service.processor.impl.BuildProcessorServiceImpl.lambda$createTasks$1(BuildProcessorServiceImpl.java:113)
	at java.util.concurrent.FutureTask.run(FutureTask.java:266)
	at java.util.concurrent.Executors$RunnableAdapter.call(Executors.java:511)
	at java.util.concurrent.FutureTask.run(FutureTask.java:266)
	at java.util.concurrent.ThreadPoolExecutor.runWorker(ThreadPoolExecutor.java:1149)
	at java.util.concurrent.ThreadPoolExecutor$Worker.run(ThreadPoolExecutor.java:624)
	at java.lang.Thread.run(Thread.java:748)
2018-09-12 00:23:56,937 INFO  SysUtils - Configuration on demand is an incubating feature.

FAILURE: Build failed with an exception.

* Where:
Build file '/private/var/folders/bq/vtzpc5ns5sg2cthy61lqpg3dfzgbys/T/1536686504176-0/src/ProgressStatusBar/build.gradle' line: 1

* What went wrong:
A problem occurred evaluating project ':ProgressStatusBar'.
> Failed to apply plugin [id 'com.android.library']
   > Minimum supported Gradle version is 3.3. Current version is 2.10. If using the gradle wrapper, try editing the distributionUrl in /Users/vbauer/Documents/workspace/java/bloodhound/gradle/wrapper/gradle-wrapper.properties to gradle-3.3-all.zip

* Try:
Run with --info or --debug option to get more log output.

* Exception is:
org.gradle.api.GradleScriptException: A problem occurred evaluating project ':ProgressStatusBar'.
	at org.gradle.groovy.scripts.internal.DefaultScriptRunnerFactory$ScriptRunnerImpl.run(DefaultScriptRunnerFactory.java:93)
	at org.gradle.configuration.DefaultScriptPluginFactory$ScriptPluginImpl$1.run(DefaultScriptPluginFactory.java:144)
	at org.gradle.configuration.ProjectScriptTarget.addConfiguration(ProjectScriptTarget.java:72)
	at org.gradle.configuration.DefaultScriptPluginFactory$ScriptPluginImpl.apply(DefaultScriptPluginFactory.java:149)
	at org.gradle.configuration.project.BuildScriptProcessor.execute(BuildScriptProcessor.java:38)
	at org.gradle.configuration.project.BuildScriptProcessor.execute(BuildScriptProcessor.java:25)
	at org.gradle.configuration.project.ConfigureActionsProjectEvaluator.evaluate(ConfigureActionsProjectEvaluator.java:34)
	at org.gradle.configuration.project.LifecycleProjectEvaluator.evaluate(LifecycleProjectEvaluator.java:55)
	at org.gradle.api.internal.project.AbstractProject.evaluate(AbstractProject.java:510)
	at org.gradle.api.internal.project.AbstractProject.evaluate(AbstractProject.java:90)
	at org.gradle.execution.TaskPathProjectEvaluator.configureHierarchy(TaskPathProjectEvaluator.java:42)
	at org.gradle.execution.TaskSelector.getSelection(TaskSelector.java:84)
	at org.gradle.execution.TaskSelector.getSelection(TaskSelector.java:75)
	at org.gradle.execution.commandline.CommandLineTaskParser.parseTasks(CommandLineTaskParser.java:42)
	at org.gradle.execution.TaskNameResolvingBuildConfigurationAction.configure(TaskNameResolvingBuildConfigurationAction.java:44)
	at org.gradle.execution.DefaultBuildConfigurationActionExecuter.configure(DefaultBuildConfigurationActionExecuter.java:48)
	at org.gradle.execution.DefaultBuildConfigurationActionExecuter.access$000(DefaultBuildConfigurationActionExecuter.java:25)
	at org.gradle.execution.DefaultBuildConfigurationActionExecuter$1.proceed(DefaultBuildConfigurationActionExecuter.java:54)
	at org.gradle.execution.DefaultTasksBuildExecutionAction.configure(DefaultTasksBuildExecutionAction.java:44)
	at org.gradle.execution.DefaultBuildConfigurationActionExecuter.configure(DefaultBuildConfigurationActionExecuter.java:48)
	at org.gradle.execution.DefaultBuildConfigurationActionExecuter.access$000(DefaultBuildConfigurationActionExecuter.java:25)
	at org.gradle.execution.DefaultBuildConfigurationActionExecuter$1.proceed(DefaultBuildConfigurationActionExecuter.java:54)
	at org.gradle.execution.ExcludedTaskFilteringBuildConfigurationAction.configure(ExcludedTaskFilteringBuildConfigurationAction.java:47)
	at org.gradle.execution.DefaultBuildConfigurationActionExecuter.configure(DefaultBuildConfigurationActionExecuter.java:48)
	at org.gradle.execution.DefaultBuildConfigurationActionExecuter.select(DefaultBuildConfigurationActionExecuter.java:36)
	at org.gradle.initialization.DefaultGradleLauncher$3.run(DefaultGradleLauncher.java:143)
	at org.gradle.internal.Factories$1.create(Factories.java:22)
	at org.gradle.internal.progress.DefaultBuildOperationExecutor.run(DefaultBuildOperationExecutor.java:90)
	at org.gradle.internal.progress.DefaultBuildOperationExecutor.run(DefaultBuildOperationExecutor.java:52)
	at org.gradle.initialization.DefaultGradleLauncher.doBuildStages(DefaultGradleLauncher.java:140)
	at org.gradle.initialization.DefaultGradleLauncher.access$200(DefaultGradleLauncher.java:32)
	at org.gradle.initialization.DefaultGradleLauncher$1.create(DefaultGradleLauncher.java:99)
	at org.gradle.initialization.DefaultGradleLauncher$1.create(DefaultGradleLauncher.java:93)
	at org.gradle.internal.progress.DefaultBuildOperationExecutor.run(DefaultBuildOperationExecutor.java:90)
	at org.gradle.internal.progress.DefaultBuildOperationExecutor.run(DefaultBuildOperationExecutor.java:62)
	at org.gradle.initialization.DefaultGradleLauncher.doBuild(DefaultGradleLauncher.java:93)
	at org.gradle.initialization.DefaultGradleLauncher.run(DefaultGradleLauncher.java:82)
	at org.gradle.launcher.exec.InProcessBuildActionExecuter$DefaultBuildController.run(InProcessBuildActionExecuter.java:94)
	at org.gradle.tooling.internal.provider.ExecuteBuildActionRunner.run(ExecuteBuildActionRunner.java:28)
	at org.gradle.launcher.exec.ChainingBuildActionRunner.run(ChainingBuildActionRunner.java:35)
	at org.gradle.launcher.exec.InProcessBuildActionExecuter.execute(InProcessBuildActionExecuter.java:43)
	at org.gradle.launcher.exec.InProcessBuildActionExecuter.execute(InProcessBuildActionExecuter.java:28)
	at org.gradle.launcher.exec.ContinuousBuildActionExecuter.execute(ContinuousBuildActionExecuter.java:78)
	at org.gradle.launcher.exec.ContinuousBuildActionExecuter.execute(ContinuousBuildActionExecuter.java:48)
	at org.gradle.launcher.exec.DaemonUsageSuggestingBuildActionExecuter.execute(DaemonUsageSuggestingBuildActionExecuter.java:51)
	at org.gradle.launcher.exec.DaemonUsageSuggestingBuildActionExecuter.execute(DaemonUsageSuggestingBuildActionExecuter.java:28)
	at org.gradle.launcher.cli.RunBuildAction.run(RunBuildAction.java:43)
	at org.gradle.internal.Actions$RunnableActionAdapter.execute(Actions.java:170)
	at org.gradle.launcher.cli.CommandLineActionFactory$ParseAndBuildAction.execute(CommandLineActionFactory.java:237)
	at org.gradle.launcher.cli.CommandLineActionFactory$ParseAndBuildAction.execute(CommandLineActionFactory.java:210)
	at org.gradle.launcher.cli.JavaRuntimeValidationAction.execute(JavaRuntimeValidationAction.java:35)
	at org.gradle.launcher.cli.JavaRuntimeValidationAction.execute(JavaRuntimeValidationAction.java:24)
	at org.gradle.launcher.cli.CommandLineActionFactory$WithLogging.execute(CommandLineActionFactory.java:206)
	at org.gradle.launcher.cli.CommandLineActionFactory$WithLogging.execute(CommandLineActionFactory.java:169)
	at org.gradle.launcher.cli.ExceptionReportingAction.execute(ExceptionReportingAction.java:33)
	at org.gradle.launcher.cli.ExceptionReportingAction.execute(ExceptionReportingAction.java:22)
	at org.gradle.launcher.Main.doAction(Main.java:33)
	at org.gradle.launcher.bootstrap.EntryPoint.run(EntryPoint.java:45)
	at org.gradle.launcher.bootstrap.ProcessBootstrap.runNoExit(ProcessBootstrap.java:54)
	at org.gradle.launcher.bootstrap.ProcessBootstrap.run(ProcessBootstrap.java:35)
	at org.gradle.launcher.GradleMain.main(GradleMain.java:23)
	at org.gradle.wrapper.BootstrapMainStarter.start(BootstrapMainStarter.java:30)
	at org.gradle.wrapper.WrapperExecutor.execute(WrapperExecutor.java:129)
	at org.gradle.wrapper.GradleWrapperMain.main(GradleWrapperMain.java:61)
Caused by: org.gradle.api.internal.plugins.PluginApplicationException: Failed to apply plugin [id 'com.android.library']
	at org.gradle.api.internal.plugins.DefaultPluginManager.doApply(DefaultPluginManager.java:160)
	at org.gradle.api.internal.plugins.DefaultPluginManager.apply(DefaultPluginManager.java:112)
	at org.gradle.api.internal.plugins.DefaultObjectConfigurationAction.applyType(DefaultObjectConfigurationAction.java:112)
	at org.gradle.api.internal.plugins.DefaultObjectConfigurationAction.access$200(DefaultObjectConfigurationAction.java:35)
	at org.gradle.api.internal.plugins.DefaultObjectConfigurationAction$3.run(DefaultObjectConfigurationAction.java:79)
	at org.gradle.api.internal.plugins.DefaultObjectConfigurationAction.execute(DefaultObjectConfigurationAction.java:135)
	at org.gradle.api.internal.project.AbstractPluginAware.apply(AbstractPluginAware.java:46)
	at org.gradle.api.plugins.PluginAware$apply.call(Unknown Source)
	at org.gradle.api.internal.project.ProjectScript.apply(ProjectScript.groovy:35)
	at org.gradle.api.Script$apply$0.callCurrent(Unknown Source)
	at build_32olkftea6oiwqdml94js2564.run(/private/var/folders/bq/vtzpc5ns5sg2cthy61lqpg3dfzgbys/T/1536686504176-0/src/ProgressStatusBar/build.gradle:1)
	at org.gradle.groovy.scripts.internal.DefaultScriptRunnerFactory$ScriptRunnerImpl.run(DefaultScriptRunnerFactory.java:91)
	... 63 more
Caused by: java.lang.RuntimeException: Minimum supported Gradle version is 3.3. Current version is 2.10. If using the gradle wrapper, try editing the distributionUrl in /Users/vbauer/Documents/workspace/java/bloodhound/gradle/wrapper/gradle-wrapper.properties to gradle-3.3-all.zip
	at com.android.build.gradle.BasePlugin.checkGradleVersion(BasePlugin.java:550)
	at com.android.build.gradle.BasePlugin.configureProject(BasePlugin.java:264)
	at com.android.builder.profile.ThreadRecorder.record(ThreadRecorder.java:81)
	at com.android.build.gradle.BasePlugin.apply(BasePlugin.java:238)
	at com.android.build.gradle.LibraryPlugin.apply(LibraryPlugin.java:123)
	at com.android.build.gradle.LibraryPlugin.apply(LibraryPlugin.java:45)
	at org.gradle.api.internal.plugins.ImperativeOnlyPluginApplicator.applyImperative(ImperativeOnlyPluginApplicator.java:35)
	at org.gradle.api.internal.plugins.RuleBasedPluginApplicator.applyImperative(RuleBasedPluginApplicator.java:44)
	at org.gradle.api.internal.plugins.DefaultPluginManager.doApply(DefaultPluginManager.java:144)
	... 74 more


BUILD FAILED

Total time: 2.366 secs

2018-09-12 00:23:56,940 INFO  ProjectTaskService - Detecting possible tasks...
2018-09-12 00:23:56,940 INFO  SysUtils - Execute command: [/var/folders/bq/vtzpc5ns5sg2cthy61lqpg3dfzgbys/T/1536686504176-0/src/gradlew, -b, /var/folders/bq/vtzpc5ns5sg2cthy61lqpg3dfzgbys/T/1536686504176-0/src/app/build.gradle, -Dorg.gradle.daemon=false, -Dorg.gradle.daemon.performance.enable-monitoring=false, -Dorg.gradle.configureondemand=true, tasks]
2018-09-12 00:24:05,089 INFO  ProjectTaskService - Detected possible tasks: 66
2018-09-12 00:24:05,089 INFO  ProjectTaskService - Excluded tasks (19): lintDebug mockableAndroidJar deviceCheck lint testReleaseUnitTest uninstallRelease deviceAndroidTest uninstallDebugAndroidTest installDebugAndroidTest connectedCheck connectedDebugAndroidTest uninstallAll test check testDebugUnitTest connectedAndroidTest installDebug lintRelease uninstallDebug
2018-09-12 00:24:05,089 INFO  SysUtils - Execute command: [/var/folders/bq/vtzpc5ns5sg2cthy61lqpg3dfzgbys/T/1536686504176-0/src/gradlew, -b, /var/folders/bq/vtzpc5ns5sg2cthy61lqpg3dfzgbys/T/1536686504176-0/src/app/build.gradle, -Dorg.gradle.daemon=false, -Dorg.gradle.daemon.performance.enable-monitoring=false, -Dorg.gradle.configureondemand=true, --stacktrace, -x, lintDebug, -x, mockableAndroidJar, -x, deviceCheck, -x, lint, -x, testReleaseUnitTest, -x, uninstallRelease, -x, deviceAndroidTest, -x, uninstallDebugAndroidTest, -x, installDebugAndroidTest, -x, connectedCheck, -x, connectedDebugAndroidTest, -x, uninstallAll, -x, test, -x, check, -x, testDebugUnitTest, -x, connectedAndroidTest, -x, installDebug, -x, lintRelease, -x, uninstallDebug, build]
2018-09-12 00:24:20,297 INFO  SysUtils - Configuration on demand is an incubating feature.
Incremental java compilation is an incubating feature.
:ProgressStatusBar:preBuild UP-TO-DATE
:ProgressStatusBar:preReleaseBuild UP-TO-DATE
:ProgressStatusBar:checkReleaseManifest
:ProgressStatusBar:preDebugAndroidTestBuild UP-TO-DATE
:ProgressStatusBar:preDebugBuild UP-TO-DATE
:ProgressStatusBar:preDebugUnitTestBuild UP-TO-DATE
:ProgressStatusBar:preReleaseUnitTestBuild UP-TO-DATE
:ProgressStatusBar:prepareAndroidArchLifecycleRuntime103Library
:ProgressStatusBar:prepareComAndroidSupportAnimatedVectorDrawable2702Library
:ProgressStatusBar:prepareComAndroidSupportAppcompatV72702Library
:ProgressStatusBar:prepareComAndroidSupportSupportCompat2702Library
:ProgressStatusBar:prepareComAndroidSupportSupportCoreUi2702Library
:ProgressStatusBar:prepareComAndroidSupportSupportCoreUtils2702Library
:ProgressStatusBar:prepareComAndroidSupportSupportFragment2702Library
:ProgressStatusBar:prepareComAndroidSupportSupportVectorDrawable2702Library
:ProgressStatusBar:prepareReleaseDependencies
:ProgressStatusBar:compileReleaseAidl
:ProgressStatusBar:compileReleaseNdk UP-TO-DATE
:ProgressStatusBar:compileLint
:ProgressStatusBar:copyReleaseLint UP-TO-DATE
:ProgressStatusBar:compileReleaseRenderscript
:ProgressStatusBar:generateReleaseBuildConfig
:ProgressStatusBar:generateReleaseResValues
:ProgressStatusBar:generateReleaseResources
:ProgressStatusBar:mergeReleaseResources
:ProgressStatusBar:processReleaseManifest
:ProgressStatusBar:processReleaseResources
:ProgressStatusBar:generateReleaseSources
:ProgressStatusBar:incrementalReleaseJavaCompilationSafeguard
:ProgressStatusBar:javaPreCompileRelease
:ProgressStatusBar:compileReleaseJavaWithJavac
:ProgressStatusBar:compileReleaseJavaWithJavac - is not incremental (e.g. outputs have changed, no previous execution, etc.).
Note: /private/var/folders/bq/vtzpc5ns5sg2cthy61lqpg3dfzgbys/T/1536686504176-0/src/ProgressStatusBar/src/main/java/com/basel/ProgressStatusBar/ProgressStatusBar.java uses or overrides a deprecated API.
Note: Recompile with -Xlint:deprecation for details.
:ProgressStatusBar:extractReleaseAnnotations
:ProgressStatusBar:mergeReleaseShaders
:ProgressStatusBar:compileReleaseShaders
:ProgressStatusBar:generateReleaseAssets
:ProgressStatusBar:mergeReleaseAssets
:ProgressStatusBar:mergeReleaseProguardFiles
:ProgressStatusBar:packageReleaseRenderscript UP-TO-DATE
:ProgressStatusBar:packageReleaseResources
:ProgressStatusBar:processReleaseJavaRes UP-TO-DATE
:ProgressStatusBar:transformResourcesWithMergeJavaResForRelease
:ProgressStatusBar:transformClassesAndResourcesWithSyncLibJarsForRelease
:ProgressStatusBar:mergeReleaseJniLibFolders
:ProgressStatusBar:transformNativeLibsWithMergeJniLibsForRelease
:ProgressStatusBar:transformNativeLibsWithStripDebugSymbolForRelease
:ProgressStatusBar:transformNativeLibsWithSyncJniLibsForRelease
:ProgressStatusBar:bundleRelease
:app:preBuild UP-TO-DATE
:app:preDebugBuild UP-TO-DATE
:app:checkDebugManifest
:app:preReleaseBuild UP-TO-DATE
:app:prepareAndroidArchLifecycleRuntime103Library
:app:prepareComAndroidSupportAnimatedVectorDrawable2702Library
:app:prepareComAndroidSupportAppcompatV72702Library
:app:prepareComAndroidSupportSupportCompat2702Library
:app:prepareComAndroidSupportSupportCoreUi2702Library
:app:prepareComAndroidSupportSupportCoreUtils2702Library
:app:prepareComAndroidSupportSupportFragment2702Library
:app:prepareComAndroidSupportSupportVectorDrawable2702Library
:app:prepareDebugDependencies
:app:compileDebugAidl
:app:compileDebugRenderscript
:app:generateDebugBuildConfig
:app:generateDebugResValues
:app:generateDebugResources
:app:mergeDebugResources
:app:processDebugManifest
:app:processDebugResources
:app:generateDebugSources
:app:incrementalDebugJavaCompilationSafeguard
:app:javaPreCompileDebug
:app:compileDebugJavaWithJavac
:app:compileDebugJavaWithJavac - is not incremental (e.g. outputs have changed, no previous execution, etc.).
:app:compileDebugNdk UP-TO-DATE
:app:compileDebugSources
:app:mergeDebugShaders
:app:compileDebugShaders
:app:generateDebugAssets
:app:mergeDebugAssets
:app:transformClassesWithDexForDebug
:app:mergeDebugJniLibFolders
:app:transformNativeLibsWithMergeJniLibsForDebug
:app:transformNativeLibsWithStripDebugSymbolForDebug
:app:processDebugJavaRes UP-TO-DATE
:app:transformResourcesWithMergeJavaResForDebug
:app:validateSigningDebug
:app:packageDebug
:app:assembleDebug
:app:checkReleaseManifest
:app:prepareReleaseDependencies
:app:compileReleaseAidl
:app:compileReleaseRenderscript
:app:generateReleaseBuildConfig
:app:generateReleaseResValues
:app:generateReleaseResources
:app:mergeReleaseResources
:app:processReleaseManifest
:app:processReleaseResources
:app:generateReleaseSources
:app:incrementalReleaseJavaCompilationSafeguard
:app:javaPreCompileRelease
:app:compileReleaseJavaWithJavac
:app:compileReleaseJavaWithJavac - is not incremental (e.g. outputs have changed, no previous execution, etc.).
:app:compileReleaseNdk UP-TO-DATE
:app:compileReleaseSources
:app:lintVitalRelease[Fatal Error] :3:214: The value of attribute "name" associated with an element type "item" must not contain the '<' character.
Could not read /Users/vbauer/Library/Android/sdk/platform-tools/api/annotations.zip
java.io.IOException: Could not parse XML from android/accounts/annotations.xml
	at com.android.tools.lint.ExternalAnnotationRepository$AnnotationsDatabase.initializePackage(ExternalAnnotationRepository.java:912)
	at com.android.tools.lint.ExternalAnnotationRepository$AnnotationsDatabase.initializeFromJar(ExternalAnnotationRepository.java:855)
	at com.android.tools.lint.ExternalAnnotationRepository$AnnotationsDatabase.<init>(ExternalAnnotationRepository.java:603)
	at com.android.tools.lint.ExternalAnnotationRepository.getDatabase(ExternalAnnotationRepository.java:248)
	at com.android.tools.lint.ExternalAnnotationRepository.create(ExternalAnnotationRepository.java:179)
	at com.android.tools.lint.ExternalAnnotationRepository.get(ExternalAnnotationRepository.java:160)
	at com.android.tools.lint.psi.EcjPsiManager.getAnnotationRepository(EcjPsiManager.java:985)
	at com.android.tools.lint.psi.EcjPsiJavaEvaluator.getAllAnnotations(EcjPsiJavaEvaluator.java:278)
	at com.android.tools.lint.checks.SupportAnnotationDetector$CallVisitor.checkCall(SupportAnnotationDetector.java:2426)
	at com.android.tools.lint.checks.SupportAnnotationDetector$CallVisitor.visitCallExpression(SupportAnnotationDetector.java:2412)
	at com.android.tools.lint.client.api.JavaPsiVisitor$DispatchPsiVisitor.visitCallExpression(JavaPsiVisitor.java:951)
	at com.intellij.psi.JavaElementVisitor.visitMethodCallExpression(JavaElementVisitor.java:183)
	at com.android.tools.lint.client.api.JavaPsiVisitor$DispatchPsiVisitor.visitMethodCallExpression(JavaPsiVisitor.java:943)
	at com.android.tools.lint.client.api.JavaPsiVisitor$DelegatingPsiVisitor.visitMethodCallExpression(JavaPsiVisitor.java:1585)
	at com.android.tools.lint.psi.EcjPsiMethodCallExpression.accept(EcjPsiMethodCallExpression.java:39)
	at com.android.tools.lint.psi.EcjPsiSourceElement.acceptChildren(EcjPsiSourceElement.java:84)
	at com.intellij.psi.JavaRecursiveElementVisitor.visitElement(JavaRecursiveElementVisitor.java:62)
	at com.intellij.psi.JavaElementVisitor.visitStatement(JavaElementVisitor.java:272)
	at com.android.tools.lint.client.api.JavaPsiVisitor$DispatchPsiVisitor.visitStatement(JavaPsiVisitor.java:1168)
	at com.intellij.psi.JavaElementVisitor.visitExpressionStatement(JavaElementVisitor.java:115)
	at com.android.tools.lint.client.api.JavaPsiVisitor$DispatchPsiVisitor.visitExpressionStatement(JavaPsiVisitor.java:756)
	at com.android.tools.lint.psi.EcjPsiExpressionStatement.accept(EcjPsiExpressionStatement.java:49)
	at com.android.tools.lint.psi.EcjPsiSourceElement.acceptChildren(EcjPsiSourceElement.java:84)
	at com.intellij.psi.JavaRecursiveElementVisitor.visitElement(JavaRecursiveElementVisitor.java:62)
	at com.intellij.psi.JavaElementVisitor.visitCodeBlock(JavaElementVisitor.java:67)
	at com.android.tools.lint.client.api.JavaPsiVisitor$DispatchPsiVisitor.visitCodeBlock(JavaPsiVisitor.java:623)
	at com.android.tools.lint.psi.EcjPsiCodeBlock.accept(EcjPsiCodeBlock.java:39)
	at com.android.tools.lint.psi.EcjPsiSourceElement.acceptChildren(EcjPsiSourceElement.java:84)
	at com.intellij.psi.JavaRecursiveElementVisitor.visitElement(JavaRecursiveElementVisitor.java:62)
	at com.intellij.psi.JavaElementVisitor.visitMethod(JavaElementVisitor.java:179)
	at com.android.tools.lint.client.api.JavaPsiVisitor$DispatchPsiVisitor.visitMethod(JavaPsiVisitor.java:932)
	at com.android.tools.lint.psi.EcjPsiMethod.accept(EcjPsiMethod.java:104)
	at com.android.tools.lint.psi.EcjPsiSourceElement.acceptChildren(EcjPsiSourceElement.java:84)
	at com.intellij.psi.JavaRecursiveElementVisitor.visitElement(JavaRecursiveElementVisitor.java:62)
	at com.intellij.psi.JavaElementVisitor.visitClass(JavaElementVisitor.java:55)
	at com.android.tools.lint.client.api.JavaPsiVisitor$DispatchPsiVisitor.visitClass(JavaPsiVisitor.java:589)
	at com.android.tools.lint.psi.EcjPsiClass.accept(EcjPsiClass.java:658)
	at com.android.tools.lint.psi.EcjPsiSourceElement.acceptChildren(EcjPsiSourceElement.java:84)
	at com.intellij.psi.JavaRecursiveElementVisitor.visitElement(JavaRecursiveElementVisitor.java:62)
	at com.intellij.psi.PsiElementVisitor.visitFile(PsiElementVisitor.java:34)
	at com.intellij.psi.JavaElementVisitor.visitJavaFile(JavaElementVisitor.java:336)
	at com.android.tools.lint.client.api.JavaPsiVisitor$DispatchPsiVisitor.visitJavaFile(JavaPsiVisitor.java:1333)
	at com.android.tools.lint.psi.EcjPsiJavaFile.accept(EcjPsiJavaFile.java:137)
	at com.android.tools.lint.client.api.JavaPsiVisitor.lambda$visitFile$3(JavaPsiVisitor.java:315)
	at com.android.tools.lint.client.api.LintClient.runReadAction(LintClient.java:1285)
	at com.android.tools.lint.client.api.LintDriver$LintClientWrapper.runReadAction(LintDriver.java:2112)
	at com.android.tools.lint.client.api.JavaPsiVisitor.visitFile(JavaPsiVisitor.java:311)
	at com.android.tools.lint.client.api.LintDriver.visitJavaFiles(LintDriver.java:1677)
	at com.android.tools.lint.client.api.LintDriver.checkJava(LintDriver.java:1654)
	at com.android.tools.lint.client.api.LintDriver.runFileDetectors(LintDriver.java:1185)
	at com.android.tools.lint.client.api.LintDriver.checkProject(LintDriver.java:1039)
	at com.android.tools.lint.client.api.LintDriver.analyze(LintDriver.java:552)
	at com.android.tools.lint.client.api.LintDriver.analyze(LintDriver.java:483)
	at com.android.tools.lint.LintCliClient.run(LintCliClient.java:143)
	at com.android.build.gradle.internal.LintGradleClient.run(LintGradleClient.java:197)
	at com.android.build.gradle.tasks.Lint.runLint(Lint.java:340)
	at com.android.build.gradle.tasks.Lint.lintSingleVariant(Lint.java:307)
	at com.android.build.gradle.tasks.Lint.lint(Lint.java:119)
	at sun.reflect.NativeMethodAccessorImpl.invoke0(Native Method)
	at sun.reflect.NativeMethodAccessorImpl.invoke(NativeMethodAccessorImpl.java:62)
	at sun.reflect.DelegatingMethodAccessorImpl.invoke(DelegatingMethodAccessorImpl.java:43)
	at java.lang.reflect.Method.invoke(Method.java:498)
	at org.gradle.internal.reflect.JavaMethod.invoke(JavaMethod.java:73)
	at org.gradle.api.internal.project.taskfactory.DefaultTaskClassInfoStore$StandardTaskAction.doExecute(DefaultTaskClassInfoStore.java:141)
	at org.gradle.api.internal.project.taskfactory.DefaultTaskClassInfoStore$StandardTaskAction.execute(DefaultTaskClassInfoStore.java:134)
	at org.gradle.api.internal.project.taskfactory.DefaultTaskClassInfoStore$StandardTaskAction.execute(DefaultTaskClassInfoStore.java:123)
	at org.gradle.api.internal.AbstractTask$TaskActionWrapper.execute(AbstractTask.java:632)
	at org.gradle.api.internal.AbstractTask$TaskActionWrapper.execute(AbstractTask.java:615)
	at org.gradle.api.internal.tasks.execution.ExecuteActionsTaskExecuter.executeAction(ExecuteActionsTaskExecuter.java:95)
	at org.gradle.api.internal.tasks.execution.ExecuteActionsTaskExecuter.executeActions(ExecuteActionsTaskExecuter.java:76)
	at org.gradle.api.internal.tasks.execution.ExecuteActionsTaskExecuter.execute(ExecuteActionsTaskExecuter.java:55)
	at org.gradle.api.internal.tasks.execution.SkipUpToDateTaskExecuter.execute(SkipUpToDateTaskExecuter.java:62)
	at org.gradle.api.internal.tasks.execution.ValidatingTaskExecuter.execute(ValidatingTaskExecuter.java:58)
	at org.gradle.api.internal.tasks.execution.SkipEmptySourceFilesTaskExecuter.execute(SkipEmptySourceFilesTaskExecuter.java:88)
	at org.gradle.api.internal.tasks.execution.ResolveTaskArtifactStateTaskExecuter.execute(ResolveTaskArtifactStateTaskExecuter.java:46)
	at org.gradle.api.internal.tasks.execution.SkipTaskWithNoActionsExecuter.execute(SkipTaskWithNoActionsExecuter.java:51)
	at org.gradle.api.internal.tasks.execution.SkipOnlyIfTaskExecuter.execute(SkipOnlyIfTaskExecuter.java:54)
	at org.gradle.api.internal.tasks.execution.ExecuteAtMostOnceTaskExecuter.execute(ExecuteAtMostOnceTaskExecuter.java:43)
	at org.gradle.api.internal.tasks.execution.CatchExceptionTaskExecuter.execute(CatchExceptionTaskExecuter.java:34)
	at org.gradle.execution.taskgraph.DefaultTaskGraphExecuter$EventFiringTaskWorker$1.execute(DefaultTaskGraphExecuter.java:236)
	at org.gradle.execution.taskgraph.DefaultTaskGraphExecuter$EventFiringTaskWorker$1.execute(DefaultTaskGraphExecuter.java:228)
	at org.gradle.internal.Transformers$4.transform(Transformers.java:169)
	at org.gradle.internal.progress.DefaultBuildOperationExecutor.run(DefaultBuildOperationExecutor.java:106)
	at org.gradle.internal.progress.DefaultBuildOperationExecutor.run(DefaultBuildOperationExecutor.java:61)
	at org.gradle.execution.taskgraph.DefaultTaskGraphExecuter$EventFiringTaskWorker.execute(DefaultTaskGraphExecuter.java:228)
	at org.gradle.execution.taskgraph.DefaultTaskGraphExecuter$EventFiringTaskWorker.execute(DefaultTaskGraphExecuter.java:215)
	at org.gradle.execution.taskgraph.AbstractTaskPlanExecutor$TaskExecutorWorker.processTask(AbstractTaskPlanExecutor.java:77)
	at org.gradle.execution.taskgraph.AbstractTaskPlanExecutor$TaskExecutorWorker.run(AbstractTaskPlanExecutor.java:58)
	at org.gradle.execution.taskgraph.DefaultTaskPlanExecutor.process(DefaultTaskPlanExecutor.java:32)
	at org.gradle.execution.taskgraph.DefaultTaskGraphExecuter.execute(DefaultTaskGraphExecuter.java:113)
	at org.gradle.execution.SelectedTaskExecutionAction.execute(SelectedTaskExecutionAction.java:37)
	at org.gradle.execution.DefaultBuildExecuter.execute(DefaultBuildExecuter.java:37)
	at org.gradle.execution.DefaultBuildExecuter.access$000(DefaultBuildExecuter.java:23)
	at org.gradle.execution.DefaultBuildExecuter$1.proceed(DefaultBuildExecuter.java:43)
	at org.gradle.execution.DryRunBuildExecutionAction.execute(DryRunBuildExecutionAction.java:32)
	at org.gradle.execution.DefaultBuildExecuter.execute(DefaultBuildExecuter.java:37)
	at org.gradle.execution.DefaultBuildExecuter.execute(DefaultBuildExecuter.java:30)
	at org.gradle.initialization.DefaultGradleLauncher$3.execute(DefaultGradleLauncher.java:196)
	at org.gradle.initialization.DefaultGradleLauncher$3.execute(DefaultGradleLauncher.java:193)
	at org.gradle.internal.Transformers$4.transform(Transformers.java:169)
	at org.gradle.internal.progress.DefaultBuildOperationExecutor.run(DefaultBuildOperationExecutor.java:106)
	at org.gradle.internal.progress.DefaultBuildOperationExecutor.run(DefaultBuildOperationExecutor.java:56)
	at org.gradle.initialization.DefaultGradleLauncher.doBuildStages(DefaultGradleLauncher.java:193)
	at org.gradle.initialization.DefaultGradleLauncher.doBuild(DefaultGradleLauncher.java:119)
	at org.gradle.initialization.DefaultGradleLauncher.run(DefaultGradleLauncher.java:102)
	at org.gradle.launcher.exec.GradleBuildController.run(GradleBuildController.java:71)
	at org.gradle.tooling.internal.provider.ExecuteBuildActionRunner.run(ExecuteBuildActionRunner.java:28)
	at org.gradle.launcher.exec.ChainingBuildActionRunner.run(ChainingBuildActionRunner.java:35)
	at org.gradle.launcher.exec.InProcessBuildActionExecuter.execute(InProcessBuildActionExecuter.java:41)
	at org.gradle.launcher.exec.InProcessBuildActionExecuter.execute(InProcessBuildActionExecuter.java:26)
	at org.gradle.tooling.internal.provider.ContinuousBuildActionExecuter.execute(ContinuousBuildActionExecuter.java:75)
	at org.gradle.tooling.internal.provider.ContinuousBuildActionExecuter.execute(ContinuousBuildActionExecuter.java:49)
	at org.gradle.tooling.internal.provider.ServicesSetupBuildActionExecuter.execute(ServicesSetupBuildActionExecuter.java:44)
	at org.gradle.tooling.internal.provider.ServicesSetupBuildActionExecuter.execute(ServicesSetupBuildActionExecuter.java:29)
	at org.gradle.launcher.cli.RunBuildAction.run(RunBuildAction.java:51)
	at org.gradle.internal.Actions$RunnableActionAdapter.execute(Actions.java:173)
	at org.gradle.launcher.cli.CommandLineActionFactory$ParseAndBuildAction.execute(CommandLineActionFactory.java:244)
	at org.gradle.launcher.cli.CommandLineActionFactory$ParseAndBuildAction.execute(CommandLineActionFactory.java:217)
	at org.gradle.launcher.cli.JavaRuntimeValidationAction.execute(JavaRuntimeValidationAction.java:33)
	at org.gradle.launcher.cli.JavaRuntimeValidationAction.execute(JavaRuntimeValidationAction.java:24)
	at org.gradle.launcher.cli.ExceptionReportingAction.execute(ExceptionReportingAction.java:33)
	at org.gradle.launcher.cli.ExceptionReportingAction.execute(ExceptionReportingAction.java:22)
	at org.gradle.launcher.cli.CommandLineActionFactory$WithLogging.execute(CommandLineActionFactory.java:210)
	at org.gradle.launcher.cli.CommandLineActionFactory$WithLogging.execute(CommandLineActionFactory.java:174)
	at org.gradle.launcher.Main.doAction(Main.java:33)
	at org.gradle.launcher.bootstrap.EntryPoint.run(EntryPoint.java:45)
	at sun.reflect.NativeMethodAccessorImpl.invoke0(Native Method)
	at sun.reflect.NativeMethodAccessorImpl.invoke(NativeMethodAccessorImpl.java:62)
	at sun.reflect.DelegatingMethodAccessorImpl.invoke(DelegatingMethodAccessorImpl.java:43)
	at java.lang.reflect.Method.invoke(Method.java:498)
	at org.gradle.launcher.bootstrap.ProcessBootstrap.runNoExit(ProcessBootstrap.java:60)
	at org.gradle.launcher.bootstrap.ProcessBootstrap.run(ProcessBootstrap.java:37)
	at org.gradle.launcher.GradleMain.main(GradleMain.java:23)
	at sun.reflect.NativeMethodAccessorImpl.invoke0(Native Method)
	at sun.reflect.NativeMethodAccessorImpl.invoke(NativeMethodAccessorImpl.java:62)
	at sun.reflect.DelegatingMethodAccessorImpl.invoke(DelegatingMethodAccessorImpl.java:43)
	at java.lang.reflect.Method.invoke(Method.java:498)
	at org.gradle.wrapper.BootstrapMainStarter.start(BootstrapMainStarter.java:30)
	at org.gradle.wrapper.WrapperExecutor.execute(WrapperExecutor.java:129)
	at org.gradle.wrapper.GradleWrapperMain.main(GradleWrapperMain.java:61)

:app:mergeReleaseShaders
:app:compileReleaseShaders
:app:generateReleaseAssets
:app:mergeReleaseAssets
:app:transformClassesWithDexForRelease
:app:mergeReleaseJniLibFolders
:app:transformNativeLibsWithMergeJniLibsForRelease
:app:transformNativeLibsWithStripDebugSymbolForRelease
:app:processReleaseJavaRes UP-TO-DATE
:app:transformResourcesWithMergeJavaResForRelease
:app:packageRelease
:app:assembleRelease
:app:assemble
:app:build

BUILD SUCCESSFUL

Total time: 14.927 secs

2018-09-12 00:24:20,379 INFO  FullProcessService - Found APK file: /var/folders/bq/vtzpc5ns5sg2cthy61lqpg3dfzgbys/T/1536686504176-0/src/app/build/outputs/apk/app-debug.apk
