2018-12-09 16:47:04,587 INFO  DownloadService - Downloading "https://github.com/karthyks/Crashlytics-Android/archive/master.zip", attempt 3
2018-12-09 16:47:06,136 INFO  DownloadService - Downloaded https://github.com/karthyks/Crashlytics-Android/archive/master.zip, attempt 3
2018-12-09 16:47:06,136 INFO  DownloadService - Size of file "/var/folders/bq/vtzpc5ns5sg2cthy61lqpg3dfzgbys/T/1544348824584-0/master.zip": 225 KB
2018-12-09 16:47:06,136 INFO  ArchiveUtils - Checking entries [.gradle] in ZIP file...
2018-12-09 16:47:06,141 INFO  ArchiveUtils - Has entries [.gradle] in ZIP file /var/folders/bq/vtzpc5ns5sg2cthy61lqpg3dfzgbys/T/1544348824584-0/master.zip: true
2018-12-09 16:47:06,142 DEBUG ZipUtil - Extracting '/var/folders/bq/vtzpc5ns5sg2cthy61lqpg3dfzgbys/T/1544348824584-0/master.zip' into '/var/folders/bq/vtzpc5ns5sg2cthy61lqpg3dfzgbys/T/1544348824584-0/src'.
2018-12-09 16:47:06,171 INFO  FullProcessService - Size of directory with sources: 228 KB
2018-12-09 16:47:06,171 INFO  SysUtils - Execute command: [git, init, /var/folders/bq/vtzpc5ns5sg2cthy61lqpg3dfzgbys/T/1544348824584-0/src]
2018-12-09 16:47:06,188 INFO  SysUtils - Initialized empty Git repository in /private/var/folders/bq/vtzpc5ns5sg2cthy61lqpg3dfzgbys/T/1544348824584-0/src/.git/

2018-12-09 16:47:06,193 INFO  ProjectBuildService - Gradle wrapper(s): /var/folders/bq/vtzpc5ns5sg2cthy61lqpg3dfzgbys/T/1544348824584-0/src/Crashlytics-Android-master/gradlew
2018-12-09 16:47:06,197 INFO  ProjectBuildService - Build script(s): /var/folders/bq/vtzpc5ns5sg2cthy61lqpg3dfzgbys/T/1544348824584-0/src/Crashlytics-Android-master/crashlytics/build.gradle /var/folders/bq/vtzpc5ns5sg2cthy61lqpg3dfzgbys/T/1544348824584-0/src/Crashlytics-Android-master/sampleapp/build.gradle /var/folders/bq/vtzpc5ns5sg2cthy61lqpg3dfzgbys/T/1544348824584-0/src/Crashlytics-Android-master/build.gradle
2018-12-09 16:47:06,201 INFO  ProjectBuildService - All script(s): /var/folders/bq/vtzpc5ns5sg2cthy61lqpg3dfzgbys/T/1544348824584-0/src/Crashlytics-Android-master/crashlytics/build.gradle /var/folders/bq/vtzpc5ns5sg2cthy61lqpg3dfzgbys/T/1544348824584-0/src/Crashlytics-Android-master/build.gradle /var/folders/bq/vtzpc5ns5sg2cthy61lqpg3dfzgbys/T/1544348824584-0/src/Crashlytics-Android-master/settings.gradle /var/folders/bq/vtzpc5ns5sg2cthy61lqpg3dfzgbys/T/1544348824584-0/src/Crashlytics-Android-master/sampleapp/build.gradle
2018-12-09 16:47:06,202 INFO  DownloadService - Downloading "https://raw.githubusercontent.com/nisrulz/JCenter/master/bintrayv1.gradle", attempt 3
2018-12-09 16:47:07,062 INFO  DownloadService - Downloaded https://raw.githubusercontent.com/nisrulz/JCenter/master/bintrayv1.gradle, attempt 3
2018-12-09 16:47:07,063 INFO  DownloadService - Downloading "https://raw.githubusercontent.com/nisrulz/JCenter/master/installv1.gradle", attempt 3
2018-12-09 16:47:07,269 INFO  DownloadService - Downloaded https://raw.githubusercontent.com/nisrulz/JCenter/master/installv1.gradle, attempt 3
2018-12-09 16:47:07,269 INFO  ProjectBuildService - Remote scripts: https://raw.githubusercontent.com/nisrulz/JCenter/master/bintrayv1.gradle https://raw.githubusercontent.com/nisrulz/JCenter/master/installv1.gradle
2018-12-09 16:47:07,269 INFO  ProjectFixService - Fixing project...
2018-12-09 16:47:07,283 INFO  LocalPropertiesFixService - Created fake /var/folders/bq/vtzpc5ns5sg2cthy61lqpg3dfzgbys/T/1544348824584-0/src/Crashlytics-Android-master/crashlytics/local.properties
2018-12-09 16:47:07,284 INFO  ProjectFixService - Build info for "/var/folders/bq/vtzpc5ns5sg2cthy61lqpg3dfzgbys/T/1544348824584-0/src/Crashlytics-Android-master/crashlytics/build.gradle": [buildToolsVersion=28.0.3,compileSdkVersion=28,minSdkVersion=15,targetSdkVersion=28]
2018-12-09 16:47:07,285 INFO  LocalPropertiesFixService - Created fake /var/folders/bq/vtzpc5ns5sg2cthy61lqpg3dfzgbys/T/1544348824584-0/src/Crashlytics-Android-master/sampleapp/local.properties
2018-12-09 16:47:07,286 INFO  ProjectFixService - Build info for "/var/folders/bq/vtzpc5ns5sg2cthy61lqpg3dfzgbys/T/1544348824584-0/src/Crashlytics-Android-master/sampleapp/build.gradle": [buildToolsVersion=28.0.3,compileSdkVersion=28,minSdkVersion=15,targetSdkVersion=28]
2018-12-09 16:47:07,287 INFO  LocalPropertiesFixService - Created fake /var/folders/bq/vtzpc5ns5sg2cthy61lqpg3dfzgbys/T/1544348824584-0/src/Crashlytics-Android-master/local.properties
2018-12-09 16:47:07,287 INFO  WrapperPropertiesFixService - Gradle wrapper: https://services.gradle.org/distributions/gradle-4.6-all.zip
2018-12-09 16:47:07,288 INFO  WrapperPropertiesFixService - Gradle wrapper was changed from "-all.zip" to "-bin.zip" (https://services.gradle.org/distributions/gradle-4.6-bin.zip)
2018-12-09 16:47:07,289 INFO  ProjectFixService - Build info for "/var/folders/bq/vtzpc5ns5sg2cthy61lqpg3dfzgbys/T/1544348824584-0/src/Crashlytics-Android-master/build.gradle": [buildToolsVersion=28.0.3,compileSdkVersion=28,minSdkVersion=15,targetSdkVersion=28]
2018-12-09 16:47:07,290 INFO  ProjectFixService - Project was maybe fixed
2018-12-09 16:47:07,290 INFO  ProjectTaskService - Detecting possible tasks...
2018-12-09 16:47:07,290 INFO  SysUtils - Execute command: [/var/folders/bq/vtzpc5ns5sg2cthy61lqpg3dfzgbys/T/1544348824584-0/src/Crashlytics-Android-master/gradlew, -b, /var/folders/bq/vtzpc5ns5sg2cthy61lqpg3dfzgbys/T/1544348824584-0/src/Crashlytics-Android-master/crashlytics/build.gradle, -Dorg.gradle.daemon=false, -Dorg.gradle.daemon.performance.enable-monitoring=false, -Dorg.gradle.configureondemand=true, tasks]
2018-12-09 16:47:17,386 INFO  ProjectTaskService - Detected possible tasks: 72
2018-12-09 16:47:17,386 INFO  ProjectTaskService - Excluded tasks (18): lintDebug javadocJar deviceCheck lint testReleaseUnitTest javadoc deviceAndroidTest uninstallDebugAndroidTest installDebugAndroidTest connectedCheck connectedDebugAndroidTest uninstallAll sourcesJar test check testDebugUnitTest connectedAndroidTest lintRelease
2018-12-09 16:47:17,386 INFO  SysUtils - Execute command: [/var/folders/bq/vtzpc5ns5sg2cthy61lqpg3dfzgbys/T/1544348824584-0/src/Crashlytics-Android-master/gradlew, -b, /var/folders/bq/vtzpc5ns5sg2cthy61lqpg3dfzgbys/T/1544348824584-0/src/Crashlytics-Android-master/crashlytics/build.gradle, -Dorg.gradle.daemon=false, -Dorg.gradle.daemon.performance.enable-monitoring=false, -Dorg.gradle.configureondemand=true, --stacktrace, -x, lintDebug, -x, javadocJar, -x, deviceCheck, -x, lint, -x, testReleaseUnitTest, -x, javadoc, -x, deviceAndroidTest, -x, uninstallDebugAndroidTest, -x, installDebugAndroidTest, -x, connectedCheck, -x, connectedDebugAndroidTest, -x, uninstallAll, -x, sourcesJar, -x, test, -x, check, -x, testDebugUnitTest, -x, connectedAndroidTest, -x, lintRelease, build]
2018-12-09 16:47:41,599 INFO  SysUtils - Configuration on demand is an incubating feature.
Download https://dl.google.com/dl/android/maven2/androidx/room/room-compiler/2.0.0/room-compiler-2.0.0.pom
Download https://dl.google.com/dl/android/maven2/androidx/room/room-common/2.0.0/room-common-2.0.0.pom
Download https://dl.google.com/dl/android/maven2/androidx/room/room-migration/2.0.0/room-migration-2.0.0.pom
Download https://dl.google.com/dl/android/maven2/android/arch/work/work-runtime/1.0.0-alpha11/work-runtime-1.0.0-alpha11.pom
Download https://dl.google.com/dl/android/maven2/androidx/room/room-runtime/2.0.0/room-runtime-2.0.0.pom
Download https://jcenter.bintray.com/com/google/guava/listenablefuture/1.0/listenablefuture-1.0.pom
:crashlytics:preBuild UP-TO-DATE
:crashlytics:preDebugBuild UP-TO-DATE
:crashlytics:compileDebugAidl NO-SOURCE
:crashlytics:compileDebugRenderscript
Download https://dl.google.com/dl/android/maven2/android/arch/work/work-runtime/1.0.0-alpha11/work-runtime-1.0.0-alpha11.aar
Download https://dl.google.com/dl/android/maven2/androidx/room/room-runtime/2.0.0/room-runtime-2.0.0.aar
:crashlytics:checkDebugManifest
:crashlytics:generateDebugBuildConfig
:crashlytics:generateDebugResValues
:crashlytics:generateDebugResources
:crashlytics:packageDebugResources
:crashlytics:processDebugManifest
:crashlytics:generateDebugRFile
Download https://dl.google.com/dl/android/maven2/androidx/lifecycle/lifecycle-livedata/2.0.0-rc01/lifecycle-livedata-2.0.0-rc01.aar
:crashlytics:prepareLintJar
:crashlytics:generateDebugSources
:crashlytics:javaPreCompileDebug
ERROR: [TAG] Failed to resolve variable '${project.version}'
Download https://dl.google.com/dl/android/maven2/androidx/room/room-compiler/2.0.0/room-compiler-2.0.0.jar
Download https://dl.google.com/dl/android/maven2/androidx/room/room-migration/2.0.0/room-migration-2.0.0.jar
Download https://dl.google.com/dl/android/maven2/androidx/room/room-common/2.0.0/room-common-2.0.0.jar
Download https://jcenter.bintray.com/com/google/guava/listenablefuture/1.0/listenablefuture-1.0.jar
:crashlytics:compileDebugJavaWithJavac
:crashlytics:extractDebugAnnotations
:crashlytics:mergeDebugConsumerProguardFiles
:crashlytics:mergeDebugShaders
:crashlytics:compileDebugShaders
:crashlytics:generateDebugAssets
:crashlytics:packageDebugAssets
:crashlytics:packageDebugRenderscript NO-SOURCE
:crashlytics:processDebugJavaRes NO-SOURCE
:crashlytics:transformResourcesWithMergeJavaResForDebug
:crashlytics:transformClassesAndResourcesWithSyncLibJarsForDebug
:crashlytics:compileDebugNdk NO-SOURCE
:crashlytics:mergeDebugJniLibFolders
:crashlytics:transformNativeLibsWithMergeJniLibsForDebug
:crashlytics:transformNativeLibsWithStripDebugSymbolForDebug
:crashlytics:transformNativeLibsWithSyncJniLibsForDebug
:crashlytics:bundleDebugAar
:crashlytics:compileDebugSources
:crashlytics:assembleDebug
:crashlytics:preReleaseBuild UP-TO-DATE
:crashlytics:compileReleaseAidl NO-SOURCE
:crashlytics:compileReleaseRenderscript
:crashlytics:checkReleaseManifest
:crashlytics:generateReleaseBuildConfig
:crashlytics:generateReleaseResValues
:crashlytics:generateReleaseResources
:crashlytics:packageReleaseResources
:crashlytics:processReleaseManifest
:crashlytics:generateReleaseRFile
:crashlytics:generateReleaseSources
:crashlytics:javaPreCompileRelease
:crashlytics:compileReleaseJavaWithJavac
:crashlytics:extractReleaseAnnotations
:crashlytics:mergeReleaseConsumerProguardFiles
:crashlytics:mergeReleaseShaders
:crashlytics:compileReleaseShaders
:crashlytics:generateReleaseAssets
:crashlytics:packageReleaseAssets
:crashlytics:packageReleaseRenderscript NO-SOURCE
:crashlytics:processReleaseJavaRes NO-SOURCE
:crashlytics:transformResourcesWithMergeJavaResForRelease
:crashlytics:transformClassesAndResourcesWithSyncLibJarsForRelease
:crashlytics:compileReleaseNdk NO-SOURCE
:crashlytics:mergeReleaseJniLibFolders
:crashlytics:transformNativeLibsWithMergeJniLibsForRelease
:crashlytics:transformNativeLibsWithStripDebugSymbolForRelease
:crashlytics:transformNativeLibsWithSyncJniLibsForRelease
:crashlytics:bundleReleaseAar
:crashlytics:compileReleaseSources
:crashlytics:mergeReleaseResources
:crashlytics:verifyReleaseResources
:crashlytics:assembleRelease
:crashlytics:assemble
:crashlytics:build

BUILD SUCCESSFUL in 24s
45 actionable tasks: 45 executed

2018-12-09 16:47:41,645 INFO  ProjectTaskService - Detecting possible tasks...
2018-12-09 16:47:41,645 INFO  SysUtils - Execute command: [/var/folders/bq/vtzpc5ns5sg2cthy61lqpg3dfzgbys/T/1544348824584-0/src/Crashlytics-Android-master/gradlew, -b, /var/folders/bq/vtzpc5ns5sg2cthy61lqpg3dfzgbys/T/1544348824584-0/src/Crashlytics-Android-master/sampleapp/build.gradle, -Dorg.gradle.daemon=false, -Dorg.gradle.daemon.performance.enable-monitoring=false, -Dorg.gradle.configureondemand=true, tasks]
2018-12-09 16:47:47,219 INFO  ProjectTaskService - Detected possible tasks: 72
2018-12-09 16:47:47,220 INFO  ProjectTaskService - Excluded tasks (21): lintDebug javadocJar deviceCheck lint testReleaseUnitTest javadoc uninstallRelease deviceAndroidTest uninstallDebugAndroidTest installDebugAndroidTest connectedCheck connectedDebugAndroidTest uninstallAll sourcesJar test check testDebugUnitTest connectedAndroidTest installDebug lintRelease uninstallDebug
2018-12-09 16:47:47,220 INFO  SysUtils - Execute command: [/var/folders/bq/vtzpc5ns5sg2cthy61lqpg3dfzgbys/T/1544348824584-0/src/Crashlytics-Android-master/gradlew, -b, /var/folders/bq/vtzpc5ns5sg2cthy61lqpg3dfzgbys/T/1544348824584-0/src/Crashlytics-Android-master/sampleapp/build.gradle, -Dorg.gradle.daemon=false, -Dorg.gradle.daemon.performance.enable-monitoring=false, -Dorg.gradle.configureondemand=true, --stacktrace, -x, lintDebug, -x, javadocJar, -x, deviceCheck, -x, lint, -x, testReleaseUnitTest, -x, javadoc, -x, uninstallRelease, -x, deviceAndroidTest, -x, uninstallDebugAndroidTest, -x, installDebugAndroidTest, -x, connectedCheck, -x, connectedDebugAndroidTest, -x, uninstallAll, -x, sourcesJar, -x, test, -x, check, -x, testDebugUnitTest, -x, connectedAndroidTest, -x, installDebug, -x, lintRelease, -x, uninstallDebug, build]
2018-12-09 16:47:52,433 ERROR SysUtils - Could not process external command
org.apache.commons.exec.ExecuteException: Process exited with an error: 1 (Exit value: 1)
	at org.apache.commons.exec.DefaultExecutor.executeInternal(DefaultExecutor.java:404)
	at org.apache.commons.exec.DefaultExecutor.execute(DefaultExecutor.java:166)
	at com.github.vbauer.apkmaster.util.SysUtils.execute(SysUtils.java:67)
	at com.github.vbauer.apkmaster.util.SysUtils.executeSimple(SysUtils.java:43)
	at com.github.vbauer.apkmaster.service.assembly.ProjectBuildService.buildProject(ProjectBuildService.java:78)
	at com.github.vbauer.apkmaster.service.assembly.ProjectBuildService.buildProject(ProjectBuildService.java:64)
	at com.github.vbauer.apkmaster.service.assembly.ProjectBuildService.buildProject(ProjectBuildService.java:43)
	at com.github.vbauer.apkmaster.service.FullProcessService.build(FullProcessService.java:84)
	at com.github.vbauer.apkmaster.service.FullProcessService.process(FullProcessService.java:34)
	at com.github.vbauer.apkmaster.app.MainApplication.process(MainApplication.java:38)
	at com.github.vbauer.apkmaster.app.MainApplication.main(MainApplication.java:20)
	at sun.reflect.NativeMethodAccessorImpl.invoke0(Native Method)
	at sun.reflect.NativeMethodAccessorImpl.invoke(NativeMethodAccessorImpl.java:62)
	at sun.reflect.DelegatingMethodAccessorImpl.invoke(DelegatingMethodAccessorImpl.java:43)
	at java.lang.reflect.Method.invoke(Method.java:498)
	at com.android.arsenal.util.ReflectionUtils.invoke(ReflectionUtils.java:52)
	at com.android.arsenal.util.ApkMasterUtils.main(ApkMasterUtils.java:30)
	at com.android.arsenal.service.processor.impl.BuildProcessorServiceImpl.buildProject(BuildProcessorServiceImpl.java:196)
	at com.android.arsenal.service.processor.impl.BuildProcessorServiceImpl.build(BuildProcessorServiceImpl.java:130)
	at com.android.arsenal.service.processor.impl.BuildProcessorServiceImpl.lambda$createTasks$1(BuildProcessorServiceImpl.java:113)
	at java.util.concurrent.FutureTask.run(FutureTask.java:266)
	at java.util.concurrent.Executors$RunnableAdapter.call(Executors.java:511)
	at java.util.concurrent.FutureTask.run(FutureTask.java:266)
	at java.util.concurrent.ThreadPoolExecutor.runWorker(ThreadPoolExecutor.java:1149)
	at java.util.concurrent.ThreadPoolExecutor$Worker.run(ThreadPoolExecutor.java:624)
	at java.lang.Thread.run(Thread.java:748)
2018-12-09 16:47:52,433 INFO  SysUtils - Configuration on demand is an incubating feature.

FAILURE: Build failed with an exception.

* What went wrong:
Task 'javadocJar' not found in project ':sampleapp'.

* Try:
Run gradlew tasks to get a list of available tasks. Run with --info or --debug option to get more log output. Run with --scan to get full insights.

* Exception is:
org.gradle.execution.TaskSelectionException: Task 'javadocJar' not found in project ':sampleapp'.
	at org.gradle.execution.TaskSelector.getSelection(TaskSelector.java:116)
	at org.gradle.execution.TaskSelector.getFilter(TaskSelector.java:66)
	at org.gradle.execution.ExcludedTaskFilteringBuildConfigurationAction.configure(ExcludedTaskFilteringBuildConfigurationAction.java:42)
	at org.gradle.execution.DefaultBuildConfigurationActionExecuter.configure(DefaultBuildConfigurationActionExecuter.java:48)
	at org.gradle.execution.DefaultBuildConfigurationActionExecuter.select(DefaultBuildConfigurationActionExecuter.java:36)
	at org.gradle.initialization.DefaultGradleLauncher$CalculateTaskGraph.run(DefaultGradleLauncher.java:286)
	at org.gradle.internal.progress.DefaultBuildOperationExecutor$RunnableBuildOperationWorker.execute(DefaultBuildOperationExecutor.java:336)
	at org.gradle.internal.progress.DefaultBuildOperationExecutor$RunnableBuildOperationWorker.execute(DefaultBuildOperationExecutor.java:328)
	at org.gradle.internal.progress.DefaultBuildOperationExecutor.execute(DefaultBuildOperationExecutor.java:199)
	at org.gradle.internal.progress.DefaultBuildOperationExecutor.run(DefaultBuildOperationExecutor.java:110)
	at org.gradle.initialization.DefaultGradleLauncher.constructTaskGraph(DefaultGradleLauncher.java:181)
	at org.gradle.initialization.DefaultGradleLauncher.doBuildStages(DefaultGradleLauncher.java:136)
	at org.gradle.initialization.DefaultGradleLauncher.executeTasks(DefaultGradleLauncher.java:115)
	at org.gradle.internal.invocation.GradleBuildController$1.call(GradleBuildController.java:78)
	at org.gradle.internal.invocation.GradleBuildController$1.call(GradleBuildController.java:75)
	at org.gradle.internal.work.DefaultWorkerLeaseService.withLocks(DefaultWorkerLeaseService.java:152)
	at org.gradle.internal.invocation.GradleBuildController.doBuild(GradleBuildController.java:100)
	at org.gradle.internal.invocation.GradleBuildController.run(GradleBuildController.java:75)
	at org.gradle.tooling.internal.provider.ExecuteBuildActionRunner.run(ExecuteBuildActionRunner.java:28)
	at org.gradle.launcher.exec.ChainingBuildActionRunner.run(ChainingBuildActionRunner.java:35)
	at org.gradle.tooling.internal.provider.ValidatingBuildActionRunner.run(ValidatingBuildActionRunner.java:32)
	at org.gradle.launcher.exec.RunAsBuildOperationBuildActionRunner$1.run(RunAsBuildOperationBuildActionRunner.java:43)
	at org.gradle.internal.progress.DefaultBuildOperationExecutor$RunnableBuildOperationWorker.execute(DefaultBuildOperationExecutor.java:336)
	at org.gradle.internal.progress.DefaultBuildOperationExecutor$RunnableBuildOperationWorker.execute(DefaultBuildOperationExecutor.java:328)
	at org.gradle.internal.progress.DefaultBuildOperationExecutor.execute(DefaultBuildOperationExecutor.java:199)
	at org.gradle.internal.progress.DefaultBuildOperationExecutor.run(DefaultBuildOperationExecutor.java:110)
	at org.gradle.launcher.exec.RunAsBuildOperationBuildActionRunner.run(RunAsBuildOperationBuildActionRunner.java:40)
	at org.gradle.tooling.internal.provider.SubscribableBuildActionRunner.run(SubscribableBuildActionRunner.java:51)
	at org.gradle.launcher.exec.InProcessBuildActionExecuter.execute(InProcessBuildActionExecuter.java:49)
	at org.gradle.launcher.exec.InProcessBuildActionExecuter.execute(InProcessBuildActionExecuter.java:32)
	at org.gradle.launcher.exec.BuildTreeScopeBuildActionExecuter.execute(BuildTreeScopeBuildActionExecuter.java:39)
	at org.gradle.launcher.exec.BuildTreeScopeBuildActionExecuter.execute(BuildTreeScopeBuildActionExecuter.java:25)
	at org.gradle.tooling.internal.provider.ContinuousBuildActionExecuter.execute(ContinuousBuildActionExecuter.java:80)
	at org.gradle.tooling.internal.provider.ContinuousBuildActionExecuter.execute(ContinuousBuildActionExecuter.java:53)
	at org.gradle.tooling.internal.provider.ServicesSetupBuildActionExecuter.execute(ServicesSetupBuildActionExecuter.java:57)
	at org.gradle.tooling.internal.provider.ServicesSetupBuildActionExecuter.execute(ServicesSetupBuildActionExecuter.java:32)
	at org.gradle.tooling.internal.provider.GradleThreadBuildActionExecuter.execute(GradleThreadBuildActionExecuter.java:36)
	at org.gradle.tooling.internal.provider.GradleThreadBuildActionExecuter.execute(GradleThreadBuildActionExecuter.java:25)
	at org.gradle.tooling.internal.provider.ParallelismConfigurationBuildActionExecuter.execute(ParallelismConfigurationBuildActionExecuter.java:43)
	at org.gradle.tooling.internal.provider.ParallelismConfigurationBuildActionExecuter.execute(ParallelismConfigurationBuildActionExecuter.java:29)
	at org.gradle.tooling.internal.provider.StartParamsValidatingActionExecuter.execute(StartParamsValidatingActionExecuter.java:64)
	at org.gradle.tooling.internal.provider.StartParamsValidatingActionExecuter.execute(StartParamsValidatingActionExecuter.java:29)
	at org.gradle.tooling.internal.provider.SessionFailureReportingActionExecuter.execute(SessionFailureReportingActionExecuter.java:59)
	at org.gradle.tooling.internal.provider.SessionFailureReportingActionExecuter.execute(SessionFailureReportingActionExecuter.java:44)
	at org.gradle.tooling.internal.provider.SetupLoggingActionExecuter.execute(SetupLoggingActionExecuter.java:45)
	at org.gradle.tooling.internal.provider.SetupLoggingActionExecuter.execute(SetupLoggingActionExecuter.java:30)
	at org.gradle.launcher.cli.RunBuildAction.run(RunBuildAction.java:51)
	at org.gradle.internal.Actions$RunnableActionAdapter.execute(Actions.java:173)
	at org.gradle.launcher.cli.CommandLineActionFactory$ParseAndBuildAction.execute(CommandLineActionFactory.java:285)
	at org.gradle.launcher.cli.CommandLineActionFactory$ParseAndBuildAction.execute(CommandLineActionFactory.java:258)
	at org.gradle.launcher.cli.ExceptionReportingAction.execute(ExceptionReportingAction.java:33)
	at org.gradle.launcher.cli.ExceptionReportingAction.execute(ExceptionReportingAction.java:22)
	at org.gradle.launcher.cli.CommandLineActionFactory$WithLogging.execute(CommandLineActionFactory.java:251)
	at org.gradle.launcher.cli.CommandLineActionFactory$WithLogging.execute(CommandLineActionFactory.java:185)
	at org.gradle.launcher.Main.doAction(Main.java:36)
	at org.gradle.launcher.bootstrap.EntryPoint.run(EntryPoint.java:45)
	at org.gradle.launcher.bootstrap.ProcessBootstrap.runNoExit(ProcessBootstrap.java:60)
	at org.gradle.launcher.bootstrap.ProcessBootstrap.run(ProcessBootstrap.java:37)
	at org.gradle.launcher.GradleMain.main(GradleMain.java:23)
	at org.gradle.wrapper.BootstrapMainStarter.start(BootstrapMainStarter.java:30)
	at org.gradle.wrapper.WrapperExecutor.execute(WrapperExecutor.java:129)
	at org.gradle.wrapper.GradleWrapperMain.main(GradleWrapperMain.java:61)


* Get more help at https://help.gradle.org

BUILD FAILED in 5s

2018-12-09 16:47:52,433 ERROR ProjectBuildService - Excluded tasks were detected wrong
2018-12-09 16:47:52,434 INFO  SysUtils - Execute command: [/var/folders/bq/vtzpc5ns5sg2cthy61lqpg3dfzgbys/T/1544348824584-0/src/Crashlytics-Android-master/gradlew, -b, /var/folders/bq/vtzpc5ns5sg2cthy61lqpg3dfzgbys/T/1544348824584-0/src/Crashlytics-Android-master/sampleapp/build.gradle, -Dorg.gradle.daemon=false, -Dorg.gradle.daemon.performance.enable-monitoring=false, -Dorg.gradle.configureondemand=true, --stacktrace, build]
2018-12-09 16:48:27,323 INFO  SysUtils - Configuration on demand is an incubating feature.
Download https://jcenter.bintray.com/com/github/karthyks/crashlytics/2.0.0-beta3/crashlytics-2.0.0-beta3.pom
:sampleapp:checkDebugClasspath
Download https://jcenter.bintray.com/com/github/karthyks/crashlytics/2.0.0-beta3/crashlytics-2.0.0-beta3.aar
:sampleapp:preBuild UP-TO-DATE
:sampleapp:preDebugBuild
:sampleapp:compileDebugAidl NO-SOURCE
:sampleapp:compileDebugRenderscript
:sampleapp:checkDebugManifest
:sampleapp:generateDebugBuildConfig
:sampleapp:prepareLintJar
:sampleapp:mainApkListPersistenceDebug
:sampleapp:generateDebugResValues
:sampleapp:generateDebugResources
:sampleapp:mergeDebugResources
:sampleapp:createDebugCompatibleScreenManifests
:sampleapp:processDebugManifest
:sampleapp:splitsDiscoveryTaskDebug
:sampleapp:processDebugResources
:sampleapp:generateDebugSources
:sampleapp:javaPreCompileDebug
:sampleapp:compileDebugJavaWithJavac
:sampleapp:compileDebugNdk NO-SOURCE
:sampleapp:compileDebugSources
:sampleapp:mergeDebugShaders
:sampleapp:compileDebugShaders
:sampleapp:generateDebugAssets
:sampleapp:mergeDebugAssets
:sampleapp:transformClassesWithDexBuilderForDebug
:sampleapp:transformDexArchiveWithExternalLibsDexMergerForDebug
:sampleapp:transformDexArchiveWithDexMergerForDebug
:sampleapp:mergeDebugJniLibFolders
:sampleapp:transformNativeLibsWithMergeJniLibsForDebug
:sampleapp:transformNativeLibsWithStripDebugSymbolForDebug
:sampleapp:checkDebugLibraries
:sampleapp:processDebugJavaRes NO-SOURCE
:sampleapp:transformResourcesWithMergeJavaResForDebug
:sampleapp:validateSigningDebug
:sampleapp:packageDebug
:sampleapp:assembleDebug
:sampleapp:checkReleaseClasspath
:sampleapp:preReleaseBuild
:sampleapp:compileReleaseAidl NO-SOURCE
:sampleapp:compileReleaseRenderscript
:sampleapp:checkReleaseManifest
:sampleapp:generateReleaseBuildConfig
:sampleapp:mainApkListPersistenceRelease
:sampleapp:generateReleaseResValues
:sampleapp:generateReleaseResources
:sampleapp:mergeReleaseResources
:sampleapp:createReleaseCompatibleScreenManifests
:sampleapp:processReleaseManifest
:sampleapp:splitsDiscoveryTaskRelease
:sampleapp:processReleaseResources
:sampleapp:generateReleaseSources
:sampleapp:javaPreCompileRelease
:sampleapp:compileReleaseJavaWithJavac
:sampleapp:compileReleaseNdk NO-SOURCE
:sampleapp:compileReleaseSources
:sampleapp:lintVitalRelease SKIPPED
:sampleapp:mergeReleaseShaders
:sampleapp:compileReleaseShaders
:sampleapp:generateReleaseAssets
:sampleapp:mergeReleaseAssets
:sampleapp:transformClassesWithDexBuilderForRelease
:sampleapp:transformDexArchiveWithExternalLibsDexMergerForRelease
:sampleapp:transformDexArchiveWithDexMergerForRelease
:sampleapp:mergeReleaseJniLibFolders
:sampleapp:transformNativeLibsWithMergeJniLibsForRelease
:sampleapp:transformNativeLibsWithStripDebugSymbolForRelease
:sampleapp:checkReleaseLibraries
:sampleapp:processReleaseJavaRes NO-SOURCE
:sampleapp:transformResourcesWithMergeJavaResForRelease
:sampleapp:packageRelease
:sampleapp:assembleRelease
:sampleapp:assemble
:sampleapp:lint
Ran lint on variant release: 2 issues found
Ran lint on variant debug: 2 issues found
Wrote HTML report to file:///private/var/folders/bq/vtzpc5ns5sg2cthy61lqpg3dfzgbys/T/1544348824584-0/src/Crashlytics-Android-master/sampleapp/build/reports/lint-results.html
Wrote XML report to file:///private/var/folders/bq/vtzpc5ns5sg2cthy61lqpg3dfzgbys/T/1544348824584-0/src/Crashlytics-Android-master/sampleapp/build/reports/lint-results.xml
:sampleapp:generateDebugUnitTestSources
:sampleapp:preDebugUnitTestBuild UP-TO-DATE
:sampleapp:javaPreCompileDebugUnitTest
:sampleapp:compileDebugUnitTestJavaWithJavac
:sampleapp:processDebugUnitTestJavaRes NO-SOURCE
:sampleapp:testDebugUnitTest
:sampleapp:generateReleaseUnitTestSources
:sampleapp:preReleaseUnitTestBuild UP-TO-DATE
:sampleapp:javaPreCompileReleaseUnitTest
:sampleapp:compileReleaseUnitTestJavaWithJavac
:sampleapp:processReleaseUnitTestJavaRes NO-SOURCE
:sampleapp:testReleaseUnitTest
:sampleapp:test
:sampleapp:check
:sampleapp:build

BUILD SUCCESSFUL in 34s
61 actionable tasks: 61 executed

2018-12-09 16:48:27,443 INFO  FullProcessService - Found APK file: /var/folders/bq/vtzpc5ns5sg2cthy61lqpg3dfzgbys/T/1544348824584-0/src/Crashlytics-Android-master/sampleapp/build/outputs/apk/release/sampleapp-release-unsigned.apk
